[0.000000] (-) TimerEvent: {}
[0.000318] (-) JobUnselected: {'identifier': 'pkg02_helloworld_py'}
[0.000709] (pkg01_helloworld_cpp) JobQueued: {'identifier': 'pkg01_helloworld_cpp', 'dependencies': OrderedDict()}
[0.000831] (pkg01_helloworld_cpp) JobStarted: {'identifier': 'pkg01_helloworld_cpp'}
[0.014346] (pkg01_helloworld_cpp) JobProgress: {'identifier': 'pkg01_helloworld_cpp', 'progress': 'cmake'}
[0.016060] (pkg01_helloworld_cpp) JobProgress: {'identifier': 'pkg01_helloworld_cpp', 'progress': 'build'}
[0.017132] (pkg01_helloworld_cpp) Command: {'cmd': ['/usr/bin/cmake', '--build', '/media/kl/数据/github/Github_respository/ROS-_for_Study/ws00_helloworld/build/pkg01_helloworld_cpp', '--', '-j8', '-l8'], 'cwd': '/media/kl/数据/github/Github_respository/ROS-_for_Study/ws00_helloworld/build/pkg01_helloworld_cpp', 'env': OrderedDict([('GJS_DEBUG_TOPICS', 'JS ERROR;JS LOG'), ('LANGUAGE', 'zh_CN:zh'), ('USER', 'kl'), ('XDG_SESSION_TYPE', 'wayland'), ('GIT_ASKPASS', '/usr/share/code/resources/app/extensions/git/dist/askpass.sh'), ('SHLVL', '1'), ('LD_LIBRARY_PATH', '/opt/ros/humble/opt/rviz_ogre_vendor/lib:/opt/ros/humble/lib/x86_64-linux-gnu:/opt/ros/humble/lib'), ('HOME', '/home/kl'), ('CHROME_DESKTOP', 'code-url-handler.desktop'), ('OLDPWD', '/media/kl/数据/github/Github_respository/ROS-_for_Study/ws00_helloworld/src'), ('TERM_PROGRAM_VERSION', '1.59.1'), ('DESKTOP_SESSION', 'ubuntu'), ('GIO_LAUNCHED_DESKTOP_FILE', '/usr/share/applications/code.desktop'), ('ROS_PYTHON_VERSION', '3'), ('GNOME_SHELL_SESSION_MODE', 'ubuntu'), ('GTK_MODULES', 'gail:atk-bridge'), ('VSCODE_GIT_ASKPASS_MAIN', '/usr/share/code/resources/app/extensions/git/dist/askpass-main.js'), ('VSCODE_GIT_ASKPASS_NODE', '/usr/share/code/code'), ('MANAGERPID', '1731'), ('SYSTEMD_EXEC_PID', '1947'), ('IM_CONFIG_CHECK_ENV', '1'), ('DBUS_SESSION_BUS_ADDRESS', 'unix:path=/run/user/1000/bus'), ('COLORTERM', 'truecolor'), ('GIO_LAUNCHED_DESKTOP_FILE_PID', '49857'), ('IM_CONFIG_PHASE', '1'), ('WAYLAND_DISPLAY', 'wayland-0'), ('COLCON_PREFIX_PATH', '/media/kl/数据/github/Github_respository/ROS-_for_Study/ws00_helloworld/install'), ('ROS_DISTRO', 'humble'), ('LOGNAME', 'kl'), ('JOURNAL_STREAM', '8:31415'), ('_', '/usr/bin/colcon'), ('ROS_VERSION', '2'), ('XDG_SESSION_CLASS', 'user'), ('USERNAME', 'kl'), ('TERM', 'xterm-256color'), ('GNOME_DESKTOP_SESSION_ID', 'this-is-deprecated'), ('ROS_LOCALHOST_ONLY', '0'), ('PATH', '/opt/ros/humble/bin:/usr/local/sbin:/usr/local/bin:/usr/sbin:/usr/bin:/sbin:/bin:/usr/games:/usr/local/games:/snap/bin:/snap/bin'), ('SESSION_MANAGER', 'local/XX:@/tmp/.ICE-unix/1928,unix/XX:/tmp/.ICE-unix/1928'), ('INVOCATION_ID', '6f1388ba723a4a38bdb8b43200337dc9'), ('XDG_MENU_PREFIX', 'gnome-'), ('GNOME_SETUP_DISPLAY', ':1'), ('XDG_RUNTIME_DIR', '/run/user/1000'), ('GDK_BACKEND', 'x11'), ('DISPLAY', ':0'), ('LANG', 'zh_CN.UTF-8'), ('XDG_CURRENT_DESKTOP', 'Unity'), ('XMODIFIERS', '@im=ibus'), ('XDG_SESSION_DESKTOP', 'ubuntu'), ('XAUTHORITY', '/run/user/1000/.mutter-Xwaylandauth.EB9271'), ('VSCODE_GIT_IPC_HANDLE', '/run/user/1000/vscode-git-830ee7c68d.sock'), ('TERM_PROGRAM', 'vscode'), ('SSH_AGENT_LAUNCHER', 'gnome-keyring'), ('SSH_AUTH_SOCK', '/run/user/1000/keyring/ssh'), ('AMENT_PREFIX_PATH', '/media/kl/数据/github/Github_respository/ROS-_for_Study/ws00_helloworld/install/pkg02_helloworld_py:/media/kl/数据/github/Github_respository/ROS-_for_Study/ws00_helloworld/install/pkg01_helloworld_cpp:/opt/ros/humble'), ('ORIGINAL_XDG_CURRENT_DESKTOP', 'ubuntu:GNOME'), ('SHELL', '/bin/bash'), ('QT_ACCESSIBILITY', '1'), ('GDMSESSION', 'ubuntu'), ('GJS_DEBUG_OUTPUT', 'stderr'), ('QT_IM_MODULE', 'ibus'), ('PWD', '/media/kl/数据/github/Github_respository/ROS-_for_Study/ws00_helloworld/build/pkg01_helloworld_cpp'), ('XDG_CONFIG_DIRS', '/etc/xdg/xdg-ubuntu:/etc/xdg'), ('XDG_DATA_DIRS', '/usr/share/ubuntu:/usr/local/share/:/usr/share/:/var/lib/snapd/desktop'), ('PYTHONPATH', '/media/kl/数据/github/Github_respository/ROS-_for_Study/ws00_helloworld/install/pkg02_helloworld_py/lib/python3.10/site-packages:/opt/ros/humble/lib/python3.10/site-packages:/opt/ros/humble/local/lib/python3.10/dist-packages'), ('BREAKPAD_DUMP_LOCATION', '/home/kl/.config/Code/exthost Crash Reports'), ('COLCON', '1'), ('CMAKE_PREFIX_PATH', '/media/kl/数据/github/Github_respository/ROS-_for_Study/ws00_helloworld/install/pkg01_helloworld_cpp:/media/kl/数据/github/Github_respository/ROS-_for_Study/ws00_helloworld/install/pkg02_helloworld_py:/opt/ros/humble')]), 'shell': False}
[0.038850] (pkg01_helloworld_cpp) StdoutLine: {'line': b'-- Found ament_cmake: 1.3.5 (/opt/ros/humble/share/ament_cmake/cmake)\n'}
[0.099745] (-) TimerEvent: {}
[0.152123] (pkg01_helloworld_cpp) StdoutLine: {'line': b'-- Found rclcpp: 16.0.4 (/opt/ros/humble/share/rclcpp/cmake)\n'}
[0.173593] (pkg01_helloworld_cpp) StdoutLine: {'line': b'-- Found rosidl_generator_c: 3.1.4 (/opt/ros/humble/share/rosidl_generator_c/cmake)\n'}
[0.175239] (pkg01_helloworld_cpp) StdoutLine: {'line': b'-- Found rosidl_adapter: 3.1.4 (/opt/ros/humble/share/rosidl_adapter/cmake)\n'}
[0.179470] (pkg01_helloworld_cpp) StdoutLine: {'line': b'-- Found rosidl_generator_cpp: 3.1.4 (/opt/ros/humble/share/rosidl_generator_cpp/cmake)\n'}
[0.187228] (pkg01_helloworld_cpp) StdoutLine: {'line': b'-- Using all available rosidl_typesupport_c: rosidl_typesupport_fastrtps_c;rosidl_typesupport_introspection_c\n'}
[0.198171] (pkg01_helloworld_cpp) StdoutLine: {'line': b'-- Using all available rosidl_typesupport_cpp: rosidl_typesupport_fastrtps_cpp;rosidl_typesupport_introspection_cpp\n'}
[0.199821] (-) TimerEvent: {}
[0.237942] (pkg01_helloworld_cpp) StdoutLine: {'line': b'-- Found rmw_implementation_cmake: 6.1.1 (/opt/ros/humble/share/rmw_implementation_cmake/cmake)\n'}
[0.238878] (pkg01_helloworld_cpp) StdoutLine: {'line': b'-- Found rmw_fastrtps_cpp: 6.2.2 (/opt/ros/humble/share/rmw_fastrtps_cpp/cmake)\n'}
[0.299957] (-) TimerEvent: {}
[0.326485] (pkg01_helloworld_cpp) StdoutLine: {'line': b"-- Using RMW implementation 'rmw_fastrtps_cpp' as default\n"}
[0.400148] (-) TimerEvent: {}
[0.428677] (pkg01_helloworld_cpp) StdoutLine: {'line': b'-- Found ament_lint_auto: 0.12.6 (/opt/ros/humble/share/ament_lint_auto/cmake)\n'}
[0.493734] (pkg01_helloworld_cpp) StdoutLine: {'line': b"-- Added test 'cppcheck' to perform static code analysis on C / C++ code\n"}
[0.494008] (pkg01_helloworld_cpp) StdoutLine: {'line': b'-- Configured cppcheck include dirs: $<BUILD_INTERFACE:/media/kl/\xe6\x95\xb0\xe6\x8d\xae/github/Github_respository/ROS-_for_Study/ws00_helloworld/src/pkg01_helloworld_cpp/include>\n'}
[0.494174] (pkg01_helloworld_cpp) StdoutLine: {'line': b'-- Configured cppcheck exclude dirs and/or files: \n'}
[0.497615] (pkg01_helloworld_cpp) StdoutLine: {'line': b"-- Added test 'lint_cmake' to check CMake code style\n"}
[0.500224] (-) TimerEvent: {}
[0.507184] (pkg01_helloworld_cpp) StdoutLine: {'line': b"-- Added test 'uncrustify' to check C / C++ code style\n"}
[0.507685] (pkg01_helloworld_cpp) StdoutLine: {'line': b'-- Configured uncrustify additional arguments: \n'}
[0.510175] (pkg01_helloworld_cpp) StdoutLine: {'line': b"-- Added test 'xmllint' to check XML markup files\n"}
[0.514255] (pkg01_helloworld_cpp) StdoutLine: {'line': b'-- Configuring done\n'}
[0.549541] (pkg01_helloworld_cpp) StdoutLine: {'line': b'-- Generating done\n'}
[0.557527] (pkg01_helloworld_cpp) StdoutLine: {'line': b'-- Build files have been written to: /media/kl/\xe6\x95\xb0\xe6\x8d\xae/github/Github_respository/ROS-_for_Study/ws00_helloworld/build/pkg01_helloworld_cpp\n'}
[0.576460] (pkg01_helloworld_cpp) StdoutLine: {'line': b'\x1b[35m\x1b[1mConsolidate compiler generated dependencies of target helloworld\x1b[0m\n'}
[0.584726] (pkg01_helloworld_cpp) StdoutLine: {'line': b'[ 25%] \x1b[32mBuilding CXX object CMakeFiles/helloworld2.dir/src/helloworld2.cpp.o\x1b[0m\n'}
[0.600342] (-) TimerEvent: {}
[0.639544] (pkg01_helloworld_cpp) StdoutLine: {'line': b'[ 50%] \x1b[32mBuilding CXX object CMakeFiles/helloworld.dir/src/helloworld.cpp.o\x1b[0m\n'}
[0.700454] (-) TimerEvent: {}
[0.800805] (-) TimerEvent: {}
[0.901371] (-) TimerEvent: {}
[1.002274] (-) TimerEvent: {}
[1.102977] (-) TimerEvent: {}
[1.203674] (-) TimerEvent: {}
[1.304423] (-) TimerEvent: {}
[1.404983] (-) TimerEvent: {}
[1.505601] (-) TimerEvent: {}
[1.606159] (-) TimerEvent: {}
[1.707020] (-) TimerEvent: {}
[1.807887] (-) TimerEvent: {}
[1.908640] (-) TimerEvent: {}
[2.009193] (-) TimerEvent: {}
[2.109827] (-) TimerEvent: {}
[2.210313] (-) TimerEvent: {}
[2.310847] (-) TimerEvent: {}
[2.411434] (-) TimerEvent: {}
[2.512229] (-) TimerEvent: {}
[2.607943] (pkg01_helloworld_cpp) StdoutLine: {'line': b'[ 75%] \x1b[32m\x1b[1mLinking CXX executable helloworld2\x1b[0m\n'}
[2.612324] (-) TimerEvent: {}
[2.705159] (pkg01_helloworld_cpp) StdoutLine: {'line': b'[ 75%] Built target helloworld2\n'}
[2.712434] (-) TimerEvent: {}
[2.718633] (pkg01_helloworld_cpp) StdoutLine: {'line': b'[100%] \x1b[32m\x1b[1mLinking CXX executable helloworld\x1b[0m\n'}
[2.810569] (pkg01_helloworld_cpp) StdoutLine: {'line': b'[100%] Built target helloworld\n'}
[2.812533] (-) TimerEvent: {}
[2.819865] (pkg01_helloworld_cpp) CommandEnded: {'returncode': 0}
[2.838642] (pkg01_helloworld_cpp) JobProgress: {'identifier': 'pkg01_helloworld_cpp', 'progress': 'install'}
[2.845188] (pkg01_helloworld_cpp) Command: {'cmd': ['/usr/bin/cmake', '--install', '/media/kl/数据/github/Github_respository/ROS-_for_Study/ws00_helloworld/build/pkg01_helloworld_cpp'], 'cwd': '/media/kl/数据/github/Github_respository/ROS-_for_Study/ws00_helloworld/build/pkg01_helloworld_cpp', 'env': OrderedDict([('GJS_DEBUG_TOPICS', 'JS ERROR;JS LOG'), ('LANGUAGE', 'zh_CN:zh'), ('USER', 'kl'), ('XDG_SESSION_TYPE', 'wayland'), ('GIT_ASKPASS', '/usr/share/code/resources/app/extensions/git/dist/askpass.sh'), ('SHLVL', '1'), ('LD_LIBRARY_PATH', '/opt/ros/humble/opt/rviz_ogre_vendor/lib:/opt/ros/humble/lib/x86_64-linux-gnu:/opt/ros/humble/lib'), ('HOME', '/home/kl'), ('CHROME_DESKTOP', 'code-url-handler.desktop'), ('OLDPWD', '/media/kl/数据/github/Github_respository/ROS-_for_Study/ws00_helloworld/src'), ('TERM_PROGRAM_VERSION', '1.59.1'), ('DESKTOP_SESSION', 'ubuntu'), ('GIO_LAUNCHED_DESKTOP_FILE', '/usr/share/applications/code.desktop'), ('ROS_PYTHON_VERSION', '3'), ('GNOME_SHELL_SESSION_MODE', 'ubuntu'), ('GTK_MODULES', 'gail:atk-bridge'), ('VSCODE_GIT_ASKPASS_MAIN', '/usr/share/code/resources/app/extensions/git/dist/askpass-main.js'), ('VSCODE_GIT_ASKPASS_NODE', '/usr/share/code/code'), ('MANAGERPID', '1731'), ('SYSTEMD_EXEC_PID', '1947'), ('IM_CONFIG_CHECK_ENV', '1'), ('DBUS_SESSION_BUS_ADDRESS', 'unix:path=/run/user/1000/bus'), ('COLORTERM', 'truecolor'), ('GIO_LAUNCHED_DESKTOP_FILE_PID', '49857'), ('IM_CONFIG_PHASE', '1'), ('WAYLAND_DISPLAY', 'wayland-0'), ('COLCON_PREFIX_PATH', '/media/kl/数据/github/Github_respository/ROS-_for_Study/ws00_helloworld/install'), ('ROS_DISTRO', 'humble'), ('LOGNAME', 'kl'), ('JOURNAL_STREAM', '8:31415'), ('_', '/usr/bin/colcon'), ('ROS_VERSION', '2'), ('XDG_SESSION_CLASS', 'user'), ('USERNAME', 'kl'), ('TERM', 'xterm-256color'), ('GNOME_DESKTOP_SESSION_ID', 'this-is-deprecated'), ('ROS_LOCALHOST_ONLY', '0'), ('PATH', '/opt/ros/humble/bin:/usr/local/sbin:/usr/local/bin:/usr/sbin:/usr/bin:/sbin:/bin:/usr/games:/usr/local/games:/snap/bin:/snap/bin'), ('SESSION_MANAGER', 'local/XX:@/tmp/.ICE-unix/1928,unix/XX:/tmp/.ICE-unix/1928'), ('INVOCATION_ID', '6f1388ba723a4a38bdb8b43200337dc9'), ('XDG_MENU_PREFIX', 'gnome-'), ('GNOME_SETUP_DISPLAY', ':1'), ('XDG_RUNTIME_DIR', '/run/user/1000'), ('GDK_BACKEND', 'x11'), ('DISPLAY', ':0'), ('LANG', 'zh_CN.UTF-8'), ('XDG_CURRENT_DESKTOP', 'Unity'), ('XMODIFIERS', '@im=ibus'), ('XDG_SESSION_DESKTOP', 'ubuntu'), ('XAUTHORITY', '/run/user/1000/.mutter-Xwaylandauth.EB9271'), ('VSCODE_GIT_IPC_HANDLE', '/run/user/1000/vscode-git-830ee7c68d.sock'), ('TERM_PROGRAM', 'vscode'), ('SSH_AGENT_LAUNCHER', 'gnome-keyring'), ('SSH_AUTH_SOCK', '/run/user/1000/keyring/ssh'), ('AMENT_PREFIX_PATH', '/media/kl/数据/github/Github_respository/ROS-_for_Study/ws00_helloworld/install/pkg02_helloworld_py:/media/kl/数据/github/Github_respository/ROS-_for_Study/ws00_helloworld/install/pkg01_helloworld_cpp:/opt/ros/humble'), ('ORIGINAL_XDG_CURRENT_DESKTOP', 'ubuntu:GNOME'), ('SHELL', '/bin/bash'), ('QT_ACCESSIBILITY', '1'), ('GDMSESSION', 'ubuntu'), ('GJS_DEBUG_OUTPUT', 'stderr'), ('QT_IM_MODULE', 'ibus'), ('PWD', '/media/kl/数据/github/Github_respository/ROS-_for_Study/ws00_helloworld/build/pkg01_helloworld_cpp'), ('XDG_CONFIG_DIRS', '/etc/xdg/xdg-ubuntu:/etc/xdg'), ('XDG_DATA_DIRS', '/usr/share/ubuntu:/usr/local/share/:/usr/share/:/var/lib/snapd/desktop'), ('PYTHONPATH', '/media/kl/数据/github/Github_respository/ROS-_for_Study/ws00_helloworld/install/pkg02_helloworld_py/lib/python3.10/site-packages:/opt/ros/humble/lib/python3.10/site-packages:/opt/ros/humble/local/lib/python3.10/dist-packages'), ('BREAKPAD_DUMP_LOCATION', '/home/kl/.config/Code/exthost Crash Reports'), ('COLCON', '1'), ('CMAKE_PREFIX_PATH', '/media/kl/数据/github/Github_respository/ROS-_for_Study/ws00_helloworld/install/pkg01_helloworld_cpp:/media/kl/数据/github/Github_respository/ROS-_for_Study/ws00_helloworld/install/pkg02_helloworld_py:/opt/ros/humble')]), 'shell': False}
[2.851071] (pkg01_helloworld_cpp) StdoutLine: {'line': b'-- Install configuration: ""\n'}
[2.852220] (pkg01_helloworld_cpp) StdoutLine: {'line': b'-- Installing: /media/kl/\xe6\x95\xb0\xe6\x8d\xae/github/Github_respository/ROS-_for_Study/ws00_helloworld/install/pkg01_helloworld_cpp/lib/pkg01_helloworld_cpp/helloworld\n'}
[2.855154] (pkg01_helloworld_cpp) StdoutLine: {'line': b'-- Set runtime path of "/media/kl/\xe6\x95\xb0\xe6\x8d\xae/github/Github_respository/ROS-_for_Study/ws00_helloworld/install/pkg01_helloworld_cpp/lib/pkg01_helloworld_cpp/helloworld" to ""\n'}
[2.855995] (pkg01_helloworld_cpp) StdoutLine: {'line': b'-- Installing: /media/kl/\xe6\x95\xb0\xe6\x8d\xae/github/Github_respository/ROS-_for_Study/ws00_helloworld/install/pkg01_helloworld_cpp/lib/pkg01_helloworld_cpp/helloworld2\n'}
[2.859567] (pkg01_helloworld_cpp) StdoutLine: {'line': b'-- Set runtime path of "/media/kl/\xe6\x95\xb0\xe6\x8d\xae/github/Github_respository/ROS-_for_Study/ws00_helloworld/install/pkg01_helloworld_cpp/lib/pkg01_helloworld_cpp/helloworld2" to ""\n'}
[2.860643] (pkg01_helloworld_cpp) StdoutLine: {'line': b'-- Up-to-date: /media/kl/\xe6\x95\xb0\xe6\x8d\xae/github/Github_respository/ROS-_for_Study/ws00_helloworld/install/pkg01_helloworld_cpp/share/ament_index/resource_index/package_run_dependencies/pkg01_helloworld_cpp\n'}
[2.861769] (pkg01_helloworld_cpp) StdoutLine: {'line': b'-- Installing: /media/kl/\xe6\x95\xb0\xe6\x8d\xae/github/Github_respository/ROS-_for_Study/ws00_helloworld/install/pkg01_helloworld_cpp/share/ament_index/resource_index/parent_prefix_path/pkg01_helloworld_cpp\n'}
[2.864076] (pkg01_helloworld_cpp) StdoutLine: {'line': b'-- Up-to-date: /media/kl/\xe6\x95\xb0\xe6\x8d\xae/github/Github_respository/ROS-_for_Study/ws00_helloworld/install/pkg01_helloworld_cpp/share/pkg01_helloworld_cpp/environment/ament_prefix_path.sh\n'}
[2.865049] (pkg01_helloworld_cpp) StdoutLine: {'line': b'-- Installing: /media/kl/\xe6\x95\xb0\xe6\x8d\xae/github/Github_respository/ROS-_for_Study/ws00_helloworld/install/pkg01_helloworld_cpp/share/pkg01_helloworld_cpp/environment/ament_prefix_path.dsv\n'}
[2.867235] (pkg01_helloworld_cpp) StdoutLine: {'line': b'-- Up-to-date: /media/kl/\xe6\x95\xb0\xe6\x8d\xae/github/Github_respository/ROS-_for_Study/ws00_helloworld/install/pkg01_helloworld_cpp/share/pkg01_helloworld_cpp/environment/path.sh\n'}
[2.867946] (pkg01_helloworld_cpp) StdoutLine: {'line': b'-- Installing: /media/kl/\xe6\x95\xb0\xe6\x8d\xae/github/Github_respository/ROS-_for_Study/ws00_helloworld/install/pkg01_helloworld_cpp/share/pkg01_helloworld_cpp/environment/path.dsv\n'}
[2.871384] (pkg01_helloworld_cpp) StdoutLine: {'line': b'-- Up-to-date: /media/kl/\xe6\x95\xb0\xe6\x8d\xae/github/Github_respository/ROS-_for_Study/ws00_helloworld/install/pkg01_helloworld_cpp/share/pkg01_helloworld_cpp/local_setup.bash\n'}
[2.872754] (pkg01_helloworld_cpp) StdoutLine: {'line': b'-- Up-to-date: /media/kl/\xe6\x95\xb0\xe6\x8d\xae/github/Github_respository/ROS-_for_Study/ws00_helloworld/install/pkg01_helloworld_cpp/share/pkg01_helloworld_cpp/local_setup.sh\n'}
[2.874131] (pkg01_helloworld_cpp) StdoutLine: {'line': b'-- Up-to-date: /media/kl/\xe6\x95\xb0\xe6\x8d\xae/github/Github_respository/ROS-_for_Study/ws00_helloworld/install/pkg01_helloworld_cpp/share/pkg01_helloworld_cpp/local_setup.zsh\n'}
[2.875482] (pkg01_helloworld_cpp) StdoutLine: {'line': b'-- Installing: /media/kl/\xe6\x95\xb0\xe6\x8d\xae/github/Github_respository/ROS-_for_Study/ws00_helloworld/install/pkg01_helloworld_cpp/share/pkg01_helloworld_cpp/local_setup.dsv\n'}
[2.878670] (pkg01_helloworld_cpp) StdoutLine: {'line': b'-- Installing: /media/kl/\xe6\x95\xb0\xe6\x8d\xae/github/Github_respository/ROS-_for_Study/ws00_helloworld/install/pkg01_helloworld_cpp/share/pkg01_helloworld_cpp/package.dsv\n'}
[2.882074] (pkg01_helloworld_cpp) StdoutLine: {'line': b'-- Up-to-date: /media/kl/\xe6\x95\xb0\xe6\x8d\xae/github/Github_respository/ROS-_for_Study/ws00_helloworld/install/pkg01_helloworld_cpp/share/ament_index/resource_index/packages/pkg01_helloworld_cpp\n'}
[2.882858] (pkg01_helloworld_cpp) StdoutLine: {'line': b'-- Up-to-date: /media/kl/\xe6\x95\xb0\xe6\x8d\xae/github/Github_respository/ROS-_for_Study/ws00_helloworld/install/pkg01_helloworld_cpp/share/pkg01_helloworld_cpp/cmake/pkg01_helloworld_cppConfig.cmake\n'}
[2.883565] (pkg01_helloworld_cpp) StdoutLine: {'line': b'-- Up-to-date: /media/kl/\xe6\x95\xb0\xe6\x8d\xae/github/Github_respository/ROS-_for_Study/ws00_helloworld/install/pkg01_helloworld_cpp/share/pkg01_helloworld_cpp/cmake/pkg01_helloworld_cppConfig-version.cmake\n'}
[2.884416] (pkg01_helloworld_cpp) StdoutLine: {'line': b'-- Up-to-date: /media/kl/\xe6\x95\xb0\xe6\x8d\xae/github/Github_respository/ROS-_for_Study/ws00_helloworld/install/pkg01_helloworld_cpp/share/pkg01_helloworld_cpp/package.xml\n'}
[2.886488] (pkg01_helloworld_cpp) CommandEnded: {'returncode': 0}
[2.912649] (-) TimerEvent: {}
[2.945496] (pkg01_helloworld_cpp) JobEnded: {'identifier': 'pkg01_helloworld_cpp', 'rc': 0}
[2.946452] (-) EventReactorShutdown: {}
