[0.000000] (-) TimerEvent: {}
[0.000309] (pkg01_helloworld_cpp) JobQueued: {'identifier': 'pkg01_helloworld_cpp', 'dependencies': OrderedDict()}
[0.000810] (pkg02_helloworld_py) JobQueued: {'identifier': 'pkg02_helloworld_py', 'dependencies': OrderedDict()}
[0.000901] (pkg01_helloworld_cpp) JobStarted: {'identifier': 'pkg01_helloworld_cpp'}
[0.007931] (pkg02_helloworld_py) JobStarted: {'identifier': 'pkg02_helloworld_py'}
[0.021091] (pkg01_helloworld_cpp) JobProgress: {'identifier': 'pkg01_helloworld_cpp', 'progress': 'cmake'}
[0.021823] (pkg01_helloworld_cpp) Command: {'cmd': ['/usr/bin/cmake', '/media/kl/数据/github/Github_respository/ROS-_for_Study/ws00_helloworld/src/pkg01_helloworld_cpp', '-DCMAKE_INSTALL_PREFIX=/media/kl/数据/github/Github_respository/ROS-_for_Study/ws00_helloworld/install/pkg01_helloworld_cpp'], 'cwd': '/media/kl/数据/github/Github_respository/ROS-_for_Study/ws00_helloworld/build/pkg01_helloworld_cpp', 'env': OrderedDict([('GJS_DEBUG_TOPICS', 'JS ERROR;JS LOG'), ('LANGUAGE', 'zh_CN:zh'), ('USER', 'kl'), ('XDG_SESSION_TYPE', 'wayland'), ('GIT_ASKPASS', '/usr/share/code/resources/app/extensions/git/dist/askpass.sh'), ('SHLVL', '1'), ('LD_LIBRARY_PATH', '/opt/ros/humble/opt/rviz_ogre_vendor/lib:/opt/ros/humble/lib/x86_64-linux-gnu:/opt/ros/humble/lib'), ('HOME', '/home/kl'), ('CHROME_DESKTOP', 'code-url-handler.desktop'), ('OLDPWD', '/media/kl/数据/github/Github_respository/ROS-_for_Study/ws00_helloworld/src'), ('TERM_PROGRAM_VERSION', '1.59.1'), ('DESKTOP_SESSION', 'ubuntu'), ('GIO_LAUNCHED_DESKTOP_FILE', '/usr/share/applications/github-desktop.desktop'), ('APPLICATION_INSIGHTS_NO_DIAGNOSTIC_CHANNEL', 'true'), ('ROS_PYTHON_VERSION', '3'), ('GNOME_SHELL_SESSION_MODE', 'ubuntu'), ('GTK_MODULES', 'gail:atk-bridge'), ('VSCODE_GIT_ASKPASS_MAIN', '/usr/share/code/resources/app/extensions/git/dist/askpass-main.js'), ('VSCODE_GIT_ASKPASS_NODE', '/usr/share/code/code'), ('MANAGERPID', '1731'), ('SYSTEMD_EXEC_PID', '1947'), ('DBUS_SESSION_BUS_ADDRESS', 'unix:path=/run/user/1000/bus'), ('COLORTERM', 'truecolor'), ('GIO_LAUNCHED_DESKTOP_FILE_PID', '6344'), ('IM_CONFIG_PHASE', '1'), ('WAYLAND_DISPLAY', 'wayland-0'), ('ROS_DISTRO', 'humble'), ('LOGNAME', 'kl'), ('JOURNAL_STREAM', '8:31415'), ('_', '/usr/bin/colcon'), ('ROS_VERSION', '2'), ('XDG_SESSION_CLASS', 'user'), ('USERNAME', 'kl'), ('TERM', 'xterm-256color'), ('GNOME_DESKTOP_SESSION_ID', 'this-is-deprecated'), ('ROS_LOCALHOST_ONLY', '0'), ('PATH', '/opt/ros/humble/bin:/usr/local/sbin:/usr/local/bin:/usr/sbin:/usr/bin:/sbin:/bin:/usr/games:/usr/local/games:/snap/bin:/snap/bin'), ('SESSION_MANAGER', 'local/XX:@/tmp/.ICE-unix/1928,unix/XX:/tmp/.ICE-unix/1928'), ('INVOCATION_ID', '6f1388ba723a4a38bdb8b43200337dc9'), ('XDG_MENU_PREFIX', 'gnome-'), ('GNOME_SETUP_DISPLAY', ':1'), ('XDG_RUNTIME_DIR', '/run/user/1000'), ('GDK_BACKEND', 'x11'), ('DISPLAY', ':0'), ('LANG', 'zh_CN.UTF-8'), ('XDG_CURRENT_DESKTOP', 'Unity'), ('XMODIFIERS', '@im=ibus'), ('XDG_SESSION_DESKTOP', 'ubuntu'), ('XAUTHORITY', '/run/user/1000/.mutter-Xwaylandauth.EB9271'), ('VSCODE_GIT_IPC_HANDLE', '/run/user/1000/vscode-git-94f6226fea.sock'), ('TERM_PROGRAM', 'vscode'), ('SSH_AGENT_LAUNCHER', 'gnome-keyring'), ('SSH_AUTH_SOCK', '/run/user/1000/keyring/ssh'), ('AMENT_PREFIX_PATH', '/opt/ros/humble'), ('ORIGINAL_XDG_CURRENT_DESKTOP', 'Unity'), ('SHELL', '/bin/bash'), ('QT_ACCESSIBILITY', '1'), ('NO_AT_BRIDGE', '1'), ('GDMSESSION', 'ubuntu'), ('GJS_DEBUG_OUTPUT', 'stderr'), ('QT_IM_MODULE', 'ibus'), ('PWD', '/media/kl/数据/github/Github_respository/ROS-_for_Study/ws00_helloworld/build/pkg01_helloworld_cpp'), ('XDG_CONFIG_DIRS', '/etc/xdg/xdg-ubuntu:/etc/xdg'), ('XDG_DATA_DIRS', '/usr/share/ubuntu:/usr/local/share/:/usr/share/:/var/lib/snapd/desktop'), ('PYTHONPATH', '/opt/ros/humble/lib/python3.10/site-packages:/opt/ros/humble/local/lib/python3.10/dist-packages'), ('BREAKPAD_DUMP_LOCATION', '/home/kl/.config/Code/exthost Crash Reports'), ('COLCON', '1'), ('LOCAL_GIT_DIRECTORY', '/usr/lib/github-desktop/resources/app/git'), ('CMAKE_PREFIX_PATH', '/opt/ros/humble')]), 'shell': False}
[0.077736] (pkg01_helloworld_cpp) StdoutLine: {'line': b'-- The C compiler identification is GNU 11.3.0\n'}
[0.099813] (-) TimerEvent: {}
[0.126339] (pkg01_helloworld_cpp) StdoutLine: {'line': b'-- The CXX compiler identification is GNU 11.3.0\n'}
[0.135238] (pkg01_helloworld_cpp) StdoutLine: {'line': b'-- Detecting C compiler ABI info\n'}
[0.199910] (-) TimerEvent: {}
[0.218578] (pkg01_helloworld_cpp) StdoutLine: {'line': b'-- Detecting C compiler ABI info - done\n'}
[0.226912] (pkg01_helloworld_cpp) StdoutLine: {'line': b'-- Check for working C compiler: /usr/bin/cc - skipped\n'}
[0.228077] (pkg01_helloworld_cpp) StdoutLine: {'line': b'-- Detecting C compile features\n'}
[0.228534] (pkg01_helloworld_cpp) StdoutLine: {'line': b'-- Detecting C compile features - done\n'}
[0.232890] (pkg01_helloworld_cpp) StdoutLine: {'line': b'-- Detecting CXX compiler ABI info\n'}
[0.300055] (-) TimerEvent: {}
[0.319428] (pkg01_helloworld_cpp) StdoutLine: {'line': b'-- Detecting CXX compiler ABI info - done\n'}
[0.327305] (pkg01_helloworld_cpp) StdoutLine: {'line': b'-- Check for working CXX compiler: /usr/bin/c++ - skipped\n'}
[0.327786] (pkg01_helloworld_cpp) StdoutLine: {'line': b'-- Detecting CXX compile features\n'}
[0.328076] (pkg01_helloworld_cpp) StdoutLine: {'line': b'-- Detecting CXX compile features - done\n'}
[0.332303] (pkg01_helloworld_cpp) StdoutLine: {'line': b'-- Found ament_cmake: 1.3.5 (/opt/ros/humble/share/ament_cmake/cmake)\n'}
[0.400147] (-) TimerEvent: {}
[0.460195] (pkg01_helloworld_cpp) StdoutLine: {'line': b'-- Found Python3: /usr/bin/python3.10 (found version "3.10.6") found components: Interpreter \n'}
[0.491453] (pkg02_helloworld_py) Command: {'cmd': ['/usr/bin/python3', 'setup.py', 'egg_info', '--egg-base', '../../build/pkg02_helloworld_py', 'build', '--build-base', '/media/kl/数据/github/Github_respository/ROS-_for_Study/ws00_helloworld/build/pkg02_helloworld_py/build', 'install', '--record', '/media/kl/数据/github/Github_respository/ROS-_for_Study/ws00_helloworld/build/pkg02_helloworld_py/install.log', '--single-version-externally-managed'], 'cwd': '/media/kl/数据/github/Github_respository/ROS-_for_Study/ws00_helloworld/src/pkg02_helloworld_py', 'env': {'GJS_DEBUG_TOPICS': 'JS ERROR;JS LOG', 'LANGUAGE': 'zh_CN:zh', 'USER': 'kl', 'XDG_SESSION_TYPE': 'wayland', 'GIT_ASKPASS': '/usr/share/code/resources/app/extensions/git/dist/askpass.sh', 'SHLVL': '1', 'LD_LIBRARY_PATH': '/opt/ros/humble/opt/rviz_ogre_vendor/lib:/opt/ros/humble/lib/x86_64-linux-gnu:/opt/ros/humble/lib', 'HOME': '/home/kl', 'CHROME_DESKTOP': 'code-url-handler.desktop', 'OLDPWD': '/media/kl/数据/github/Github_respository/ROS-_for_Study/ws00_helloworld/src', 'TERM_PROGRAM_VERSION': '1.59.1', 'DESKTOP_SESSION': 'ubuntu', 'GIO_LAUNCHED_DESKTOP_FILE': '/usr/share/applications/github-desktop.desktop', 'APPLICATION_INSIGHTS_NO_DIAGNOSTIC_CHANNEL': 'true', 'ROS_PYTHON_VERSION': '3', 'GNOME_SHELL_SESSION_MODE': 'ubuntu', 'GTK_MODULES': 'gail:atk-bridge', 'VSCODE_GIT_ASKPASS_MAIN': '/usr/share/code/resources/app/extensions/git/dist/askpass-main.js', 'VSCODE_GIT_ASKPASS_NODE': '/usr/share/code/code', 'MANAGERPID': '1731', 'SYSTEMD_EXEC_PID': '1947', 'DBUS_SESSION_BUS_ADDRESS': 'unix:path=/run/user/1000/bus', 'COLORTERM': 'truecolor', 'GIO_LAUNCHED_DESKTOP_FILE_PID': '6344', 'IM_CONFIG_PHASE': '1', 'WAYLAND_DISPLAY': 'wayland-0', 'ROS_DISTRO': 'humble', 'LOGNAME': 'kl', 'JOURNAL_STREAM': '8:31415', '_': '/usr/bin/colcon', 'ROS_VERSION': '2', 'XDG_SESSION_CLASS': 'user', 'USERNAME': 'kl', 'TERM': 'xterm-256color', 'GNOME_DESKTOP_SESSION_ID': 'this-is-deprecated', 'ROS_LOCALHOST_ONLY': '0', 'PATH': '/opt/ros/humble/bin:/usr/local/sbin:/usr/local/bin:/usr/sbin:/usr/bin:/sbin:/bin:/usr/games:/usr/local/games:/snap/bin:/snap/bin', 'SESSION_MANAGER': 'local/XX:@/tmp/.ICE-unix/1928,unix/XX:/tmp/.ICE-unix/1928', 'INVOCATION_ID': '6f1388ba723a4a38bdb8b43200337dc9', 'XDG_MENU_PREFIX': 'gnome-', 'GNOME_SETUP_DISPLAY': ':1', 'XDG_RUNTIME_DIR': '/run/user/1000', 'GDK_BACKEND': 'x11', 'DISPLAY': ':0', 'LANG': 'zh_CN.UTF-8', 'XDG_CURRENT_DESKTOP': 'Unity', 'XMODIFIERS': '@im=ibus', 'XDG_SESSION_DESKTOP': 'ubuntu', 'XAUTHORITY': '/run/user/1000/.mutter-Xwaylandauth.EB9271', 'VSCODE_GIT_IPC_HANDLE': '/run/user/1000/vscode-git-94f6226fea.sock', 'TERM_PROGRAM': 'vscode', 'SSH_AGENT_LAUNCHER': 'gnome-keyring', 'SSH_AUTH_SOCK': '/run/user/1000/keyring/ssh', 'AMENT_PREFIX_PATH': '/opt/ros/humble', 'ORIGINAL_XDG_CURRENT_DESKTOP': 'Unity', 'SHELL': '/bin/bash', 'QT_ACCESSIBILITY': '1', 'NO_AT_BRIDGE': '1', 'GDMSESSION': 'ubuntu', 'GJS_DEBUG_OUTPUT': 'stderr', 'QT_IM_MODULE': 'ibus', 'PWD': '/media/kl/数据/github/Github_respository/ROS-_for_Study/ws00_helloworld/build/pkg02_helloworld_py', 'XDG_CONFIG_DIRS': '/etc/xdg/xdg-ubuntu:/etc/xdg', 'XDG_DATA_DIRS': '/usr/share/ubuntu:/usr/local/share/:/usr/share/:/var/lib/snapd/desktop', 'PYTHONPATH': '/media/kl/数据/github/Github_respository/ROS-_for_Study/ws00_helloworld/build/pkg02_helloworld_py/prefix_override:/media/kl/数据/github/Github_respository/ROS-_for_Study/ws00_helloworld/install/pkg02_helloworld_py/lib/python3.10/site-packages:/opt/ros/humble/lib/python3.10/site-packages:/opt/ros/humble/local/lib/python3.10/dist-packages', 'BREAKPAD_DUMP_LOCATION': '/home/kl/.config/Code/exthost Crash Reports', 'COLCON': '1', 'LOCAL_GIT_DIRECTORY': '/usr/lib/github-desktop/resources/app/git'}, 'shell': False}
[0.500239] (-) TimerEvent: {}
[0.528164] (pkg01_helloworld_cpp) StdoutLine: {'line': b'-- Found rclcpp: 16.0.4 (/opt/ros/humble/share/rclcpp/cmake)\n'}
[0.553776] (pkg01_helloworld_cpp) StdoutLine: {'line': b'-- Found rosidl_generator_c: 3.1.4 (/opt/ros/humble/share/rosidl_generator_c/cmake)\n'}
[0.556652] (pkg01_helloworld_cpp) StdoutLine: {'line': b'-- Found rosidl_adapter: 3.1.4 (/opt/ros/humble/share/rosidl_adapter/cmake)\n'}
[0.562037] (pkg01_helloworld_cpp) StdoutLine: {'line': b'-- Found rosidl_generator_cpp: 3.1.4 (/opt/ros/humble/share/rosidl_generator_cpp/cmake)\n'}
[0.571467] (pkg01_helloworld_cpp) StdoutLine: {'line': b'-- Using all available rosidl_typesupport_c: rosidl_typesupport_fastrtps_c;rosidl_typesupport_introspection_c\n'}
[0.584862] (pkg01_helloworld_cpp) StdoutLine: {'line': b'-- Using all available rosidl_typesupport_cpp: rosidl_typesupport_fastrtps_cpp;rosidl_typesupport_introspection_cpp\n'}
[0.600349] (-) TimerEvent: {}
[0.633304] (pkg01_helloworld_cpp) StdoutLine: {'line': b'-- Found rmw_implementation_cmake: 6.1.1 (/opt/ros/humble/share/rmw_implementation_cmake/cmake)\n'}
[0.634770] (pkg01_helloworld_cpp) StdoutLine: {'line': b'-- Found rmw_fastrtps_cpp: 6.2.2 (/opt/ros/humble/share/rmw_fastrtps_cpp/cmake)\n'}
[0.679385] (pkg02_helloworld_py) StdoutLine: {'line': b'running egg_info\n'}
[0.680316] (pkg02_helloworld_py) StdoutLine: {'line': b'writing ../../build/pkg02_helloworld_py/pkg02_helloworld_py.egg-info/PKG-INFO\n'}
[0.680943] (pkg02_helloworld_py) StdoutLine: {'line': b'writing dependency_links to ../../build/pkg02_helloworld_py/pkg02_helloworld_py.egg-info/dependency_links.txt\n'}
[0.681457] (pkg02_helloworld_py) StdoutLine: {'line': b'writing entry points to ../../build/pkg02_helloworld_py/pkg02_helloworld_py.egg-info/entry_points.txt\n'}
[0.681841] (pkg02_helloworld_py) StdoutLine: {'line': b'writing requirements to ../../build/pkg02_helloworld_py/pkg02_helloworld_py.egg-info/requires.txt\n'}
[0.682117] (pkg02_helloworld_py) StdoutLine: {'line': b'writing top-level names to ../../build/pkg02_helloworld_py/pkg02_helloworld_py.egg-info/top_level.txt\n'}
[0.685370] (pkg02_helloworld_py) StdoutLine: {'line': b"reading manifest file '../../build/pkg02_helloworld_py/pkg02_helloworld_py.egg-info/SOURCES.txt'\n"}
[0.688257] (pkg02_helloworld_py) StdoutLine: {'line': b"writing manifest file '../../build/pkg02_helloworld_py/pkg02_helloworld_py.egg-info/SOURCES.txt'\n"}
[0.688628] (pkg02_helloworld_py) StdoutLine: {'line': b'running build\n'}
[0.688877] (pkg02_helloworld_py) StdoutLine: {'line': b'running build_py\n'}
[0.690318] (pkg02_helloworld_py) StdoutLine: {'line': b'running install\n'}
[0.690558] (pkg02_helloworld_py) StderrLine: {'line': b'/usr/lib/python3/dist-packages/setuptools/command/install.py:34: SetuptoolsDeprecationWarning: setup.py install is deprecated. Use build and pip and other standards-based tools.\n'}
[0.690842] (pkg02_helloworld_py) StderrLine: {'line': b'  warnings.warn(\n'}
[0.691035] (pkg02_helloworld_py) StdoutLine: {'line': b'running install_lib\n'}
[0.694061] (pkg02_helloworld_py) StdoutLine: {'line': b'running install_data\n'}
[0.695352] (pkg02_helloworld_py) StdoutLine: {'line': b'running install_egg_info\n'}
[0.696956] (pkg02_helloworld_py) StdoutLine: {'line': b"removing '/media/kl/\xe6\x95\xb0\xe6\x8d\xae/github/Github_respository/ROS-_for_Study/ws00_helloworld/install/pkg02_helloworld_py/lib/python3.10/site-packages/pkg02_helloworld_py-0.0.0-py3.10.egg-info' (and everything under it)\n"}
[0.697187] (pkg01_helloworld_cpp) StdoutLine: {'line': b'-- Found OpenSSL: /usr/lib/x86_64-linux-gnu/libcrypto.so (found version "3.0.2")  \n'}
[0.700039] (pkg02_helloworld_py) StdoutLine: {'line': b'Copying ../../build/pkg02_helloworld_py/pkg02_helloworld_py.egg-info to /media/kl/\xe6\x95\xb0\xe6\x8d\xae/github/Github_respository/ROS-_for_Study/ws00_helloworld/install/pkg02_helloworld_py/lib/python3.10/site-packages/pkg02_helloworld_py-0.0.0-py3.10.egg-info\n'}
[0.700404] (-) TimerEvent: {}
[0.710778] (pkg02_helloworld_py) StdoutLine: {'line': b'running install_scripts\n'}
[0.724613] (pkg01_helloworld_cpp) StdoutLine: {'line': b'-- Found FastRTPS: /opt/ros/humble/include  \n'}
[0.731481] (pkg02_helloworld_py) StdoutLine: {'line': b'Installing helloworld script to /media/kl/\xe6\x95\xb0\xe6\x8d\xae/github/Github_respository/ROS-_for_Study/ws00_helloworld/install/pkg02_helloworld_py/lib/pkg02_helloworld_py\n'}
[0.732661] (pkg02_helloworld_py) StdoutLine: {'line': b"writing list of installed files to '/media/kl/\xe6\x95\xb0\xe6\x8d\xae/github/Github_respository/ROS-_for_Study/ws00_helloworld/build/pkg02_helloworld_py/install.log'\n"}
[0.750657] (pkg02_helloworld_py) CommandEnded: {'returncode': 0}
[0.757603] (pkg01_helloworld_cpp) StdoutLine: {'line': b"-- Using RMW implementation 'rmw_fastrtps_cpp' as default\n"}
[0.766385] (pkg01_helloworld_cpp) StdoutLine: {'line': b'-- Looking for pthread.h\n'}
[0.773493] (pkg02_helloworld_py) JobEnded: {'identifier': 'pkg02_helloworld_py', 'rc': 0}
[0.800529] (-) TimerEvent: {}
[0.852119] (pkg01_helloworld_cpp) StdoutLine: {'line': b'-- Looking for pthread.h - found\n'}
[0.853413] (pkg01_helloworld_cpp) StdoutLine: {'line': b'-- Performing Test CMAKE_HAVE_LIBC_PTHREAD\n'}
[0.900636] (-) TimerEvent: {}
[0.937980] (pkg01_helloworld_cpp) StdoutLine: {'line': b'-- Performing Test CMAKE_HAVE_LIBC_PTHREAD - Success\n'}
[0.939450] (pkg01_helloworld_cpp) StdoutLine: {'line': b'-- Found Threads: TRUE  \n'}
[1.000736] (-) TimerEvent: {}
[1.049573] (pkg01_helloworld_cpp) StdoutLine: {'line': b'-- Found ament_lint_auto: 0.12.6 (/opt/ros/humble/share/ament_lint_auto/cmake)\n'}
[1.100830] (-) TimerEvent: {}
[1.122891] (pkg01_helloworld_cpp) StdoutLine: {'line': b"-- Added test 'cppcheck' to perform static code analysis on C / C++ code\n"}
[1.123245] (pkg01_helloworld_cpp) StdoutLine: {'line': b'-- Configured cppcheck include dirs: $<BUILD_INTERFACE:/media/kl/\xe6\x95\xb0\xe6\x8d\xae/github/Github_respository/ROS-_for_Study/ws00_helloworld/src/pkg01_helloworld_cpp/include>\n'}
[1.123458] (pkg01_helloworld_cpp) StdoutLine: {'line': b'-- Configured cppcheck exclude dirs and/or files: \n'}
[1.127593] (pkg01_helloworld_cpp) StdoutLine: {'line': b"-- Added test 'lint_cmake' to check CMake code style\n"}
[1.136788] (pkg01_helloworld_cpp) StdoutLine: {'line': b"-- Added test 'uncrustify' to check C / C++ code style\n"}
[1.137062] (pkg01_helloworld_cpp) StdoutLine: {'line': b'-- Configured uncrustify additional arguments: \n'}
[1.139249] (pkg01_helloworld_cpp) StdoutLine: {'line': b"-- Added test 'xmllint' to check XML markup files\n"}
[1.148311] (pkg01_helloworld_cpp) StdoutLine: {'line': b'-- Configuring done\n'}
[1.183645] (pkg01_helloworld_cpp) StdoutLine: {'line': b'-- Generating done\n'}
[1.191826] (pkg01_helloworld_cpp) StdoutLine: {'line': b'-- Build files have been written to: /media/kl/\xe6\x95\xb0\xe6\x8d\xae/github/Github_respository/ROS-_for_Study/ws00_helloworld/build/pkg01_helloworld_cpp\n'}
[1.199320] (pkg01_helloworld_cpp) CommandEnded: {'returncode': 0}
[1.200273] (pkg01_helloworld_cpp) JobProgress: {'identifier': 'pkg01_helloworld_cpp', 'progress': 'build'}
[1.201148] (pkg01_helloworld_cpp) Command: {'cmd': ['/usr/bin/cmake', '--build', '/media/kl/数据/github/Github_respository/ROS-_for_Study/ws00_helloworld/build/pkg01_helloworld_cpp', '--', '-j8', '-l8'], 'cwd': '/media/kl/数据/github/Github_respository/ROS-_for_Study/ws00_helloworld/build/pkg01_helloworld_cpp', 'env': OrderedDict([('GJS_DEBUG_TOPICS', 'JS ERROR;JS LOG'), ('LANGUAGE', 'zh_CN:zh'), ('USER', 'kl'), ('XDG_SESSION_TYPE', 'wayland'), ('GIT_ASKPASS', '/usr/share/code/resources/app/extensions/git/dist/askpass.sh'), ('SHLVL', '1'), ('LD_LIBRARY_PATH', '/opt/ros/humble/opt/rviz_ogre_vendor/lib:/opt/ros/humble/lib/x86_64-linux-gnu:/opt/ros/humble/lib'), ('HOME', '/home/kl'), ('CHROME_DESKTOP', 'code-url-handler.desktop'), ('OLDPWD', '/media/kl/数据/github/Github_respository/ROS-_for_Study/ws00_helloworld/src'), ('TERM_PROGRAM_VERSION', '1.59.1'), ('DESKTOP_SESSION', 'ubuntu'), ('GIO_LAUNCHED_DESKTOP_FILE', '/usr/share/applications/github-desktop.desktop'), ('APPLICATION_INSIGHTS_NO_DIAGNOSTIC_CHANNEL', 'true'), ('ROS_PYTHON_VERSION', '3'), ('GNOME_SHELL_SESSION_MODE', 'ubuntu'), ('GTK_MODULES', 'gail:atk-bridge'), ('VSCODE_GIT_ASKPASS_MAIN', '/usr/share/code/resources/app/extensions/git/dist/askpass-main.js'), ('VSCODE_GIT_ASKPASS_NODE', '/usr/share/code/code'), ('MANAGERPID', '1731'), ('SYSTEMD_EXEC_PID', '1947'), ('DBUS_SESSION_BUS_ADDRESS', 'unix:path=/run/user/1000/bus'), ('COLORTERM', 'truecolor'), ('GIO_LAUNCHED_DESKTOP_FILE_PID', '6344'), ('IM_CONFIG_PHASE', '1'), ('WAYLAND_DISPLAY', 'wayland-0'), ('ROS_DISTRO', 'humble'), ('LOGNAME', 'kl'), ('JOURNAL_STREAM', '8:31415'), ('_', '/usr/bin/colcon'), ('ROS_VERSION', '2'), ('XDG_SESSION_CLASS', 'user'), ('USERNAME', 'kl'), ('TERM', 'xterm-256color'), ('GNOME_DESKTOP_SESSION_ID', 'this-is-deprecated'), ('ROS_LOCALHOST_ONLY', '0'), ('PATH', '/opt/ros/humble/bin:/usr/local/sbin:/usr/local/bin:/usr/sbin:/usr/bin:/sbin:/bin:/usr/games:/usr/local/games:/snap/bin:/snap/bin'), ('SESSION_MANAGER', 'local/XX:@/tmp/.ICE-unix/1928,unix/XX:/tmp/.ICE-unix/1928'), ('INVOCATION_ID', '6f1388ba723a4a38bdb8b43200337dc9'), ('XDG_MENU_PREFIX', 'gnome-'), ('GNOME_SETUP_DISPLAY', ':1'), ('XDG_RUNTIME_DIR', '/run/user/1000'), ('GDK_BACKEND', 'x11'), ('DISPLAY', ':0'), ('LANG', 'zh_CN.UTF-8'), ('XDG_CURRENT_DESKTOP', 'Unity'), ('XMODIFIERS', '@im=ibus'), ('XDG_SESSION_DESKTOP', 'ubuntu'), ('XAUTHORITY', '/run/user/1000/.mutter-Xwaylandauth.EB9271'), ('VSCODE_GIT_IPC_HANDLE', '/run/user/1000/vscode-git-94f6226fea.sock'), ('TERM_PROGRAM', 'vscode'), ('SSH_AGENT_LAUNCHER', 'gnome-keyring'), ('SSH_AUTH_SOCK', '/run/user/1000/keyring/ssh'), ('AMENT_PREFIX_PATH', '/opt/ros/humble'), ('ORIGINAL_XDG_CURRENT_DESKTOP', 'Unity'), ('SHELL', '/bin/bash'), ('QT_ACCESSIBILITY', '1'), ('NO_AT_BRIDGE', '1'), ('GDMSESSION', 'ubuntu'), ('GJS_DEBUG_OUTPUT', 'stderr'), ('QT_IM_MODULE', 'ibus'), ('PWD', '/media/kl/数据/github/Github_respository/ROS-_for_Study/ws00_helloworld/build/pkg01_helloworld_cpp'), ('XDG_CONFIG_DIRS', '/etc/xdg/xdg-ubuntu:/etc/xdg'), ('XDG_DATA_DIRS', '/usr/share/ubuntu:/usr/local/share/:/usr/share/:/var/lib/snapd/desktop'), ('PYTHONPATH', '/opt/ros/humble/lib/python3.10/site-packages:/opt/ros/humble/local/lib/python3.10/dist-packages'), ('BREAKPAD_DUMP_LOCATION', '/home/kl/.config/Code/exthost Crash Reports'), ('COLCON', '1'), ('LOCAL_GIT_DIRECTORY', '/usr/lib/github-desktop/resources/app/git'), ('CMAKE_PREFIX_PATH', '/opt/ros/humble')]), 'shell': False}
[1.202319] (-) TimerEvent: {}
[1.237422] (pkg01_helloworld_cpp) StdoutLine: {'line': b'[ 50%] \x1b[32mBuilding CXX object CMakeFiles/helloworld.dir/src/helloworld.cpp.o\x1b[0m\n'}
[1.302424] (-) TimerEvent: {}
[1.402721] (-) TimerEvent: {}
[1.503173] (-) TimerEvent: {}
[1.604024] (-) TimerEvent: {}
[1.704429] (-) TimerEvent: {}
[1.805079] (-) TimerEvent: {}
[1.906007] (-) TimerEvent: {}
[2.006717] (-) TimerEvent: {}
[2.107416] (-) TimerEvent: {}
[2.207902] (-) TimerEvent: {}
[2.308393] (-) TimerEvent: {}
[2.408901] (-) TimerEvent: {}
[2.509708] (-) TimerEvent: {}
[2.610198] (-) TimerEvent: {}
[2.710826] (-) TimerEvent: {}
[2.811337] (-) TimerEvent: {}
[2.912119] (-) TimerEvent: {}
[3.012744] (-) TimerEvent: {}
[3.113121] (-) TimerEvent: {}
[3.113845] (pkg01_helloworld_cpp) StdoutLine: {'line': b'[100%] \x1b[32m\x1b[1mLinking CXX executable helloworld\x1b[0m\n'}
[3.202137] (pkg01_helloworld_cpp) StdoutLine: {'line': b'[100%] Built target helloworld\n'}
[3.210423] (pkg01_helloworld_cpp) CommandEnded: {'returncode': 0}
[3.213200] (-) TimerEvent: {}
[3.227789] (pkg01_helloworld_cpp) JobProgress: {'identifier': 'pkg01_helloworld_cpp', 'progress': 'install'}
[3.233507] (pkg01_helloworld_cpp) Command: {'cmd': ['/usr/bin/cmake', '--install', '/media/kl/数据/github/Github_respository/ROS-_for_Study/ws00_helloworld/build/pkg01_helloworld_cpp'], 'cwd': '/media/kl/数据/github/Github_respository/ROS-_for_Study/ws00_helloworld/build/pkg01_helloworld_cpp', 'env': OrderedDict([('GJS_DEBUG_TOPICS', 'JS ERROR;JS LOG'), ('LANGUAGE', 'zh_CN:zh'), ('USER', 'kl'), ('XDG_SESSION_TYPE', 'wayland'), ('GIT_ASKPASS', '/usr/share/code/resources/app/extensions/git/dist/askpass.sh'), ('SHLVL', '1'), ('LD_LIBRARY_PATH', '/opt/ros/humble/opt/rviz_ogre_vendor/lib:/opt/ros/humble/lib/x86_64-linux-gnu:/opt/ros/humble/lib'), ('HOME', '/home/kl'), ('CHROME_DESKTOP', 'code-url-handler.desktop'), ('OLDPWD', '/media/kl/数据/github/Github_respository/ROS-_for_Study/ws00_helloworld/src'), ('TERM_PROGRAM_VERSION', '1.59.1'), ('DESKTOP_SESSION', 'ubuntu'), ('GIO_LAUNCHED_DESKTOP_FILE', '/usr/share/applications/github-desktop.desktop'), ('APPLICATION_INSIGHTS_NO_DIAGNOSTIC_CHANNEL', 'true'), ('ROS_PYTHON_VERSION', '3'), ('GNOME_SHELL_SESSION_MODE', 'ubuntu'), ('GTK_MODULES', 'gail:atk-bridge'), ('VSCODE_GIT_ASKPASS_MAIN', '/usr/share/code/resources/app/extensions/git/dist/askpass-main.js'), ('VSCODE_GIT_ASKPASS_NODE', '/usr/share/code/code'), ('MANAGERPID', '1731'), ('SYSTEMD_EXEC_PID', '1947'), ('DBUS_SESSION_BUS_ADDRESS', 'unix:path=/run/user/1000/bus'), ('COLORTERM', 'truecolor'), ('GIO_LAUNCHED_DESKTOP_FILE_PID', '6344'), ('IM_CONFIG_PHASE', '1'), ('WAYLAND_DISPLAY', 'wayland-0'), ('ROS_DISTRO', 'humble'), ('LOGNAME', 'kl'), ('JOURNAL_STREAM', '8:31415'), ('_', '/usr/bin/colcon'), ('ROS_VERSION', '2'), ('XDG_SESSION_CLASS', 'user'), ('USERNAME', 'kl'), ('TERM', 'xterm-256color'), ('GNOME_DESKTOP_SESSION_ID', 'this-is-deprecated'), ('ROS_LOCALHOST_ONLY', '0'), ('PATH', '/opt/ros/humble/bin:/usr/local/sbin:/usr/local/bin:/usr/sbin:/usr/bin:/sbin:/bin:/usr/games:/usr/local/games:/snap/bin:/snap/bin'), ('SESSION_MANAGER', 'local/XX:@/tmp/.ICE-unix/1928,unix/XX:/tmp/.ICE-unix/1928'), ('INVOCATION_ID', '6f1388ba723a4a38bdb8b43200337dc9'), ('XDG_MENU_PREFIX', 'gnome-'), ('GNOME_SETUP_DISPLAY', ':1'), ('XDG_RUNTIME_DIR', '/run/user/1000'), ('GDK_BACKEND', 'x11'), ('DISPLAY', ':0'), ('LANG', 'zh_CN.UTF-8'), ('XDG_CURRENT_DESKTOP', 'Unity'), ('XMODIFIERS', '@im=ibus'), ('XDG_SESSION_DESKTOP', 'ubuntu'), ('XAUTHORITY', '/run/user/1000/.mutter-Xwaylandauth.EB9271'), ('VSCODE_GIT_IPC_HANDLE', '/run/user/1000/vscode-git-94f6226fea.sock'), ('TERM_PROGRAM', 'vscode'), ('SSH_AGENT_LAUNCHER', 'gnome-keyring'), ('SSH_AUTH_SOCK', '/run/user/1000/keyring/ssh'), ('AMENT_PREFIX_PATH', '/opt/ros/humble'), ('ORIGINAL_XDG_CURRENT_DESKTOP', 'Unity'), ('SHELL', '/bin/bash'), ('QT_ACCESSIBILITY', '1'), ('NO_AT_BRIDGE', '1'), ('GDMSESSION', 'ubuntu'), ('GJS_DEBUG_OUTPUT', 'stderr'), ('QT_IM_MODULE', 'ibus'), ('PWD', '/media/kl/数据/github/Github_respository/ROS-_for_Study/ws00_helloworld/build/pkg01_helloworld_cpp'), ('XDG_CONFIG_DIRS', '/etc/xdg/xdg-ubuntu:/etc/xdg'), ('XDG_DATA_DIRS', '/usr/share/ubuntu:/usr/local/share/:/usr/share/:/var/lib/snapd/desktop'), ('PYTHONPATH', '/opt/ros/humble/lib/python3.10/site-packages:/opt/ros/humble/local/lib/python3.10/dist-packages'), ('BREAKPAD_DUMP_LOCATION', '/home/kl/.config/Code/exthost Crash Reports'), ('COLCON', '1'), ('LOCAL_GIT_DIRECTORY', '/usr/lib/github-desktop/resources/app/git'), ('CMAKE_PREFIX_PATH', '/opt/ros/humble')]), 'shell': False}
[3.239034] (pkg01_helloworld_cpp) StdoutLine: {'line': b'-- Install configuration: ""\n'}
[3.240149] (pkg01_helloworld_cpp) StdoutLine: {'line': b'-- Installing: /media/kl/\xe6\x95\xb0\xe6\x8d\xae/github/Github_respository/ROS-_for_Study/ws00_helloworld/install/pkg01_helloworld_cpp/lib/pkg01_helloworld_cpp/helloworld\n'}
[3.243598] (pkg01_helloworld_cpp) StdoutLine: {'line': b'-- Set runtime path of "/media/kl/\xe6\x95\xb0\xe6\x8d\xae/github/Github_respository/ROS-_for_Study/ws00_helloworld/install/pkg01_helloworld_cpp/lib/pkg01_helloworld_cpp/helloworld" to ""\n'}
[3.245557] (pkg01_helloworld_cpp) StdoutLine: {'line': b'-- Installing: /media/kl/\xe6\x95\xb0\xe6\x8d\xae/github/Github_respository/ROS-_for_Study/ws00_helloworld/install/pkg01_helloworld_cpp/share/ament_index/resource_index/package_run_dependencies/pkg01_helloworld_cpp\n'}
[3.248845] (pkg01_helloworld_cpp) StdoutLine: {'line': b'-- Installing: /media/kl/\xe6\x95\xb0\xe6\x8d\xae/github/Github_respository/ROS-_for_Study/ws00_helloworld/install/pkg01_helloworld_cpp/share/ament_index/resource_index/parent_prefix_path/pkg01_helloworld_cpp\n'}
[3.251894] (pkg01_helloworld_cpp) StdoutLine: {'line': b'-- Installing: /media/kl/\xe6\x95\xb0\xe6\x8d\xae/github/Github_respository/ROS-_for_Study/ws00_helloworld/install/pkg01_helloworld_cpp/share/pkg01_helloworld_cpp/environment/ament_prefix_path.sh\n'}
[3.253866] (pkg01_helloworld_cpp) StdoutLine: {'line': b'-- Installing: /media/kl/\xe6\x95\xb0\xe6\x8d\xae/github/Github_respository/ROS-_for_Study/ws00_helloworld/install/pkg01_helloworld_cpp/share/pkg01_helloworld_cpp/environment/ament_prefix_path.dsv\n'}
[3.255903] (pkg01_helloworld_cpp) StdoutLine: {'line': b'-- Installing: /media/kl/\xe6\x95\xb0\xe6\x8d\xae/github/Github_respository/ROS-_for_Study/ws00_helloworld/install/pkg01_helloworld_cpp/share/pkg01_helloworld_cpp/environment/path.sh\n'}
[3.257740] (pkg01_helloworld_cpp) StdoutLine: {'line': b'-- Installing: /media/kl/\xe6\x95\xb0\xe6\x8d\xae/github/Github_respository/ROS-_for_Study/ws00_helloworld/install/pkg01_helloworld_cpp/share/pkg01_helloworld_cpp/environment/path.dsv\n'}
[3.259873] (pkg01_helloworld_cpp) StdoutLine: {'line': b'-- Installing: /media/kl/\xe6\x95\xb0\xe6\x8d\xae/github/Github_respository/ROS-_for_Study/ws00_helloworld/install/pkg01_helloworld_cpp/share/pkg01_helloworld_cpp/local_setup.bash\n'}
[3.262193] (pkg01_helloworld_cpp) StdoutLine: {'line': b'-- Installing: /media/kl/\xe6\x95\xb0\xe6\x8d\xae/github/Github_respository/ROS-_for_Study/ws00_helloworld/install/pkg01_helloworld_cpp/share/pkg01_helloworld_cpp/local_setup.sh\n'}
[3.264480] (pkg01_helloworld_cpp) StdoutLine: {'line': b'-- Installing: /media/kl/\xe6\x95\xb0\xe6\x8d\xae/github/Github_respository/ROS-_for_Study/ws00_helloworld/install/pkg01_helloworld_cpp/share/pkg01_helloworld_cpp/local_setup.zsh\n'}
[3.266720] (pkg01_helloworld_cpp) StdoutLine: {'line': b'-- Installing: /media/kl/\xe6\x95\xb0\xe6\x8d\xae/github/Github_respository/ROS-_for_Study/ws00_helloworld/install/pkg01_helloworld_cpp/share/pkg01_helloworld_cpp/local_setup.dsv\n'}
[3.269155] (pkg01_helloworld_cpp) StdoutLine: {'line': b'-- Installing: /media/kl/\xe6\x95\xb0\xe6\x8d\xae/github/Github_respository/ROS-_for_Study/ws00_helloworld/install/pkg01_helloworld_cpp/share/pkg01_helloworld_cpp/package.dsv\n'}
[3.272338] (pkg01_helloworld_cpp) StdoutLine: {'line': b'-- Installing: /media/kl/\xe6\x95\xb0\xe6\x8d\xae/github/Github_respository/ROS-_for_Study/ws00_helloworld/install/pkg01_helloworld_cpp/share/ament_index/resource_index/packages/pkg01_helloworld_cpp\n'}
[3.275454] (pkg01_helloworld_cpp) StdoutLine: {'line': b'-- Installing: /media/kl/\xe6\x95\xb0\xe6\x8d\xae/github/Github_respository/ROS-_for_Study/ws00_helloworld/install/pkg01_helloworld_cpp/share/pkg01_helloworld_cpp/cmake/pkg01_helloworld_cppConfig.cmake\n'}
[3.277652] (pkg01_helloworld_cpp) StdoutLine: {'line': b'-- Installing: /media/kl/\xe6\x95\xb0\xe6\x8d\xae/github/Github_respository/ROS-_for_Study/ws00_helloworld/install/pkg01_helloworld_cpp/share/pkg01_helloworld_cpp/cmake/pkg01_helloworld_cppConfig-version.cmake\n'}
[3.279973] (pkg01_helloworld_cpp) StdoutLine: {'line': b'-- Installing: /media/kl/\xe6\x95\xb0\xe6\x8d\xae/github/Github_respository/ROS-_for_Study/ws00_helloworld/install/pkg01_helloworld_cpp/share/pkg01_helloworld_cpp/package.xml\n'}
[3.283272] (pkg01_helloworld_cpp) CommandEnded: {'returncode': 0}
[3.313329] (-) TimerEvent: {}
[3.332406] (pkg01_helloworld_cpp) JobEnded: {'identifier': 'pkg01_helloworld_cpp', 'rc': 0}
[3.333430] (-) EventReactorShutdown: {}
