[0.000000] (-) TimerEvent: {}
[0.000192] (-) JobUnselected: {'identifier': 'base_interfaces'}
[0.000226] (-) JobUnselected: {'identifier': 'py01_topic'}
[0.000248] (cpp01_topic) JobQueued: {'identifier': 'cpp01_topic', 'dependencies': OrderedDict()}
[0.000284] (cpp01_topic) JobStarted: {'identifier': 'cpp01_topic'}
[0.007317] (cpp01_topic) JobProgress: {'identifier': 'cpp01_topic', 'progress': 'cmake'}
[0.007575] (cpp01_topic) Command: {'cmd': ['/usr/bin/cmake', '/home/kl/VS_CODE/Github_respository/ROS-_for_Study/ws01_plumbing/src/cpp01_topic', '-DCMAKE_INSTALL_PREFIX=/home/kl/VS_CODE/Github_respository/ROS-_for_Study/ws01_plumbing/install/cpp01_topic'], 'cwd': '/home/kl/VS_CODE/Github_respository/ROS-_for_Study/ws01_plumbing/build/cpp01_topic', 'env': OrderedDict([('HTTPS_PROXY', 'http://127.0.0.1:7890/'), ('no_proxy', 'localhost,127.0.0.0/8,::1'), ('LANGUAGE', 'zh_CN:zh'), ('USER', 'kl'), ('all_proxy', 'socks://127.0.0.1:7891/'), ('XDG_SESSION_TYPE', 'wayland'), ('GIT_ASKPASS', '/usr/share/code/resources/app/extensions/git/dist/askpass.sh'), ('SHLVL', '2'), ('LD_LIBRARY_PATH', '/opt/ros/humble/opt/rviz_ogre_vendor/lib:/opt/ros/humble/lib/x86_64-linux-gnu:/opt/ros/humble/lib'), ('HOME', '/home/kl'), ('CHROME_DESKTOP', 'code-url-handler.desktop'), ('OLDPWD', '/home/kl/VS_CODE/Github_respository/ROS-_for_Study/ws01_plumbing/src'), ('TERM_PROGRAM_VERSION', '1.80.1'), ('DESKTOP_SESSION', 'ubuntu'), ('NO_PROXY', 'localhost,127.0.0.0/8,::1'), ('ROS_PYTHON_VERSION', '3'), ('GNOME_SHELL_SESSION_MODE', 'ubuntu'), ('GTK_MODULES', 'gail:atk-bridge'), ('VSCODE_GIT_ASKPASS_MAIN', '/usr/share/code/resources/app/extensions/git/dist/askpass-main.js'), ('VSCODE_GIT_ASKPASS_NODE', '/usr/share/code/code'), ('DBUS_STARTER_BUS_TYPE', 'session'), ('SYSTEMD_EXEC_PID', '1926'), ('DBUS_SESSION_BUS_ADDRESS', 'unix:path=/run/user/1000/bus,guid=152199b74cd82e444d55d7d264be1a06'), ('COLORTERM', 'truecolor'), ('IM_CONFIG_PHASE', '1'), ('WAYLAND_DISPLAY', 'wayland-0'), ('https_proxy', 'http://127.0.0.1:7890/'), ('ROS_DISTRO', 'humble'), ('LOGNAME', 'kl'), ('ALL_PROXY', 'socks://127.0.0.1:7891/'), ('http_proxy', 'http://127.0.0.1:7890/'), ('_', '/usr/bin/colcon'), ('ROS_VERSION', '2'), ('XDG_SESSION_CLASS', 'user'), ('USERNAME', 'kl'), ('TERM', 'xterm-256color'), ('GNOME_DESKTOP_SESSION_ID', 'this-is-deprecated'), ('ROS_LOCALHOST_ONLY', '0'), ('PATH', '/opt/ros/humble/bin:/usr/local/sbin:/usr/local/bin:/usr/sbin:/usr/bin:/sbin:/bin:/usr/games:/usr/local/games:/snap/bin:/snap/bin'), ('SESSION_MANAGER', 'local/XX:@/tmp/.ICE-unix/1926,unix/XX:/tmp/.ICE-unix/1926'), ('XDG_MENU_PREFIX', 'gnome-'), ('GNOME_TERMINAL_SCREEN', '/org/gnome/Terminal/screen/9a0bd8a6_d5bb_4f0b_8ce8_2360df3eb58b'), ('GNOME_SETUP_DISPLAY', ':1'), ('XDG_RUNTIME_DIR', '/run/user/1000'), ('GDK_BACKEND', 'x11'), ('DISPLAY', ':0'), ('LANG', 'zh_CN.UTF-8'), ('XDG_CURRENT_DESKTOP', 'Unity'), ('XMODIFIERS', '@im=ibus'), ('XDG_SESSION_DESKTOP', 'ubuntu'), ('XAUTHORITY', '/run/user/1000/.mutter-Xwaylandauth.SKQ871'), ('VSCODE_GIT_IPC_HANDLE', '/run/user/1000/vscode-git-cef9963d23.sock'), ('GNOME_TERMINAL_SERVICE', ':1.1449'), ('TERM_PROGRAM', 'vscode'), ('SSH_AGENT_LAUNCHER', 'gnome-keyring'), ('SSH_AUTH_SOCK', '/run/user/1000/keyring/ssh'), ('AMENT_PREFIX_PATH', '/opt/ros/humble'), ('ORIGINAL_XDG_CURRENT_DESKTOP', 'ubuntu:GNOME'), ('SHELL', '/bin/bash'), ('QT_ACCESSIBILITY', '1'), ('GDMSESSION', 'ubuntu'), ('VSCODE_GIT_ASKPASS_EXTRA_ARGS', '--ms-enable-electron-run-as-node'), ('QT_IM_MODULE', 'ibus'), ('PWD', '/home/kl/VS_CODE/Github_respository/ROS-_for_Study/ws01_plumbing/build/cpp01_topic'), ('XDG_CONFIG_DIRS', '/etc/xdg/xdg-ubuntu:/etc/xdg'), ('DBUS_STARTER_ADDRESS', 'unix:path=/run/user/1000/bus,guid=152199b74cd82e444d55d7d264be1a06'), ('XDG_DATA_DIRS', '/usr/share/ubuntu:/usr/local/share/:/usr/share/:/var/lib/snapd/desktop'), ('PYTHONPATH', '/opt/ros/humble/lib/python3.10/site-packages:/opt/ros/humble/local/lib/python3.10/dist-packages'), ('HTTP_PROXY', 'http://127.0.0.1:7890/'), ('COLCON', '1'), ('VTE_VERSION', '6800'), ('CMAKE_PREFIX_PATH', '/opt/ros/humble')]), 'shell': False}
[0.016622] (cpp01_topic) StdoutLine: {'line': b'-- Found ament_cmake: 1.3.5 (/opt/ros/humble/share/ament_cmake/cmake)\n'}
[0.098828] (-) TimerEvent: {}
[0.115182] (cpp01_topic) StdoutLine: {'line': b'-- Found rclcpp: 16.0.4 (/opt/ros/humble/share/rclcpp/cmake)\n'}
[0.136758] (cpp01_topic) StdoutLine: {'line': b'-- Found rosidl_generator_c: 3.1.4 (/opt/ros/humble/share/rosidl_generator_c/cmake)\n'}
[0.138519] (cpp01_topic) StdoutLine: {'line': b'-- Found rosidl_adapter: 3.1.4 (/opt/ros/humble/share/rosidl_adapter/cmake)\n'}
[0.142356] (cpp01_topic) StdoutLine: {'line': b'-- Found rosidl_generator_cpp: 3.1.4 (/opt/ros/humble/share/rosidl_generator_cpp/cmake)\n'}
[0.151744] (cpp01_topic) StdoutLine: {'line': b'-- Using all available rosidl_typesupport_c: rosidl_typesupport_fastrtps_c;rosidl_typesupport_introspection_c\n'}
[0.162890] (cpp01_topic) StdoutLine: {'line': b'-- Using all available rosidl_typesupport_cpp: rosidl_typesupport_fastrtps_cpp;rosidl_typesupport_introspection_cpp\n'}
[0.199015] (-) TimerEvent: {}
[0.199782] (cpp01_topic) StdoutLine: {'line': b'-- Found rmw_implementation_cmake: 6.1.1 (/opt/ros/humble/share/rmw_implementation_cmake/cmake)\n'}
[0.200589] (cpp01_topic) StdoutLine: {'line': b'-- Found rmw_fastrtps_cpp: 6.2.2 (/opt/ros/humble/share/rmw_fastrtps_cpp/cmake)\n'}
[0.278673] (cpp01_topic) StdoutLine: {'line': b"-- Using RMW implementation 'rmw_fastrtps_cpp' as default\n"}
[0.299098] (-) TimerEvent: {}
[0.386709] (cpp01_topic) StderrLine: {'line': b'\x1b[31mCMake Error at CMakeLists.txt:12 (find_package):\n'}
[0.386914] (cpp01_topic) StderrLine: {'line': b'  By not providing "Findbase_interfaces_demo.cmake" in CMAKE_MODULE_PATH this\n'}
[0.387104] (cpp01_topic) StderrLine: {'line': b'  project has asked CMake to find a package configuration file provided by\n'}
[0.387185] (cpp01_topic) StderrLine: {'line': b'  "base_interfaces_demo", but CMake did not find one.\n'}
[0.387235] (cpp01_topic) StderrLine: {'line': b'\n'}
[0.387282] (cpp01_topic) StderrLine: {'line': b'  Could not find a package configuration file provided by\n'}
[0.387321] (cpp01_topic) StderrLine: {'line': b'  "base_interfaces_demo" with any of the following names:\n'}
[0.387360] (cpp01_topic) StderrLine: {'line': b'\n'}
[0.387399] (cpp01_topic) StderrLine: {'line': b'    base_interfaces_demoConfig.cmake\n'}
[0.387441] (cpp01_topic) StderrLine: {'line': b'    base_interfaces_demo-config.cmake\n'}
[0.387480] (cpp01_topic) StderrLine: {'line': b'\n'}
[0.387519] (cpp01_topic) StderrLine: {'line': b'  Add the installation prefix of "base_interfaces_demo" to CMAKE_PREFIX_PATH\n'}
[0.387558] (cpp01_topic) StderrLine: {'line': b'  or set "base_interfaces_demo_DIR" to a directory containing one of the\n'}
[0.387597] (cpp01_topic) StderrLine: {'line': b'  above files.  If "base_interfaces_demo" provides a separate development\n'}
[0.387636] (cpp01_topic) StderrLine: {'line': b'  package or SDK, be sure it has been installed.\n'}
[0.387675] (cpp01_topic) StderrLine: {'line': b'\n'}
[0.387720] (cpp01_topic) StderrLine: {'line': b'\x1b[0m\n'}
[0.387762] (cpp01_topic) StdoutLine: {'line': b'-- Configuring incomplete, errors occurred!\n'}
[0.387807] (cpp01_topic) StdoutLine: {'line': b'See also "/home/kl/VS_CODE/Github_respository/ROS-_for_Study/ws01_plumbing/build/cpp01_topic/CMakeFiles/CMakeOutput.log".\n'}
[0.394499] (cpp01_topic) CommandEnded: {'returncode': 1}
[0.399224] (-) TimerEvent: {}
[0.409820] (cpp01_topic) JobEnded: {'identifier': 'cpp01_topic', 'rc': 1}
[0.420510] (-) EventReactorShutdown: {}
