[0.382s] Invoking command in '/home/kl/VS_CODE/Github_respository/ROS-_for_Study/ws01_plumbing/src/py02_service': CMAKE_PREFIX_PATH=/home/kl/VS_CODE/Github_respository/ROS-_for_Study/ws01_plumbing/install/base_interfaces:/home/kl/VS_CODE/Github_respository/ROS-_for_Study/ws01_plumbing/install/cpp02_service:/home/kl/VS_CODE/Github_respository/ROS-_for_Study/ws01_plumbing/install/cpp01_topic_re PYTHONPATH=/home/kl/VS_CODE/Github_respository/ROS-_for_Study/ws01_plumbing/build/py02_service/prefix_override:/home/kl/VS_CODE/Github_respository/ROS-_for_Study/ws01_plumbing/install/py02_service/lib/python3.10/site-packages:${PYTHONPATH} /usr/bin/python3 setup.py egg_info --egg-base ../../build/py02_service build --build-base /home/kl/VS_CODE/Github_respository/ROS-_for_Study/ws01_plumbing/build/py02_service/build install --record /home/kl/VS_CODE/Github_respository/ROS-_for_Study/ws01_plumbing/build/py02_service/install.log --single-version-externally-managed
[0.530s] running egg_info
[0.531s] writing ../../build/py02_service/py02_service.egg-info/PKG-INFO
[0.531s] writing dependency_links to ../../build/py02_service/py02_service.egg-info/dependency_links.txt
[0.531s] writing entry points to ../../build/py02_service/py02_service.egg-info/entry_points.txt
[0.531s] writing requirements to ../../build/py02_service/py02_service.egg-info/requires.txt
[0.531s] writing top-level names to ../../build/py02_service/py02_service.egg-info/top_level.txt
[0.533s] reading manifest file '../../build/py02_service/py02_service.egg-info/SOURCES.txt'
[0.533s] writing manifest file '../../build/py02_service/py02_service.egg-info/SOURCES.txt'
[0.533s] running build
[0.534s] running build_py
[0.534s] copying py02_service/demo02_client_py.py -> /home/kl/VS_CODE/Github_respository/ROS-_for_Study/ws01_plumbing/build/py02_service/build/lib/py02_service
[0.534s] running install
[0.534s] /usr/lib/python3/dist-packages/setuptools/command/install.py:34: SetuptoolsDeprecationWarning: setup.py install is deprecated. Use build and pip and other standards-based tools.
[0.534s]   warnings.warn(
[0.534s] running install_lib
[0.535s] copying /home/kl/VS_CODE/Github_respository/ROS-_for_Study/ws01_plumbing/build/py02_service/build/lib/py02_service/demo02_client_py.py -> /home/kl/VS_CODE/Github_respository/ROS-_for_Study/ws01_plumbing/install/py02_service/lib/python3.10/site-packages/py02_service
[0.535s] byte-compiling /home/kl/VS_CODE/Github_respository/ROS-_for_Study/ws01_plumbing/install/py02_service/lib/python3.10/site-packages/py02_service/demo02_client_py.py to demo02_client_py.cpython-310.pyc
[0.536s] running install_data
[0.537s] running install_egg_info
[0.538s] removing '/home/kl/VS_CODE/Github_respository/ROS-_for_Study/ws01_plumbing/install/py02_service/lib/python3.10/site-packages/py02_service-0.0.0-py3.10.egg-info' (and everything under it)
[0.538s] Copying ../../build/py02_service/py02_service.egg-info to /home/kl/VS_CODE/Github_respository/ROS-_for_Study/ws01_plumbing/install/py02_service/lib/python3.10/site-packages/py02_service-0.0.0-py3.10.egg-info
[0.539s] running install_scripts
[0.553s] Installing demo01_server_py script to /home/kl/VS_CODE/Github_respository/ROS-_for_Study/ws01_plumbing/install/py02_service/lib/py02_service
[0.553s] Installing demo02_client_py script to /home/kl/VS_CODE/Github_respository/ROS-_for_Study/ws01_plumbing/install/py02_service/lib/py02_service
[0.553s] writing list of installed files to '/home/kl/VS_CODE/Github_respository/ROS-_for_Study/ws01_plumbing/build/py02_service/install.log'
[0.570s] Invoked command in '/home/kl/VS_CODE/Github_respository/ROS-_for_Study/ws01_plumbing/src/py02_service' returned '0': CMAKE_PREFIX_PATH=/home/kl/VS_CODE/Github_respository/ROS-_for_Study/ws01_plumbing/install/base_interfaces:/home/kl/VS_CODE/Github_respository/ROS-_for_Study/ws01_plumbing/install/cpp02_service:/home/kl/VS_CODE/Github_respository/ROS-_for_Study/ws01_plumbing/install/cpp01_topic_re PYTHONPATH=/home/kl/VS_CODE/Github_respository/ROS-_for_Study/ws01_plumbing/build/py02_service/prefix_override:/home/kl/VS_CODE/Github_respository/ROS-_for_Study/ws01_plumbing/install/py02_service/lib/python3.10/site-packages:${PYTHONPATH} /usr/bin/python3 setup.py egg_info --egg-base ../../build/py02_service build --build-base /home/kl/VS_CODE/Github_respository/ROS-_for_Study/ws01_plumbing/build/py02_service/build install --record /home/kl/VS_CODE/Github_respository/ROS-_for_Study/ws01_plumbing/build/py02_service/install.log --single-version-externally-managed
