-- Found ament_cmake: 1.3.5 (/opt/ros/humble/share/ament_cmake/cmake)
-- Found rclcpp: 16.0.4 (/opt/ros/humble/share/rclcpp/cmake)
-- Found rosidl_generator_c: 3.1.4 (/opt/ros/humble/share/rosidl_generator_c/cmake)
-- Found rosidl_adapter: 3.1.4 (/opt/ros/humble/share/rosidl_adapter/cmake)
-- Found rosidl_generator_cpp: 3.1.4 (/opt/ros/humble/share/rosidl_generator_cpp/cmake)
-- Using all available rosidl_typesupport_c: rosidl_typesupport_fastrtps_c;rosidl_typesupport_introspection_c
-- Using all available rosidl_typesupport_cpp: rosidl_typesupport_fastrtps_cpp;rosidl_typesupport_introspection_cpp
-- Found rmw_implementation_cmake: 6.1.1 (/opt/ros/humble/share/rmw_implementation_cmake/cmake)
-- Found rmw_fastrtps_cpp: 6.2.2 (/opt/ros/humble/share/rmw_fastrtps_cpp/cmake)
-- Using RMW implementation 'rmw_fastrtps_cpp' as default
-- Found base_interfaces_demo: 0.0.0 (/media/kl/数据/github/Github_respository/ROS-_for_Study/ws01_plumbing/install/base_interfaces_demo/share/base_interfaces_demo/cmake)
[31mCMake Error at CMakeLists.txt:15 (add_executable):
  add_executable cannot create target "demo01_talker_str" because another
  target with the same name already exists.  The existing target is an
  executable created in source directory
  "/media/kl/数据/github/Github_respository/ROS-_for_Study/ws01_plumbing/src/cpp01_topic".
  See documentation for policy CMP0002 for more details.

[0m
[31mCMake Error at /opt/ros/humble/share/ament_cmake_target_dependencies/cmake/ament_target_dependencies.cmake:42 (message):
  ament_target_dependencies() the first argument must be a valid target name
Call Stack (most recent call first):
  CMakeLists.txt:27 (ament_target_dependencies)

[0m
-- Configuring incomplete, errors occurred!
See also "/media/kl/数据/github/Github_respository/ROS-_for_Study/ws01_plumbing/build/cpp01_topic/CMakeFiles/CMakeOutput.log".
gmake: *** [Makefile:267：cmake_check_build_system] 错误 1
