[0.000000] (-) TimerEvent: {}
[0.000484] (-) JobUnselected: {'identifier': 'base_interfaces'}
[0.000513] (-) JobUnselected: {'identifier': 'cpp01_topic_re'}
[0.000534] (py01_topic_re) JobQueued: {'identifier': 'py01_topic_re', 'dependencies': OrderedDict()}
[0.000553] (py01_topic_re) JobStarted: {'identifier': 'py01_topic_re'}
[0.099366] (-) TimerEvent: {}
[0.199691] (-) TimerEvent: {}
[0.299997] (-) TimerEvent: {}
[0.380701] (py01_topic_re) Command: {'cmd': ['/usr/bin/python3', 'setup.py', 'egg_info', '--egg-base', '../../build/py01_topic_re', 'build', '--build-base', '/home/kl/VS_CODE/Github_respository/ROS-_for_Study/ws01_plumbing/build/py01_topic_re/build', 'install', '--record', '/home/kl/VS_CODE/Github_respository/ROS-_for_Study/ws01_plumbing/build/py01_topic_re/install.log', '--single-version-externally-managed'], 'cwd': '/home/kl/VS_CODE/Github_respository/ROS-_for_Study/ws01_plumbing/src/py01_topic_re', 'env': {'GJS_DEBUG_TOPICS': 'JS ERROR;JS LOG', 'LANGUAGE': 'zh_CN:zh', 'USER': 'kl', 'XDG_SESSION_TYPE': 'wayland', 'GIT_ASKPASS': '/usr/share/code/resources/app/extensions/git/dist/askpass.sh', 'SHLVL': '1', 'LD_LIBRARY_PATH': '/home/kl/VS_CODE/Github_respository/ROS-_for_Study/ws01_plumbing/install/base_interfaces/lib:/opt/ros/humble/opt/rviz_ogre_vendor/lib:/opt/ros/humble/lib/x86_64-linux-gnu:/opt/ros/humble/lib', 'HOME': '/home/kl', 'CHROME_DESKTOP': 'code-url-handler.desktop', 'TERM_PROGRAM_VERSION': '1.80.1', 'DESKTOP_SESSION': 'ubuntu', 'GIO_LAUNCHED_DESKTOP_FILE': '/usr/share/applications/code.desktop', 'ROS_PYTHON_VERSION': '3', 'GNOME_SHELL_SESSION_MODE': 'ubuntu', 'GTK_MODULES': 'gail:atk-bridge', 'VSCODE_GIT_ASKPASS_MAIN': '/usr/share/code/resources/app/extensions/git/dist/askpass-main.js', 'VSCODE_GIT_ASKPASS_NODE': '/usr/share/code/code', 'MANAGERPID': '1775', 'SYSTEMD_EXEC_PID': '1990', 'IM_CONFIG_CHECK_ENV': '1', 'DBUS_SESSION_BUS_ADDRESS': 'unix:path=/run/user/1000/bus', 'COLORTERM': 'truecolor', 'GIO_LAUNCHED_DESKTOP_FILE_PID': '17129', 'IM_CONFIG_PHASE': '1', 'WAYLAND_DISPLAY': 'wayland-0', 'COLCON_PREFIX_PATH': '/home/kl/VS_CODE/Github_respository/ROS-_for_Study/ws01_plumbing/install', 'ROS_DISTRO': 'humble', 'LOGNAME': 'kl', 'JOURNAL_STREAM': '8:29442', '_': '/usr/bin/colcon', 'ROS_VERSION': '2', 'XDG_SESSION_CLASS': 'user', 'USERNAME': 'kl', 'TERM': 'xterm-256color', 'GNOME_DESKTOP_SESSION_ID': 'this-is-deprecated', 'ROS_LOCALHOST_ONLY': '0', 'PATH': '/opt/ros/humble/bin:/usr/local/sbin:/usr/local/bin:/usr/sbin:/usr/bin:/sbin:/bin:/usr/games:/usr/local/games:/snap/bin:/snap/bin', 'SESSION_MANAGER': 'local/XX:@/tmp/.ICE-unix/1962,unix/XX:/tmp/.ICE-unix/1962', 'INVOCATION_ID': '12854c05d52e4d62ad666a70d9397c68', 'XDG_MENU_PREFIX': 'gnome-', 'GNOME_SETUP_DISPLAY': ':1', 'XDG_RUNTIME_DIR': '/run/user/1000', 'GDK_BACKEND': 'x11', 'DISPLAY': ':0', 'LANG': 'zh_CN.UTF-8', 'XDG_CURRENT_DESKTOP': 'Unity', 'XMODIFIERS': '@im=ibus', 'XDG_SESSION_DESKTOP': 'ubuntu', 'XAUTHORITY': '/run/user/1000/.mutter-Xwaylandauth.FTY971', 'VSCODE_GIT_IPC_HANDLE': '/run/user/1000/vscode-git-cef9963d23.sock', 'TERM_PROGRAM': 'vscode', 'SSH_AGENT_LAUNCHER': 'gnome-keyring', 'SSH_AUTH_SOCK': '/run/user/1000/keyring/ssh', 'AMENT_PREFIX_PATH': '/home/kl/VS_CODE/Github_respository/ROS-_for_Study/ws01_plumbing/install/py01_topic_re:/home/kl/VS_CODE/Github_respository/ROS-_for_Study/ws01_plumbing/install/cpp01_topic_re:/home/kl/VS_CODE/Github_respository/ROS-_for_Study/ws01_plumbing/install/base_interfaces:/opt/ros/humble', 'ORIGINAL_XDG_CURRENT_DESKTOP': 'ubuntu:GNOME', 'SHELL': '/bin/bash', 'QT_ACCESSIBILITY': '1', 'GDMSESSION': 'ubuntu', 'GJS_DEBUG_OUTPUT': 'stderr', 'VSCODE_GIT_ASKPASS_EXTRA_ARGS': '--ms-enable-electron-run-as-node', 'QT_IM_MODULE': 'ibus', 'PWD': '/home/kl/VS_CODE/Github_respository/ROS-_for_Study/ws01_plumbing/build/py01_topic_re', 'XDG_CONFIG_DIRS': '/etc/xdg/xdg-ubuntu:/etc/xdg', 'XDG_DATA_DIRS': '/usr/share/ubuntu:/usr/local/share/:/usr/share/:/var/lib/snapd/desktop', 'PYTHONPATH': '/home/kl/VS_CODE/Github_respository/ROS-_for_Study/ws01_plumbing/build/py01_topic_re/prefix_override:/home/kl/VS_CODE/Github_respository/ROS-_for_Study/ws01_plumbing/install/py01_topic_re/lib/python3.10/site-packages:/home/kl/VS_CODE/Github_respository/ROS-_for_Study/ws01_plumbing/install/py01_topic_re/lib/python3.10/site-packages:/home/kl/VS_CODE/Github_respository/ROS-_for_Study/ws01_plumbing/install/base_interfaces/local/lib/python3.10/dist-packages:/opt/ros/humble/lib/python3.10/site-packages:/opt/ros/humble/local/lib/python3.10/dist-packages', 'COLCON': '1', 'CMAKE_PREFIX_PATH': '/home/kl/VS_CODE/Github_respository/ROS-_for_Study/ws01_plumbing/install/cpp01_topic_re:/home/kl/VS_CODE/Github_respository/ROS-_for_Study/ws01_plumbing/install/base_interfaces'}, 'shell': False}
[0.400094] (-) TimerEvent: {}
[0.500413] (-) TimerEvent: {}
[0.556198] (py01_topic_re) StdoutLine: {'line': b'running egg_info\n'}
[0.556547] (py01_topic_re) StdoutLine: {'line': b'writing ../../build/py01_topic_re/py01_topic_re.egg-info/PKG-INFO\n'}
[0.556982] (py01_topic_re) StdoutLine: {'line': b'writing dependency_links to ../../build/py01_topic_re/py01_topic_re.egg-info/dependency_links.txt\n'}
[0.557157] (py01_topic_re) StdoutLine: {'line': b'writing entry points to ../../build/py01_topic_re/py01_topic_re.egg-info/entry_points.txt\n'}
[0.557278] (py01_topic_re) StdoutLine: {'line': b'writing requirements to ../../build/py01_topic_re/py01_topic_re.egg-info/requires.txt\n'}
[0.557656] (py01_topic_re) StdoutLine: {'line': b'writing top-level names to ../../build/py01_topic_re/py01_topic_re.egg-info/top_level.txt\n'}
[0.559562] (py01_topic_re) StdoutLine: {'line': b"reading manifest file '../../build/py01_topic_re/py01_topic_re.egg-info/SOURCES.txt'\n"}
[0.560316] (py01_topic_re) StdoutLine: {'line': b"writing manifest file '../../build/py01_topic_re/py01_topic_re.egg-info/SOURCES.txt'\n"}
[0.560462] (py01_topic_re) StdoutLine: {'line': b'running build\n'}
[0.560543] (py01_topic_re) StdoutLine: {'line': b'running build_py\n'}
[0.560637] (py01_topic_re) StdoutLine: {'line': b'copying py01_topic_re/demo03_talker_stu.py -> /home/kl/VS_CODE/Github_respository/ROS-_for_Study/ws01_plumbing/build/py01_topic_re/build/lib/py01_topic_re\n'}
[0.560741] (py01_topic_re) StdoutLine: {'line': b'copying py01_topic_re/demo04_listener_stu.py -> /home/kl/VS_CODE/Github_respository/ROS-_for_Study/ws01_plumbing/build/py01_topic_re/build/lib/py01_topic_re\n'}
[0.560992] (py01_topic_re) StdoutLine: {'line': b'running install\n'}
[0.561170] (py01_topic_re) StderrLine: {'line': b'/usr/lib/python3/dist-packages/setuptools/command/install.py:34: SetuptoolsDeprecationWarning: setup.py install is deprecated. Use build and pip and other standards-based tools.\n'}
[0.561280] (py01_topic_re) StderrLine: {'line': b'  warnings.warn(\n'}
[0.561410] (py01_topic_re) StdoutLine: {'line': b'running install_lib\n'}
[0.562009] (py01_topic_re) StdoutLine: {'line': b'copying /home/kl/VS_CODE/Github_respository/ROS-_for_Study/ws01_plumbing/build/py01_topic_re/build/lib/py01_topic_re/demo03_talker_stu.py -> /home/kl/VS_CODE/Github_respository/ROS-_for_Study/ws01_plumbing/install/py01_topic_re/lib/python3.10/site-packages/py01_topic_re\n'}
[0.562178] (py01_topic_re) StdoutLine: {'line': b'copying /home/kl/VS_CODE/Github_respository/ROS-_for_Study/ws01_plumbing/build/py01_topic_re/build/lib/py01_topic_re/demo04_listener_stu.py -> /home/kl/VS_CODE/Github_respository/ROS-_for_Study/ws01_plumbing/install/py01_topic_re/lib/python3.10/site-packages/py01_topic_re\n'}
[0.562705] (py01_topic_re) StdoutLine: {'line': b'byte-compiling /home/kl/VS_CODE/Github_respository/ROS-_for_Study/ws01_plumbing/install/py01_topic_re/lib/python3.10/site-packages/py01_topic_re/demo03_talker_stu.py to demo03_talker_stu.cpython-310.pyc\n'}
[0.563260] (py01_topic_re) StdoutLine: {'line': b'byte-compiling /home/kl/VS_CODE/Github_respository/ROS-_for_Study/ws01_plumbing/install/py01_topic_re/lib/python3.10/site-packages/py01_topic_re/demo04_listener_stu.py to demo04_listener_stu.cpython-310.pyc\n'}
[0.563679] (py01_topic_re) StdoutLine: {'line': b'running install_data\n'}
[0.564189] (py01_topic_re) StdoutLine: {'line': b'running install_egg_info\n'}
[0.565590] (py01_topic_re) StdoutLine: {'line': b"removing '/home/kl/VS_CODE/Github_respository/ROS-_for_Study/ws01_plumbing/install/py01_topic_re/lib/python3.10/site-packages/py01_topic_re-0.0.0-py3.10.egg-info' (and everything under it)\n"}
[0.565767] (py01_topic_re) StdoutLine: {'line': b'Copying ../../build/py01_topic_re/py01_topic_re.egg-info to /home/kl/VS_CODE/Github_respository/ROS-_for_Study/ws01_plumbing/install/py01_topic_re/lib/python3.10/site-packages/py01_topic_re-0.0.0-py3.10.egg-info\n'}
[0.566330] (py01_topic_re) StdoutLine: {'line': b'running install_scripts\n'}
[0.581513] (py01_topic_re) StdoutLine: {'line': b'Installing demo01_talker_str script to /home/kl/VS_CODE/Github_respository/ROS-_for_Study/ws01_plumbing/install/py01_topic_re/lib/py01_topic_re\n'}
[0.581822] (py01_topic_re) StdoutLine: {'line': b'Installing demo02_listener_str script to /home/kl/VS_CODE/Github_respository/ROS-_for_Study/ws01_plumbing/install/py01_topic_re/lib/py01_topic_re\n'}
[0.581970] (py01_topic_re) StdoutLine: {'line': b'Installing demo03_talker_stu script to /home/kl/VS_CODE/Github_respository/ROS-_for_Study/ws01_plumbing/install/py01_topic_re/lib/py01_topic_re\n'}
[0.582114] (py01_topic_re) StdoutLine: {'line': b'Installing demo04_listener_stu script to /home/kl/VS_CODE/Github_respository/ROS-_for_Study/ws01_plumbing/install/py01_topic_re/lib/py01_topic_re\n'}
[0.582270] (py01_topic_re) StdoutLine: {'line': b"writing list of installed files to '/home/kl/VS_CODE/Github_respository/ROS-_for_Study/ws01_plumbing/build/py01_topic_re/install.log'\n"}
[0.600598] (-) TimerEvent: {}
[0.603991] (py01_topic_re) CommandEnded: {'returncode': 0}
[0.616530] (py01_topic_re) JobEnded: {'identifier': 'py01_topic_re', 'rc': 0}
[0.617111] (-) EventReactorShutdown: {}
