[0.000000] (-) TimerEvent: {}
[0.000156] (-) JobUnselected: {'identifier': 'base_interfaces'}
[0.000584] (-) JobUnselected: {'identifier': 'cpp01_topic_re'}
[0.000639] (-) JobUnselected: {'identifier': 'cpp02_service'}
[0.000672] (-) JobUnselected: {'identifier': 'py01_topic_re'}
[0.001073] (py02_service) JobQueued: {'identifier': 'py02_service', 'dependencies': OrderedDict([('base_interfaces', '/home/kl/VS_CODE/Github_respository/ROS-_for_Study/ws01_plumbing/install/base_interfaces')])}
[0.001127] (py02_service) JobStarted: {'identifier': 'py02_service'}
[0.099166] (-) TimerEvent: {}
[0.199392] (-) TimerEvent: {}
[0.299657] (-) TimerEvent: {}
[0.400028] (-) TimerEvent: {}
[0.471018] (py02_service) Command: {'cmd': ['/usr/bin/python3', 'setup.py', 'egg_info', '--egg-base', '../../build/py02_service', 'build', '--build-base', '/home/kl/VS_CODE/Github_respository/ROS-_for_Study/ws01_plumbing/build/py02_service/build', 'install', '--record', '/home/kl/VS_CODE/Github_respository/ROS-_for_Study/ws01_plumbing/build/py02_service/install.log', '--single-version-externally-managed'], 'cwd': '/home/kl/VS_CODE/Github_respository/ROS-_for_Study/ws01_plumbing/src/py02_service', 'env': {'GJS_DEBUG_TOPICS': 'JS ERROR;JS LOG', 'LANGUAGE': 'zh_CN:zh', 'USER': 'kl', 'XDG_SESSION_TYPE': 'wayland', 'GIT_ASKPASS': '/usr/share/code/resources/app/extensions/git/dist/askpass.sh', 'SHLVL': '1', 'LD_LIBRARY_PATH': '/home/kl/VS_CODE/Github_respository/ROS-_for_Study/ws01_plumbing/install/base_interfaces/lib:/opt/ros/humble/opt/rviz_ogre_vendor/lib:/opt/ros/humble/lib/x86_64-linux-gnu:/opt/ros/humble/lib', 'HOME': '/home/kl', 'CHROME_DESKTOP': 'code-url-handler.desktop', 'TERM_PROGRAM_VERSION': '1.80.1', 'DESKTOP_SESSION': 'ubuntu', 'GIO_LAUNCHED_DESKTOP_FILE': '/usr/share/applications/github-desktop.desktop', 'ROS_PYTHON_VERSION': '3', 'GNOME_SHELL_SESSION_MODE': 'ubuntu', 'GTK_MODULES': 'gail:atk-bridge', 'VSCODE_GIT_ASKPASS_MAIN': '/usr/share/code/resources/app/extensions/git/dist/askpass-main.js', 'VSCODE_GIT_ASKPASS_NODE': '/usr/share/code/code', 'MANAGERPID': '1761', 'SYSTEMD_EXEC_PID': '1977', 'DBUS_SESSION_BUS_ADDRESS': 'unix:path=/run/user/1000/bus', 'COLORTERM': 'truecolor', 'GIO_LAUNCHED_DESKTOP_FILE_PID': '5448', 'IM_CONFIG_PHASE': '1', 'WAYLAND_DISPLAY': 'wayland-0', 'COLCON_PREFIX_PATH': '/home/kl/VS_CODE/Github_respository/ROS-_for_Study/ws01_plumbing/install', 'ROS_DISTRO': 'humble', 'LOGNAME': 'kl', 'JOURNAL_STREAM': '8:27409', '_': '/usr/bin/colcon', 'ROS_VERSION': '2', 'XDG_SESSION_CLASS': 'user', 'USERNAME': 'kl', 'TERM': 'xterm-256color', 'GNOME_DESKTOP_SESSION_ID': 'this-is-deprecated', 'ROS_LOCALHOST_ONLY': '0', 'PATH': '/opt/ros/humble/bin:/usr/local/sbin:/usr/local/bin:/usr/sbin:/usr/bin:/sbin:/bin:/usr/games:/usr/local/games:/snap/bin:/snap/bin', 'SESSION_MANAGER': 'local/XX:@/tmp/.ICE-unix/1920,unix/XX:/tmp/.ICE-unix/1920', 'INVOCATION_ID': 'd404d0399c2d40048a3c4c1501419f95', 'XDG_MENU_PREFIX': 'gnome-', 'GNOME_SETUP_DISPLAY': ':1', 'XDG_RUNTIME_DIR': '/run/user/1000', 'GDK_BACKEND': 'x11', 'DISPLAY': ':0', 'LANG': 'zh_CN.UTF-8', 'XDG_CURRENT_DESKTOP': 'Unity', 'XMODIFIERS': '@im=ibus', 'XDG_SESSION_DESKTOP': 'ubuntu', 'XAUTHORITY': '/run/user/1000/.mutter-Xwaylandauth.CBBW81', 'VSCODE_GIT_IPC_HANDLE': '/run/user/1000/vscode-git-e1b967d37d.sock', 'TERM_PROGRAM': 'vscode', 'SSH_AGENT_LAUNCHER': 'gnome-keyring', 'SSH_AUTH_SOCK': '/run/user/1000/keyring/ssh', 'AMENT_PREFIX_PATH': '/home/kl/VS_CODE/Github_respository/ROS-_for_Study/ws01_plumbing/install/py01_topic_re:/home/kl/VS_CODE/Github_respository/ROS-_for_Study/ws01_plumbing/install/cpp02_service:/home/kl/VS_CODE/Github_respository/ROS-_for_Study/ws01_plumbing/install/cpp01_topic_re:/home/kl/VS_CODE/Github_respository/ROS-_for_Study/ws01_plumbing/install/base_interfaces:/opt/ros/humble', 'ORIGINAL_XDG_CURRENT_DESKTOP': 'Unity', 'SHELL': '/bin/bash', 'QT_ACCESSIBILITY': '1', 'GDMSESSION': 'ubuntu', 'GJS_DEBUG_OUTPUT': 'stderr', 'VSCODE_GIT_ASKPASS_EXTRA_ARGS': '--ms-enable-electron-run-as-node', 'QT_IM_MODULE': 'ibus', 'PWD': '/home/kl/VS_CODE/Github_respository/ROS-_for_Study/ws01_plumbing/build/py02_service', 'XDG_CONFIG_DIRS': '/etc/xdg/xdg-ubuntu:/etc/xdg', 'XDG_DATA_DIRS': '/usr/share/ubuntu:/usr/local/share/:/usr/share/:/var/lib/snapd/desktop', 'PYTHONPATH': '/home/kl/VS_CODE/Github_respository/ROS-_for_Study/ws01_plumbing/build/py02_service/prefix_override:/home/kl/VS_CODE/Github_respository/ROS-_for_Study/ws01_plumbing/install/py02_service/lib/python3.10/site-packages:/home/kl/VS_CODE/Github_respository/ROS-_for_Study/ws01_plumbing/install/py01_topic_re/lib/python3.10/site-packages:/home/kl/VS_CODE/Github_respository/ROS-_for_Study/ws01_plumbing/install/base_interfaces/local/lib/python3.10/dist-packages:/opt/ros/humble/lib/python3.10/site-packages:/opt/ros/humble/local/lib/python3.10/dist-packages', 'COLCON': '1', 'LOCAL_GIT_DIRECTORY': '/usr/lib/github-desktop/resources/app/git', 'CMAKE_PREFIX_PATH': '/home/kl/VS_CODE/Github_respository/ROS-_for_Study/ws01_plumbing/install/base_interfaces:/home/kl/VS_CODE/Github_respository/ROS-_for_Study/ws01_plumbing/install/cpp02_service:/home/kl/VS_CODE/Github_respository/ROS-_for_Study/ws01_plumbing/install/cpp01_topic_re'}, 'shell': False}
[0.500143] (-) TimerEvent: {}
[0.600563] (-) TimerEvent: {}
[0.617104] (py02_service) StdoutLine: {'line': b'running egg_info\n'}
[0.617331] (py02_service) StdoutLine: {'line': b'creating ../../build/py02_service/py02_service.egg-info\n'}
[0.617423] (py02_service) StdoutLine: {'line': b'writing ../../build/py02_service/py02_service.egg-info/PKG-INFO\n'}
[0.617632] (py02_service) StdoutLine: {'line': b'writing dependency_links to ../../build/py02_service/py02_service.egg-info/dependency_links.txt\n'}
[0.617745] (py02_service) StdoutLine: {'line': b'writing entry points to ../../build/py02_service/py02_service.egg-info/entry_points.txt\n'}
[0.617830] (py02_service) StdoutLine: {'line': b'writing requirements to ../../build/py02_service/py02_service.egg-info/requires.txt\n'}
[0.617891] (py02_service) StdoutLine: {'line': b'writing top-level names to ../../build/py02_service/py02_service.egg-info/top_level.txt\n'}
[0.617982] (py02_service) StdoutLine: {'line': b"writing manifest file '../../build/py02_service/py02_service.egg-info/SOURCES.txt'\n"}
[0.619075] (py02_service) StdoutLine: {'line': b"reading manifest file '../../build/py02_service/py02_service.egg-info/SOURCES.txt'\n"}
[0.619543] (py02_service) StdoutLine: {'line': b"writing manifest file '../../build/py02_service/py02_service.egg-info/SOURCES.txt'\n"}
[0.619614] (py02_service) StdoutLine: {'line': b'running build\n'}
[0.619671] (py02_service) StdoutLine: {'line': b'running build_py\n'}
[0.619744] (py02_service) StdoutLine: {'line': b'creating /home/kl/VS_CODE/Github_respository/ROS-_for_Study/ws01_plumbing/build/py02_service/build\n'}
[0.619814] (py02_service) StdoutLine: {'line': b'creating /home/kl/VS_CODE/Github_respository/ROS-_for_Study/ws01_plumbing/build/py02_service/build/lib\n'}
[0.619863] (py02_service) StdoutLine: {'line': b'creating /home/kl/VS_CODE/Github_respository/ROS-_for_Study/ws01_plumbing/build/py02_service/build/lib/py02_service\n'}
[0.619927] (py02_service) StdoutLine: {'line': b'copying py02_service/demo01_server_py.py -> /home/kl/VS_CODE/Github_respository/ROS-_for_Study/ws01_plumbing/build/py02_service/build/lib/py02_service\n'}
[0.619981] (py02_service) StdoutLine: {'line': b'copying py02_service/demo02_client_py.py -> /home/kl/VS_CODE/Github_respository/ROS-_for_Study/ws01_plumbing/build/py02_service/build/lib/py02_service\n'}
[0.620049] (py02_service) StdoutLine: {'line': b'copying py02_service/__init__.py -> /home/kl/VS_CODE/Github_respository/ROS-_for_Study/ws01_plumbing/build/py02_service/build/lib/py02_service\n'}
[0.620106] (py02_service) StdoutLine: {'line': b'running install\n'}
[0.621385] (py02_service) StderrLine: {'line': b'/usr/lib/python3/dist-packages/setuptools/command/install.py:34: SetuptoolsDeprecationWarning: setup.py install is deprecated. Use build and pip and other standards-based tools.\n'}
[0.621753] (py02_service) StderrLine: {'line': b'  warnings.warn(\n'}
[0.621867] (py02_service) StdoutLine: {'line': b'running install_lib\n'}
[0.622326] (py02_service) StdoutLine: {'line': b'creating /home/kl/VS_CODE/Github_respository/ROS-_for_Study/ws01_plumbing/install/py02_service/lib/python3.10/site-packages/py02_service\n'}
[0.622422] (py02_service) StdoutLine: {'line': b'copying /home/kl/VS_CODE/Github_respository/ROS-_for_Study/ws01_plumbing/build/py02_service/build/lib/py02_service/demo01_server_py.py -> /home/kl/VS_CODE/Github_respository/ROS-_for_Study/ws01_plumbing/install/py02_service/lib/python3.10/site-packages/py02_service\n'}
[0.622520] (py02_service) StdoutLine: {'line': b'copying /home/kl/VS_CODE/Github_respository/ROS-_for_Study/ws01_plumbing/build/py02_service/build/lib/py02_service/demo02_client_py.py -> /home/kl/VS_CODE/Github_respository/ROS-_for_Study/ws01_plumbing/install/py02_service/lib/python3.10/site-packages/py02_service\n'}
[0.622596] (py02_service) StdoutLine: {'line': b'copying /home/kl/VS_CODE/Github_respository/ROS-_for_Study/ws01_plumbing/build/py02_service/build/lib/py02_service/__init__.py -> /home/kl/VS_CODE/Github_respository/ROS-_for_Study/ws01_plumbing/install/py02_service/lib/python3.10/site-packages/py02_service\n'}
[0.622965] (py02_service) StdoutLine: {'line': b'byte-compiling /home/kl/VS_CODE/Github_respository/ROS-_for_Study/ws01_plumbing/install/py02_service/lib/python3.10/site-packages/py02_service/demo01_server_py.py to demo01_server_py.cpython-310.pyc\n'}
[0.623338] (py02_service) StdoutLine: {'line': b'byte-compiling /home/kl/VS_CODE/Github_respository/ROS-_for_Study/ws01_plumbing/install/py02_service/lib/python3.10/site-packages/py02_service/demo02_client_py.py to demo02_client_py.cpython-310.pyc\n'}
[0.623552] (py02_service) StdoutLine: {'line': b'byte-compiling /home/kl/VS_CODE/Github_respository/ROS-_for_Study/ws01_plumbing/install/py02_service/lib/python3.10/site-packages/py02_service/__init__.py to __init__.cpython-310.pyc\n'}
[0.624247] (py02_service) StdoutLine: {'line': b'running install_data\n'}
[0.624350] (py02_service) StdoutLine: {'line': b'creating /home/kl/VS_CODE/Github_respository/ROS-_for_Study/ws01_plumbing/install/py02_service/share/ament_index\n'}
[0.624402] (py02_service) StdoutLine: {'line': b'creating /home/kl/VS_CODE/Github_respository/ROS-_for_Study/ws01_plumbing/install/py02_service/share/ament_index/resource_index\n'}
[0.624447] (py02_service) StdoutLine: {'line': b'creating /home/kl/VS_CODE/Github_respository/ROS-_for_Study/ws01_plumbing/install/py02_service/share/ament_index/resource_index/packages\n'}
[0.624492] (py02_service) StdoutLine: {'line': b'copying resource/py02_service -> /home/kl/VS_CODE/Github_respository/ROS-_for_Study/ws01_plumbing/install/py02_service/share/ament_index/resource_index/packages\n'}
[0.624537] (py02_service) StdoutLine: {'line': b'copying package.xml -> /home/kl/VS_CODE/Github_respository/ROS-_for_Study/ws01_plumbing/install/py02_service/share/py02_service\n'}
[0.624580] (py02_service) StdoutLine: {'line': b'running install_egg_info\n'}
[0.625671] (py02_service) StdoutLine: {'line': b'Copying ../../build/py02_service/py02_service.egg-info to /home/kl/VS_CODE/Github_respository/ROS-_for_Study/ws01_plumbing/install/py02_service/lib/python3.10/site-packages/py02_service-0.0.0-py3.10.egg-info\n'}
[0.625999] (py02_service) StdoutLine: {'line': b'running install_scripts\n'}
[0.642099] (py02_service) StdoutLine: {'line': b'Installing demo01_server_py script to /home/kl/VS_CODE/Github_respository/ROS-_for_Study/ws01_plumbing/install/py02_service/lib/py02_service\n'}
[0.642746] (py02_service) StdoutLine: {'line': b'Installing demo02_client_py script to /home/kl/VS_CODE/Github_respository/ROS-_for_Study/ws01_plumbing/install/py02_service/lib/py02_service\n'}
[0.642831] (py02_service) StdoutLine: {'line': b"writing list of installed files to '/home/kl/VS_CODE/Github_respository/ROS-_for_Study/ws01_plumbing/build/py02_service/install.log'\n"}
[0.660606] (py02_service) CommandEnded: {'returncode': 0}
[0.669277] (py02_service) JobEnded: {'identifier': 'py02_service', 'rc': 0}
[0.669795] (-) EventReactorShutdown: {}
