[0.514s] Invoking command in '/media/kl/数据/github/Github_respository/ROS-_for_Study/ws01_plumbing/src/py01_topic': AMENT_PREFIX_PATH=/media/kl/数据/github/Github_respository/ROS-_for_Study/ws01_plumbing/install/base_interfaces_demo:${AMENT_PREFIX_PATH} CMAKE_PREFIX_PATH=/media/kl/数据/github/Github_respository/ROS-_for_Study/ws01_plumbing/install/base_interfaces_demo:${CMAKE_PREFIX_PATH} PYTHONPATH=/media/kl/数据/github/Github_respository/ROS-_for_Study/ws01_plumbing/build/py01_topic/prefix_override:/media/kl/数据/github/Github_respository/ROS-_for_Study/ws01_plumbing/install/py01_topic/lib/python3.10/site-packages:${PYTHONPATH} /usr/bin/python3 setup.py egg_info --egg-base ../../build/py01_topic build --build-base /media/kl/数据/github/Github_respository/ROS-_for_Study/ws01_plumbing/build/py01_topic/build install --record /media/kl/数据/github/Github_respository/ROS-_for_Study/ws01_plumbing/build/py01_topic/install.log --single-version-externally-managed
[0.709s] running egg_info
[0.710s] writing ../../build/py01_topic/py01_topic.egg-info/PKG-INFO
[0.711s] writing dependency_links to ../../build/py01_topic/py01_topic.egg-info/dependency_links.txt
[0.711s] writing entry points to ../../build/py01_topic/py01_topic.egg-info/entry_points.txt
[0.711s] writing requirements to ../../build/py01_topic/py01_topic.egg-info/requires.txt
[0.712s] writing top-level names to ../../build/py01_topic/py01_topic.egg-info/top_level.txt
[0.715s] reading manifest file '../../build/py01_topic/py01_topic.egg-info/SOURCES.txt'
[0.718s] writing manifest file '../../build/py01_topic/py01_topic.egg-info/SOURCES.txt'
[0.718s] running build
[0.719s] running build_py
[0.720s] running install
[0.720s] /usr/lib/python3/dist-packages/setuptools/command/install.py:34: SetuptoolsDeprecationWarning: setup.py install is deprecated. Use build and pip and other standards-based tools.
[0.720s]   warnings.warn(
[0.720s] running install_lib
[0.723s] running install_data
[0.725s] running install_egg_info
[0.726s] removing '/media/kl/数据/github/Github_respository/ROS-_for_Study/ws01_plumbing/install/py01_topic/lib/python3.10/site-packages/py01_topic-0.0.0-py3.10.egg-info' (and everything under it)
[0.729s] Copying ../../build/py01_topic/py01_topic.egg-info to /media/kl/数据/github/Github_respository/ROS-_for_Study/ws01_plumbing/install/py01_topic/lib/python3.10/site-packages/py01_topic-0.0.0-py3.10.egg-info
[0.737s] running install_scripts
[0.756s] Installing demo01_talker_str script to /media/kl/数据/github/Github_respository/ROS-_for_Study/ws01_plumbing/install/py01_topic/lib/py01_topic
[0.757s] writing list of installed files to '/media/kl/数据/github/Github_respository/ROS-_for_Study/ws01_plumbing/build/py01_topic/install.log'
[0.781s] Invoked command in '/media/kl/数据/github/Github_respository/ROS-_for_Study/ws01_plumbing/src/py01_topic' returned '0': AMENT_PREFIX_PATH=/media/kl/数据/github/Github_respository/ROS-_for_Study/ws01_plumbing/install/base_interfaces_demo:${AMENT_PREFIX_PATH} CMAKE_PREFIX_PATH=/media/kl/数据/github/Github_respository/ROS-_for_Study/ws01_plumbing/install/base_interfaces_demo:${CMAKE_PREFIX_PATH} PYTHONPATH=/media/kl/数据/github/Github_respository/ROS-_for_Study/ws01_plumbing/build/py01_topic/prefix_override:/media/kl/数据/github/Github_respository/ROS-_for_Study/ws01_plumbing/install/py01_topic/lib/python3.10/site-packages:${PYTHONPATH} /usr/bin/python3 setup.py egg_info --egg-base ../../build/py01_topic build --build-base /media/kl/数据/github/Github_respository/ROS-_for_Study/ws01_plumbing/build/py01_topic/build install --record /media/kl/数据/github/Github_respository/ROS-_for_Study/ws01_plumbing/build/py01_topic/install.log --single-version-externally-managed
