[0.189s] DEBUG:colcon:Command line arguments: ['/usr/bin/colcon', 'build', '--packages-select', 'py01_topic_re']
[0.189s] DEBUG:colcon:Parsed command line arguments: Namespace(log_base=None, log_level=None, verb_name='build', build_base='build', install_base='install', merge_install=False, symlink_install=False, test_result_base=None, continue_on_error=False, executor='parallel', parallel_workers=8, event_handlers=None, ignore_user_meta=False, metas=['./colcon.meta'], base_paths=['.'], packages_ignore=None, packages_ignore_regex=None, paths=None, packages_up_to=None, packages_up_to_regex=None, packages_above=None, packages_above_and_dependencies=None, packages_above_depth=None, packages_select_by_dep=None, packages_skip_by_dep=None, packages_skip_up_to=None, packages_select_build_failed=False, packages_skip_build_finished=False, packages_select_test_failures=False, packages_skip_test_passed=False, packages_select=['py01_topic_re'], packages_skip=None, packages_select_regex=None, packages_skip_regex=None, packages_start=None, packages_end=None, allow_overriding=[], cmake_args=None, cmake_target=None, cmake_target_skip_unavailable=False, cmake_clean_cache=False, cmake_clean_first=False, cmake_force_configure=False, ament_cmake_args=None, catkin_cmake_args=None, catkin_skip_building_tests=False, verb_parser=<colcon_defaults.argument_parser.defaults.DefaultArgumentsDecorator object at 0x7f2d03f95fc0>, verb_extension=<colcon_core.verb.build.BuildVerb object at 0x7f2d047ab520>, main=<bound method BuildVerb.main of <colcon_core.verb.build.BuildVerb object at 0x7f2d047ab520>>)
[0.210s] Level 1:colcon.colcon_core.package_discovery:discover_packages(colcon_meta) check parameters
[0.210s] Level 1:colcon.colcon_core.package_discovery:discover_packages(recursive) check parameters
[0.210s] Level 1:colcon.colcon_core.package_discovery:discover_packages(ignore) check parameters
[0.210s] Level 1:colcon.colcon_core.package_discovery:discover_packages(path) check parameters
[0.210s] Level 1:colcon.colcon_core.package_discovery:discover_packages(colcon_meta) discover
[0.210s] Level 1:colcon.colcon_core.package_discovery:discover_packages(recursive) discover
[0.210s] INFO:colcon.colcon_core.package_discovery:Crawling recursively for packages in '/home/kl/VS_CODE/Github_respository/ROS-_for_Study/ws01_plumbing'
[0.210s] Level 1:colcon.colcon_core.package_identification:_identify(.) by extensions ['ignore', 'ignore_ament_install']
[0.210s] Level 1:colcon.colcon_core.package_identification:_identify(.) by extension 'ignore'
[0.210s] Level 1:colcon.colcon_core.package_identification:_identify(.) by extension 'ignore_ament_install'
[0.210s] Level 1:colcon.colcon_core.package_identification:_identify(.) by extensions ['colcon_pkg']
[0.210s] Level 1:colcon.colcon_core.package_identification:_identify(.) by extension 'colcon_pkg'
[0.210s] Level 1:colcon.colcon_core.package_identification:_identify(.) by extensions ['colcon_meta']
[0.210s] Level 1:colcon.colcon_core.package_identification:_identify(.) by extension 'colcon_meta'
[0.210s] Level 1:colcon.colcon_core.package_identification:_identify(.) by extensions ['ros']
[0.210s] Level 1:colcon.colcon_core.package_identification:_identify(.) by extension 'ros'
[0.217s] Level 1:colcon.colcon_core.package_identification:_identify(.) by extensions ['cmake', 'python']
[0.217s] Level 1:colcon.colcon_core.package_identification:_identify(.) by extension 'cmake'
[0.217s] Level 1:colcon.colcon_core.package_identification:_identify(.) by extension 'python'
[0.217s] Level 1:colcon.colcon_core.package_identification:_identify(.) by extensions ['python_setup_py']
[0.217s] Level 1:colcon.colcon_core.package_identification:_identify(.) by extension 'python_setup_py'
[0.217s] Level 1:colcon.colcon_core.package_identification:_identify(build) by extensions ['ignore', 'ignore_ament_install']
[0.217s] Level 1:colcon.colcon_core.package_identification:_identify(build) by extension 'ignore'
[0.218s] Level 1:colcon.colcon_core.package_identification:_identify(build) ignored
[0.218s] Level 1:colcon.colcon_core.package_identification:_identify(install) by extensions ['ignore', 'ignore_ament_install']
[0.218s] Level 1:colcon.colcon_core.package_identification:_identify(install) by extension 'ignore'
[0.218s] Level 1:colcon.colcon_core.package_identification:_identify(install) ignored
[0.218s] Level 1:colcon.colcon_core.package_identification:_identify(log) by extensions ['ignore', 'ignore_ament_install']
[0.218s] Level 1:colcon.colcon_core.package_identification:_identify(log) by extension 'ignore'
[0.218s] Level 1:colcon.colcon_core.package_identification:_identify(log) ignored
[0.218s] Level 1:colcon.colcon_core.package_identification:_identify(src) by extensions ['ignore', 'ignore_ament_install']
[0.218s] Level 1:colcon.colcon_core.package_identification:_identify(src) by extension 'ignore'
[0.218s] Level 1:colcon.colcon_core.package_identification:_identify(src) by extension 'ignore_ament_install'
[0.218s] Level 1:colcon.colcon_core.package_identification:_identify(src) by extensions ['colcon_pkg']
[0.218s] Level 1:colcon.colcon_core.package_identification:_identify(src) by extension 'colcon_pkg'
[0.218s] Level 1:colcon.colcon_core.package_identification:_identify(src) by extensions ['colcon_meta']
[0.218s] Level 1:colcon.colcon_core.package_identification:_identify(src) by extension 'colcon_meta'
[0.218s] Level 1:colcon.colcon_core.package_identification:_identify(src) by extensions ['ros']
[0.218s] Level 1:colcon.colcon_core.package_identification:_identify(src) by extension 'ros'
[0.218s] Level 1:colcon.colcon_core.package_identification:_identify(src) by extensions ['cmake', 'python']
[0.218s] Level 1:colcon.colcon_core.package_identification:_identify(src) by extension 'cmake'
[0.218s] Level 1:colcon.colcon_core.package_identification:_identify(src) by extension 'python'
[0.218s] Level 1:colcon.colcon_core.package_identification:_identify(src) by extensions ['python_setup_py']
[0.218s] Level 1:colcon.colcon_core.package_identification:_identify(src) by extension 'python_setup_py'
[0.218s] Level 1:colcon.colcon_core.package_identification:_identify(src/base_interfaces) by extensions ['ignore', 'ignore_ament_install']
[0.218s] Level 1:colcon.colcon_core.package_identification:_identify(src/base_interfaces) by extension 'ignore'
[0.218s] Level 1:colcon.colcon_core.package_identification:_identify(src/base_interfaces) by extension 'ignore_ament_install'
[0.218s] Level 1:colcon.colcon_core.package_identification:_identify(src/base_interfaces) by extensions ['colcon_pkg']
[0.218s] Level 1:colcon.colcon_core.package_identification:_identify(src/base_interfaces) by extension 'colcon_pkg'
[0.219s] Level 1:colcon.colcon_core.package_identification:_identify(src/base_interfaces) by extensions ['colcon_meta']
[0.219s] Level 1:colcon.colcon_core.package_identification:_identify(src/base_interfaces) by extension 'colcon_meta'
[0.219s] Level 1:colcon.colcon_core.package_identification:_identify(src/base_interfaces) by extensions ['ros']
[0.219s] Level 1:colcon.colcon_core.package_identification:_identify(src/base_interfaces) by extension 'ros'
[0.220s] DEBUG:colcon.colcon_core.package_identification:Package 'src/base_interfaces' with type 'ros.ament_cmake' and name 'base_interfaces'
[0.220s] Level 1:colcon.colcon_core.package_identification:_identify(src/cpp01_topic_re) by extensions ['ignore', 'ignore_ament_install']
[0.220s] Level 1:colcon.colcon_core.package_identification:_identify(src/cpp01_topic_re) by extension 'ignore'
[0.220s] Level 1:colcon.colcon_core.package_identification:_identify(src/cpp01_topic_re) by extension 'ignore_ament_install'
[0.220s] Level 1:colcon.colcon_core.package_identification:_identify(src/cpp01_topic_re) by extensions ['colcon_pkg']
[0.220s] Level 1:colcon.colcon_core.package_identification:_identify(src/cpp01_topic_re) by extension 'colcon_pkg'
[0.220s] Level 1:colcon.colcon_core.package_identification:_identify(src/cpp01_topic_re) by extensions ['colcon_meta']
[0.220s] Level 1:colcon.colcon_core.package_identification:_identify(src/cpp01_topic_re) by extension 'colcon_meta'
[0.220s] Level 1:colcon.colcon_core.package_identification:_identify(src/cpp01_topic_re) by extensions ['ros']
[0.220s] Level 1:colcon.colcon_core.package_identification:_identify(src/cpp01_topic_re) by extension 'ros'
[0.221s] DEBUG:colcon.colcon_core.package_identification:Package 'src/cpp01_topic_re' with type 'ros.ament_cmake' and name 'cpp01_topic_re'
[0.221s] Level 1:colcon.colcon_core.package_identification:_identify(src/py01_topic_re) by extensions ['ignore', 'ignore_ament_install']
[0.221s] Level 1:colcon.colcon_core.package_identification:_identify(src/py01_topic_re) by extension 'ignore'
[0.221s] Level 1:colcon.colcon_core.package_identification:_identify(src/py01_topic_re) by extension 'ignore_ament_install'
[0.221s] Level 1:colcon.colcon_core.package_identification:_identify(src/py01_topic_re) by extensions ['colcon_pkg']
[0.221s] Level 1:colcon.colcon_core.package_identification:_identify(src/py01_topic_re) by extension 'colcon_pkg'
[0.221s] Level 1:colcon.colcon_core.package_identification:_identify(src/py01_topic_re) by extensions ['colcon_meta']
[0.221s] Level 1:colcon.colcon_core.package_identification:_identify(src/py01_topic_re) by extension 'colcon_meta'
[0.221s] Level 1:colcon.colcon_core.package_identification:_identify(src/py01_topic_re) by extensions ['ros']
[0.221s] Level 1:colcon.colcon_core.package_identification:_identify(src/py01_topic_re) by extension 'ros'
[0.221s] DEBUG:colcon.colcon_core.package_identification:Package 'src/py01_topic_re' with type 'ros.ament_python' and name 'py01_topic_re'
[0.221s] Level 1:colcon.colcon_core.package_discovery:discover_packages(recursive) using defaults
[0.222s] Level 1:colcon.colcon_core.package_discovery:discover_packages(ignore) discover
[0.222s] Level 1:colcon.colcon_core.package_discovery:discover_packages(ignore) using defaults
[0.222s] Level 1:colcon.colcon_core.package_discovery:discover_packages(path) discover
[0.222s] Level 1:colcon.colcon_core.package_discovery:discover_packages(path) using defaults
[0.236s] INFO:colcon.colcon_core.package_selection:Skipping not selected package 'base_interfaces' in 'src/base_interfaces'
[0.236s] INFO:colcon.colcon_core.package_selection:Skipping not selected package 'cpp01_topic_re' in 'src/cpp01_topic_re'
[0.237s] Level 1:colcon.colcon_core.package_discovery:discover_packages(prefix_path) check parameters
[0.237s] Level 1:colcon.colcon_core.package_discovery:discover_packages(prefix_path) discover
[0.238s] DEBUG:colcon.colcon_installed_package_information.package_discovery:Found 4 installed packages in /home/kl/VS_CODE/Github_respository/ROS-_for_Study/ws01_plumbing/install
[0.239s] DEBUG:colcon.colcon_installed_package_information.package_discovery:Found 270 installed packages in /opt/ros/humble
[0.240s] Level 1:colcon.colcon_core.package_discovery:discover_packages(prefix_path) using defaults
[0.274s] Level 5:colcon.colcon_core.verb:set package 'py01_topic_re' build argument 'cmake_args' from command line to 'None'
[0.274s] Level 5:colcon.colcon_core.verb:set package 'py01_topic_re' build argument 'cmake_target' from command line to 'None'
[0.274s] Level 5:colcon.colcon_core.verb:set package 'py01_topic_re' build argument 'cmake_target_skip_unavailable' from command line to 'False'
[0.274s] Level 5:colcon.colcon_core.verb:set package 'py01_topic_re' build argument 'cmake_clean_cache' from command line to 'False'
[0.274s] Level 5:colcon.colcon_core.verb:set package 'py01_topic_re' build argument 'cmake_clean_first' from command line to 'False'
[0.274s] Level 5:colcon.colcon_core.verb:set package 'py01_topic_re' build argument 'cmake_force_configure' from command line to 'False'
[0.274s] Level 5:colcon.colcon_core.verb:set package 'py01_topic_re' build argument 'ament_cmake_args' from command line to 'None'
[0.274s] Level 5:colcon.colcon_core.verb:set package 'py01_topic_re' build argument 'catkin_cmake_args' from command line to 'None'
[0.274s] Level 5:colcon.colcon_core.verb:set package 'py01_topic_re' build argument 'catkin_skip_building_tests' from command line to 'False'
[0.275s] DEBUG:colcon.colcon_core.verb:Building package 'py01_topic_re' with the following arguments: {'ament_cmake_args': None, 'build_base': '/home/kl/VS_CODE/Github_respository/ROS-_for_Study/ws01_plumbing/build/py01_topic_re', 'catkin_cmake_args': None, 'catkin_skip_building_tests': False, 'cmake_args': None, 'cmake_clean_cache': False, 'cmake_clean_first': False, 'cmake_force_configure': False, 'cmake_target': None, 'cmake_target_skip_unavailable': False, 'install_base': '/home/kl/VS_CODE/Github_respository/ROS-_for_Study/ws01_plumbing/install/py01_topic_re', 'merge_install': False, 'path': '/home/kl/VS_CODE/Github_respository/ROS-_for_Study/ws01_plumbing/src/py01_topic_re', 'symlink_install': False, 'test_result_base': None}
[0.275s] INFO:colcon.colcon_core.executor:Executing jobs using 'parallel' executor
[0.277s] DEBUG:colcon.colcon_parallel_executor.executor.parallel:run_until_complete
[0.278s] INFO:colcon.colcon_ros.task.ament_python.build:Building ROS package in '/home/kl/VS_CODE/Github_respository/ROS-_for_Study/ws01_plumbing/src/py01_topic_re' with build type 'ament_python'
[0.278s] Level 1:colcon.colcon_core.shell:create_environment_hook('py01_topic_re', 'ament_prefix_path')
[0.282s] INFO:colcon.colcon_core.plugin_system:Skipping extension 'colcon_core.shell.bat': Not used on non-Windows systems
[0.282s] INFO:colcon.colcon_core.shell:Creating environment hook '/home/kl/VS_CODE/Github_respository/ROS-_for_Study/ws01_plumbing/install/py01_topic_re/share/py01_topic_re/hook/ament_prefix_path.ps1'
[0.282s] INFO:colcon.colcon_core.shell:Creating environment descriptor '/home/kl/VS_CODE/Github_respository/ROS-_for_Study/ws01_plumbing/install/py01_topic_re/share/py01_topic_re/hook/ament_prefix_path.dsv'
[0.283s] INFO:colcon.colcon_core.shell:Creating environment hook '/home/kl/VS_CODE/Github_respository/ROS-_for_Study/ws01_plumbing/install/py01_topic_re/share/py01_topic_re/hook/ament_prefix_path.sh'
[0.284s] INFO:colcon.colcon_core.shell:Skip shell extension 'powershell' for command environment: Not usable outside of PowerShell
[0.284s] DEBUG:colcon.colcon_core.shell:Skip shell extension 'dsv' for command environment
[0.446s] INFO:colcon.colcon_core.task.python.build:Building Python package in '/home/kl/VS_CODE/Github_respository/ROS-_for_Study/ws01_plumbing/src/py01_topic_re'
[0.447s] INFO:colcon.colcon_core.shell:Skip shell extension 'powershell' for command environment: Not usable outside of PowerShell
[0.447s] DEBUG:colcon.colcon_core.shell:Skip shell extension 'dsv' for command environment
[0.653s] DEBUG:colcon.colcon_core.event_handler.log_command:Invoking command in '/home/kl/VS_CODE/Github_respository/ROS-_for_Study/ws01_plumbing/src/py01_topic_re': PYTHONPATH=/home/kl/VS_CODE/Github_respository/ROS-_for_Study/ws01_plumbing/build/py01_topic_re/prefix_override:/home/kl/VS_CODE/Github_respository/ROS-_for_Study/ws01_plumbing/install/py01_topic_re/lib/python3.10/site-packages:${PYTHONPATH} /usr/bin/python3 setup.py egg_info --egg-base ../../build/py01_topic_re build --build-base /home/kl/VS_CODE/Github_respository/ROS-_for_Study/ws01_plumbing/build/py01_topic_re/build install --record /home/kl/VS_CODE/Github_respository/ROS-_for_Study/ws01_plumbing/build/py01_topic_re/install.log --single-version-externally-managed
[0.853s] DEBUG:colcon.colcon_core.event_handler.log_command:Invoked command in '/home/kl/VS_CODE/Github_respository/ROS-_for_Study/ws01_plumbing/src/py01_topic_re' returned '0': PYTHONPATH=/home/kl/VS_CODE/Github_respository/ROS-_for_Study/ws01_plumbing/build/py01_topic_re/prefix_override:/home/kl/VS_CODE/Github_respository/ROS-_for_Study/ws01_plumbing/install/py01_topic_re/lib/python3.10/site-packages:${PYTHONPATH} /usr/bin/python3 setup.py egg_info --egg-base ../../build/py01_topic_re build --build-base /home/kl/VS_CODE/Github_respository/ROS-_for_Study/ws01_plumbing/build/py01_topic_re/build install --record /home/kl/VS_CODE/Github_respository/ROS-_for_Study/ws01_plumbing/build/py01_topic_re/install.log --single-version-externally-managed
[0.856s] Level 1:colcon.colcon_core.environment:checking '/home/kl/VS_CODE/Github_respository/ROS-_for_Study/ws01_plumbing/install/py01_topic_re' for CMake module files
[0.857s] Level 1:colcon.colcon_core.environment:checking '/home/kl/VS_CODE/Github_respository/ROS-_for_Study/ws01_plumbing/install/py01_topic_re' for CMake config files
[0.857s] Level 1:colcon.colcon_core.environment:checking '/home/kl/VS_CODE/Github_respository/ROS-_for_Study/ws01_plumbing/install/py01_topic_re/lib'
[0.857s] Level 1:colcon.colcon_core.environment:checking '/home/kl/VS_CODE/Github_respository/ROS-_for_Study/ws01_plumbing/install/py01_topic_re/bin'
[0.857s] Level 1:colcon.colcon_core.environment:checking '/home/kl/VS_CODE/Github_respository/ROS-_for_Study/ws01_plumbing/install/py01_topic_re/lib/pkgconfig/py01_topic_re.pc'
[0.857s] Level 1:colcon.colcon_core.environment:checking '/home/kl/VS_CODE/Github_respository/ROS-_for_Study/ws01_plumbing/install/py01_topic_re/lib/python3.10/site-packages'
[0.857s] Level 1:colcon.colcon_core.shell:create_environment_hook('py01_topic_re', 'pythonpath')
[0.858s] INFO:colcon.colcon_core.shell:Creating environment hook '/home/kl/VS_CODE/Github_respository/ROS-_for_Study/ws01_plumbing/install/py01_topic_re/share/py01_topic_re/hook/pythonpath.ps1'
[0.859s] INFO:colcon.colcon_core.shell:Creating environment descriptor '/home/kl/VS_CODE/Github_respository/ROS-_for_Study/ws01_plumbing/install/py01_topic_re/share/py01_topic_re/hook/pythonpath.dsv'
[0.859s] INFO:colcon.colcon_core.shell:Creating environment hook '/home/kl/VS_CODE/Github_respository/ROS-_for_Study/ws01_plumbing/install/py01_topic_re/share/py01_topic_re/hook/pythonpath.sh'
[0.859s] Level 1:colcon.colcon_core.environment:checking '/home/kl/VS_CODE/Github_respository/ROS-_for_Study/ws01_plumbing/install/py01_topic_re/bin'
[0.859s] Level 1:colcon.colcon_core.environment:create_environment_scripts_only(py01_topic_re)
[0.860s] INFO:colcon.colcon_core.shell:Creating package script '/home/kl/VS_CODE/Github_respository/ROS-_for_Study/ws01_plumbing/install/py01_topic_re/share/py01_topic_re/package.ps1'
[0.861s] INFO:colcon.colcon_core.shell:Creating package descriptor '/home/kl/VS_CODE/Github_respository/ROS-_for_Study/ws01_plumbing/install/py01_topic_re/share/py01_topic_re/package.dsv'
[0.861s] INFO:colcon.colcon_core.shell:Creating package script '/home/kl/VS_CODE/Github_respository/ROS-_for_Study/ws01_plumbing/install/py01_topic_re/share/py01_topic_re/package.sh'
[0.862s] INFO:colcon.colcon_core.shell:Creating package script '/home/kl/VS_CODE/Github_respository/ROS-_for_Study/ws01_plumbing/install/py01_topic_re/share/py01_topic_re/package.bash'
[0.862s] INFO:colcon.colcon_core.shell:Creating package script '/home/kl/VS_CODE/Github_respository/ROS-_for_Study/ws01_plumbing/install/py01_topic_re/share/py01_topic_re/package.zsh'
[0.862s] Level 1:colcon.colcon_core.environment:create_file_with_runtime_dependencies(/home/kl/VS_CODE/Github_respository/ROS-_for_Study/ws01_plumbing/install/py01_topic_re/share/colcon-core/packages/py01_topic_re)
[0.863s] DEBUG:colcon.colcon_parallel_executor.executor.parallel:closing loop
[0.863s] DEBUG:colcon.colcon_parallel_executor.executor.parallel:loop closed
[0.863s] DEBUG:colcon.colcon_parallel_executor.executor.parallel:run_until_complete finished with '0'
[0.863s] DEBUG:colcon.colcon_core.event_reactor:joining thread
[0.867s] INFO:colcon.colcon_core.plugin_system:Skipping extension 'colcon_notification.desktop_notification.terminal_notifier': Not used on non-Darwin systems
[0.867s] INFO:colcon.colcon_core.plugin_system:Skipping extension 'colcon_notification.desktop_notification.win32': Not used on non-Windows systems
[0.867s] INFO:colcon.colcon_notification.desktop_notification:Sending desktop notification using 'notify2'
[0.876s] DEBUG:colcon.colcon_core.event_reactor:joined thread
[0.878s] INFO:colcon.colcon_core.shell:Creating prefix script '/home/kl/VS_CODE/Github_respository/ROS-_for_Study/ws01_plumbing/install/local_setup.ps1'
[0.878s] INFO:colcon.colcon_core.shell:Creating prefix util module '/home/kl/VS_CODE/Github_respository/ROS-_for_Study/ws01_plumbing/install/_local_setup_util_ps1.py'
[0.879s] INFO:colcon.colcon_core.shell:Creating prefix chain script '/home/kl/VS_CODE/Github_respository/ROS-_for_Study/ws01_plumbing/install/setup.ps1'
[0.881s] INFO:colcon.colcon_core.shell:Creating prefix script '/home/kl/VS_CODE/Github_respository/ROS-_for_Study/ws01_plumbing/install/local_setup.sh'
[0.882s] INFO:colcon.colcon_core.shell:Creating prefix util module '/home/kl/VS_CODE/Github_respository/ROS-_for_Study/ws01_plumbing/install/_local_setup_util_sh.py'
[0.882s] INFO:colcon.colcon_core.shell:Creating prefix chain script '/home/kl/VS_CODE/Github_respository/ROS-_for_Study/ws01_plumbing/install/setup.sh'
[0.883s] INFO:colcon.colcon_core.shell:Creating prefix script '/home/kl/VS_CODE/Github_respository/ROS-_for_Study/ws01_plumbing/install/local_setup.bash'
[0.884s] INFO:colcon.colcon_core.shell:Creating prefix chain script '/home/kl/VS_CODE/Github_respository/ROS-_for_Study/ws01_plumbing/install/setup.bash'
[0.885s] INFO:colcon.colcon_core.shell:Creating prefix script '/home/kl/VS_CODE/Github_respository/ROS-_for_Study/ws01_plumbing/install/local_setup.zsh'
[0.885s] INFO:colcon.colcon_core.shell:Creating prefix chain script '/home/kl/VS_CODE/Github_respository/ROS-_for_Study/ws01_plumbing/install/setup.zsh'
