[0.020s] Invoking command in '/media/kl/数据/github/Github_respository/ROS-_for_Study/ws01_plumbing/build/cpp01_topic': CMAKE_PREFIX_PATH=/media/kl/数据/github/Github_respository/ROS-_for_Study/ws01_plumbing/install/base_interfaces_demo:/media/kl/数据/github/Github_respository/ROS-_for_Study/ws01_plumbing/install/cpp01_topic:/media/kl/数据/github/Github_respository/ROS-_for_Study/ws00_helloworld/install/pkg01_helloworld_cpp:/media/kl/数据/github/Github_respository/ROS-_for_Study/ws01_plumbing/install/py01_topic:/media/kl/数据/github/Github_respository/ROS-_for_Study/ws00_helloworld/install/pkg02_helloworld_py:/opt/ros/humble /usr/bin/cmake --build /media/kl/数据/github/Github_respository/ROS-_for_Study/ws01_plumbing/build/cpp01_topic -- -j8 -l8
[0.078s] [35m[1mConsolidate compiler generated dependencies of target demo02_listener_str[0m
[0.078s] [35m[1mConsolidate compiler generated dependencies of target demo01_talker_str[0m
[0.132s] [ 75%] [32mBuilding CXX object CMakeFiles/demo02_listener_str.dir/src/demo02_listener_str.cpp.o[0m
[0.132s] [ 75%] Built target demo01_talker_str
[1.935s] [01m[K/media/kl/数据/github/Github_respository/ROS-_for_Study/ws01_plumbing/src/cpp01_topic/src/demo02_listener_str.cpp:5:1:[m[K [01;31m[Kerror: [m[K‘[01m[Kpublic：[m[K’ does not name a type
[1.935s]     5 | [01;31m[Kpublic：[m[K
[1.935s]       | [01;31m[K^~~~~~~~[m[K
[1.940s] [01m[K/media/kl/数据/github/Github_respository/ROS-_for_Study/ws01_plumbing/src/cpp01_topic/src/demo02_listener_str.cpp:[m[K In function ‘[01m[Kint main(int, char**)[m[K’:
[1.940s] [01m[K/media/kl/数据/github/Github_respository/ROS-_for_Study/ws01_plumbing/src/cpp01_topic/src/demo02_listener_str.cpp:19:5:[m[K [01;31m[Kerror: [m[K‘[01m[Krcllcpp[m[K’ has not been declared
[1.940s]    19 |     [01;31m[Krcllcpp[m[K::shutdown();
[1.940s]       |     [01;31m[K^~~~~~~[m[K
[2.206s] In file included from [01m[K/usr/include/x86_64-linux-gnu/c++/11/bits/c++allocator.h:33[m[K,
[2.206s]                  from [01m[K/usr/include/c++/11/bits/allocator.h:46[m[K,
[2.206s]                  from [01m[K/usr/include/c++/11/memory:64[m[K,
[2.207s]                  from [01m[K/opt/ros/humble/include/rclcpp/rclcpp/rclcpp.hpp:153[m[K,
[2.207s]                  from [01m[K/media/kl/数据/github/Github_respository/ROS-_for_Study/ws01_plumbing/src/cpp01_topic/src/demo02_listener_str.cpp:1[m[K:
[2.207s] /usr/include/c++/11/ext/new_allocator.h: In instantiation of ‘[01m[Kvoid __gnu_cxx::new_allocator<_Tp>::construct(_Up*, _Args&& ...) [with _Up = Listener; _Args = {}; _Tp = Listener][m[K’:
[2.207s] [01m[K/usr/include/c++/11/bits/alloc_traits.h:516:17:[m[K   required from ‘[01m[Kstatic void std::allocator_traits<std::allocator<_Tp1> >::construct(std::allocator_traits<std::allocator<_Tp1> >::allocator_type&, _Up*, _Args&& ...) [with _Up = Listener; _Args = {}; _Tp = Listener; std::allocator_traits<std::allocator<_Tp1> >::allocator_type = std::allocator<Listener>][m[K’
[2.207s] [01m[K/usr/include/c++/11/bits/shared_ptr_base.h:519:39:[m[K   required from ‘[01m[Kstd::_Sp_counted_ptr_inplace<_Tp, _Alloc, _Lp>::_Sp_counted_ptr_inplace(_Alloc, _Args&& ...) [with _Args = {}; _Tp = Listener; _Alloc = std::allocator<Listener>; __gnu_cxx::_Lock_policy _Lp = __gnu_cxx::_S_atomic][m[K’
[2.207s] [01m[K/usr/include/c++/11/bits/shared_ptr_base.h:650:16:[m[K   required from ‘[01m[Kstd::__shared_count<_Lp>::__shared_count(_Tp*&, std::_Sp_alloc_shared_tag<_Alloc>, _Args&& ...) [with _Tp = Listener; _Alloc = std::allocator<Listener>; _Args = {}; __gnu_cxx::_Lock_policy _Lp = __gnu_cxx::_S_atomic][m[K’
[2.207s] [01m[K/usr/include/c++/11/bits/shared_ptr_base.h:1342:14:[m[K   required from ‘[01m[Kstd::__shared_ptr<_Tp, _Lp>::__shared_ptr(std::_Sp_alloc_shared_tag<_Tp>, _Args&& ...) [with _Alloc = std::allocator<Listener>; _Args = {}; _Tp = Listener; __gnu_cxx::_Lock_policy _Lp = __gnu_cxx::_S_atomic][m[K’
[2.207s] [01m[K/usr/include/c++/11/bits/shared_ptr.h:409:59:[m[K   required from ‘[01m[Kstd::shared_ptr<_Tp>::shared_ptr(std::_Sp_alloc_shared_tag<_Tp>, _Args&& ...) [with _Alloc = std::allocator<Listener>; _Args = {}; _Tp = Listener][m[K’
[2.207s] [01m[K/usr/include/c++/11/bits/shared_ptr.h:862:14:[m[K   required from ‘[01m[Kstd::shared_ptr<_Tp> std::allocate_shared(const _Alloc&, _Args&& ...) [with _Tp = Listener; _Alloc = std::allocator<Listener>; _Args = {}][m[K’
[2.208s] [01m[K/usr/include/c++/11/bits/shared_ptr.h:878:39:[m[K   required from ‘[01m[Kstd::shared_ptr<_Tp> std::make_shared(_Args&& ...) [with _Tp = Listener; _Args = {}][m[K’
[2.208s] [01m[K/media/kl/数据/github/Github_respository/ROS-_for_Study/ws01_plumbing/src/cpp01_topic/src/demo02_listener_str.cpp:18:44:[m[K   required from here
[2.209s] [01m[K/usr/include/c++/11/ext/new_allocator.h:162:11:[m[K [01;31m[Kerror: [m[Kuse of deleted function ‘[01m[KListener::Listener()[m[K’
[2.209s]   162 |         { [01;31m[K::new((void *)__p) _Up(std::forward<_Args>(__args)...)[m[K; }
[2.209s]       |           [01;31m[K^~~~~~~~~~~~~~~~~~~~~~~~~~~~~~~~~~~~~~~~~~~~~~~~~~~~~~[m[K
[2.209s] [01m[K/media/kl/数据/github/Github_respository/ROS-_for_Study/ws01_plumbing/src/cpp01_topic/src/demo02_listener_str.cpp:4:7:[m[K [01;36m[Knote: [m[K‘[01m[KListener::Listener()[m[K’ is implicitly deleted because the default definition would be ill-formed:
[2.209s]     4 | class [01;36m[KListener[m[K: public rclcpp::Node{
[2.209s]       |       [01;36m[K^~~~~~~~[m[K
[2.210s] [01m[K/media/kl/数据/github/Github_respository/ROS-_for_Study/ws01_plumbing/src/cpp01_topic/src/demo02_listener_str.cpp:4:7:[m[K [01;31m[Kerror: [m[Kno matching function for call to ‘[01m[Krclcpp::Node::Node()[m[K’
[2.210s] In file included from [01m[K/opt/ros/humble/include/rclcpp/rclcpp/executors/single_threaded_executor.hpp:28[m[K,
[2.210s]                  from [01m[K/opt/ros/humble/include/rclcpp/rclcpp/executors.hpp:22[m[K,
[2.210s]                  from [01m[K/opt/ros/humble/include/rclcpp/rclcpp/rclcpp.hpp:155[m[K,
[2.210s]                  from [01m[K/media/kl/数据/github/Github_respository/ROS-_for_Study/ws01_plumbing/src/cpp01_topic/src/demo02_listener_str.cpp:1[m[K:
[2.210s] [01m[K/opt/ros/humble/include/rclcpp/rclcpp/node.hpp:1294:3:[m[K [01;36m[Knote: [m[Kcandidate: ‘[01m[Krclcpp::Node::Node(const rclcpp::Node&, const string&)[m[K’
[2.210s]  1294 |   [01;36m[KNode[m[K(
[2.211s]       |   [01;36m[K^~~~[m[K
[2.211s] [01m[K/opt/ros/humble/include/rclcpp/rclcpp/node.hpp:1294:3:[m[K [01;36m[Knote: [m[K  candidate expects 2 arguments, 0 provided
[2.211s] [01m[K/opt/ros/humble/include/rclcpp/rclcpp/node.hpp:101:12:[m[K [01;36m[Knote: [m[Kcandidate: ‘[01m[Krclcpp::Node::Node(const string&, const string&, const rclcpp::NodeOptions&)[m[K’
[2.211s]   101 |   explicit [01;36m[KNode[m[K(
[2.211s]       |            [01;36m[K^~~~[m[K
[2.211s] [01m[K/opt/ros/humble/include/rclcpp/rclcpp/node.hpp:101:12:[m[K [01;36m[Knote: [m[K  candidate expects 3 arguments, 0 provided
[2.211s] [01m[K/opt/ros/humble/include/rclcpp/rclcpp/node.hpp:89:12:[m[K [01;36m[Knote: [m[Kcandidate: ‘[01m[Krclcpp::Node::Node(const string&, const rclcpp::NodeOptions&)[m[K’
[2.212s]    89 |   explicit [01;36m[KNode[m[K(
[2.212s]       |            [01;36m[K^~~~[m[K
[2.212s] [01m[K/opt/ros/humble/include/rclcpp/rclcpp/node.hpp:89:12:[m[K [01;36m[Knote: [m[K  candidate expects 2 arguments, 0 provided
[2.258s] gmake[2]: *** [CMakeFiles/demo02_listener_str.dir/build.make:76：CMakeFiles/demo02_listener_str.dir/src/demo02_listener_str.cpp.o] 错误 1
[2.258s] gmake[1]: *** [CMakeFiles/Makefile2:165：CMakeFiles/demo02_listener_str.dir/all] 错误 2
[2.259s] gmake: *** [Makefile:146：all] 错误 2
[2.260s] Invoked command in '/media/kl/数据/github/Github_respository/ROS-_for_Study/ws01_plumbing/build/cpp01_topic' returned '2': CMAKE_PREFIX_PATH=/media/kl/数据/github/Github_respository/ROS-_for_Study/ws01_plumbing/install/base_interfaces_demo:/media/kl/数据/github/Github_respository/ROS-_for_Study/ws01_plumbing/install/cpp01_topic:/media/kl/数据/github/Github_respository/ROS-_for_Study/ws00_helloworld/install/pkg01_helloworld_cpp:/media/kl/数据/github/Github_respository/ROS-_for_Study/ws01_plumbing/install/py01_topic:/media/kl/数据/github/Github_respository/ROS-_for_Study/ws00_helloworld/install/pkg02_helloworld_py:/opt/ros/humble /usr/bin/cmake --build /media/kl/数据/github/Github_respository/ROS-_for_Study/ws01_plumbing/build/cpp01_topic -- -j8 -l8
