[0.457s] Invoking command in '/media/kl/数据/github/Github_respository/ROS-_for_Study/ws01_plumbing/src/py01_topic': CMAKE_PREFIX_PATH=/media/kl/数据/github/Github_respository/ROS-_for_Study/ws01_plumbing/install/base_interfaces_demo:/media/kl/数据/github/Github_respository/ROS-_for_Study/ws01_plumbing/install/cpp01_topic:/media/kl/数据/github/Github_respository/ROS-_for_Study/ws00_helloworld/install/pkg01_helloworld_cpp PYTHONPATH=/media/kl/数据/github/Github_respository/ROS-_for_Study/ws01_plumbing/build/py01_topic/prefix_override:/media/kl/数据/github/Github_respository/ROS-_for_Study/ws01_plumbing/install/py01_topic/lib/python3.10/site-packages:${PYTHONPATH} /usr/bin/python3 setup.py egg_info --egg-base ../../build/py01_topic build --build-base /media/kl/数据/github/Github_respository/ROS-_for_Study/ws01_plumbing/build/py01_topic/build install --record /media/kl/数据/github/Github_respository/ROS-_for_Study/ws01_plumbing/build/py01_topic/install.log --single-version-externally-managed
[0.640s] running egg_info
[0.640s] writing ../../build/py01_topic/py01_topic.egg-info/PKG-INFO
[0.641s] writing dependency_links to ../../build/py01_topic/py01_topic.egg-info/dependency_links.txt
[0.641s] writing entry points to ../../build/py01_topic/py01_topic.egg-info/entry_points.txt
[0.641s] writing requirements to ../../build/py01_topic/py01_topic.egg-info/requires.txt
[0.642s] writing top-level names to ../../build/py01_topic/py01_topic.egg-info/top_level.txt
[0.645s] reading manifest file '../../build/py01_topic/py01_topic.egg-info/SOURCES.txt'
[0.647s] writing manifest file '../../build/py01_topic/py01_topic.egg-info/SOURCES.txt'
[0.648s] running build
[0.648s] running build_py
[0.648s] copying py01_topic/demo02_listener_str.py -> /media/kl/数据/github/Github_respository/ROS-_for_Study/ws01_plumbing/build/py01_topic/build/lib/py01_topic
[0.649s] running install
[0.649s] /usr/lib/python3/dist-packages/setuptools/command/install.py:34: SetuptoolsDeprecationWarning: setup.py install is deprecated. Use build and pip and other standards-based tools.
[0.650s]   warnings.warn(
[0.650s] running install_lib
[0.651s] copying /media/kl/数据/github/Github_respository/ROS-_for_Study/ws01_plumbing/build/py01_topic/build/lib/py01_topic/demo02_listener_str.py -> /media/kl/数据/github/Github_respository/ROS-_for_Study/ws01_plumbing/install/py01_topic/lib/python3.10/site-packages/py01_topic
[0.654s] byte-compiling /media/kl/数据/github/Github_respository/ROS-_for_Study/ws01_plumbing/install/py01_topic/lib/python3.10/site-packages/py01_topic/demo02_listener_str.py to demo02_listener_str.cpython-310.pyc
[0.656s] running install_data
[0.657s] running install_egg_info
[0.658s] removing '/media/kl/数据/github/Github_respository/ROS-_for_Study/ws01_plumbing/install/py01_topic/lib/python3.10/site-packages/py01_topic-0.0.0-py3.10.egg-info' (and everything under it)
[0.660s] Copying ../../build/py01_topic/py01_topic.egg-info to /media/kl/数据/github/Github_respository/ROS-_for_Study/ws01_plumbing/install/py01_topic/lib/python3.10/site-packages/py01_topic-0.0.0-py3.10.egg-info
[0.666s] running install_scripts
[0.683s] Installing demo01_talker_str script to /media/kl/数据/github/Github_respository/ROS-_for_Study/ws01_plumbing/install/py01_topic/lib/py01_topic
[0.683s] Installing demo02_listener_str script to /media/kl/数据/github/Github_respository/ROS-_for_Study/ws01_plumbing/install/py01_topic/lib/py01_topic
[0.684s] writing list of installed files to '/media/kl/数据/github/Github_respository/ROS-_for_Study/ws01_plumbing/build/py01_topic/install.log'
[0.704s] Invoked command in '/media/kl/数据/github/Github_respository/ROS-_for_Study/ws01_plumbing/src/py01_topic' returned '0': CMAKE_PREFIX_PATH=/media/kl/数据/github/Github_respository/ROS-_for_Study/ws01_plumbing/install/base_interfaces_demo:/media/kl/数据/github/Github_respository/ROS-_for_Study/ws01_plumbing/install/cpp01_topic:/media/kl/数据/github/Github_respository/ROS-_for_Study/ws00_helloworld/install/pkg01_helloworld_cpp PYTHONPATH=/media/kl/数据/github/Github_respository/ROS-_for_Study/ws01_plumbing/build/py01_topic/prefix_override:/media/kl/数据/github/Github_respository/ROS-_for_Study/ws01_plumbing/install/py01_topic/lib/python3.10/site-packages:${PYTHONPATH} /usr/bin/python3 setup.py egg_info --egg-base ../../build/py01_topic build --build-base /media/kl/数据/github/Github_respository/ROS-_for_Study/ws01_plumbing/build/py01_topic/build install --record /media/kl/数据/github/Github_respository/ROS-_for_Study/ws01_plumbing/build/py01_topic/install.log --single-version-externally-managed
