[0.491s] Invoking command in '/media/kl/数据/github/Github_respository/ROS-_for_Study/ws00_helloworld/src/pkg02_helloworld_py': PYTHONPATH=/media/kl/数据/github/Github_respository/ROS-_for_Study/ws00_helloworld/build/pkg02_helloworld_py/prefix_override:/media/kl/数据/github/Github_respository/ROS-_for_Study/ws00_helloworld/install/pkg02_helloworld_py/lib/python3.10/site-packages:${PYTHONPATH} /usr/bin/python3 setup.py egg_info --egg-base ../../build/pkg02_helloworld_py build --build-base /media/kl/数据/github/Github_respository/ROS-_for_Study/ws00_helloworld/build/pkg02_helloworld_py/build install --record /media/kl/数据/github/Github_respository/ROS-_for_Study/ws00_helloworld/build/pkg02_helloworld_py/install.log --single-version-externally-managed
[0.690s] running egg_info
[0.692s] writing ../../build/pkg02_helloworld_py/pkg02_helloworld_py.egg-info/PKG-INFO
[0.692s] writing dependency_links to ../../build/pkg02_helloworld_py/pkg02_helloworld_py.egg-info/dependency_links.txt
[0.693s] writing entry points to ../../build/pkg02_helloworld_py/pkg02_helloworld_py.egg-info/entry_points.txt
[0.693s] writing requirements to ../../build/pkg02_helloworld_py/pkg02_helloworld_py.egg-info/requires.txt
[0.693s] writing top-level names to ../../build/pkg02_helloworld_py/pkg02_helloworld_py.egg-info/top_level.txt
[0.697s] reading manifest file '../../build/pkg02_helloworld_py/pkg02_helloworld_py.egg-info/SOURCES.txt'
[0.700s] writing manifest file '../../build/pkg02_helloworld_py/pkg02_helloworld_py.egg-info/SOURCES.txt'
[0.701s] running build
[0.701s] running build_py
[0.702s] copying pkg02_helloworld_py/helloworld.py -> /media/kl/数据/github/Github_respository/ROS-_for_Study/ws00_helloworld/build/pkg02_helloworld_py/build/lib/pkg02_helloworld_py
[0.704s] running install
[0.704s] /usr/lib/python3/dist-packages/setuptools/command/install.py:34: SetuptoolsDeprecationWarning: setup.py install is deprecated. Use build and pip and other standards-based tools.
[0.704s]   warnings.warn(
[0.704s] running install_lib
[0.706s] copying /media/kl/数据/github/Github_respository/ROS-_for_Study/ws00_helloworld/build/pkg02_helloworld_py/build/lib/pkg02_helloworld_py/helloworld.py -> /media/kl/数据/github/Github_respository/ROS-_for_Study/ws00_helloworld/install/pkg02_helloworld_py/lib/python3.10/site-packages/pkg02_helloworld_py
[0.710s] byte-compiling /media/kl/数据/github/Github_respository/ROS-_for_Study/ws00_helloworld/install/pkg02_helloworld_py/lib/python3.10/site-packages/pkg02_helloworld_py/helloworld.py to helloworld.cpython-310.pyc
[0.712s] running install_data
[0.713s] running install_egg_info
[0.715s] removing '/media/kl/数据/github/Github_respository/ROS-_for_Study/ws00_helloworld/install/pkg02_helloworld_py/lib/python3.10/site-packages/pkg02_helloworld_py-0.0.0-py3.10.egg-info' (and everything under it)
[0.717s] Copying ../../build/pkg02_helloworld_py/pkg02_helloworld_py.egg-info to /media/kl/数据/github/Github_respository/ROS-_for_Study/ws00_helloworld/install/pkg02_helloworld_py/lib/python3.10/site-packages/pkg02_helloworld_py-0.0.0-py3.10.egg-info
[0.726s] running install_scripts
[0.743s] Installing helloworld script to /media/kl/数据/github/Github_respository/ROS-_for_Study/ws00_helloworld/install/pkg02_helloworld_py/lib/pkg02_helloworld_py
[0.744s] writing list of installed files to '/media/kl/数据/github/Github_respository/ROS-_for_Study/ws00_helloworld/build/pkg02_helloworld_py/install.log'
[0.762s] Invoked command in '/media/kl/数据/github/Github_respository/ROS-_for_Study/ws00_helloworld/src/pkg02_helloworld_py' returned '0': PYTHONPATH=/media/kl/数据/github/Github_respository/ROS-_for_Study/ws00_helloworld/build/pkg02_helloworld_py/prefix_override:/media/kl/数据/github/Github_respository/ROS-_for_Study/ws00_helloworld/install/pkg02_helloworld_py/lib/python3.10/site-packages:${PYTHONPATH} /usr/bin/python3 setup.py egg_info --egg-base ../../build/pkg02_helloworld_py build --build-base /media/kl/数据/github/Github_respository/ROS-_for_Study/ws00_helloworld/build/pkg02_helloworld_py/build install --record /media/kl/数据/github/Github_respository/ROS-_for_Study/ws00_helloworld/build/pkg02_helloworld_py/install.log --single-version-externally-managed
