[0.000000] (-) TimerEvent: {}
[0.000298] (-) JobUnselected: {'identifier': 'base_interfaces'}
[0.000320] (-) JobUnselected: {'identifier': 'py01_topic_re'}
[0.000334] (cpp01_topic_re) JobQueued: {'identifier': 'cpp01_topic_re', 'dependencies': OrderedDict()}
[0.000364] (cpp01_topic_re) JobStarted: {'identifier': 'cpp01_topic_re'}
[0.009008] (cpp01_topic_re) JobProgress: {'identifier': 'cpp01_topic_re', 'progress': 'cmake'}
[0.009681] (cpp01_topic_re) JobProgress: {'identifier': 'cpp01_topic_re', 'progress': 'build'}
[0.010368] (cpp01_topic_re) Command: {'cmd': ['/usr/bin/cmake', '--build', '/home/kl/VS_CODE/Github_respository/ROS-_for_Study/ws01_plumbing/build/cpp01_topic_re', '--', '-j8', '-l8'], 'cwd': '/home/kl/VS_CODE/Github_respository/ROS-_for_Study/ws01_plumbing/build/cpp01_topic_re', 'env': OrderedDict([('GJS_DEBUG_TOPICS', 'JS ERROR;JS LOG'), ('LANGUAGE', 'zh_CN:zh'), ('USER', 'kl'), ('XDG_SESSION_TYPE', 'wayland'), ('GIT_ASKPASS', '/usr/share/code/resources/app/extensions/git/dist/askpass.sh'), ('SHLVL', '1'), ('LD_LIBRARY_PATH', '/home/kl/VS_CODE/Github_respository/ROS-_for_Study/ws01_plumbing/install/base_interfaces/lib:/opt/ros/humble/opt/rviz_ogre_vendor/lib:/opt/ros/humble/lib/x86_64-linux-gnu:/opt/ros/humble/lib'), ('HOME', '/home/kl'), ('CHROME_DESKTOP', 'code-url-handler.desktop'), ('TERM_PROGRAM_VERSION', '1.80.1'), ('DESKTOP_SESSION', 'ubuntu'), ('GIO_LAUNCHED_DESKTOP_FILE', '/usr/share/applications/code.desktop'), ('ROS_PYTHON_VERSION', '3'), ('GNOME_SHELL_SESSION_MODE', 'ubuntu'), ('GTK_MODULES', 'gail:atk-bridge'), ('VSCODE_GIT_ASKPASS_MAIN', '/usr/share/code/resources/app/extensions/git/dist/askpass-main.js'), ('VSCODE_GIT_ASKPASS_NODE', '/usr/share/code/code'), ('MANAGERPID', '1775'), ('SYSTEMD_EXEC_PID', '1990'), ('IM_CONFIG_CHECK_ENV', '1'), ('DBUS_SESSION_BUS_ADDRESS', 'unix:path=/run/user/1000/bus'), ('COLORTERM', 'truecolor'), ('GIO_LAUNCHED_DESKTOP_FILE_PID', '17129'), ('IM_CONFIG_PHASE', '1'), ('WAYLAND_DISPLAY', 'wayland-0'), ('COLCON_PREFIX_PATH', '/home/kl/VS_CODE/Github_respository/ROS-_for_Study/ws01_plumbing/install'), ('ROS_DISTRO', 'humble'), ('LOGNAME', 'kl'), ('JOURNAL_STREAM', '8:29442'), ('_', '/usr/bin/colcon'), ('ROS_VERSION', '2'), ('XDG_SESSION_CLASS', 'user'), ('USERNAME', 'kl'), ('TERM', 'xterm-256color'), ('GNOME_DESKTOP_SESSION_ID', 'this-is-deprecated'), ('ROS_LOCALHOST_ONLY', '0'), ('PATH', '/opt/ros/humble/bin:/usr/local/sbin:/usr/local/bin:/usr/sbin:/usr/bin:/sbin:/bin:/usr/games:/usr/local/games:/snap/bin:/snap/bin'), ('SESSION_MANAGER', 'local/XX:@/tmp/.ICE-unix/1962,unix/XX:/tmp/.ICE-unix/1962'), ('INVOCATION_ID', '12854c05d52e4d62ad666a70d9397c68'), ('XDG_MENU_PREFIX', 'gnome-'), ('GNOME_SETUP_DISPLAY', ':1'), ('XDG_RUNTIME_DIR', '/run/user/1000'), ('GDK_BACKEND', 'x11'), ('DISPLAY', ':0'), ('LANG', 'zh_CN.UTF-8'), ('XDG_CURRENT_DESKTOP', 'Unity'), ('XMODIFIERS', '@im=ibus'), ('XDG_SESSION_DESKTOP', 'ubuntu'), ('XAUTHORITY', '/run/user/1000/.mutter-Xwaylandauth.FTY971'), ('VSCODE_GIT_IPC_HANDLE', '/run/user/1000/vscode-git-cef9963d23.sock'), ('TERM_PROGRAM', 'vscode'), ('SSH_AGENT_LAUNCHER', 'gnome-keyring'), ('SSH_AUTH_SOCK', '/run/user/1000/keyring/ssh'), ('AMENT_PREFIX_PATH', '/home/kl/VS_CODE/Github_respository/ROS-_for_Study/ws01_plumbing/install/py01_topic_re:/home/kl/VS_CODE/Github_respository/ROS-_for_Study/ws01_plumbing/install/cpp01_topic_re:/home/kl/VS_CODE/Github_respository/ROS-_for_Study/ws01_plumbing/install/base_interfaces:/opt/ros/humble'), ('ORIGINAL_XDG_CURRENT_DESKTOP', 'ubuntu:GNOME'), ('SHELL', '/bin/bash'), ('QT_ACCESSIBILITY', '1'), ('GDMSESSION', 'ubuntu'), ('GJS_DEBUG_OUTPUT', 'stderr'), ('VSCODE_GIT_ASKPASS_EXTRA_ARGS', '--ms-enable-electron-run-as-node'), ('QT_IM_MODULE', 'ibus'), ('PWD', '/home/kl/VS_CODE/Github_respository/ROS-_for_Study/ws01_plumbing/build/cpp01_topic_re'), ('XDG_CONFIG_DIRS', '/etc/xdg/xdg-ubuntu:/etc/xdg'), ('XDG_DATA_DIRS', '/usr/share/ubuntu:/usr/local/share/:/usr/share/:/var/lib/snapd/desktop'), ('PYTHONPATH', '/home/kl/VS_CODE/Github_respository/ROS-_for_Study/ws01_plumbing/install/py01_topic_re/lib/python3.10/site-packages:/home/kl/VS_CODE/Github_respository/ROS-_for_Study/ws01_plumbing/install/base_interfaces/local/lib/python3.10/dist-packages:/opt/ros/humble/lib/python3.10/site-packages:/opt/ros/humble/local/lib/python3.10/dist-packages'), ('COLCON', '1'), ('CMAKE_PREFIX_PATH', '/home/kl/VS_CODE/Github_respository/ROS-_for_Study/ws01_plumbing/install/cpp01_topic_re:/home/kl/VS_CODE/Github_respository/ROS-_for_Study/ws01_plumbing/install/base_interfaces:/home/kl/VS_CODE/Github_respository/ROS-_for_Study/ws01_plumbing/install/py01_topic_re:/opt/ros/humble')]), 'shell': False}
[0.028368] (cpp01_topic_re) StdoutLine: {'line': b'-- Found ament_cmake: 1.3.5 (/opt/ros/humble/share/ament_cmake/cmake)\n'}
[0.098866] (-) TimerEvent: {}
[0.132075] (cpp01_topic_re) StdoutLine: {'line': b'-- Found rclcpp: 16.0.4 (/opt/ros/humble/share/rclcpp/cmake)\n'}
[0.150762] (cpp01_topic_re) StdoutLine: {'line': b'-- Found rosidl_generator_c: 3.1.4 (/opt/ros/humble/share/rosidl_generator_c/cmake)\n'}
[0.152602] (cpp01_topic_re) StdoutLine: {'line': b'-- Found rosidl_adapter: 3.1.4 (/opt/ros/humble/share/rosidl_adapter/cmake)\n'}
[0.157997] (cpp01_topic_re) StdoutLine: {'line': b'-- Found rosidl_generator_cpp: 3.1.4 (/opt/ros/humble/share/rosidl_generator_cpp/cmake)\n'}
[0.165756] (cpp01_topic_re) StdoutLine: {'line': b'-- Using all available rosidl_typesupport_c: rosidl_typesupport_fastrtps_c;rosidl_typesupport_introspection_c\n'}
[0.175092] (cpp01_topic_re) StdoutLine: {'line': b'-- Using all available rosidl_typesupport_cpp: rosidl_typesupport_fastrtps_cpp;rosidl_typesupport_introspection_cpp\n'}
[0.198963] (-) TimerEvent: {}
[0.212127] (cpp01_topic_re) StdoutLine: {'line': b'-- Found rmw_implementation_cmake: 6.1.1 (/opt/ros/humble/share/rmw_implementation_cmake/cmake)\n'}
[0.212852] (cpp01_topic_re) StdoutLine: {'line': b'-- Found rmw_fastrtps_cpp: 6.2.2 (/opt/ros/humble/share/rmw_fastrtps_cpp/cmake)\n'}
[0.285868] (cpp01_topic_re) StdoutLine: {'line': b"-- Using RMW implementation 'rmw_fastrtps_cpp' as default\n"}
[0.299122] (-) TimerEvent: {}
[0.390783] (cpp01_topic_re) StdoutLine: {'line': b'-- Found ament_lint_auto: 0.12.6 (/opt/ros/humble/share/ament_lint_auto/cmake)\n'}
[0.399213] (-) TimerEvent: {}
[0.438636] (cpp01_topic_re) StdoutLine: {'line': b"-- Added test 'cppcheck' to perform static code analysis on C / C++ code\n"}
[0.438780] (cpp01_topic_re) StdoutLine: {'line': b'-- Configured cppcheck include dirs: $<BUILD_INTERFACE:/home/kl/VS_CODE/Github_respository/ROS-_for_Study/ws01_plumbing/src/cpp01_topic_re/include>\n'}
[0.438823] (cpp01_topic_re) StdoutLine: {'line': b'-- Configured cppcheck exclude dirs and/or files: \n'}
[0.438887] (cpp01_topic_re) StdoutLine: {'line': b"-- Added test 'lint_cmake' to check CMake code style\n"}
[0.439474] (cpp01_topic_re) StdoutLine: {'line': b"-- Added test 'uncrustify' to check C / C++ code style\n"}
[0.439562] (cpp01_topic_re) StdoutLine: {'line': b'-- Configured uncrustify additional arguments: \n'}
[0.439612] (cpp01_topic_re) StdoutLine: {'line': b"-- Added test 'xmllint' to check XML markup files\n"}
[0.440041] (cpp01_topic_re) StdoutLine: {'line': b'-- Configuring done\n'}
[0.451157] (cpp01_topic_re) StdoutLine: {'line': b'-- Generating done\n'}
[0.454483] (cpp01_topic_re) StdoutLine: {'line': b'-- Build files have been written to: /home/kl/VS_CODE/Github_respository/ROS-_for_Study/ws01_plumbing/build/cpp01_topic_re\n'}
[0.471037] (cpp01_topic_re) StdoutLine: {'line': b'\x1b[35m\x1b[1mConsolidate compiler generated dependencies of target demo01_talker_str\x1b[0m\n'}
[0.471240] (cpp01_topic_re) StdoutLine: {'line': b'\x1b[35m\x1b[1mConsolidate compiler generated dependencies of target demo02_listener_str\x1b[0m\n'}
[0.477429] (cpp01_topic_re) StdoutLine: {'line': b'[ 12%] \x1b[32mBuilding CXX object CMakeFiles/demo03_talker_stu.dir/src/demo03_talker_stu.cpp.o\x1b[0m\n'}
[0.478815] (cpp01_topic_re) StdoutLine: {'line': b'[ 25%] \x1b[32mBuilding CXX object CMakeFiles/demo04_listener_stu.dir/src/demo04_listener_stu.cpp.o\x1b[0m\n'}
[0.483337] (cpp01_topic_re) StdoutLine: {'line': b'[ 62%] Built target demo01_talker_str\n'}
[0.483581] (cpp01_topic_re) StdoutLine: {'line': b'[ 75%] Built target demo02_listener_str\n'}
[0.499312] (-) TimerEvent: {}
[0.599592] (-) TimerEvent: {}
[0.642824] (cpp01_topic_re) StderrLine: {'line': b'\x1b[01m\x1b[K/home/kl/VS_CODE/Github_respository/ROS-_for_Study/ws01_plumbing/src/cpp01_topic_re/src/demo03_talker_stu.cpp:2:10:\x1b[m\x1b[K \x1b[01;31m\x1b[Kfatal error: \x1b[m\x1b[Kbase_interfaces/msg/student.hpp: \xe6\xb2\xa1\xe6\x9c\x89\xe9\x82\xa3\xe4\xb8\xaa\xe6\x96\x87\xe4\xbb\xb6\xe6\x88\x96\xe7\x9b\xae\xe5\xbd\x95\n'}
[0.643101] (cpp01_topic_re) StderrLine: {'line': b'    2 | #include \x1b[01;31m\x1b[K"base_interfaces/msg/student.hpp"\x1b[m\x1b[K\n'}
[0.643174] (cpp01_topic_re) StderrLine: {'line': b'      |          \x1b[01;31m\x1b[K^~~~~~~~~~~~~~~~~~~~~~~~~~~~~~~~~\x1b[m\x1b[K\n'}
[0.643235] (cpp01_topic_re) StderrLine: {'line': b'compilation terminated.\n'}
[0.646427] (cpp01_topic_re) StderrLine: {'line': b'gmake[2]: *** [CMakeFiles/demo03_talker_stu.dir/build.make:76\xef\xbc\x9aCMakeFiles/demo03_talker_stu.dir/src/demo03_talker_stu.cpp.o] \xe9\x94\x99\xe8\xaf\xaf 1\n'}
[0.646586] (cpp01_topic_re) StderrLine: {'line': b'gmake[1]: *** [CMakeFiles/Makefile2:195\xef\xbc\x9aCMakeFiles/demo03_talker_stu.dir/all] \xe9\x94\x99\xe8\xaf\xaf 2\n'}
[0.646634] (cpp01_topic_re) StderrLine: {'line': b'gmake[1]: *** \xe6\xad\xa3\xe5\x9c\xa8\xe7\xad\x89\xe5\xbe\x85\xe6\x9c\xaa\xe5\xae\x8c\xe6\x88\x90\xe7\x9a\x84\xe4\xbb\xbb\xe5\x8a\xa1....\n'}
[0.699877] (-) TimerEvent: {}
[0.800385] (-) TimerEvent: {}
[0.901015] (-) TimerEvent: {}
[1.001304] (-) TimerEvent: {}
[1.101589] (-) TimerEvent: {}
[1.201962] (-) TimerEvent: {}
[1.302439] (-) TimerEvent: {}
[1.402779] (-) TimerEvent: {}
[1.503142] (-) TimerEvent: {}
[1.603479] (-) TimerEvent: {}
[1.703825] (-) TimerEvent: {}
[1.804264] (-) TimerEvent: {}
[1.904617] (-) TimerEvent: {}
[2.004963] (-) TimerEvent: {}
[2.105305] (-) TimerEvent: {}
[2.205582] (-) TimerEvent: {}
[2.306061] (-) TimerEvent: {}
[2.406484] (-) TimerEvent: {}
[2.506843] (-) TimerEvent: {}
[2.607303] (-) TimerEvent: {}
[2.707593] (-) TimerEvent: {}
[2.807924] (-) TimerEvent: {}
[2.908268] (-) TimerEvent: {}
[3.008716] (-) TimerEvent: {}
[3.109058] (-) TimerEvent: {}
[3.209320] (-) TimerEvent: {}
[3.309595] (-) TimerEvent: {}
[3.409882] (-) TimerEvent: {}
[3.510252] (-) TimerEvent: {}
[3.610616] (-) TimerEvent: {}
[3.711022] (-) TimerEvent: {}
[3.811388] (-) TimerEvent: {}
[3.911769] (-) TimerEvent: {}
[4.012127] (-) TimerEvent: {}
[4.112585] (-) TimerEvent: {}
[4.212954] (-) TimerEvent: {}
[4.313215] (-) TimerEvent: {}
[4.413655] (-) TimerEvent: {}
[4.514178] (-) TimerEvent: {}
[4.614521] (-) TimerEvent: {}
[4.714840] (-) TimerEvent: {}
[4.815162] (-) TimerEvent: {}
[4.915492] (-) TimerEvent: {}
[5.015843] (-) TimerEvent: {}
[5.116191] (-) TimerEvent: {}
[5.216547] (-) TimerEvent: {}
[5.316798] (-) TimerEvent: {}
[5.417146] (-) TimerEvent: {}
[5.517449] (-) TimerEvent: {}
[5.617751] (-) TimerEvent: {}
[5.718173] (-) TimerEvent: {}
[5.818781] (-) TimerEvent: {}
[5.919383] (-) TimerEvent: {}
[6.019923] (-) TimerEvent: {}
[6.120413] (-) TimerEvent: {}
[6.220782] (-) TimerEvent: {}
[6.321117] (-) TimerEvent: {}
[6.421497] (-) TimerEvent: {}
[6.475000] (cpp01_topic_re) StdoutLine: {'line': b'[ 87%] \x1b[32m\x1b[1mLinking CXX executable demo04_listener_stu\x1b[0m\n'}
[6.521620] (-) TimerEvent: {}
[6.621981] (-) TimerEvent: {}
[6.722353] (-) TimerEvent: {}
[6.747944] (cpp01_topic_re) StdoutLine: {'line': b'[ 87%] Built target demo04_listener_stu\n'}
[6.748709] (cpp01_topic_re) StderrLine: {'line': b'gmake: *** [Makefile:146\xef\xbc\x9aall] \xe9\x94\x99\xe8\xaf\xaf 2\n'}
[6.750896] (cpp01_topic_re) CommandEnded: {'returncode': 2}
[6.781693] (cpp01_topic_re) JobEnded: {'identifier': 'cpp01_topic_re', 'rc': 2}
[6.792162] (-) EventReactorShutdown: {}
