[0.000000] (-) TimerEvent: {}
[0.000467] (-) JobUnselected: {'identifier': 'base_interfaces'}
[0.000496] (-) JobUnselected: {'identifier': 'cpp01_topic_re'}
[0.000527] (-) JobUnselected: {'identifier': 'cpp02_service'}
[0.000865] (-) JobUnselected: {'identifier': 'py01_topic_re'}
[0.000883] (-) JobUnselected: {'identifier': 'py02_service'}
[0.000895] (-) JobUnselected: {'identifier': 'py03_action'}
[0.000917] (cpp03_action) JobQueued: {'identifier': 'cpp03_action', 'dependencies': OrderedDict([('base_interfaces', '/home/kl/VS_CODE/Github_respository/ROS-_for_Study/ws01_plumbing/install/base_interfaces')])}
[0.000933] (cpp03_action) JobStarted: {'identifier': 'cpp03_action'}
[0.012979] (cpp03_action) JobProgress: {'identifier': 'cpp03_action', 'progress': 'cmake'}
[0.014032] (cpp03_action) JobProgress: {'identifier': 'cpp03_action', 'progress': 'build'}
[0.014077] (cpp03_action) Command: {'cmd': ['/usr/bin/cmake', '--build', '/home/kl/VS_CODE/Github_respository/ROS-_for_Study/ws01_plumbing/build/cpp03_action', '--', '-j8', '-l8'], 'cwd': '/home/kl/VS_CODE/Github_respository/ROS-_for_Study/ws01_plumbing/build/cpp03_action', 'env': OrderedDict([('GJS_DEBUG_TOPICS', 'JS ERROR;JS LOG'), ('LANGUAGE', 'zh_CN:zh'), ('USER', 'kl'), ('XDG_SESSION_TYPE', 'wayland'), ('GIT_ASKPASS', '/usr/share/code/resources/app/extensions/git/dist/askpass.sh'), ('SHLVL', '1'), ('LD_LIBRARY_PATH', '/home/kl/VS_CODE/Github_respository/ROS-_for_Study/ws01_plumbing/install/base_interfaces/lib:/opt/ros/humble/opt/rviz_ogre_vendor/lib:/opt/ros/humble/lib/x86_64-linux-gnu:/opt/ros/humble/lib'), ('HOME', '/home/kl'), ('CHROME_DESKTOP', 'code-url-handler.desktop'), ('TERM_PROGRAM_VERSION', '1.80.1'), ('DESKTOP_SESSION', 'ubuntu'), ('GIO_LAUNCHED_DESKTOP_FILE', '/usr/share/applications/github-desktop.desktop'), ('ROS_PYTHON_VERSION', '3'), ('GNOME_SHELL_SESSION_MODE', 'ubuntu'), ('GTK_MODULES', 'gail:atk-bridge'), ('VSCODE_GIT_ASKPASS_MAIN', '/usr/share/code/resources/app/extensions/git/dist/askpass-main.js'), ('VSCODE_GIT_ASKPASS_NODE', '/usr/share/code/code'), ('MANAGERPID', '1772'), ('SYSTEMD_EXEC_PID', '1988'), ('DBUS_SESSION_BUS_ADDRESS', 'unix:path=/run/user/1000/bus'), ('COLORTERM', 'truecolor'), ('GIO_LAUNCHED_DESKTOP_FILE_PID', '5215'), ('IM_CONFIG_PHASE', '1'), ('WAYLAND_DISPLAY', 'wayland-0'), ('ROS_DISTRO', 'humble'), ('LOGNAME', 'kl'), ('JOURNAL_STREAM', '8:32199'), ('_', '/usr/bin/colcon'), ('ROS_VERSION', '2'), ('XDG_SESSION_CLASS', 'user'), ('USERNAME', 'kl'), ('TERM', 'xterm-256color'), ('GNOME_DESKTOP_SESSION_ID', 'this-is-deprecated'), ('ROS_LOCALHOST_ONLY', '0'), ('PATH', '/opt/ros/humble/bin:/usr/local/sbin:/usr/local/bin:/usr/sbin:/usr/bin:/sbin:/bin:/usr/games:/usr/local/games:/snap/bin:/snap/bin'), ('SESSION_MANAGER', 'local/XX:@/tmp/.ICE-unix/1934,unix/XX:/tmp/.ICE-unix/1934'), ('INVOCATION_ID', '7537989bf97b48cf95a19e134f0ea095'), ('XDG_MENU_PREFIX', 'gnome-'), ('GNOME_SETUP_DISPLAY', ':1'), ('XDG_RUNTIME_DIR', '/run/user/1000'), ('GDK_BACKEND', 'x11'), ('DISPLAY', ':0'), ('LANG', 'zh_CN.UTF-8'), ('XDG_CURRENT_DESKTOP', 'Unity'), ('XMODIFIERS', '@im=ibus'), ('XDG_SESSION_DESKTOP', 'ubuntu'), ('XAUTHORITY', '/run/user/1000/.mutter-Xwaylandauth.6A5581'), ('VSCODE_GIT_IPC_HANDLE', '/run/user/1000/vscode-git-e1b967d37d.sock'), ('TERM_PROGRAM', 'vscode'), ('SSH_AGENT_LAUNCHER', 'gnome-keyring'), ('SSH_AUTH_SOCK', '/run/user/1000/keyring/ssh'), ('AMENT_PREFIX_PATH', '/home/kl/VS_CODE/Github_respository/ROS-_for_Study/ws01_plumbing/install/base_interfaces:/opt/ros/humble'), ('ORIGINAL_XDG_CURRENT_DESKTOP', 'Unity'), ('SHELL', '/bin/bash'), ('QT_ACCESSIBILITY', '1'), ('GDMSESSION', 'ubuntu'), ('GJS_DEBUG_OUTPUT', 'stderr'), ('VSCODE_GIT_ASKPASS_EXTRA_ARGS', '--ms-enable-electron-run-as-node'), ('QT_IM_MODULE', 'ibus'), ('PWD', '/home/kl/VS_CODE/Github_respository/ROS-_for_Study/ws01_plumbing/build/cpp03_action'), ('XDG_CONFIG_DIRS', '/etc/xdg/xdg-ubuntu:/etc/xdg'), ('XDG_DATA_DIRS', '/usr/share/ubuntu:/usr/local/share/:/usr/share/:/var/lib/snapd/desktop'), ('PYTHONPATH', '/home/kl/VS_CODE/Github_respository/ROS-_for_Study/ws01_plumbing/install/base_interfaces/local/lib/python3.10/dist-packages:/opt/ros/humble/lib/python3.10/site-packages:/opt/ros/humble/local/lib/python3.10/dist-packages'), ('COLCON', '1'), ('LOCAL_GIT_DIRECTORY', '/usr/lib/github-desktop/resources/app/git'), ('CMAKE_PREFIX_PATH', '/home/kl/VS_CODE/Github_respository/ROS-_for_Study/ws01_plumbing/install/base_interfaces:/opt/ros/humble')]), 'shell': False}
[0.045305] (cpp03_action) StdoutLine: {'line': b'\x1b[35m\x1b[1mConsolidate compiler generated dependencies of target demo02_action_client\x1b[0m\n'}
[0.045660] (cpp03_action) StdoutLine: {'line': b'\x1b[35m\x1b[1mConsolidate compiler generated dependencies of target demo01_action_server\x1b[0m\n'}
[0.058113] (cpp03_action) StdoutLine: {'line': b'[ 75%] \x1b[32mBuilding CXX object CMakeFiles/demo01_action_server.dir/src/demo01_action_server.cpp.o\x1b[0m\n'}
[0.058286] (cpp03_action) StdoutLine: {'line': b'[ 75%] Built target demo02_action_client\n'}
[0.099508] (-) TimerEvent: {}
[0.199769] (-) TimerEvent: {}
[0.300058] (-) TimerEvent: {}
[0.400416] (-) TimerEvent: {}
[0.500737] (-) TimerEvent: {}
[0.601081] (-) TimerEvent: {}
[0.701424] (-) TimerEvent: {}
[0.801838] (-) TimerEvent: {}
[0.902125] (-) TimerEvent: {}
[1.002489] (-) TimerEvent: {}
[1.102795] (-) TimerEvent: {}
[1.203115] (-) TimerEvent: {}
[1.303407] (-) TimerEvent: {}
[1.403706] (-) TimerEvent: {}
[1.504004] (-) TimerEvent: {}
[1.604351] (-) TimerEvent: {}
[1.704642] (-) TimerEvent: {}
[1.805061] (-) TimerEvent: {}
[1.810201] (cpp03_action) StderrLine: {'line': b'In file included from \x1b[01m\x1b[K/opt/ros/humble/include/rclcpp/rclcpp/logging.hpp:24\x1b[m\x1b[K,\n'}
[1.810374] (cpp03_action) StderrLine: {'line': b'                 from \x1b[01m\x1b[K/opt/ros/humble/include/rclcpp/rclcpp/client.hpp:40\x1b[m\x1b[K,\n'}
[1.810422] (cpp03_action) StderrLine: {'line': b'                 from \x1b[01m\x1b[K/opt/ros/humble/include/rclcpp/rclcpp/callback_group.hpp:24\x1b[m\x1b[K,\n'}
[1.810464] (cpp03_action) StderrLine: {'line': b'                 from \x1b[01m\x1b[K/opt/ros/humble/include/rclcpp/rclcpp/any_executable.hpp:20\x1b[m\x1b[K,\n'}
[1.810504] (cpp03_action) StderrLine: {'line': b'                 from \x1b[01m\x1b[K/opt/ros/humble/include/rclcpp/rclcpp/memory_strategy.hpp:25\x1b[m\x1b[K,\n'}
[1.810544] (cpp03_action) StderrLine: {'line': b'                 from \x1b[01m\x1b[K/opt/ros/humble/include/rclcpp/rclcpp/memory_strategies.hpp:18\x1b[m\x1b[K,\n'}
[1.810583] (cpp03_action) StderrLine: {'line': b'                 from \x1b[01m\x1b[K/opt/ros/humble/include/rclcpp/rclcpp/executor_options.hpp:20\x1b[m\x1b[K,\n'}
[1.810622] (cpp03_action) StderrLine: {'line': b'                 from \x1b[01m\x1b[K/opt/ros/humble/include/rclcpp/rclcpp/executor.hpp:37\x1b[m\x1b[K,\n'}
[1.810661] (cpp03_action) StderrLine: {'line': b'                 from \x1b[01m\x1b[K/opt/ros/humble/include/rclcpp/rclcpp/executors/multi_threaded_executor.hpp:25\x1b[m\x1b[K,\n'}
[1.810701] (cpp03_action) StderrLine: {'line': b'                 from \x1b[01m\x1b[K/opt/ros/humble/include/rclcpp/rclcpp/executors.hpp:21\x1b[m\x1b[K,\n'}
[1.810739] (cpp03_action) StderrLine: {'line': b'                 from \x1b[01m\x1b[K/opt/ros/humble/include/rclcpp/rclcpp/rclcpp.hpp:155\x1b[m\x1b[K,\n'}
[1.810778] (cpp03_action) StderrLine: {'line': b'                 from \x1b[01m\x1b[K/home/kl/VS_CODE/Github_respository/ROS-_for_Study/ws01_plumbing/src/cpp03_action/src/demo01_action_server.cpp:1\x1b[m\x1b[K:\n'}
[1.810817] (cpp03_action) StderrLine: {'line': b'\x1b[01m\x1b[K/home/kl/VS_CODE/Github_respository/ROS-_for_Study/ws01_plumbing/src/cpp03_action/src/demo01_action_server.cpp:\x1b[m\x1b[K In member function \xe2\x80\x98\x1b[01m\x1b[Kvoid ProgressActionServer::execute(std::shared_ptr<rclcpp_action::ServerGoalHandle<base_interfaces::action::Progress> >)\x1b[m\x1b[K\xe2\x80\x99:\n'}
[1.810860] (cpp03_action) StderrLine: {'line': b'\x1b[01m\x1b[K/home/kl/VS_CODE/Github_respository/ROS-_for_Study/ws01_plumbing/src/cpp03_action/src/demo01_action_server.cpp:92:38:\x1b[m\x1b[K \x1b[01;35m\x1b[Kwarning: \x1b[m\x1b[Kspurious trailing \xe2\x80\x98\x1b[01m\x1b[K%\x1b[m\x1b[K\xe2\x80\x99 in format [\x1b[01;35m\x1b[K\x1b]8;;https://gcc.gnu.org/onlinedocs/gcc/Warning-Options.html#index-Wformat=\x07-Wformat=\x1b]8;;\x07\x1b[m\x1b[K]\n'}
[1.810911] (cpp03_action) StderrLine: {'line': b'   92 |    RCLCPP_INFO(this->get_logger(),\x1b[01;35m\x1b[K"\xe8\xbf\x9e\xe7\xbb\xad\xe5\x8f\x8d\xe9\xa6\x88\xe4\xb8\xad... \xe8\xbf\x9b\xe5\xba\xa6\xef\xbc\x9a%.2f%"\x1b[m\x1b[K,progress);\n'}
[1.810956] (cpp03_action) StderrLine: {'line': b'      |                                   \x1b[01;35m\x1b[K^~~~~~~~~~~~~~~~~~~~~~~~~~~\x1b[m\x1b[K\n'}
[1.810992] (cpp03_action) StderrLine: {'line': b'\n'}
[1.811036] (cpp03_action) StderrLine: {'line': b'\x1b[01m\x1b[K/home/kl/VS_CODE/Github_respository/ROS-_for_Study/ws01_plumbing/src/cpp03_action/src/demo01_action_server.cpp:92:63:\x1b[m\x1b[K \x1b[01;36m\x1b[Knote: \x1b[m\x1b[Kformat string is defined here\n'}
[1.811088] (cpp03_action) StderrLine: {'line': b'   92 | logger(),"\xe8\xbf\x9e\xe7\xbb\xad\xe5\x8f\x8d\xe9\xa6\x88\xe4\xb8\xad... \xe8\xbf\x9b\xe5\xba\xa6\xef\xbc\x9a%.2f\x1b[01;36m\x1b[K%\x1b[m\x1b[K",progress);\n'}
[1.811143] (cpp03_action) StderrLine: {'line': b'      |                                   \x1b[01;36m\x1b[K^\x1b[m\x1b[K\n'}
[1.811202] (cpp03_action) StderrLine: {'line': b'\n'}
[1.905200] (-) TimerEvent: {}
[2.005560] (-) TimerEvent: {}
[2.105905] (-) TimerEvent: {}
[2.206181] (-) TimerEvent: {}
[2.306464] (-) TimerEvent: {}
[2.406766] (-) TimerEvent: {}
[2.507050] (-) TimerEvent: {}
[2.607393] (-) TimerEvent: {}
[2.707680] (-) TimerEvent: {}
[2.731991] (cpp03_action) StdoutLine: {'line': b'[100%] \x1b[32m\x1b[1mLinking CXX executable demo01_action_server\x1b[0m\n'}
[2.807860] (-) TimerEvent: {}
[2.847615] (cpp03_action) StdoutLine: {'line': b'[100%] Built target demo01_action_server\n'}
[2.854999] (cpp03_action) CommandEnded: {'returncode': 0}
[2.875837] (cpp03_action) JobProgress: {'identifier': 'cpp03_action', 'progress': 'install'}
[2.885199] (cpp03_action) Command: {'cmd': ['/usr/bin/cmake', '--install', '/home/kl/VS_CODE/Github_respository/ROS-_for_Study/ws01_plumbing/build/cpp03_action'], 'cwd': '/home/kl/VS_CODE/Github_respository/ROS-_for_Study/ws01_plumbing/build/cpp03_action', 'env': OrderedDict([('GJS_DEBUG_TOPICS', 'JS ERROR;JS LOG'), ('LANGUAGE', 'zh_CN:zh'), ('USER', 'kl'), ('XDG_SESSION_TYPE', 'wayland'), ('GIT_ASKPASS', '/usr/share/code/resources/app/extensions/git/dist/askpass.sh'), ('SHLVL', '1'), ('LD_LIBRARY_PATH', '/home/kl/VS_CODE/Github_respository/ROS-_for_Study/ws01_plumbing/install/base_interfaces/lib:/opt/ros/humble/opt/rviz_ogre_vendor/lib:/opt/ros/humble/lib/x86_64-linux-gnu:/opt/ros/humble/lib'), ('HOME', '/home/kl'), ('CHROME_DESKTOP', 'code-url-handler.desktop'), ('TERM_PROGRAM_VERSION', '1.80.1'), ('DESKTOP_SESSION', 'ubuntu'), ('GIO_LAUNCHED_DESKTOP_FILE', '/usr/share/applications/github-desktop.desktop'), ('ROS_PYTHON_VERSION', '3'), ('GNOME_SHELL_SESSION_MODE', 'ubuntu'), ('GTK_MODULES', 'gail:atk-bridge'), ('VSCODE_GIT_ASKPASS_MAIN', '/usr/share/code/resources/app/extensions/git/dist/askpass-main.js'), ('VSCODE_GIT_ASKPASS_NODE', '/usr/share/code/code'), ('MANAGERPID', '1772'), ('SYSTEMD_EXEC_PID', '1988'), ('DBUS_SESSION_BUS_ADDRESS', 'unix:path=/run/user/1000/bus'), ('COLORTERM', 'truecolor'), ('GIO_LAUNCHED_DESKTOP_FILE_PID', '5215'), ('IM_CONFIG_PHASE', '1'), ('WAYLAND_DISPLAY', 'wayland-0'), ('ROS_DISTRO', 'humble'), ('LOGNAME', 'kl'), ('JOURNAL_STREAM', '8:32199'), ('_', '/usr/bin/colcon'), ('ROS_VERSION', '2'), ('XDG_SESSION_CLASS', 'user'), ('USERNAME', 'kl'), ('TERM', 'xterm-256color'), ('GNOME_DESKTOP_SESSION_ID', 'this-is-deprecated'), ('ROS_LOCALHOST_ONLY', '0'), ('PATH', '/opt/ros/humble/bin:/usr/local/sbin:/usr/local/bin:/usr/sbin:/usr/bin:/sbin:/bin:/usr/games:/usr/local/games:/snap/bin:/snap/bin'), ('SESSION_MANAGER', 'local/XX:@/tmp/.ICE-unix/1934,unix/XX:/tmp/.ICE-unix/1934'), ('INVOCATION_ID', '7537989bf97b48cf95a19e134f0ea095'), ('XDG_MENU_PREFIX', 'gnome-'), ('GNOME_SETUP_DISPLAY', ':1'), ('XDG_RUNTIME_DIR', '/run/user/1000'), ('GDK_BACKEND', 'x11'), ('DISPLAY', ':0'), ('LANG', 'zh_CN.UTF-8'), ('XDG_CURRENT_DESKTOP', 'Unity'), ('XMODIFIERS', '@im=ibus'), ('XDG_SESSION_DESKTOP', 'ubuntu'), ('XAUTHORITY', '/run/user/1000/.mutter-Xwaylandauth.6A5581'), ('VSCODE_GIT_IPC_HANDLE', '/run/user/1000/vscode-git-e1b967d37d.sock'), ('TERM_PROGRAM', 'vscode'), ('SSH_AGENT_LAUNCHER', 'gnome-keyring'), ('SSH_AUTH_SOCK', '/run/user/1000/keyring/ssh'), ('AMENT_PREFIX_PATH', '/home/kl/VS_CODE/Github_respository/ROS-_for_Study/ws01_plumbing/install/base_interfaces:/opt/ros/humble'), ('ORIGINAL_XDG_CURRENT_DESKTOP', 'Unity'), ('SHELL', '/bin/bash'), ('QT_ACCESSIBILITY', '1'), ('GDMSESSION', 'ubuntu'), ('GJS_DEBUG_OUTPUT', 'stderr'), ('VSCODE_GIT_ASKPASS_EXTRA_ARGS', '--ms-enable-electron-run-as-node'), ('QT_IM_MODULE', 'ibus'), ('PWD', '/home/kl/VS_CODE/Github_respository/ROS-_for_Study/ws01_plumbing/build/cpp03_action'), ('XDG_CONFIG_DIRS', '/etc/xdg/xdg-ubuntu:/etc/xdg'), ('XDG_DATA_DIRS', '/usr/share/ubuntu:/usr/local/share/:/usr/share/:/var/lib/snapd/desktop'), ('PYTHONPATH', '/home/kl/VS_CODE/Github_respository/ROS-_for_Study/ws01_plumbing/install/base_interfaces/local/lib/python3.10/dist-packages:/opt/ros/humble/lib/python3.10/site-packages:/opt/ros/humble/local/lib/python3.10/dist-packages'), ('COLCON', '1'), ('LOCAL_GIT_DIRECTORY', '/usr/lib/github-desktop/resources/app/git'), ('CMAKE_PREFIX_PATH', '/home/kl/VS_CODE/Github_respository/ROS-_for_Study/ws01_plumbing/install/base_interfaces:/opt/ros/humble')]), 'shell': False}
[2.893082] (cpp03_action) StdoutLine: {'line': b'-- Install configuration: ""\n'}
[2.893412] (cpp03_action) StdoutLine: {'line': b'-- Installing: /home/kl/VS_CODE/Github_respository/ROS-_for_Study/ws01_plumbing/install/cpp03_action/lib/cpp03_action/demo01_action_server\n'}
[2.894562] (cpp03_action) StdoutLine: {'line': b'-- Set runtime path of "/home/kl/VS_CODE/Github_respository/ROS-_for_Study/ws01_plumbing/install/cpp03_action/lib/cpp03_action/demo01_action_server" to ""\n'}
[2.894800] (cpp03_action) StdoutLine: {'line': b'-- Up-to-date: /home/kl/VS_CODE/Github_respository/ROS-_for_Study/ws01_plumbing/install/cpp03_action/lib/cpp03_action/demo02_action_client\n'}
[2.895003] (cpp03_action) StdoutLine: {'line': b'-- Up-to-date: /home/kl/VS_CODE/Github_respository/ROS-_for_Study/ws01_plumbing/install/cpp03_action/share/ament_index/resource_index/package_run_dependencies/cpp03_action\n'}
[2.895179] (cpp03_action) StdoutLine: {'line': b'-- Up-to-date: /home/kl/VS_CODE/Github_respository/ROS-_for_Study/ws01_plumbing/install/cpp03_action/share/ament_index/resource_index/parent_prefix_path/cpp03_action\n'}
[2.895289] (cpp03_action) StdoutLine: {'line': b'-- Up-to-date: /home/kl/VS_CODE/Github_respository/ROS-_for_Study/ws01_plumbing/install/cpp03_action/share/cpp03_action/environment/ament_prefix_path.sh\n'}
[2.895365] (cpp03_action) StdoutLine: {'line': b'-- Up-to-date: /home/kl/VS_CODE/Github_respository/ROS-_for_Study/ws01_plumbing/install/cpp03_action/share/cpp03_action/environment/ament_prefix_path.dsv\n'}
[2.895435] (cpp03_action) StdoutLine: {'line': b'-- Up-to-date: /home/kl/VS_CODE/Github_respository/ROS-_for_Study/ws01_plumbing/install/cpp03_action/share/cpp03_action/environment/path.sh\n'}
[2.895532] (cpp03_action) StdoutLine: {'line': b'-- Up-to-date: /home/kl/VS_CODE/Github_respository/ROS-_for_Study/ws01_plumbing/install/cpp03_action/share/cpp03_action/environment/path.dsv\n'}
[2.895655] (cpp03_action) StdoutLine: {'line': b'-- Up-to-date: /home/kl/VS_CODE/Github_respository/ROS-_for_Study/ws01_plumbing/install/cpp03_action/share/cpp03_action/local_setup.bash\n'}
[2.895721] (cpp03_action) StdoutLine: {'line': b'-- Up-to-date: /home/kl/VS_CODE/Github_respository/ROS-_for_Study/ws01_plumbing/install/cpp03_action/share/cpp03_action/local_setup.sh\n'}
[2.895786] (cpp03_action) StdoutLine: {'line': b'-- Up-to-date: /home/kl/VS_CODE/Github_respository/ROS-_for_Study/ws01_plumbing/install/cpp03_action/share/cpp03_action/local_setup.zsh\n'}
[2.895855] (cpp03_action) StdoutLine: {'line': b'-- Up-to-date: /home/kl/VS_CODE/Github_respository/ROS-_for_Study/ws01_plumbing/install/cpp03_action/share/cpp03_action/local_setup.dsv\n'}
[2.895932] (cpp03_action) StdoutLine: {'line': b'-- Installing: /home/kl/VS_CODE/Github_respository/ROS-_for_Study/ws01_plumbing/install/cpp03_action/share/cpp03_action/package.dsv\n'}
[2.895980] (cpp03_action) StdoutLine: {'line': b'-- Up-to-date: /home/kl/VS_CODE/Github_respository/ROS-_for_Study/ws01_plumbing/install/cpp03_action/share/ament_index/resource_index/packages/cpp03_action\n'}
[2.896039] (cpp03_action) StdoutLine: {'line': b'-- Up-to-date: /home/kl/VS_CODE/Github_respository/ROS-_for_Study/ws01_plumbing/install/cpp03_action/share/cpp03_action/cmake/cpp03_actionConfig.cmake\n'}
[2.896083] (cpp03_action) StdoutLine: {'line': b'-- Up-to-date: /home/kl/VS_CODE/Github_respository/ROS-_for_Study/ws01_plumbing/install/cpp03_action/share/cpp03_action/cmake/cpp03_actionConfig-version.cmake\n'}
[2.896126] (cpp03_action) StdoutLine: {'line': b'-- Up-to-date: /home/kl/VS_CODE/Github_respository/ROS-_for_Study/ws01_plumbing/install/cpp03_action/share/cpp03_action/package.xml\n'}
[2.897717] (cpp03_action) CommandEnded: {'returncode': 0}
[2.908011] (-) TimerEvent: {}
[2.933909] (cpp03_action) JobEnded: {'identifier': 'cpp03_action', 'rc': 0}
[2.934468] (-) EventReactorShutdown: {}
