[0.000000] (-) TimerEvent: {}
[0.000153] (base_interfaces) JobQueued: {'identifier': 'base_interfaces', 'dependencies': OrderedDict()}
[0.000189] (cpp01_topic_re) JobQueued: {'identifier': 'cpp01_topic_re', 'dependencies': OrderedDict()}
[0.000202] (py01_topic_re) JobQueued: {'identifier': 'py01_topic_re', 'dependencies': OrderedDict()}
[0.000213] (base_interfaces) JobStarted: {'identifier': 'base_interfaces'}
[0.011941] (cpp01_topic_re) JobStarted: {'identifier': 'cpp01_topic_re'}
[0.018407] (py01_topic_re) JobStarted: {'identifier': 'py01_topic_re'}
[0.027335] (base_interfaces) JobProgress: {'identifier': 'base_interfaces', 'progress': 'cmake'}
[0.030479] (base_interfaces) JobProgress: {'identifier': 'base_interfaces', 'progress': 'build'}
[0.030525] (base_interfaces) Command: {'cmd': ['/usr/bin/cmake', '--build', '/home/kl/VS_CODE/Github_respository/ROS-_for_Study/ws01_plumbing/build/base_interfaces', '--', '-j8', '-l8'], 'cwd': '/home/kl/VS_CODE/Github_respository/ROS-_for_Study/ws01_plumbing/build/base_interfaces', 'env': OrderedDict([('GJS_DEBUG_TOPICS', 'JS ERROR;JS LOG'), ('LANGUAGE', 'zh_CN:zh'), ('USER', 'kl'), ('XDG_SESSION_TYPE', 'wayland'), ('GIT_ASKPASS', '/usr/share/code/resources/app/extensions/git/dist/askpass.sh'), ('SHLVL', '1'), ('LD_LIBRARY_PATH', '/opt/ros/humble/opt/rviz_ogre_vendor/lib:/opt/ros/humble/lib/x86_64-linux-gnu:/opt/ros/humble/lib'), ('HOME', '/home/kl'), ('CHROME_DESKTOP', 'code-url-handler.desktop'), ('OLDPWD', '/home/kl/VS_CODE/Github_respository/ROS-_for_Study/ws01_plumbing/src'), ('TERM_PROGRAM_VERSION', '1.80.1'), ('DESKTOP_SESSION', 'ubuntu'), ('GIO_LAUNCHED_DESKTOP_FILE', '/usr/share/applications/code.desktop'), ('ROS_PYTHON_VERSION', '3'), ('GNOME_SHELL_SESSION_MODE', 'ubuntu'), ('GTK_MODULES', 'gail:atk-bridge'), ('VSCODE_GIT_ASKPASS_MAIN', '/usr/share/code/resources/app/extensions/git/dist/askpass-main.js'), ('VSCODE_GIT_ASKPASS_NODE', '/usr/share/code/code'), ('MANAGERPID', '1775'), ('SYSTEMD_EXEC_PID', '1990'), ('IM_CONFIG_CHECK_ENV', '1'), ('DBUS_SESSION_BUS_ADDRESS', 'unix:path=/run/user/1000/bus'), ('COLORTERM', 'truecolor'), ('GIO_LAUNCHED_DESKTOP_FILE_PID', '5031'), ('IM_CONFIG_PHASE', '1'), ('WAYLAND_DISPLAY', 'wayland-0'), ('ROS_DISTRO', 'humble'), ('LOGNAME', 'kl'), ('JOURNAL_STREAM', '8:29442'), ('_', '/usr/bin/colcon'), ('ROS_VERSION', '2'), ('XDG_SESSION_CLASS', 'user'), ('USERNAME', 'kl'), ('TERM', 'xterm-256color'), ('GNOME_DESKTOP_SESSION_ID', 'this-is-deprecated'), ('ROS_LOCALHOST_ONLY', '0'), ('PATH', '/opt/ros/humble/bin:/usr/local/sbin:/usr/local/bin:/usr/sbin:/usr/bin:/sbin:/bin:/usr/games:/usr/local/games:/snap/bin:/snap/bin'), ('SESSION_MANAGER', 'local/XX:@/tmp/.ICE-unix/1962,unix/XX:/tmp/.ICE-unix/1962'), ('INVOCATION_ID', '12854c05d52e4d62ad666a70d9397c68'), ('XDG_MENU_PREFIX', 'gnome-'), ('GNOME_SETUP_DISPLAY', ':1'), ('XDG_RUNTIME_DIR', '/run/user/1000'), ('GDK_BACKEND', 'x11'), ('DISPLAY', ':0'), ('LANG', 'zh_CN.UTF-8'), ('XDG_CURRENT_DESKTOP', 'Unity'), ('XMODIFIERS', '@im=ibus'), ('XDG_SESSION_DESKTOP', 'ubuntu'), ('XAUTHORITY', '/run/user/1000/.mutter-Xwaylandauth.FTY971'), ('VSCODE_GIT_IPC_HANDLE', '/run/user/1000/vscode-git-cef9963d23.sock'), ('TERM_PROGRAM', 'vscode'), ('SSH_AGENT_LAUNCHER', 'gnome-keyring'), ('SSH_AUTH_SOCK', '/run/user/1000/keyring/ssh'), ('AMENT_PREFIX_PATH', '/opt/ros/humble'), ('ORIGINAL_XDG_CURRENT_DESKTOP', 'ubuntu:GNOME'), ('SHELL', '/bin/bash'), ('QT_ACCESSIBILITY', '1'), ('GDMSESSION', 'ubuntu'), ('GJS_DEBUG_OUTPUT', 'stderr'), ('VSCODE_GIT_ASKPASS_EXTRA_ARGS', '--ms-enable-electron-run-as-node'), ('QT_IM_MODULE', 'ibus'), ('PWD', '/home/kl/VS_CODE/Github_respository/ROS-_for_Study/ws01_plumbing/build/base_interfaces'), ('XDG_CONFIG_DIRS', '/etc/xdg/xdg-ubuntu:/etc/xdg'), ('XDG_DATA_DIRS', '/usr/share/ubuntu:/usr/local/share/:/usr/share/:/var/lib/snapd/desktop'), ('PYTHONPATH', '/opt/ros/humble/lib/python3.10/site-packages:/opt/ros/humble/local/lib/python3.10/dist-packages'), ('COLCON', '1'), ('CMAKE_PREFIX_PATH', '/opt/ros/humble')]), 'shell': False}
[0.034091] (cpp01_topic_re) JobProgress: {'identifier': 'cpp01_topic_re', 'progress': 'cmake'}
[0.034308] (cpp01_topic_re) Command: {'cmd': ['/usr/bin/cmake', '/home/kl/VS_CODE/Github_respository/ROS-_for_Study/ws01_plumbing/src/cpp01_topic_re', '-DCMAKE_INSTALL_PREFIX=/home/kl/VS_CODE/Github_respository/ROS-_for_Study/ws01_plumbing/install/cpp01_topic_re'], 'cwd': '/home/kl/VS_CODE/Github_respository/ROS-_for_Study/ws01_plumbing/build/cpp01_topic_re', 'env': OrderedDict([('GJS_DEBUG_TOPICS', 'JS ERROR;JS LOG'), ('LANGUAGE', 'zh_CN:zh'), ('USER', 'kl'), ('XDG_SESSION_TYPE', 'wayland'), ('GIT_ASKPASS', '/usr/share/code/resources/app/extensions/git/dist/askpass.sh'), ('SHLVL', '1'), ('LD_LIBRARY_PATH', '/opt/ros/humble/opt/rviz_ogre_vendor/lib:/opt/ros/humble/lib/x86_64-linux-gnu:/opt/ros/humble/lib'), ('HOME', '/home/kl'), ('CHROME_DESKTOP', 'code-url-handler.desktop'), ('OLDPWD', '/home/kl/VS_CODE/Github_respository/ROS-_for_Study/ws01_plumbing/src'), ('TERM_PROGRAM_VERSION', '1.80.1'), ('DESKTOP_SESSION', 'ubuntu'), ('GIO_LAUNCHED_DESKTOP_FILE', '/usr/share/applications/code.desktop'), ('ROS_PYTHON_VERSION', '3'), ('GNOME_SHELL_SESSION_MODE', 'ubuntu'), ('GTK_MODULES', 'gail:atk-bridge'), ('VSCODE_GIT_ASKPASS_MAIN', '/usr/share/code/resources/app/extensions/git/dist/askpass-main.js'), ('VSCODE_GIT_ASKPASS_NODE', '/usr/share/code/code'), ('MANAGERPID', '1775'), ('SYSTEMD_EXEC_PID', '1990'), ('IM_CONFIG_CHECK_ENV', '1'), ('DBUS_SESSION_BUS_ADDRESS', 'unix:path=/run/user/1000/bus'), ('COLORTERM', 'truecolor'), ('GIO_LAUNCHED_DESKTOP_FILE_PID', '5031'), ('IM_CONFIG_PHASE', '1'), ('WAYLAND_DISPLAY', 'wayland-0'), ('ROS_DISTRO', 'humble'), ('LOGNAME', 'kl'), ('JOURNAL_STREAM', '8:29442'), ('_', '/usr/bin/colcon'), ('ROS_VERSION', '2'), ('XDG_SESSION_CLASS', 'user'), ('USERNAME', 'kl'), ('TERM', 'xterm-256color'), ('GNOME_DESKTOP_SESSION_ID', 'this-is-deprecated'), ('ROS_LOCALHOST_ONLY', '0'), ('PATH', '/opt/ros/humble/bin:/usr/local/sbin:/usr/local/bin:/usr/sbin:/usr/bin:/sbin:/bin:/usr/games:/usr/local/games:/snap/bin:/snap/bin'), ('SESSION_MANAGER', 'local/XX:@/tmp/.ICE-unix/1962,unix/XX:/tmp/.ICE-unix/1962'), ('INVOCATION_ID', '12854c05d52e4d62ad666a70d9397c68'), ('XDG_MENU_PREFIX', 'gnome-'), ('GNOME_SETUP_DISPLAY', ':1'), ('XDG_RUNTIME_DIR', '/run/user/1000'), ('GDK_BACKEND', 'x11'), ('DISPLAY', ':0'), ('LANG', 'zh_CN.UTF-8'), ('XDG_CURRENT_DESKTOP', 'Unity'), ('XMODIFIERS', '@im=ibus'), ('XDG_SESSION_DESKTOP', 'ubuntu'), ('XAUTHORITY', '/run/user/1000/.mutter-Xwaylandauth.FTY971'), ('VSCODE_GIT_IPC_HANDLE', '/run/user/1000/vscode-git-cef9963d23.sock'), ('TERM_PROGRAM', 'vscode'), ('SSH_AGENT_LAUNCHER', 'gnome-keyring'), ('SSH_AUTH_SOCK', '/run/user/1000/keyring/ssh'), ('AMENT_PREFIX_PATH', '/opt/ros/humble'), ('ORIGINAL_XDG_CURRENT_DESKTOP', 'ubuntu:GNOME'), ('SHELL', '/bin/bash'), ('QT_ACCESSIBILITY', '1'), ('GDMSESSION', 'ubuntu'), ('GJS_DEBUG_OUTPUT', 'stderr'), ('VSCODE_GIT_ASKPASS_EXTRA_ARGS', '--ms-enable-electron-run-as-node'), ('QT_IM_MODULE', 'ibus'), ('PWD', '/home/kl/VS_CODE/Github_respository/ROS-_for_Study/ws01_plumbing/build/cpp01_topic_re'), ('XDG_CONFIG_DIRS', '/etc/xdg/xdg-ubuntu:/etc/xdg'), ('XDG_DATA_DIRS', '/usr/share/ubuntu:/usr/local/share/:/usr/share/:/var/lib/snapd/desktop'), ('PYTHONPATH', '/opt/ros/humble/lib/python3.10/site-packages:/opt/ros/humble/local/lib/python3.10/dist-packages'), ('COLCON', '1'), ('CMAKE_PREFIX_PATH', '/opt/ros/humble')]), 'shell': False}
[0.099147] (-) TimerEvent: {}
[0.175974] (base_interfaces) StdoutLine: {'line': b'[  3%] Built target base_interfaces__cpp\n'}
[0.179813] (base_interfaces) StdoutLine: {'line': b'\x1b[35m\x1b[1mConsolidate compiler generated dependencies of target base_interfaces__rosidl_generator_c\x1b[0m\n'}
[0.199283] (-) TimerEvent: {}
[0.200515] (base_interfaces) StdoutLine: {'line': b'[  3%] Built target ament_cmake_python_copy_base_interfaces\n'}
[0.206721] (base_interfaces) StdoutLine: {'line': b'\x1b[35m\x1b[1mConsolidate compiler generated dependencies of target base_interfaces__rosidl_typesupport_fastrtps_cpp\x1b[0m\n'}
[0.210539] (base_interfaces) StdoutLine: {'line': b'\x1b[35m\x1b[1mConsolidate compiler generated dependencies of target base_interfaces__rosidl_typesupport_cpp\x1b[0m\n'}
[0.218902] (base_interfaces) StdoutLine: {'line': b'\x1b[35m\x1b[1mConsolidate compiler generated dependencies of target base_interfaces__rosidl_typesupport_introspection_cpp\x1b[0m\n'}
[0.232602] (base_interfaces) StdoutLine: {'line': b'[ 12%] Built target base_interfaces__rosidl_generator_c\n'}
[0.268139] (base_interfaces) StdoutLine: {'line': b'\x1b[35m\x1b[1mConsolidate compiler generated dependencies of target base_interfaces__rosidl_typesupport_introspection_c\x1b[0m\n'}
[0.268660] (base_interfaces) StdoutLine: {'line': b'\x1b[35m\x1b[1mConsolidate compiler generated dependencies of target base_interfaces__rosidl_typesupport_fastrtps_c\x1b[0m\n'}
[0.273426] (base_interfaces) StdoutLine: {'line': b'\x1b[35m\x1b[1mConsolidate compiler generated dependencies of target base_interfaces__rosidl_typesupport_c\x1b[0m\n'}
[0.282428] (base_interfaces) StdoutLine: {'line': b'[ 22%] Built target base_interfaces__rosidl_typesupport_cpp\n'}
[0.285373] (base_interfaces) StdoutLine: {'line': b'[ 54%] Built target base_interfaces__rosidl_typesupport_fastrtps_cpp\n'}
[0.285662] (base_interfaces) StdoutLine: {'line': b'[ 54%] Built target base_interfaces__rosidl_typesupport_c\n'}
[0.285767] (base_interfaces) StdoutLine: {'line': b'[ 54%] Built target base_interfaces__rosidl_typesupport_introspection_c\n'}
[0.285856] (base_interfaces) StdoutLine: {'line': b'[ 61%] Built target base_interfaces__rosidl_typesupport_introspection_cpp\n'}
[0.290190] (base_interfaces) StdoutLine: {'line': b'[ 70%] Built target base_interfaces__rosidl_typesupport_fastrtps_c\n'}
[0.299376] (-) TimerEvent: {}
[0.312520] (base_interfaces) StdoutLine: {'line': b'[ 70%] Built target base_interfaces\n'}
[0.361415] (base_interfaces) StdoutLine: {'line': b'[ 74%] Built target base_interfaces__py\n'}
[0.383863] (base_interfaces) StdoutLine: {'line': b'\x1b[35m\x1b[1mConsolidate compiler generated dependencies of target base_interfaces__rosidl_generator_py\x1b[0m\n'}
[0.399469] (-) TimerEvent: {}
[0.413137] (base_interfaces) StdoutLine: {'line': b'[ 80%] Built target base_interfaces__rosidl_generator_py\n'}
[0.427693] (base_interfaces) StdoutLine: {'line': b'running egg_info\n'}
[0.428944] (base_interfaces) StdoutLine: {'line': b'writing base_interfaces.egg-info/PKG-INFO\n'}
[0.429230] (base_interfaces) StdoutLine: {'line': b'writing dependency_links to base_interfaces.egg-info/dependency_links.txt\n'}
[0.429683] (base_interfaces) StdoutLine: {'line': b'writing top-level names to base_interfaces.egg-info/top_level.txt\n'}
[0.439196] (base_interfaces) StdoutLine: {'line': b'\x1b[35m\x1b[1mConsolidate compiler generated dependencies of target base_interfaces__rosidl_typesupport_introspection_c__pyext\x1b[0m\n'}
[0.439551] (base_interfaces) StdoutLine: {'line': b"reading manifest file 'base_interfaces.egg-info/SOURCES.txt'\n"}
[0.439854] (base_interfaces) StdoutLine: {'line': b'\x1b[35m\x1b[1mConsolidate compiler generated dependencies of target base_interfaces__rosidl_typesupport_fastrtps_c__pyext\x1b[0m\n'}
[0.440290] (base_interfaces) StdoutLine: {'line': b'\x1b[35m\x1b[1mConsolidate compiler generated dependencies of target base_interfaces__rosidl_typesupport_c__pyext\x1b[0m\n'}
[0.441176] (base_interfaces) StdoutLine: {'line': b"writing manifest file 'base_interfaces.egg-info/SOURCES.txt'\n"}
[0.453744] (base_interfaces) StdoutLine: {'line': b'[ 87%] Built target base_interfaces__rosidl_typesupport_introspection_c__pyext\n'}
[0.454002] (base_interfaces) StdoutLine: {'line': b'[ 93%] Built target base_interfaces__rosidl_typesupport_fastrtps_c__pyext\n'}
[0.455697] (base_interfaces) StdoutLine: {'line': b'[100%] Built target base_interfaces__rosidl_typesupport_c__pyext\n'}
[0.465440] (cpp01_topic_re) StdoutLine: {'line': b'-- The C compiler identification is GNU 11.3.0\n'}
[0.478503] (base_interfaces) StdoutLine: {'line': b'[100%] Built target ament_cmake_python_build_base_interfaces_egg\n'}
[0.488025] (base_interfaces) CommandEnded: {'returncode': 0}
[0.499563] (-) TimerEvent: {}
[0.522678] (base_interfaces) JobProgress: {'identifier': 'base_interfaces', 'progress': 'install'}
[0.529509] (base_interfaces) Command: {'cmd': ['/usr/bin/cmake', '--install', '/home/kl/VS_CODE/Github_respository/ROS-_for_Study/ws01_plumbing/build/base_interfaces'], 'cwd': '/home/kl/VS_CODE/Github_respository/ROS-_for_Study/ws01_plumbing/build/base_interfaces', 'env': OrderedDict([('GJS_DEBUG_TOPICS', 'JS ERROR;JS LOG'), ('LANGUAGE', 'zh_CN:zh'), ('USER', 'kl'), ('XDG_SESSION_TYPE', 'wayland'), ('GIT_ASKPASS', '/usr/share/code/resources/app/extensions/git/dist/askpass.sh'), ('SHLVL', '1'), ('LD_LIBRARY_PATH', '/opt/ros/humble/opt/rviz_ogre_vendor/lib:/opt/ros/humble/lib/x86_64-linux-gnu:/opt/ros/humble/lib'), ('HOME', '/home/kl'), ('CHROME_DESKTOP', 'code-url-handler.desktop'), ('OLDPWD', '/home/kl/VS_CODE/Github_respository/ROS-_for_Study/ws01_plumbing/src'), ('TERM_PROGRAM_VERSION', '1.80.1'), ('DESKTOP_SESSION', 'ubuntu'), ('GIO_LAUNCHED_DESKTOP_FILE', '/usr/share/applications/code.desktop'), ('ROS_PYTHON_VERSION', '3'), ('GNOME_SHELL_SESSION_MODE', 'ubuntu'), ('GTK_MODULES', 'gail:atk-bridge'), ('VSCODE_GIT_ASKPASS_MAIN', '/usr/share/code/resources/app/extensions/git/dist/askpass-main.js'), ('VSCODE_GIT_ASKPASS_NODE', '/usr/share/code/code'), ('MANAGERPID', '1775'), ('SYSTEMD_EXEC_PID', '1990'), ('IM_CONFIG_CHECK_ENV', '1'), ('DBUS_SESSION_BUS_ADDRESS', 'unix:path=/run/user/1000/bus'), ('COLORTERM', 'truecolor'), ('GIO_LAUNCHED_DESKTOP_FILE_PID', '5031'), ('IM_CONFIG_PHASE', '1'), ('WAYLAND_DISPLAY', 'wayland-0'), ('ROS_DISTRO', 'humble'), ('LOGNAME', 'kl'), ('JOURNAL_STREAM', '8:29442'), ('_', '/usr/bin/colcon'), ('ROS_VERSION', '2'), ('XDG_SESSION_CLASS', 'user'), ('USERNAME', 'kl'), ('TERM', 'xterm-256color'), ('GNOME_DESKTOP_SESSION_ID', 'this-is-deprecated'), ('ROS_LOCALHOST_ONLY', '0'), ('PATH', '/opt/ros/humble/bin:/usr/local/sbin:/usr/local/bin:/usr/sbin:/usr/bin:/sbin:/bin:/usr/games:/usr/local/games:/snap/bin:/snap/bin'), ('SESSION_MANAGER', 'local/XX:@/tmp/.ICE-unix/1962,unix/XX:/tmp/.ICE-unix/1962'), ('INVOCATION_ID', '12854c05d52e4d62ad666a70d9397c68'), ('XDG_MENU_PREFIX', 'gnome-'), ('GNOME_SETUP_DISPLAY', ':1'), ('XDG_RUNTIME_DIR', '/run/user/1000'), ('GDK_BACKEND', 'x11'), ('DISPLAY', ':0'), ('LANG', 'zh_CN.UTF-8'), ('XDG_CURRENT_DESKTOP', 'Unity'), ('XMODIFIERS', '@im=ibus'), ('XDG_SESSION_DESKTOP', 'ubuntu'), ('XAUTHORITY', '/run/user/1000/.mutter-Xwaylandauth.FTY971'), ('VSCODE_GIT_IPC_HANDLE', '/run/user/1000/vscode-git-cef9963d23.sock'), ('TERM_PROGRAM', 'vscode'), ('SSH_AGENT_LAUNCHER', 'gnome-keyring'), ('SSH_AUTH_SOCK', '/run/user/1000/keyring/ssh'), ('AMENT_PREFIX_PATH', '/opt/ros/humble'), ('ORIGINAL_XDG_CURRENT_DESKTOP', 'ubuntu:GNOME'), ('SHELL', '/bin/bash'), ('QT_ACCESSIBILITY', '1'), ('GDMSESSION', 'ubuntu'), ('GJS_DEBUG_OUTPUT', 'stderr'), ('VSCODE_GIT_ASKPASS_EXTRA_ARGS', '--ms-enable-electron-run-as-node'), ('QT_IM_MODULE', 'ibus'), ('PWD', '/home/kl/VS_CODE/Github_respository/ROS-_for_Study/ws01_plumbing/build/base_interfaces'), ('XDG_CONFIG_DIRS', '/etc/xdg/xdg-ubuntu:/etc/xdg'), ('XDG_DATA_DIRS', '/usr/share/ubuntu:/usr/local/share/:/usr/share/:/var/lib/snapd/desktop'), ('PYTHONPATH', '/opt/ros/humble/lib/python3.10/site-packages:/opt/ros/humble/local/lib/python3.10/dist-packages'), ('COLCON', '1'), ('CMAKE_PREFIX_PATH', '/opt/ros/humble')]), 'shell': False}
[0.543982] (base_interfaces) StdoutLine: {'line': b'-- Install configuration: ""\n'}
[0.544358] (base_interfaces) StdoutLine: {'line': b'-- Up-to-date: /home/kl/VS_CODE/Github_respository/ROS-_for_Study/ws01_plumbing/install/base_interfaces/share/ament_index/resource_index/rosidl_interfaces/base_interfaces\n'}
[0.544438] (base_interfaces) StdoutLine: {'line': b'-- Up-to-date: /home/kl/VS_CODE/Github_respository/ROS-_for_Study/ws01_plumbing/install/base_interfaces/include/base_interfaces/base_interfaces\n'}
[0.544493] (base_interfaces) StdoutLine: {'line': b'-- Up-to-date: /home/kl/VS_CODE/Github_respository/ROS-_for_Study/ws01_plumbing/install/base_interfaces/include/base_interfaces/base_interfaces/msg\n'}
[0.544554] (base_interfaces) StdoutLine: {'line': b'-- Up-to-date: /home/kl/VS_CODE/Github_respository/ROS-_for_Study/ws01_plumbing/install/base_interfaces/include/base_interfaces/base_interfaces/msg/detail\n'}
[0.544606] (base_interfaces) StdoutLine: {'line': b'-- Up-to-date: /home/kl/VS_CODE/Github_respository/ROS-_for_Study/ws01_plumbing/install/base_interfaces/include/base_interfaces/base_interfaces/msg/detail/student__struct.h\n'}
[0.544653] (base_interfaces) StdoutLine: {'line': b'-- Up-to-date: /home/kl/VS_CODE/Github_respository/ROS-_for_Study/ws01_plumbing/install/base_interfaces/include/base_interfaces/base_interfaces/msg/detail/student__functions.c\n'}
[0.544701] (base_interfaces) StdoutLine: {'line': b'-- Up-to-date: /home/kl/VS_CODE/Github_respository/ROS-_for_Study/ws01_plumbing/install/base_interfaces/include/base_interfaces/base_interfaces/msg/detail/student__type_support.h\n'}
[0.544749] (base_interfaces) StdoutLine: {'line': b'-- Up-to-date: /home/kl/VS_CODE/Github_respository/ROS-_for_Study/ws01_plumbing/install/base_interfaces/include/base_interfaces/base_interfaces/msg/detail/student__functions.h\n'}
[0.544795] (base_interfaces) StdoutLine: {'line': b'-- Up-to-date: /home/kl/VS_CODE/Github_respository/ROS-_for_Study/ws01_plumbing/install/base_interfaces/include/base_interfaces/base_interfaces/msg/rosidl_generator_c__visibility_control.h\n'}
[0.544842] (base_interfaces) StdoutLine: {'line': b'-- Up-to-date: /home/kl/VS_CODE/Github_respository/ROS-_for_Study/ws01_plumbing/install/base_interfaces/include/base_interfaces/base_interfaces/msg/student.h\n'}
[0.544894] (base_interfaces) StdoutLine: {'line': b'-- Up-to-date: /home/kl/VS_CODE/Github_respository/ROS-_for_Study/ws01_plumbing/install/base_interfaces/share/base_interfaces/environment/library_path.sh\n'}
[0.544940] (base_interfaces) StdoutLine: {'line': b'-- Up-to-date: /home/kl/VS_CODE/Github_respository/ROS-_for_Study/ws01_plumbing/install/base_interfaces/share/base_interfaces/environment/library_path.dsv\n'}
[0.557485] (base_interfaces) StdoutLine: {'line': b'-- Up-to-date: /home/kl/VS_CODE/Github_respository/ROS-_for_Study/ws01_plumbing/install/base_interfaces/lib/libbase_interfaces__rosidl_generator_c.so\n'}
[0.557694] (base_interfaces) StdoutLine: {'line': b'-- Up-to-date: /home/kl/VS_CODE/Github_respository/ROS-_for_Study/ws01_plumbing/install/base_interfaces/include/base_interfaces/base_interfaces\n'}
[0.557818] (base_interfaces) StdoutLine: {'line': b'-- Up-to-date: /home/kl/VS_CODE/Github_respository/ROS-_for_Study/ws01_plumbing/install/base_interfaces/include/base_interfaces/base_interfaces/msg\n'}
[0.557865] (base_interfaces) StdoutLine: {'line': b'-- Up-to-date: /home/kl/VS_CODE/Github_respository/ROS-_for_Study/ws01_plumbing/install/base_interfaces/include/base_interfaces/base_interfaces/msg/detail\n'}
[0.557909] (base_interfaces) StdoutLine: {'line': b'-- Up-to-date: /home/kl/VS_CODE/Github_respository/ROS-_for_Study/ws01_plumbing/install/base_interfaces/include/base_interfaces/base_interfaces/msg/detail/student__rosidl_typesupport_fastrtps_c.h\n'}
[0.557953] (base_interfaces) StdoutLine: {'line': b'-- Up-to-date: /home/kl/VS_CODE/Github_respository/ROS-_for_Study/ws01_plumbing/install/base_interfaces/include/base_interfaces/base_interfaces/msg/rosidl_typesupport_fastrtps_c__visibility_control.h\n'}
[0.571678] (base_interfaces) StdoutLine: {'line': b'-- Up-to-date: /home/kl/VS_CODE/Github_respository/ROS-_for_Study/ws01_plumbing/install/base_interfaces/lib/libbase_interfaces__rosidl_typesupport_fastrtps_c.so\n'}
[0.571848] (base_interfaces) StdoutLine: {'line': b'-- Up-to-date: /home/kl/VS_CODE/Github_respository/ROS-_for_Study/ws01_plumbing/install/base_interfaces/include/base_interfaces/base_interfaces\n'}
[0.571917] (base_interfaces) StdoutLine: {'line': b'-- Up-to-date: /home/kl/VS_CODE/Github_respository/ROS-_for_Study/ws01_plumbing/install/base_interfaces/include/base_interfaces/base_interfaces/msg\n'}
[0.571984] (base_interfaces) StdoutLine: {'line': b'-- Up-to-date: /home/kl/VS_CODE/Github_respository/ROS-_for_Study/ws01_plumbing/install/base_interfaces/include/base_interfaces/base_interfaces/msg/detail\n'}
[0.572031] (base_interfaces) StdoutLine: {'line': b'-- Up-to-date: /home/kl/VS_CODE/Github_respository/ROS-_for_Study/ws01_plumbing/install/base_interfaces/include/base_interfaces/base_interfaces/msg/detail/student__type_support.c\n'}
[0.572080] (base_interfaces) StdoutLine: {'line': b'-- Up-to-date: /home/kl/VS_CODE/Github_respository/ROS-_for_Study/ws01_plumbing/install/base_interfaces/include/base_interfaces/base_interfaces/msg/detail/student__rosidl_typesupport_introspection_c.h\n'}
[0.572123] (base_interfaces) StdoutLine: {'line': b'-- Up-to-date: /home/kl/VS_CODE/Github_respository/ROS-_for_Study/ws01_plumbing/install/base_interfaces/include/base_interfaces/base_interfaces/msg/rosidl_typesupport_introspection_c__visibility_control.h\n'}
[0.578966] (base_interfaces) StdoutLine: {'line': b'-- Up-to-date: /home/kl/VS_CODE/Github_respository/ROS-_for_Study/ws01_plumbing/install/base_interfaces/lib/libbase_interfaces__rosidl_typesupport_introspection_c.so\n'}
[0.580039] (base_interfaces) StdoutLine: {'line': b'-- Up-to-date: /home/kl/VS_CODE/Github_respository/ROS-_for_Study/ws01_plumbing/install/base_interfaces/lib/libbase_interfaces__rosidl_typesupport_c.so\n'}
[0.580127] (base_interfaces) StdoutLine: {'line': b'-- Up-to-date: /home/kl/VS_CODE/Github_respository/ROS-_for_Study/ws01_plumbing/install/base_interfaces/include/base_interfaces/base_interfaces\n'}
[0.580224] (base_interfaces) StdoutLine: {'line': b'-- Up-to-date: /home/kl/VS_CODE/Github_respository/ROS-_for_Study/ws01_plumbing/install/base_interfaces/include/base_interfaces/base_interfaces/msg\n'}
[0.580311] (base_interfaces) StdoutLine: {'line': b'-- Up-to-date: /home/kl/VS_CODE/Github_respository/ROS-_for_Study/ws01_plumbing/install/base_interfaces/include/base_interfaces/base_interfaces/msg/detail\n'}
[0.580376] (base_interfaces) StdoutLine: {'line': b'-- Up-to-date: /home/kl/VS_CODE/Github_respository/ROS-_for_Study/ws01_plumbing/install/base_interfaces/include/base_interfaces/base_interfaces/msg/detail/student__struct.hpp\n'}
[0.580421] (base_interfaces) StdoutLine: {'line': b'-- Up-to-date: /home/kl/VS_CODE/Github_respository/ROS-_for_Study/ws01_plumbing/install/base_interfaces/include/base_interfaces/base_interfaces/msg/detail/student__traits.hpp\n'}
[0.580464] (base_interfaces) StdoutLine: {'line': b'-- Up-to-date: /home/kl/VS_CODE/Github_respository/ROS-_for_Study/ws01_plumbing/install/base_interfaces/include/base_interfaces/base_interfaces/msg/detail/student__builder.hpp\n'}
[0.580507] (base_interfaces) StdoutLine: {'line': b'-- Up-to-date: /home/kl/VS_CODE/Github_respository/ROS-_for_Study/ws01_plumbing/install/base_interfaces/include/base_interfaces/base_interfaces/msg/student.hpp\n'}
[0.580549] (base_interfaces) StdoutLine: {'line': b'-- Up-to-date: /home/kl/VS_CODE/Github_respository/ROS-_for_Study/ws01_plumbing/install/base_interfaces/include/base_interfaces/base_interfaces\n'}
[0.580596] (base_interfaces) StdoutLine: {'line': b'-- Up-to-date: /home/kl/VS_CODE/Github_respository/ROS-_for_Study/ws01_plumbing/install/base_interfaces/include/base_interfaces/base_interfaces/msg\n'}
[0.580639] (base_interfaces) StdoutLine: {'line': b'-- Up-to-date: /home/kl/VS_CODE/Github_respository/ROS-_for_Study/ws01_plumbing/install/base_interfaces/include/base_interfaces/base_interfaces/msg/detail\n'}
[0.580680] (base_interfaces) StdoutLine: {'line': b'-- Up-to-date: /home/kl/VS_CODE/Github_respository/ROS-_for_Study/ws01_plumbing/install/base_interfaces/include/base_interfaces/base_interfaces/msg/detail/dds_fastrtps\n'}
[0.580722] (base_interfaces) StdoutLine: {'line': b'-- Up-to-date: /home/kl/VS_CODE/Github_respository/ROS-_for_Study/ws01_plumbing/install/base_interfaces/include/base_interfaces/base_interfaces/msg/detail/student__rosidl_typesupport_fastrtps_cpp.hpp\n'}
[0.580765] (base_interfaces) StdoutLine: {'line': b'-- Up-to-date: /home/kl/VS_CODE/Github_respository/ROS-_for_Study/ws01_plumbing/install/base_interfaces/include/base_interfaces/base_interfaces/msg/rosidl_typesupport_fastrtps_cpp__visibility_control.h\n'}
[0.588710] (base_interfaces) StdoutLine: {'line': b'-- Up-to-date: /home/kl/VS_CODE/Github_respository/ROS-_for_Study/ws01_plumbing/install/base_interfaces/lib/libbase_interfaces__rosidl_typesupport_fastrtps_cpp.so\n'}
[0.588935] (base_interfaces) StdoutLine: {'line': b'-- Up-to-date: /home/kl/VS_CODE/Github_respository/ROS-_for_Study/ws01_plumbing/install/base_interfaces/include/base_interfaces/base_interfaces\n'}
[0.589037] (base_interfaces) StdoutLine: {'line': b'-- Up-to-date: /home/kl/VS_CODE/Github_respository/ROS-_for_Study/ws01_plumbing/install/base_interfaces/include/base_interfaces/base_interfaces/msg\n'}
[0.589081] (base_interfaces) StdoutLine: {'line': b'-- Up-to-date: /home/kl/VS_CODE/Github_respository/ROS-_for_Study/ws01_plumbing/install/base_interfaces/include/base_interfaces/base_interfaces/msg/detail\n'}
[0.589142] (base_interfaces) StdoutLine: {'line': b'-- Up-to-date: /home/kl/VS_CODE/Github_respository/ROS-_for_Study/ws01_plumbing/install/base_interfaces/include/base_interfaces/base_interfaces/msg/detail/student__type_support.cpp\n'}
[0.589186] (base_interfaces) StdoutLine: {'line': b'-- Up-to-date: /home/kl/VS_CODE/Github_respository/ROS-_for_Study/ws01_plumbing/install/base_interfaces/include/base_interfaces/base_interfaces/msg/detail/student__rosidl_typesupport_introspection_cpp.hpp\n'}
[0.591907] (base_interfaces) StdoutLine: {'line': b'-- Up-to-date: /home/kl/VS_CODE/Github_respository/ROS-_for_Study/ws01_plumbing/install/base_interfaces/lib/libbase_interfaces__rosidl_typesupport_introspection_cpp.so\n'}
[0.599668] (-) TimerEvent: {}
[0.605178] (base_interfaces) StdoutLine: {'line': b'-- Up-to-date: /home/kl/VS_CODE/Github_respository/ROS-_for_Study/ws01_plumbing/install/base_interfaces/lib/libbase_interfaces__rosidl_typesupport_cpp.so\n'}
[0.605378] (base_interfaces) StdoutLine: {'line': b'-- Up-to-date: /home/kl/VS_CODE/Github_respository/ROS-_for_Study/ws01_plumbing/install/base_interfaces/share/base_interfaces/environment/pythonpath.sh\n'}
[0.605476] (base_interfaces) StdoutLine: {'line': b'-- Up-to-date: /home/kl/VS_CODE/Github_respository/ROS-_for_Study/ws01_plumbing/install/base_interfaces/share/base_interfaces/environment/pythonpath.dsv\n'}
[0.605575] (base_interfaces) StdoutLine: {'line': b'-- Up-to-date: /home/kl/VS_CODE/Github_respository/ROS-_for_Study/ws01_plumbing/install/base_interfaces/local/lib/python3.10/dist-packages/base_interfaces-0.0.0-py3.10.egg-info\n'}
[0.605648] (base_interfaces) StdoutLine: {'line': b'-- Installing: /home/kl/VS_CODE/Github_respository/ROS-_for_Study/ws01_plumbing/install/base_interfaces/local/lib/python3.10/dist-packages/base_interfaces-0.0.0-py3.10.egg-info/dependency_links.txt\n'}
[0.605763] (base_interfaces) StdoutLine: {'line': b'-- Installing: /home/kl/VS_CODE/Github_respository/ROS-_for_Study/ws01_plumbing/install/base_interfaces/local/lib/python3.10/dist-packages/base_interfaces-0.0.0-py3.10.egg-info/SOURCES.txt\n'}
[0.605885] (base_interfaces) StdoutLine: {'line': b'-- Installing: /home/kl/VS_CODE/Github_respository/ROS-_for_Study/ws01_plumbing/install/base_interfaces/local/lib/python3.10/dist-packages/base_interfaces-0.0.0-py3.10.egg-info/top_level.txt\n'}
[0.605960] (base_interfaces) StdoutLine: {'line': b'-- Installing: /home/kl/VS_CODE/Github_respository/ROS-_for_Study/ws01_plumbing/install/base_interfaces/local/lib/python3.10/dist-packages/base_interfaces-0.0.0-py3.10.egg-info/PKG-INFO\n'}
[0.606028] (base_interfaces) StdoutLine: {'line': b'-- Up-to-date: /home/kl/VS_CODE/Github_respository/ROS-_for_Study/ws01_plumbing/install/base_interfaces/local/lib/python3.10/dist-packages/base_interfaces\n'}
[0.606094] (base_interfaces) StdoutLine: {'line': b'-- Up-to-date: /home/kl/VS_CODE/Github_respository/ROS-_for_Study/ws01_plumbing/install/base_interfaces/local/lib/python3.10/dist-packages/base_interfaces/_base_interfaces_s.ep.rosidl_typesupport_fastrtps_c.c\n'}
[0.606161] (base_interfaces) StdoutLine: {'line': b'-- Up-to-date: /home/kl/VS_CODE/Github_respository/ROS-_for_Study/ws01_plumbing/install/base_interfaces/local/lib/python3.10/dist-packages/base_interfaces/_base_interfaces_s.ep.rosidl_typesupport_introspection_c.c\n'}
[0.606251] (base_interfaces) StdoutLine: {'line': b'-- Up-to-date: /home/kl/VS_CODE/Github_respository/ROS-_for_Study/ws01_plumbing/install/base_interfaces/local/lib/python3.10/dist-packages/base_interfaces/base_interfaces_s__rosidl_typesupport_introspection_c.cpython-310-x86_64-linux-gnu.so\n'}
[0.606319] (base_interfaces) StdoutLine: {'line': b'-- Up-to-date: /home/kl/VS_CODE/Github_respository/ROS-_for_Study/ws01_plumbing/install/base_interfaces/local/lib/python3.10/dist-packages/base_interfaces/base_interfaces_s__rosidl_typesupport_c.cpython-310-x86_64-linux-gnu.so\n'}
[0.606383] (base_interfaces) StdoutLine: {'line': b'-- Up-to-date: /home/kl/VS_CODE/Github_respository/ROS-_for_Study/ws01_plumbing/install/base_interfaces/local/lib/python3.10/dist-packages/base_interfaces/_base_interfaces_s.ep.rosidl_typesupport_c.c\n'}
[0.606450] (base_interfaces) StdoutLine: {'line': b'-- Up-to-date: /home/kl/VS_CODE/Github_respository/ROS-_for_Study/ws01_plumbing/install/base_interfaces/local/lib/python3.10/dist-packages/base_interfaces/msg\n'}
[0.606522] (base_interfaces) StdoutLine: {'line': b'-- Up-to-date: /home/kl/VS_CODE/Github_respository/ROS-_for_Study/ws01_plumbing/install/base_interfaces/local/lib/python3.10/dist-packages/base_interfaces/msg/_student_s.c\n'}
[0.606595] (base_interfaces) StdoutLine: {'line': b'-- Up-to-date: /home/kl/VS_CODE/Github_respository/ROS-_for_Study/ws01_plumbing/install/base_interfaces/local/lib/python3.10/dist-packages/base_interfaces/msg/_student.py\n'}
[0.606663] (base_interfaces) StdoutLine: {'line': b'-- Up-to-date: /home/kl/VS_CODE/Github_respository/ROS-_for_Study/ws01_plumbing/install/base_interfaces/local/lib/python3.10/dist-packages/base_interfaces/msg/__init__.py\n'}
[0.606715] (base_interfaces) StdoutLine: {'line': b'-- Up-to-date: /home/kl/VS_CODE/Github_respository/ROS-_for_Study/ws01_plumbing/install/base_interfaces/local/lib/python3.10/dist-packages/base_interfaces/libbase_interfaces__rosidl_generator_py.so\n'}
[0.606758] (base_interfaces) StdoutLine: {'line': b'-- Up-to-date: /home/kl/VS_CODE/Github_respository/ROS-_for_Study/ws01_plumbing/install/base_interfaces/local/lib/python3.10/dist-packages/base_interfaces/base_interfaces_s__rosidl_typesupport_fastrtps_c.cpython-310-x86_64-linux-gnu.so\n'}
[0.606802] (base_interfaces) StdoutLine: {'line': b'-- Up-to-date: /home/kl/VS_CODE/Github_respository/ROS-_for_Study/ws01_plumbing/install/base_interfaces/local/lib/python3.10/dist-packages/base_interfaces/__init__.py\n'}
[0.640569] (base_interfaces) StdoutLine: {'line': b"Listing '/home/kl/VS_CODE/Github_respository/ROS-_for_Study/ws01_plumbing/install/base_interfaces/local/lib/python3.10/dist-packages/base_interfaces'...\n"}
[0.640784] (base_interfaces) StdoutLine: {'line': b"Listing '/home/kl/VS_CODE/Github_respository/ROS-_for_Study/ws01_plumbing/install/base_interfaces/local/lib/python3.10/dist-packages/base_interfaces/msg'...\n"}
[0.650475] (base_interfaces) StdoutLine: {'line': b'-- Up-to-date: /home/kl/VS_CODE/Github_respository/ROS-_for_Study/ws01_plumbing/install/base_interfaces/local/lib/python3.10/dist-packages/base_interfaces/base_interfaces_s__rosidl_typesupport_fastrtps_c.cpython-310-x86_64-linux-gnu.so\n'}
[0.655929] (base_interfaces) StdoutLine: {'line': b'-- Up-to-date: /home/kl/VS_CODE/Github_respository/ROS-_for_Study/ws01_plumbing/install/base_interfaces/local/lib/python3.10/dist-packages/base_interfaces/base_interfaces_s__rosidl_typesupport_introspection_c.cpython-310-x86_64-linux-gnu.so\n'}
[0.662361] (base_interfaces) StdoutLine: {'line': b'-- Up-to-date: /home/kl/VS_CODE/Github_respository/ROS-_for_Study/ws01_plumbing/install/base_interfaces/local/lib/python3.10/dist-packages/base_interfaces/base_interfaces_s__rosidl_typesupport_c.cpython-310-x86_64-linux-gnu.so\n'}
[0.668692] (base_interfaces) StdoutLine: {'line': b'-- Up-to-date: /home/kl/VS_CODE/Github_respository/ROS-_for_Study/ws01_plumbing/install/base_interfaces/lib/libbase_interfaces__rosidl_generator_py.so\n'}
[0.668945] (base_interfaces) StdoutLine: {'line': b'-- Up-to-date: /home/kl/VS_CODE/Github_respository/ROS-_for_Study/ws01_plumbing/install/base_interfaces/share/base_interfaces/msg/Student.idl\n'}
[0.669144] (base_interfaces) StdoutLine: {'line': b'-- Up-to-date: /home/kl/VS_CODE/Github_respository/ROS-_for_Study/ws01_plumbing/install/base_interfaces/share/base_interfaces/msg/Student.msg\n'}
[0.669245] (base_interfaces) StdoutLine: {'line': b'-- Up-to-date: /home/kl/VS_CODE/Github_respository/ROS-_for_Study/ws01_plumbing/install/base_interfaces/share/ament_index/resource_index/package_run_dependencies/base_interfaces\n'}
[0.669285] (base_interfaces) StdoutLine: {'line': b'-- Up-to-date: /home/kl/VS_CODE/Github_respository/ROS-_for_Study/ws01_plumbing/install/base_interfaces/share/ament_index/resource_index/parent_prefix_path/base_interfaces\n'}
[0.669324] (base_interfaces) StdoutLine: {'line': b'-- Up-to-date: /home/kl/VS_CODE/Github_respository/ROS-_for_Study/ws01_plumbing/install/base_interfaces/share/base_interfaces/environment/ament_prefix_path.sh\n'}
[0.669362] (base_interfaces) StdoutLine: {'line': b'-- Up-to-date: /home/kl/VS_CODE/Github_respository/ROS-_for_Study/ws01_plumbing/install/base_interfaces/share/base_interfaces/environment/ament_prefix_path.dsv\n'}
[0.669404] (base_interfaces) StdoutLine: {'line': b'-- Up-to-date: /home/kl/VS_CODE/Github_respository/ROS-_for_Study/ws01_plumbing/install/base_interfaces/share/base_interfaces/environment/path.sh\n'}
[0.669441] (base_interfaces) StdoutLine: {'line': b'-- Up-to-date: /home/kl/VS_CODE/Github_respository/ROS-_for_Study/ws01_plumbing/install/base_interfaces/share/base_interfaces/environment/path.dsv\n'}
[0.669478] (base_interfaces) StdoutLine: {'line': b'-- Up-to-date: /home/kl/VS_CODE/Github_respository/ROS-_for_Study/ws01_plumbing/install/base_interfaces/share/base_interfaces/local_setup.bash\n'}
[0.669516] (base_interfaces) StdoutLine: {'line': b'-- Up-to-date: /home/kl/VS_CODE/Github_respository/ROS-_for_Study/ws01_plumbing/install/base_interfaces/share/base_interfaces/local_setup.sh\n'}
[0.669553] (base_interfaces) StdoutLine: {'line': b'-- Up-to-date: /home/kl/VS_CODE/Github_respository/ROS-_for_Study/ws01_plumbing/install/base_interfaces/share/base_interfaces/local_setup.zsh\n'}
[0.669590] (base_interfaces) StdoutLine: {'line': b'-- Up-to-date: /home/kl/VS_CODE/Github_respository/ROS-_for_Study/ws01_plumbing/install/base_interfaces/share/base_interfaces/local_setup.dsv\n'}
[0.669627] (base_interfaces) StdoutLine: {'line': b'-- Installing: /home/kl/VS_CODE/Github_respository/ROS-_for_Study/ws01_plumbing/install/base_interfaces/share/base_interfaces/package.dsv\n'}
[0.671498] (base_interfaces) StdoutLine: {'line': b'-- Up-to-date: /home/kl/VS_CODE/Github_respository/ROS-_for_Study/ws01_plumbing/install/base_interfaces/share/ament_index/resource_index/packages/base_interfaces\n'}
[0.677490] (base_interfaces) StdoutLine: {'line': b'-- Up-to-date: /home/kl/VS_CODE/Github_respository/ROS-_for_Study/ws01_plumbing/install/base_interfaces/share/base_interfaces/cmake/export_base_interfaces__rosidl_generator_cExport.cmake\n'}
[0.677572] (base_interfaces) StdoutLine: {'line': b'-- Up-to-date: /home/kl/VS_CODE/Github_respository/ROS-_for_Study/ws01_plumbing/install/base_interfaces/share/base_interfaces/cmake/export_base_interfaces__rosidl_generator_cExport-noconfig.cmake\n'}
[0.682348] (base_interfaces) StdoutLine: {'line': b'-- Up-to-date: /home/kl/VS_CODE/Github_respository/ROS-_for_Study/ws01_plumbing/install/base_interfaces/share/base_interfaces/cmake/export_base_interfaces__rosidl_typesupport_fastrtps_cExport.cmake\n'}
[0.682413] (base_interfaces) StdoutLine: {'line': b'-- Up-to-date: /home/kl/VS_CODE/Github_respository/ROS-_for_Study/ws01_plumbing/install/base_interfaces/share/base_interfaces/cmake/export_base_interfaces__rosidl_typesupport_fastrtps_cExport-noconfig.cmake\n'}
[0.688034] (base_interfaces) StdoutLine: {'line': b'-- Up-to-date: /home/kl/VS_CODE/Github_respository/ROS-_for_Study/ws01_plumbing/install/base_interfaces/share/base_interfaces/cmake/base_interfaces__rosidl_typesupport_introspection_cExport.cmake\n'}
[0.688157] (base_interfaces) StdoutLine: {'line': b'-- Up-to-date: /home/kl/VS_CODE/Github_respository/ROS-_for_Study/ws01_plumbing/install/base_interfaces/share/base_interfaces/cmake/base_interfaces__rosidl_typesupport_introspection_cExport-noconfig.cmake\n'}
[0.695830] (base_interfaces) StdoutLine: {'line': b'-- Up-to-date: /home/kl/VS_CODE/Github_respository/ROS-_for_Study/ws01_plumbing/install/base_interfaces/share/base_interfaces/cmake/base_interfaces__rosidl_typesupport_cExport.cmake\n'}
[0.695935] (base_interfaces) StdoutLine: {'line': b'-- Up-to-date: /home/kl/VS_CODE/Github_respository/ROS-_for_Study/ws01_plumbing/install/base_interfaces/share/base_interfaces/cmake/base_interfaces__rosidl_typesupport_cExport-noconfig.cmake\n'}
[0.699749] (-) TimerEvent: {}
[0.701723] (base_interfaces) StdoutLine: {'line': b'-- Up-to-date: /home/kl/VS_CODE/Github_respository/ROS-_for_Study/ws01_plumbing/install/base_interfaces/share/base_interfaces/cmake/export_base_interfaces__rosidl_generator_cppExport.cmake\n'}
[0.707806] (base_interfaces) StdoutLine: {'line': b'-- Up-to-date: /home/kl/VS_CODE/Github_respository/ROS-_for_Study/ws01_plumbing/install/base_interfaces/share/base_interfaces/cmake/export_base_interfaces__rosidl_typesupport_fastrtps_cppExport.cmake\n'}
[0.708015] (base_interfaces) StdoutLine: {'line': b'-- Up-to-date: /home/kl/VS_CODE/Github_respository/ROS-_for_Study/ws01_plumbing/install/base_interfaces/share/base_interfaces/cmake/export_base_interfaces__rosidl_typesupport_fastrtps_cppExport-noconfig.cmake\n'}
[0.711021] (base_interfaces) StdoutLine: {'line': b'-- Up-to-date: /home/kl/VS_CODE/Github_respository/ROS-_for_Study/ws01_plumbing/install/base_interfaces/share/base_interfaces/cmake/base_interfaces__rosidl_typesupport_introspection_cppExport.cmake\n'}
[0.711260] (base_interfaces) StdoutLine: {'line': b'-- Up-to-date: /home/kl/VS_CODE/Github_respository/ROS-_for_Study/ws01_plumbing/install/base_interfaces/share/base_interfaces/cmake/base_interfaces__rosidl_typesupport_introspection_cppExport-noconfig.cmake\n'}
[0.715708] (base_interfaces) StdoutLine: {'line': b'-- Up-to-date: /home/kl/VS_CODE/Github_respository/ROS-_for_Study/ws01_plumbing/install/base_interfaces/share/base_interfaces/cmake/base_interfaces__rosidl_typesupport_cppExport.cmake\n'}
[0.715868] (base_interfaces) StdoutLine: {'line': b'-- Up-to-date: /home/kl/VS_CODE/Github_respository/ROS-_for_Study/ws01_plumbing/install/base_interfaces/share/base_interfaces/cmake/base_interfaces__rosidl_typesupport_cppExport-noconfig.cmake\n'}
[0.717813] (base_interfaces) StdoutLine: {'line': b'-- Up-to-date: /home/kl/VS_CODE/Github_respository/ROS-_for_Study/ws01_plumbing/install/base_interfaces/share/base_interfaces/cmake/export_base_interfaces__rosidl_generator_pyExport.cmake\n'}
[0.718002] (base_interfaces) StdoutLine: {'line': b'-- Up-to-date: /home/kl/VS_CODE/Github_respository/ROS-_for_Study/ws01_plumbing/install/base_interfaces/share/base_interfaces/cmake/export_base_interfaces__rosidl_generator_pyExport-noconfig.cmake\n'}
[0.718079] (base_interfaces) StdoutLine: {'line': b'-- Up-to-date: /home/kl/VS_CODE/Github_respository/ROS-_for_Study/ws01_plumbing/install/base_interfaces/share/base_interfaces/cmake/rosidl_cmake-extras.cmake\n'}
[0.718151] (base_interfaces) StdoutLine: {'line': b'-- Up-to-date: /home/kl/VS_CODE/Github_respository/ROS-_for_Study/ws01_plumbing/install/base_interfaces/share/base_interfaces/cmake/ament_cmake_export_include_directories-extras.cmake\n'}
[0.718410] (base_interfaces) StdoutLine: {'line': b'-- Up-to-date: /home/kl/VS_CODE/Github_respository/ROS-_for_Study/ws01_plumbing/install/base_interfaces/share/base_interfaces/cmake/ament_cmake_export_libraries-extras.cmake\n'}
[0.718462] (base_interfaces) StdoutLine: {'line': b'-- Up-to-date: /home/kl/VS_CODE/Github_respository/ROS-_for_Study/ws01_plumbing/install/base_interfaces/share/base_interfaces/cmake/ament_cmake_export_targets-extras.cmake\n'}
[0.718505] (base_interfaces) StdoutLine: {'line': b'-- Up-to-date: /home/kl/VS_CODE/Github_respository/ROS-_for_Study/ws01_plumbing/install/base_interfaces/share/base_interfaces/cmake/rosidl_cmake_export_typesupport_targets-extras.cmake\n'}
[0.718552] (base_interfaces) StdoutLine: {'line': b'-- Up-to-date: /home/kl/VS_CODE/Github_respository/ROS-_for_Study/ws01_plumbing/install/base_interfaces/share/base_interfaces/cmake/ament_cmake_export_dependencies-extras.cmake\n'}
[0.718593] (base_interfaces) StdoutLine: {'line': b'-- Up-to-date: /home/kl/VS_CODE/Github_respository/ROS-_for_Study/ws01_plumbing/install/base_interfaces/share/base_interfaces/cmake/rosidl_cmake_export_typesupport_libraries-extras.cmake\n'}
[0.718635] (base_interfaces) StdoutLine: {'line': b'-- Up-to-date: /home/kl/VS_CODE/Github_respository/ROS-_for_Study/ws01_plumbing/install/base_interfaces/share/base_interfaces/cmake/base_interfacesConfig.cmake\n'}
[0.718677] (base_interfaces) StdoutLine: {'line': b'-- Up-to-date: /home/kl/VS_CODE/Github_respository/ROS-_for_Study/ws01_plumbing/install/base_interfaces/share/base_interfaces/cmake/base_interfacesConfig-version.cmake\n'}
[0.718722] (base_interfaces) StdoutLine: {'line': b'-- Up-to-date: /home/kl/VS_CODE/Github_respository/ROS-_for_Study/ws01_plumbing/install/base_interfaces/share/base_interfaces/package.xml\n'}
[0.721348] (base_interfaces) CommandEnded: {'returncode': 0}
[0.745246] (cpp01_topic_re) StdoutLine: {'line': b'-- The CXX compiler identification is GNU 11.3.0\n'}
[0.753590] (py01_topic_re) Command: {'cmd': ['/usr/bin/python3', 'setup.py', 'egg_info', '--egg-base', '../../build/py01_topic_re', 'build', '--build-base', '/home/kl/VS_CODE/Github_respository/ROS-_for_Study/ws01_plumbing/build/py01_topic_re/build', 'install', '--record', '/home/kl/VS_CODE/Github_respository/ROS-_for_Study/ws01_plumbing/build/py01_topic_re/install.log', '--single-version-externally-managed'], 'cwd': '/home/kl/VS_CODE/Github_respository/ROS-_for_Study/ws01_plumbing/src/py01_topic_re', 'env': {'GJS_DEBUG_TOPICS': 'JS ERROR;JS LOG', 'LANGUAGE': 'zh_CN:zh', 'USER': 'kl', 'XDG_SESSION_TYPE': 'wayland', 'GIT_ASKPASS': '/usr/share/code/resources/app/extensions/git/dist/askpass.sh', 'SHLVL': '1', 'LD_LIBRARY_PATH': '/opt/ros/humble/opt/rviz_ogre_vendor/lib:/opt/ros/humble/lib/x86_64-linux-gnu:/opt/ros/humble/lib', 'HOME': '/home/kl', 'CHROME_DESKTOP': 'code-url-handler.desktop', 'OLDPWD': '/home/kl/VS_CODE/Github_respository/ROS-_for_Study/ws01_plumbing/src', 'TERM_PROGRAM_VERSION': '1.80.1', 'DESKTOP_SESSION': 'ubuntu', 'GIO_LAUNCHED_DESKTOP_FILE': '/usr/share/applications/code.desktop', 'ROS_PYTHON_VERSION': '3', 'GNOME_SHELL_SESSION_MODE': 'ubuntu', 'GTK_MODULES': 'gail:atk-bridge', 'VSCODE_GIT_ASKPASS_MAIN': '/usr/share/code/resources/app/extensions/git/dist/askpass-main.js', 'VSCODE_GIT_ASKPASS_NODE': '/usr/share/code/code', 'MANAGERPID': '1775', 'SYSTEMD_EXEC_PID': '1990', 'IM_CONFIG_CHECK_ENV': '1', 'DBUS_SESSION_BUS_ADDRESS': 'unix:path=/run/user/1000/bus', 'COLORTERM': 'truecolor', 'GIO_LAUNCHED_DESKTOP_FILE_PID': '5031', 'IM_CONFIG_PHASE': '1', 'WAYLAND_DISPLAY': 'wayland-0', 'ROS_DISTRO': 'humble', 'LOGNAME': 'kl', 'JOURNAL_STREAM': '8:29442', '_': '/usr/bin/colcon', 'ROS_VERSION': '2', 'XDG_SESSION_CLASS': 'user', 'USERNAME': 'kl', 'TERM': 'xterm-256color', 'GNOME_DESKTOP_SESSION_ID': 'this-is-deprecated', 'ROS_LOCALHOST_ONLY': '0', 'PATH': '/opt/ros/humble/bin:/usr/local/sbin:/usr/local/bin:/usr/sbin:/usr/bin:/sbin:/bin:/usr/games:/usr/local/games:/snap/bin:/snap/bin', 'SESSION_MANAGER': 'local/XX:@/tmp/.ICE-unix/1962,unix/XX:/tmp/.ICE-unix/1962', 'INVOCATION_ID': '12854c05d52e4d62ad666a70d9397c68', 'XDG_MENU_PREFIX': 'gnome-', 'GNOME_SETUP_DISPLAY': ':1', 'XDG_RUNTIME_DIR': '/run/user/1000', 'GDK_BACKEND': 'x11', 'DISPLAY': ':0', 'LANG': 'zh_CN.UTF-8', 'XDG_CURRENT_DESKTOP': 'Unity', 'XMODIFIERS': '@im=ibus', 'XDG_SESSION_DESKTOP': 'ubuntu', 'XAUTHORITY': '/run/user/1000/.mutter-Xwaylandauth.FTY971', 'VSCODE_GIT_IPC_HANDLE': '/run/user/1000/vscode-git-cef9963d23.sock', 'TERM_PROGRAM': 'vscode', 'SSH_AGENT_LAUNCHER': 'gnome-keyring', 'SSH_AUTH_SOCK': '/run/user/1000/keyring/ssh', 'AMENT_PREFIX_PATH': '/opt/ros/humble', 'ORIGINAL_XDG_CURRENT_DESKTOP': 'ubuntu:GNOME', 'SHELL': '/bin/bash', 'QT_ACCESSIBILITY': '1', 'GDMSESSION': 'ubuntu', 'GJS_DEBUG_OUTPUT': 'stderr', 'VSCODE_GIT_ASKPASS_EXTRA_ARGS': '--ms-enable-electron-run-as-node', 'QT_IM_MODULE': 'ibus', 'PWD': '/home/kl/VS_CODE/Github_respository/ROS-_for_Study/ws01_plumbing/build/py01_topic_re', 'XDG_CONFIG_DIRS': '/etc/xdg/xdg-ubuntu:/etc/xdg', 'XDG_DATA_DIRS': '/usr/share/ubuntu:/usr/local/share/:/usr/share/:/var/lib/snapd/desktop', 'PYTHONPATH': '/home/kl/VS_CODE/Github_respository/ROS-_for_Study/ws01_plumbing/build/py01_topic_re/prefix_override:/home/kl/VS_CODE/Github_respository/ROS-_for_Study/ws01_plumbing/install/py01_topic_re/lib/python3.10/site-packages:/opt/ros/humble/lib/python3.10/site-packages:/opt/ros/humble/local/lib/python3.10/dist-packages', 'COLCON': '1'}, 'shell': False}
[0.761181] (cpp01_topic_re) StdoutLine: {'line': b'-- Detecting C compiler ABI info\n'}
[0.798529] (base_interfaces) JobEnded: {'identifier': 'base_interfaces', 'rc': 0}
[0.799850] (-) TimerEvent: {}
[0.843468] (cpp01_topic_re) StdoutLine: {'line': b'-- Detecting C compiler ABI info - done\n'}
[0.853373] (cpp01_topic_re) StdoutLine: {'line': b'-- Check for working C compiler: /usr/bin/cc - skipped\n'}
[0.854940] (cpp01_topic_re) StdoutLine: {'line': b'-- Detecting C compile features\n'}
[0.855697] (cpp01_topic_re) StdoutLine: {'line': b'-- Detecting C compile features - done\n'}
[0.862774] (cpp01_topic_re) StdoutLine: {'line': b'-- Detecting CXX compiler ABI info\n'}
[0.899944] (-) TimerEvent: {}
[0.934928] (py01_topic_re) StdoutLine: {'line': b'running egg_info\n'}
[0.935680] (py01_topic_re) StdoutLine: {'line': b'creating ../../build/py01_topic_re/py01_topic_re.egg-info\n'}
[0.935923] (py01_topic_re) StdoutLine: {'line': b'writing ../../build/py01_topic_re/py01_topic_re.egg-info/PKG-INFO\n'}
[0.936147] (py01_topic_re) StdoutLine: {'line': b'writing dependency_links to ../../build/py01_topic_re/py01_topic_re.egg-info/dependency_links.txt\n'}
[0.936294] (py01_topic_re) StdoutLine: {'line': b'writing entry points to ../../build/py01_topic_re/py01_topic_re.egg-info/entry_points.txt\n'}
[0.936464] (py01_topic_re) StdoutLine: {'line': b'writing requirements to ../../build/py01_topic_re/py01_topic_re.egg-info/requires.txt\n'}
[0.936557] (py01_topic_re) StdoutLine: {'line': b'writing top-level names to ../../build/py01_topic_re/py01_topic_re.egg-info/top_level.txt\n'}
[0.936963] (py01_topic_re) StdoutLine: {'line': b"writing manifest file '../../build/py01_topic_re/py01_topic_re.egg-info/SOURCES.txt'\n"}
[0.939320] (py01_topic_re) StdoutLine: {'line': b"reading manifest file '../../build/py01_topic_re/py01_topic_re.egg-info/SOURCES.txt'\n"}
[0.940298] (py01_topic_re) StdoutLine: {'line': b"writing manifest file '../../build/py01_topic_re/py01_topic_re.egg-info/SOURCES.txt'\n"}
[0.940487] (py01_topic_re) StdoutLine: {'line': b'running build\n'}
[0.940736] (py01_topic_re) StdoutLine: {'line': b'running build_py\n'}
[0.940920] (py01_topic_re) StdoutLine: {'line': b'creating /home/kl/VS_CODE/Github_respository/ROS-_for_Study/ws01_plumbing/build/py01_topic_re/build\n'}
[0.941023] (py01_topic_re) StdoutLine: {'line': b'creating /home/kl/VS_CODE/Github_respository/ROS-_for_Study/ws01_plumbing/build/py01_topic_re/build/lib\n'}
[0.941140] (py01_topic_re) StdoutLine: {'line': b'creating /home/kl/VS_CODE/Github_respository/ROS-_for_Study/ws01_plumbing/build/py01_topic_re/build/lib/py01_topic_re\n'}
[0.941225] (py01_topic_re) StdoutLine: {'line': b'copying py01_topic_re/demo02_listener_str.py -> /home/kl/VS_CODE/Github_respository/ROS-_for_Study/ws01_plumbing/build/py01_topic_re/build/lib/py01_topic_re\n'}
[0.941304] (py01_topic_re) StdoutLine: {'line': b'copying py01_topic_re/demo01_talker_str.py -> /home/kl/VS_CODE/Github_respository/ROS-_for_Study/ws01_plumbing/build/py01_topic_re/build/lib/py01_topic_re\n'}
[0.941410] (py01_topic_re) StdoutLine: {'line': b'copying py01_topic_re/__init__.py -> /home/kl/VS_CODE/Github_respository/ROS-_for_Study/ws01_plumbing/build/py01_topic_re/build/lib/py01_topic_re\n'}
[0.941530] (py01_topic_re) StdoutLine: {'line': b'running install\n'}
[0.943266] (py01_topic_re) StderrLine: {'line': b'/usr/lib/python3/dist-packages/setuptools/command/install.py:34: SetuptoolsDeprecationWarning: setup.py install is deprecated. Use build and pip and other standards-based tools.\n'}
[0.943484] (py01_topic_re) StderrLine: {'line': b'  warnings.warn(\n'}
[0.943572] (py01_topic_re) StdoutLine: {'line': b'running install_lib\n'}
[0.943985] (py01_topic_re) StdoutLine: {'line': b'creating /home/kl/VS_CODE/Github_respository/ROS-_for_Study/ws01_plumbing/install/py01_topic_re/lib/python3.10/site-packages/py01_topic_re\n'}
[0.944143] (py01_topic_re) StdoutLine: {'line': b'copying /home/kl/VS_CODE/Github_respository/ROS-_for_Study/ws01_plumbing/build/py01_topic_re/build/lib/py01_topic_re/demo02_listener_str.py -> /home/kl/VS_CODE/Github_respository/ROS-_for_Study/ws01_plumbing/install/py01_topic_re/lib/python3.10/site-packages/py01_topic_re\n'}
[0.944262] (py01_topic_re) StdoutLine: {'line': b'copying /home/kl/VS_CODE/Github_respository/ROS-_for_Study/ws01_plumbing/build/py01_topic_re/build/lib/py01_topic_re/demo01_talker_str.py -> /home/kl/VS_CODE/Github_respository/ROS-_for_Study/ws01_plumbing/install/py01_topic_re/lib/python3.10/site-packages/py01_topic_re\n'}
[0.944396] (py01_topic_re) StdoutLine: {'line': b'copying /home/kl/VS_CODE/Github_respository/ROS-_for_Study/ws01_plumbing/build/py01_topic_re/build/lib/py01_topic_re/__init__.py -> /home/kl/VS_CODE/Github_respository/ROS-_for_Study/ws01_plumbing/install/py01_topic_re/lib/python3.10/site-packages/py01_topic_re\n'}
[0.945078] (py01_topic_re) StdoutLine: {'line': b'byte-compiling /home/kl/VS_CODE/Github_respository/ROS-_for_Study/ws01_plumbing/install/py01_topic_re/lib/python3.10/site-packages/py01_topic_re/demo02_listener_str.py to demo02_listener_str.cpython-310.pyc\n'}
[0.945771] (py01_topic_re) StdoutLine: {'line': b'byte-compiling /home/kl/VS_CODE/Github_respository/ROS-_for_Study/ws01_plumbing/install/py01_topic_re/lib/python3.10/site-packages/py01_topic_re/demo01_talker_str.py to demo01_talker_str.cpython-310.pyc\n'}
[0.946230] (py01_topic_re) StdoutLine: {'line': b'byte-compiling /home/kl/VS_CODE/Github_respository/ROS-_for_Study/ws01_plumbing/install/py01_topic_re/lib/python3.10/site-packages/py01_topic_re/__init__.py to __init__.cpython-310.pyc\n'}
[0.946505] (py01_topic_re) StdoutLine: {'line': b'running install_data\n'}
[0.947378] (py01_topic_re) StdoutLine: {'line': b'creating /home/kl/VS_CODE/Github_respository/ROS-_for_Study/ws01_plumbing/install/py01_topic_re/share/ament_index\n'}
[0.947573] (py01_topic_re) StdoutLine: {'line': b'creating /home/kl/VS_CODE/Github_respository/ROS-_for_Study/ws01_plumbing/install/py01_topic_re/share/ament_index/resource_index\n'}
[0.947699] (py01_topic_re) StdoutLine: {'line': b'creating /home/kl/VS_CODE/Github_respository/ROS-_for_Study/ws01_plumbing/install/py01_topic_re/share/ament_index/resource_index/packages\n'}
[0.947777] (py01_topic_re) StdoutLine: {'line': b'copying resource/py01_topic_re -> /home/kl/VS_CODE/Github_respository/ROS-_for_Study/ws01_plumbing/install/py01_topic_re/share/ament_index/resource_index/packages\n'}
[0.947849] (py01_topic_re) StdoutLine: {'line': b'copying package.xml -> /home/kl/VS_CODE/Github_respository/ROS-_for_Study/ws01_plumbing/install/py01_topic_re/share/py01_topic_re\n'}
[0.947923] (py01_topic_re) StdoutLine: {'line': b'running install_egg_info\n'}
[0.948435] (cpp01_topic_re) StdoutLine: {'line': b'-- Detecting CXX compiler ABI info - done\n'}
[0.949771] (py01_topic_re) StdoutLine: {'line': b'Copying ../../build/py01_topic_re/py01_topic_re.egg-info to /home/kl/VS_CODE/Github_respository/ROS-_for_Study/ws01_plumbing/install/py01_topic_re/lib/python3.10/site-packages/py01_topic_re-0.0.0-py3.10.egg-info\n'}
[0.950702] (py01_topic_re) StdoutLine: {'line': b'running install_scripts\n'}
[0.959288] (cpp01_topic_re) StdoutLine: {'line': b'-- Check for working CXX compiler: /usr/bin/c++ - skipped\n'}
[0.959674] (cpp01_topic_re) StdoutLine: {'line': b'-- Detecting CXX compile features\n'}
[0.960260] (cpp01_topic_re) StdoutLine: {'line': b'-- Detecting CXX compile features - done\n'}
[0.970969] (cpp01_topic_re) StdoutLine: {'line': b'-- Found ament_cmake: 1.3.5 (/opt/ros/humble/share/ament_cmake/cmake)\n'}
[0.977644] (py01_topic_re) StdoutLine: {'line': b'Installing demo01_talker_str script to /home/kl/VS_CODE/Github_respository/ROS-_for_Study/ws01_plumbing/install/py01_topic_re/lib/py01_topic_re\n'}
[0.977836] (py01_topic_re) StdoutLine: {'line': b'Installing demo02_listener_str script to /home/kl/VS_CODE/Github_respository/ROS-_for_Study/ws01_plumbing/install/py01_topic_re/lib/py01_topic_re\n'}
[0.978295] (py01_topic_re) StdoutLine: {'line': b"writing list of installed files to '/home/kl/VS_CODE/Github_respository/ROS-_for_Study/ws01_plumbing/build/py01_topic_re/install.log'\n"}
[1.000057] (-) TimerEvent: {}
[1.011324] (py01_topic_re) CommandEnded: {'returncode': 0}
[1.019372] (py01_topic_re) JobEnded: {'identifier': 'py01_topic_re', 'rc': 0}
[1.100192] (-) TimerEvent: {}
[1.187416] (cpp01_topic_re) StdoutLine: {'line': b'-- Found Python3: /usr/bin/python3.10 (found version "3.10.6") found components: Interpreter \n'}
[1.200271] (-) TimerEvent: {}
[1.298837] (cpp01_topic_re) StdoutLine: {'line': b'-- Found rclcpp: 16.0.4 (/opt/ros/humble/share/rclcpp/cmake)\n'}
[1.300343] (-) TimerEvent: {}
[1.369381] (cpp01_topic_re) StdoutLine: {'line': b'-- Found rosidl_generator_c: 3.1.4 (/opt/ros/humble/share/rosidl_generator_c/cmake)\n'}
[1.376774] (cpp01_topic_re) StdoutLine: {'line': b'-- Found rosidl_adapter: 3.1.4 (/opt/ros/humble/share/rosidl_adapter/cmake)\n'}
[1.391941] (cpp01_topic_re) StdoutLine: {'line': b'-- Found rosidl_generator_cpp: 3.1.4 (/opt/ros/humble/share/rosidl_generator_cpp/cmake)\n'}
[1.400575] (-) TimerEvent: {}
[1.415830] (cpp01_topic_re) StdoutLine: {'line': b'-- Using all available rosidl_typesupport_c: rosidl_typesupport_fastrtps_c;rosidl_typesupport_introspection_c\n'}
[1.443103] (cpp01_topic_re) StdoutLine: {'line': b'-- Using all available rosidl_typesupport_cpp: rosidl_typesupport_fastrtps_cpp;rosidl_typesupport_introspection_cpp\n'}
[1.500732] (-) TimerEvent: {}
[1.529062] (cpp01_topic_re) StdoutLine: {'line': b'-- Found rmw_implementation_cmake: 6.1.1 (/opt/ros/humble/share/rmw_implementation_cmake/cmake)\n'}
[1.534427] (cpp01_topic_re) StdoutLine: {'line': b'-- Found rmw_fastrtps_cpp: 6.2.2 (/opt/ros/humble/share/rmw_fastrtps_cpp/cmake)\n'}
[1.600924] (-) TimerEvent: {}
[1.642117] (cpp01_topic_re) StdoutLine: {'line': b'-- Found OpenSSL: /usr/lib/x86_64-linux-gnu/libcrypto.so (found version "3.0.2")  \n'}
[1.663627] (cpp01_topic_re) StdoutLine: {'line': b'-- Found FastRTPS: /opt/ros/humble/include  \n'}
[1.692995] (cpp01_topic_re) StdoutLine: {'line': b"-- Using RMW implementation 'rmw_fastrtps_cpp' as default\n"}
[1.701090] (-) TimerEvent: {}
[1.712487] (cpp01_topic_re) StdoutLine: {'line': b'-- Looking for pthread.h\n'}
[1.796172] (cpp01_topic_re) StdoutLine: {'line': b'-- Looking for pthread.h - found\n'}
[1.796495] (cpp01_topic_re) StdoutLine: {'line': b'-- Performing Test CMAKE_HAVE_LIBC_PTHREAD\n'}
[1.801176] (-) TimerEvent: {}
[1.850726] (cpp01_topic_re) StdoutLine: {'line': b'-- Performing Test CMAKE_HAVE_LIBC_PTHREAD - Success\n'}
[1.851635] (cpp01_topic_re) StdoutLine: {'line': b'-- Found Threads: TRUE  \n'}
[1.901332] (-) TimerEvent: {}
[2.001832] (-) TimerEvent: {}
[2.032101] (cpp01_topic_re) StdoutLine: {'line': b'-- Found ament_lint_auto: 0.12.6 (/opt/ros/humble/share/ament_lint_auto/cmake)\n'}
[2.101907] (-) TimerEvent: {}
[2.123138] (cpp01_topic_re) StdoutLine: {'line': b"-- Added test 'cppcheck' to perform static code analysis on C / C++ code\n"}
[2.123362] (cpp01_topic_re) StdoutLine: {'line': b'-- Configured cppcheck include dirs: $<BUILD_INTERFACE:/home/kl/VS_CODE/Github_respository/ROS-_for_Study/ws01_plumbing/src/cpp01_topic_re/include>\n'}
[2.123446] (cpp01_topic_re) StdoutLine: {'line': b'-- Configured cppcheck exclude dirs and/or files: \n'}
[2.125210] (cpp01_topic_re) StdoutLine: {'line': b"-- Added test 'lint_cmake' to check CMake code style\n"}
[2.127382] (cpp01_topic_re) StdoutLine: {'line': b"-- Added test 'uncrustify' to check C / C++ code style\n"}
[2.127605] (cpp01_topic_re) StdoutLine: {'line': b'-- Configured uncrustify additional arguments: \n'}
[2.128775] (cpp01_topic_re) StdoutLine: {'line': b"-- Added test 'xmllint' to check XML markup files\n"}
[2.131146] (cpp01_topic_re) StdoutLine: {'line': b'-- Configuring done\n'}
[2.145630] (cpp01_topic_re) StdoutLine: {'line': b'-- Generating done\n'}
[2.147195] (cpp01_topic_re) StdoutLine: {'line': b'-- Build files have been written to: /home/kl/VS_CODE/Github_respository/ROS-_for_Study/ws01_plumbing/build/cpp01_topic_re\n'}
[2.154619] (cpp01_topic_re) CommandEnded: {'returncode': 0}
[2.155097] (cpp01_topic_re) JobProgress: {'identifier': 'cpp01_topic_re', 'progress': 'build'}
[2.155313] (cpp01_topic_re) Command: {'cmd': ['/usr/bin/cmake', '--build', '/home/kl/VS_CODE/Github_respository/ROS-_for_Study/ws01_plumbing/build/cpp01_topic_re', '--', '-j8', '-l8'], 'cwd': '/home/kl/VS_CODE/Github_respository/ROS-_for_Study/ws01_plumbing/build/cpp01_topic_re', 'env': OrderedDict([('GJS_DEBUG_TOPICS', 'JS ERROR;JS LOG'), ('LANGUAGE', 'zh_CN:zh'), ('USER', 'kl'), ('XDG_SESSION_TYPE', 'wayland'), ('GIT_ASKPASS', '/usr/share/code/resources/app/extensions/git/dist/askpass.sh'), ('SHLVL', '1'), ('LD_LIBRARY_PATH', '/opt/ros/humble/opt/rviz_ogre_vendor/lib:/opt/ros/humble/lib/x86_64-linux-gnu:/opt/ros/humble/lib'), ('HOME', '/home/kl'), ('CHROME_DESKTOP', 'code-url-handler.desktop'), ('OLDPWD', '/home/kl/VS_CODE/Github_respository/ROS-_for_Study/ws01_plumbing/src'), ('TERM_PROGRAM_VERSION', '1.80.1'), ('DESKTOP_SESSION', 'ubuntu'), ('GIO_LAUNCHED_DESKTOP_FILE', '/usr/share/applications/code.desktop'), ('ROS_PYTHON_VERSION', '3'), ('GNOME_SHELL_SESSION_MODE', 'ubuntu'), ('GTK_MODULES', 'gail:atk-bridge'), ('VSCODE_GIT_ASKPASS_MAIN', '/usr/share/code/resources/app/extensions/git/dist/askpass-main.js'), ('VSCODE_GIT_ASKPASS_NODE', '/usr/share/code/code'), ('MANAGERPID', '1775'), ('SYSTEMD_EXEC_PID', '1990'), ('IM_CONFIG_CHECK_ENV', '1'), ('DBUS_SESSION_BUS_ADDRESS', 'unix:path=/run/user/1000/bus'), ('COLORTERM', 'truecolor'), ('GIO_LAUNCHED_DESKTOP_FILE_PID', '5031'), ('IM_CONFIG_PHASE', '1'), ('WAYLAND_DISPLAY', 'wayland-0'), ('ROS_DISTRO', 'humble'), ('LOGNAME', 'kl'), ('JOURNAL_STREAM', '8:29442'), ('_', '/usr/bin/colcon'), ('ROS_VERSION', '2'), ('XDG_SESSION_CLASS', 'user'), ('USERNAME', 'kl'), ('TERM', 'xterm-256color'), ('GNOME_DESKTOP_SESSION_ID', 'this-is-deprecated'), ('ROS_LOCALHOST_ONLY', '0'), ('PATH', '/opt/ros/humble/bin:/usr/local/sbin:/usr/local/bin:/usr/sbin:/usr/bin:/sbin:/bin:/usr/games:/usr/local/games:/snap/bin:/snap/bin'), ('SESSION_MANAGER', 'local/XX:@/tmp/.ICE-unix/1962,unix/XX:/tmp/.ICE-unix/1962'), ('INVOCATION_ID', '12854c05d52e4d62ad666a70d9397c68'), ('XDG_MENU_PREFIX', 'gnome-'), ('GNOME_SETUP_DISPLAY', ':1'), ('XDG_RUNTIME_DIR', '/run/user/1000'), ('GDK_BACKEND', 'x11'), ('DISPLAY', ':0'), ('LANG', 'zh_CN.UTF-8'), ('XDG_CURRENT_DESKTOP', 'Unity'), ('XMODIFIERS', '@im=ibus'), ('XDG_SESSION_DESKTOP', 'ubuntu'), ('XAUTHORITY', '/run/user/1000/.mutter-Xwaylandauth.FTY971'), ('VSCODE_GIT_IPC_HANDLE', '/run/user/1000/vscode-git-cef9963d23.sock'), ('TERM_PROGRAM', 'vscode'), ('SSH_AGENT_LAUNCHER', 'gnome-keyring'), ('SSH_AUTH_SOCK', '/run/user/1000/keyring/ssh'), ('AMENT_PREFIX_PATH', '/opt/ros/humble'), ('ORIGINAL_XDG_CURRENT_DESKTOP', 'ubuntu:GNOME'), ('SHELL', '/bin/bash'), ('QT_ACCESSIBILITY', '1'), ('GDMSESSION', 'ubuntu'), ('GJS_DEBUG_OUTPUT', 'stderr'), ('VSCODE_GIT_ASKPASS_EXTRA_ARGS', '--ms-enable-electron-run-as-node'), ('QT_IM_MODULE', 'ibus'), ('PWD', '/home/kl/VS_CODE/Github_respository/ROS-_for_Study/ws01_plumbing/build/cpp01_topic_re'), ('XDG_CONFIG_DIRS', '/etc/xdg/xdg-ubuntu:/etc/xdg'), ('XDG_DATA_DIRS', '/usr/share/ubuntu:/usr/local/share/:/usr/share/:/var/lib/snapd/desktop'), ('PYTHONPATH', '/opt/ros/humble/lib/python3.10/site-packages:/opt/ros/humble/local/lib/python3.10/dist-packages'), ('COLCON', '1'), ('CMAKE_PREFIX_PATH', '/opt/ros/humble')]), 'shell': False}
[2.189533] (cpp01_topic_re) StdoutLine: {'line': b'[ 50%] \x1b[32mBuilding CXX object CMakeFiles/demo02_listener_str.dir/src/demo02_listener_str.cpp.o\x1b[0m\n'}
[2.189828] (cpp01_topic_re) StdoutLine: {'line': b'[ 50%] \x1b[32mBuilding CXX object CMakeFiles/demo01_talker_str.dir/src/demo01_talker_str.cpp.o\x1b[0m\n'}
[2.202085] (-) TimerEvent: {}
[2.302333] (-) TimerEvent: {}
[2.402596] (-) TimerEvent: {}
[2.502929] (-) TimerEvent: {}
[2.603322] (-) TimerEvent: {}
[2.703848] (-) TimerEvent: {}
[2.772093] (cpp01_topic_re) StderrLine: {'line': b'\x1b[01m\x1b[K/home/kl/VS_CODE/Github_respository/ROS-_for_Study/ws01_plumbing/src/cpp01_topic_re/src/demo02_listener_str.cpp:2:10:\x1b[m\x1b[K \x1b[01;31m\x1b[Kfatal error: \x1b[m\x1b[Kstd_msgs/msg/string.hpp: \xe6\xb2\xa1\xe6\x9c\x89\xe9\x82\xa3\xe4\xb8\xaa\xe6\x96\x87\xe4\xbb\xb6\xe6\x88\x96\xe7\x9b\xae\xe5\xbd\x95\n'}
[2.772410] (cpp01_topic_re) StderrLine: {'line': b'    2 | #include \x1b[01;31m\x1b[K"std_msgs/msg/string.hpp"\x1b[m\x1b[K\n'}
[2.772502] (cpp01_topic_re) StderrLine: {'line': b'      |          \x1b[01;31m\x1b[K^~~~~~~~~~~~~~~~~~~~~~~~~\x1b[m\x1b[K\n'}
[2.772561] (cpp01_topic_re) StderrLine: {'line': b'\x1b[01m\x1b[K/home/kl/VS_CODE/Github_respository/ROS-_for_Study/ws01_plumbing/src/cpp01_topic_re/src/demo01_talker_str.cpp:2:10:\x1b[m\x1b[K \x1b[01;31m\x1b[Kfatal error: \x1b[m\x1b[Kstd_msgs/msg/string.hpp: \xe6\xb2\xa1\xe6\x9c\x89\xe9\x82\xa3\xe4\xb8\xaa\xe6\x96\x87\xe4\xbb\xb6\xe6\x88\x96\xe7\x9b\xae\xe5\xbd\x95\n'}
[2.772626] (cpp01_topic_re) StderrLine: {'line': b'    2 | #include \x1b[01;31m\x1b[K"std_msgs/msg/string.hpp"\x1b[m\x1b[K\n'}
[2.772685] (cpp01_topic_re) StderrLine: {'line': b'      |          \x1b[01;31m\x1b[K^~~~~~~~~~~~~~~~~~~~~~~~~\x1b[m\x1b[K\n'}
[2.772743] (cpp01_topic_re) StderrLine: {'line': b'compilation terminated.\n'}
[2.772802] (cpp01_topic_re) StderrLine: {'line': b'compilation terminated.\n'}
[2.774382] (cpp01_topic_re) StderrLine: {'line': b'gmake[2]: *** [CMakeFiles/demo01_talker_str.dir/build.make:76\xef\xbc\x9aCMakeFiles/demo01_talker_str.dir/src/demo01_talker_str.cpp.o] \xe9\x94\x99\xe8\xaf\xaf 1\n'}
[2.774690] (cpp01_topic_re) StderrLine: {'line': b'gmake[2]: *** [CMakeFiles/demo02_listener_str.dir/build.make:76\xef\xbc\x9aCMakeFiles/demo02_listener_str.dir/src/demo02_listener_str.cpp.o] \xe9\x94\x99\xe8\xaf\xaf 1\n'}
[2.774809] (cpp01_topic_re) StderrLine: {'line': b'gmake[1]: *** [CMakeFiles/Makefile2:139\xef\xbc\x9aCMakeFiles/demo01_talker_str.dir/all] \xe9\x94\x99\xe8\xaf\xaf 2\n'}
[2.774918] (cpp01_topic_re) StderrLine: {'line': b'gmake[1]: *** \xe6\xad\xa3\xe5\x9c\xa8\xe7\xad\x89\xe5\xbe\x85\xe6\x9c\xaa\xe5\xae\x8c\xe6\x88\x90\xe7\x9a\x84\xe4\xbb\xbb\xe5\x8a\xa1....\n'}
[2.774984] (cpp01_topic_re) StderrLine: {'line': b'gmake[1]: *** [CMakeFiles/Makefile2:165\xef\xbc\x9aCMakeFiles/demo02_listener_str.dir/all] \xe9\x94\x99\xe8\xaf\xaf 2\n'}
[2.775047] (cpp01_topic_re) StderrLine: {'line': b'gmake: *** [Makefile:146\xef\xbc\x9aall] \xe9\x94\x99\xe8\xaf\xaf 2\n'}
[2.776641] (cpp01_topic_re) CommandEnded: {'returncode': 2}
[2.798714] (cpp01_topic_re) JobEnded: {'identifier': 'cpp01_topic_re', 'rc': 2}
[2.803927] (-) TimerEvent: {}
[2.809497] (-) EventReactorShutdown: {}
