[0.460s] Invoking command in '/media/kl/数据/github/Github_respository/ROS-_for_Study/ws01_plumbing/src/py01_topic': CMAKE_PREFIX_PATH=/media/kl/数据/github/Github_respository/ROS-_for_Study/ws01_plumbing/install/base_interfaces_demo:/media/kl/数据/github/Github_respository/ROS-_for_Study/ws01_plumbing/install/cpp01_topic:/media/kl/数据/github/Github_respository/ROS-_for_Study/ws00_helloworld/install/pkg01_helloworld_cpp PYTHONPATH=/media/kl/数据/github/Github_respository/ROS-_for_Study/ws01_plumbing/build/py01_topic/prefix_override:/media/kl/数据/github/Github_respository/ROS-_for_Study/ws01_plumbing/install/py01_topic/lib/python3.10/site-packages:${PYTHONPATH} /usr/bin/python3 setup.py egg_info --egg-base ../../build/py01_topic build --build-base /media/kl/数据/github/Github_respository/ROS-_for_Study/ws01_plumbing/build/py01_topic/build install --record /media/kl/数据/github/Github_respository/ROS-_for_Study/ws01_plumbing/build/py01_topic/install.log --single-version-externally-managed
[0.651s] running egg_info
[0.652s] writing ../../build/py01_topic/py01_topic.egg-info/PKG-INFO
[0.652s] writing dependency_links to ../../build/py01_topic/py01_topic.egg-info/dependency_links.txt
[0.652s] writing entry points to ../../build/py01_topic/py01_topic.egg-info/entry_points.txt
[0.652s] writing requirements to ../../build/py01_topic/py01_topic.egg-info/requires.txt
[0.653s] writing top-level names to ../../build/py01_topic/py01_topic.egg-info/top_level.txt
[0.655s] reading manifest file '../../build/py01_topic/py01_topic.egg-info/SOURCES.txt'
[0.657s] writing manifest file '../../build/py01_topic/py01_topic.egg-info/SOURCES.txt'
[0.657s] running build
[0.657s] running build_py
[0.658s] running install
[0.658s] /usr/lib/python3/dist-packages/setuptools/command/install.py:34: SetuptoolsDeprecationWarning: setup.py install is deprecated. Use build and pip and other standards-based tools.
[0.659s]   warnings.warn(
[0.659s] running install_lib
[0.662s] byte-compiling /media/kl/数据/github/Github_respository/ROS-_for_Study/ws01_plumbing/install/py01_topic/lib/python3.10/site-packages/py01_topic/demo02_listener_str.py to demo02_listener_str.cpython-310.pyc
[0.662s] Sorry: IndentationError: unindent does not match any outer indentation level (demo02_listener_str.py, line 8)
[0.662s] running install_data
[0.663s] running install_egg_info
[0.665s] removing '/media/kl/数据/github/Github_respository/ROS-_for_Study/ws01_plumbing/install/py01_topic/lib/python3.10/site-packages/py01_topic-0.0.0-py3.10.egg-info' (and everything under it)
[0.666s] Copying ../../build/py01_topic/py01_topic.egg-info to /media/kl/数据/github/Github_respository/ROS-_for_Study/ws01_plumbing/install/py01_topic/lib/python3.10/site-packages/py01_topic-0.0.0-py3.10.egg-info
[0.672s] running install_scripts
[0.688s] Installing demo01_talker_str script to /media/kl/数据/github/Github_respository/ROS-_for_Study/ws01_plumbing/install/py01_topic/lib/py01_topic
[0.689s] writing list of installed files to '/media/kl/数据/github/Github_respository/ROS-_for_Study/ws01_plumbing/build/py01_topic/install.log'
[0.710s] Invoked command in '/media/kl/数据/github/Github_respository/ROS-_for_Study/ws01_plumbing/src/py01_topic' returned '0': CMAKE_PREFIX_PATH=/media/kl/数据/github/Github_respository/ROS-_for_Study/ws01_plumbing/install/base_interfaces_demo:/media/kl/数据/github/Github_respository/ROS-_for_Study/ws01_plumbing/install/cpp01_topic:/media/kl/数据/github/Github_respository/ROS-_for_Study/ws00_helloworld/install/pkg01_helloworld_cpp PYTHONPATH=/media/kl/数据/github/Github_respository/ROS-_for_Study/ws01_plumbing/build/py01_topic/prefix_override:/media/kl/数据/github/Github_respository/ROS-_for_Study/ws01_plumbing/install/py01_topic/lib/python3.10/site-packages:${PYTHONPATH} /usr/bin/python3 setup.py egg_info --egg-base ../../build/py01_topic build --build-base /media/kl/数据/github/Github_respository/ROS-_for_Study/ws01_plumbing/build/py01_topic/build install --record /media/kl/数据/github/Github_respository/ROS-_for_Study/ws01_plumbing/build/py01_topic/install.log --single-version-externally-managed
