[35m[1mConsolidate compiler generated dependencies of target demo01_talker_str[0m
[ 50%] [32mBuilding CXX object CMakeFiles/demo01_talker_str.dir/src/demo01_talker_str.cpp.o[0m
In file included from [01m[K/opt/ros/humble/include/rclcpp/rclcpp/topic_statistics/subscription_topic_statistics.hpp:31[m[K,
                 from [01m[K/opt/ros/humble/include/rclcpp/rclcpp/subscription.hpp:50[m[K,
                 from [01m[K/opt/ros/humble/include/rclcpp/rclcpp/any_executable.hpp:25[m[K,
                 from [01m[K/opt/ros/humble/include/rclcpp/rclcpp/memory_strategy.hpp:25[m[K,
                 from [01m[K/opt/ros/humble/include/rclcpp/rclcpp/memory_strategies.hpp:18[m[K,
                 from [01m[K/opt/ros/humble/include/rclcpp/rclcpp/executor_options.hpp:20[m[K,
                 from [01m[K/opt/ros/humble/include/rclcpp/rclcpp/executor.hpp:37[m[K,
                 from [01m[K/opt/ros/humble/include/rclcpp/rclcpp/executors/multi_threaded_executor.hpp:25[m[K,
                 from [01m[K/opt/ros/humble/include/rclcpp/rclcpp/executors.hpp:21[m[K,
                 from [01m[K/opt/ros/humble/include/rclcpp/rclcpp/rclcpp.hpp:155[m[K,
                 from [01m[K/media/kl/数据/github/Github_respository/ROS-_for_Study/ws01_plumbing/src/cpp01_topic/src/demo01_talker_str.cpp:1[m[K:
/opt/ros/humble/include/rclcpp/rclcpp/publisher.hpp: In instantiation of ‘[01m[Kclass rclcpp::Publisher<std_msgs::msg::String_<std::allocator<void> >(), std::allocator<void> >[m[K’:
[01m[K/usr/include/c++/11/type_traits:1442:45:[m[K   required by substitution of ‘[01m[Ktemplate<class _From1, class _To1, class> static std::true_type std::__is_convertible_helper<rclcpp::Publisher<std_msgs::msg::String_<std::allocator<void> >(), std::allocator<void> >*, rclcpp::Publisher<std_msgs::msg::String_<std::allocator<void> > >*, false>::__test<_From1, _To1, <template-parameter-1-3> >(int) [with _From1 = rclcpp::Publisher<std_msgs::msg::String_<std::allocator<void> >(), std::allocator<void> >*; _To1 = rclcpp::Publisher<std_msgs::msg::String_<std::allocator<void> > >*; <template-parameter-1-3> = <missing>][m[K’
[01m[K/usr/include/c++/11/type_traits:1451:42:[m[K   required from ‘[01m[Kstruct std::__is_convertible_helper<rclcpp::Publisher<std_msgs::msg::String_<std::allocator<void> >(), std::allocator<void> >*, rclcpp::Publisher<std_msgs::msg::String_<std::allocator<void> > >*, false>[m[K’
[01m[K/usr/include/c++/11/type_traits:1457:12:[m[K   required from ‘[01m[Kstruct std::is_convertible<rclcpp::Publisher<std_msgs::msg::String_<std::allocator<void> >(), std::allocator<void> >*, rclcpp::Publisher<std_msgs::msg::String_<std::allocator<void> > >*>[m[K’
[01m[K/usr/include/c++/11/bits/shared_ptr_base.h:899:12:[m[K   required from ‘[01m[Kstruct std::__sp_compatible_with<rclcpp::Publisher<std_msgs::msg::String_<std::allocator<void> >(), std::allocator<void> >*, rclcpp::Publisher<std_msgs::msg::String_<std::allocator<void> > >*>[m[K’
[01m[K/usr/include/c++/11/bits/shared_ptr_base.h:1066:8:[m[K   required by substitution of ‘[01m[Ktemplate<class _Tp, __gnu_cxx::_Lock_policy _Lp> template<class _Yp, class _Res> using _Compatible = typename std::enable_if<std::__sp_compatible_with<_Yp*, _Tp*>::value, _Res>::type [with _Yp = rclcpp::Publisher<std_msgs::msg::String_<std::allocator<void> >(), std::allocator<void> >; _Res = void; _Tp = rclcpp::Publisher<std_msgs::msg::String_<std::allocator<void> > >; __gnu_cxx::_Lock_policy _Lp = __gnu_cxx::_S_atomic][m[K’
[01m[K/usr/include/c++/11/bits/shared_ptr_base.h:1156:30:[m[K   required by substitution of ‘[01m[Ktemplate<class _Yp, class> std::__shared_ptr<rclcpp::Publisher<std_msgs::msg::String_<std::allocator<void> > >, __gnu_cxx::_S_atomic>::__shared_ptr(const std::__shared_ptr<_Tp>&) [with _Yp = rclcpp::Publisher<std_msgs::msg::String_<std::allocator<void> >(), std::allocator<void> >; <template-parameter-1-2> = <missing>][m[K’
[01m[K/usr/include/c++/11/type_traits:946:30:[m[K   required from ‘[01m[Kstruct std::__is_constructible_impl<std::__shared_ptr<rclcpp::Publisher<std_msgs::msg::String_<std::allocator<void> > >, __gnu_cxx::_S_atomic>, const std::shared_ptr<rclcpp::Publisher<std_msgs::msg::String_<std::allocator<void> >(), std::allocator<void> > >&>[m[K’
[01m[K/usr/include/c++/11/type_traits:952:12:[m[K   required from ‘[01m[Kstruct std::is_constructible<std::__shared_ptr<rclcpp::Publisher<std_msgs::msg::String_<std::allocator<void> > >, __gnu_cxx::_S_atomic>, const std::shared_ptr<rclcpp::Publisher<std_msgs::msg::String_<std::allocator<void> >(), std::allocator<void> > >&>[m[K’
[01m[K/usr/include/c++/11/bits/shared_ptr.h:125:8:[m[K   required by substitution of ‘[01m[Ktemplate<class _Tp> template<class ... _Args> using _Constructible = typename std::enable_if<std::is_constructible<std::__shared_ptr<_Tp>, _Args ...>::value>::type [with _Args = {const std::shared_ptr<rclcpp::Publisher<std_msgs::msg::String_<std::allocator<void> >(), std::allocator<void> > >&}; _Tp = rclcpp::Publisher<std_msgs::msg::String_<std::allocator<void> > >][m[K’
[01m[K/usr/include/c++/11/bits/shared_ptr.h:295:9:[m[K   required by substitution of ‘[01m[Ktemplate<class _Yp, class> std::shared_ptr<rclcpp::Publisher<std_msgs::msg::String_<std::allocator<void> > > >::shared_ptr(const std::shared_ptr<_Tp>&) [with _Yp = rclcpp::Publisher<std_msgs::msg::String_<std::allocator<void> >(), std::allocator<void> >; <template-parameter-1-2> = <missing>][m[K’
[01m[K/media/kl/数据/github/Github_respository/ROS-_for_Study/ws01_plumbing/src/cpp01_topic/src/demo01_talker_str.cpp:11:78:[m[K   required from here
[01m[K/opt/ros/humble/include/rclcpp/rclcpp/publisher.hpp:81:47:[m[K [01;31m[Kerror: [m[Kstatic assertion failed: given message type is not compatible with ROS and cannot be used with a Publisher
   81 |     rclcpp::is_ros_compatible_type<MessageT>::[01;31m[Kvalue[m[K,
      |                                               [01;31m[K^~~~~[m[K
[01m[K/opt/ros/humble/include/rclcpp/rclcpp/publisher.hpp:81:47:[m[K [01;36m[Knote: [m[K‘[01m[Krclcpp::is_ros_compatible_type<std_msgs::msg::String_<std::allocator<void> >()>::value[m[K’ evaluates to false
In file included from [01m[K/usr/include/x86_64-linux-gnu/c++/11/bits/c++allocator.h:33[m[K,
                 from [01m[K/usr/include/c++/11/bits/allocator.h:46[m[K,
                 from [01m[K/usr/include/c++/11/memory:64[m[K,
                 from [01m[K/opt/ros/humble/include/rclcpp/rclcpp/rclcpp.hpp:153[m[K,
                 from [01m[K/media/kl/数据/github/Github_respository/ROS-_for_Study/ws01_plumbing/src/cpp01_topic/src/demo01_talker_str.cpp:1[m[K:
/usr/include/c++/11/ext/new_allocator.h: In instantiation of ‘[01m[Kclass __gnu_cxx::new_allocator<std_msgs::msg::String_<std::allocator<void> >()>[m[K’:
[01m[K/usr/include/c++/11/bits/allocator.h:124:11:[m[K   required from ‘[01m[Kclass std::allocator<std_msgs::msg::String_<std::allocator<void> >()>[m[K’
[01m[K/opt/ros/humble/include/rclcpp/rclcpp/publisher.hpp:595:26:[m[K   required from ‘[01m[Kclass rclcpp::Publisher<std_msgs::msg::String_<std::allocator<void> >(), std::allocator<void> >[m[K’
[01m[K/usr/include/c++/11/type_traits:1442:45:[m[K   required by substitution of ‘[01m[Ktemplate<class _From1, class _To1, class> static std::true_type std::__is_convertible_helper<rclcpp::Publisher<std_msgs::msg::String_<std::allocator<void> >(), std::allocator<void> >*, rclcpp::Publisher<std_msgs::msg::String_<std::allocator<void> > >*, false>::__test<_From1, _To1, <template-parameter-1-3> >(int) [with _From1 = rclcpp::Publisher<std_msgs::msg::String_<std::allocator<void> >(), std::allocator<void> >*; _To1 = rclcpp::Publisher<std_msgs::msg::String_<std::allocator<void> > >*; <template-parameter-1-3> = <missing>][m[K’
[01m[K/usr/include/c++/11/type_traits:1451:42:[m[K   required from ‘[01m[Kstruct std::__is_convertible_helper<rclcpp::Publisher<std_msgs::msg::String_<std::allocator<void> >(), std::allocator<void> >*, rclcpp::Publisher<std_msgs::msg::String_<std::allocator<void> > >*, false>[m[K’
[01m[K/usr/include/c++/11/type_traits:1457:12:[m[K   required from ‘[01m[Kstruct std::is_convertible<rclcpp::Publisher<std_msgs::msg::String_<std::allocator<void> >(), std::allocator<void> >*, rclcpp::Publisher<std_msgs::msg::String_<std::allocator<void> > >*>[m[K’
[01m[K/usr/include/c++/11/bits/shared_ptr_base.h:899:12:[m[K   [ skipping 2 instantiation contexts, use -ftemplate-backtrace-limit=0 to disable ]
[01m[K/usr/include/c++/11/bits/shared_ptr_base.h:1156:30:[m[K   required by substitution of ‘[01m[Ktemplate<class _Yp, class> std::__shared_ptr<rclcpp::Publisher<std_msgs::msg::String_<std::allocator<void> > >, __gnu_cxx::_S_atomic>::__shared_ptr(const std::__shared_ptr<_Tp>&) [with _Yp = rclcpp::Publisher<std_msgs::msg::String_<std::allocator<void> >(), std::allocator<void> >; <template-parameter-1-2> = <missing>][m[K’
[01m[K/usr/include/c++/11/type_traits:946:30:[m[K   required from ‘[01m[Kstruct std::__is_constructible_impl<std::__shared_ptr<rclcpp::Publisher<std_msgs::msg::String_<std::allocator<void> > >, __gnu_cxx::_S_atomic>, const std::shared_ptr<rclcpp::Publisher<std_msgs::msg::String_<std::allocator<void> >(), std::allocator<void> > >&>[m[K’
[01m[K/usr/include/c++/11/type_traits:952:12:[m[K   required from ‘[01m[Kstruct std::is_constructible<std::__shared_ptr<rclcpp::Publisher<std_msgs::msg::String_<std::allocator<void> > >, __gnu_cxx::_S_atomic>, const std::shared_ptr<rclcpp::Publisher<std_msgs::msg::String_<std::allocator<void> >(), std::allocator<void> > >&>[m[K’
[01m[K/usr/include/c++/11/bits/shared_ptr.h:125:8:[m[K   required by substitution of ‘[01m[Ktemplate<class _Tp> template<class ... _Args> using _Constructible = typename std::enable_if<std::is_constructible<std::__shared_ptr<_Tp>, _Args ...>::value>::type [with _Args = {const std::shared_ptr<rclcpp::Publisher<std_msgs::msg::String_<std::allocator<void> >(), std::allocator<void> > >&}; _Tp = rclcpp::Publisher<std_msgs::msg::String_<std::allocator<void> > >][m[K’
[01m[K/usr/include/c++/11/bits/shared_ptr.h:295:9:[m[K   required by substitution of ‘[01m[Ktemplate<class _Yp, class> std::shared_ptr<rclcpp::Publisher<std_msgs::msg::String_<std::allocator<void> > > >::shared_ptr(const std::shared_ptr<_Tp>&) [with _Yp = rclcpp::Publisher<std_msgs::msg::String_<std::allocator<void> >(), std::allocator<void> >; <template-parameter-1-2> = <missing>][m[K’
[01m[K/media/kl/数据/github/Github_respository/ROS-_for_Study/ws01_plumbing/src/cpp01_topic/src/demo01_talker_str.cpp:11:78:[m[K   required from here
[01m[K/usr/include/c++/11/ext/new_allocator.h:96:7:[m[K [01;31m[Kerror: [m[K‘[01m[Kconst _Tp* __gnu_cxx::new_allocator<_Tp>::address(__gnu_cxx::new_allocator<_Tp>::const_reference) const [with _Tp = std_msgs::msg::String_<std::allocator<void> >(); __gnu_cxx::new_allocator<_Tp>::const_pointer = std_msgs::msg::String_<std::allocator<void> > (*)(); __gnu_cxx::new_allocator<_Tp>::const_reference = std_msgs::msg::String_<std::allocator<void> > (&)()][m[K’ cannot be overloaded with ‘[01m[K_Tp* __gnu_cxx::new_allocator<_Tp>::address(__gnu_cxx::new_allocator<_Tp>::reference) const [with _Tp = std_msgs::msg::String_<std::allocator<void> >(); __gnu_cxx::new_allocator<_Tp>::pointer = std_msgs::msg::String_<std::allocator<void> > (*)(); __gnu_cxx::new_allocator<_Tp>::reference = std_msgs::msg::String_<std::allocator<void> > (&)()][m[K’
   96 |       [01;31m[Kaddress[m[K(const_reference __x) const _GLIBCXX_NOEXCEPT
      |       [01;31m[K^~~~~~~[m[K
[01m[K/usr/include/c++/11/ext/new_allocator.h:92:7:[m[K [01;36m[Knote: [m[Kprevious declaration ‘[01m[K_Tp* __gnu_cxx::new_allocator<_Tp>::address(__gnu_cxx::new_allocator<_Tp>::reference) const [with _Tp = std_msgs::msg::String_<std::allocator<void> >(); __gnu_cxx::new_allocator<_Tp>::pointer = std_msgs::msg::String_<std::allocator<void> > (*)(); __gnu_cxx::new_allocator<_Tp>::reference = std_msgs::msg::String_<std::allocator<void> > (&)()][m[K’
   92 |       [01;36m[Kaddress[m[K(reference __x) const _GLIBCXX_NOEXCEPT
      |       [01;36m[K^~~~~~~[m[K
[01m[K/media/kl/数据/github/Github_respository/ROS-_for_Study/ws01_plumbing/src/cpp01_topic/src/demo01_talker_str.cpp:[m[K In constructor ‘[01m[KTalker::Talker()[m[K’:
[01m[K/media/kl/数据/github/Github_respository/ROS-_for_Study/ws01_plumbing/src/cpp01_topic/src/demo01_talker_str.cpp:11:78:[m[K [01;31m[Kerror: [m[Kno match for ‘[01m[Koperator=[m[K’ (operand types are ‘[01m[Krclcpp::Publisher<std_msgs::msg::String_<std::allocator<void> > >::SharedPtr[m[K’ {aka ‘[01m[Kstd::shared_ptr<rclcpp::Publisher<std_msgs::msg::String_<std::allocator<void> > > >[m[K’} and ‘[01m[Kstd::shared_ptr<rclcpp::Publisher<std_msgs::msg::String_<std::allocator<void> >(), std::allocator<void> > >[m[K’)
   11 |     publisher_ = this->create_publisher<std_msgs::msg::String()>("chatter",10[01;31m[K)[m[K;
      |                                                                              [01;31m[K^[m[K
In file included from [01m[K/usr/include/c++/11/memory:77[m[K,
                 from [01m[K/opt/ros/humble/include/rclcpp/rclcpp/rclcpp.hpp:153[m[K,
                 from [01m[K/media/kl/数据/github/Github_respository/ROS-_for_Study/ws01_plumbing/src/cpp01_topic/src/demo01_talker_str.cpp:1[m[K:
[01m[K/usr/include/c++/11/bits/shared_ptr.h:363:9:[m[K [01;36m[Knote: [m[Kcandidate: ‘[01m[Ktemplate<class _Yp> std::shared_ptr<_Tp>::_Assignable<const std::shared_ptr<_Yp>&> std::shared_ptr<_Tp>::operator=(const std::shared_ptr<_Yp>&) [with _Yp = _Yp; _Tp = rclcpp::Publisher<std_msgs::msg::String_<std::allocator<void> > >][m[K’
  363 |         [01;36m[Koperator[m[K=(const shared_ptr<_Yp>& __r) noexcept
      |         [01;36m[K^~~~~~~~[m[K
[01m[K/usr/include/c++/11/bits/shared_ptr.h:363:9:[m[K [01;36m[Knote: [m[K  template argument deduction/substitution failed:
/usr/include/c++/11/bits/shared_ptr.h: In substitution of ‘[01m[Ktemplate<class _Tp> template<class _Arg> using _Assignable = typename std::enable_if<std::is_assignable<std::__shared_ptr<_Tp>&, _Arg>::value, std::shared_ptr<_Tp>&>::type [with _Arg = const std::shared_ptr<rclcpp::Publisher<std_msgs::msg::String_<std::allocator<void> >(), std::allocator<void> > >&; _Tp = rclcpp::Publisher<std_msgs::msg::String_<std::allocator<void> > >][m[K’:
[01m[K/usr/include/c++/11/bits/shared_ptr.h:363:2:[m[K   required by substitution of ‘[01m[Ktemplate<class _Yp> std::shared_ptr<rclcpp::Publisher<std_msgs::msg::String_<std::allocator<void> > > >::_Assignable<const std::shared_ptr<_Tp>&> std::shared_ptr<rclcpp::Publisher<std_msgs::msg::String_<std::allocator<void> > > >::operator=<_Yp>(const std::shared_ptr<_Tp>&) [with _Yp = rclcpp::Publisher<std_msgs::msg::String_<std::allocator<void> >(), std::allocator<void> >][m[K’
[01m[K/media/kl/数据/github/Github_respository/ROS-_for_Study/ws01_plumbing/src/cpp01_topic/src/demo01_talker_str.cpp:11:78:[m[K   required from here
[01m[K/usr/include/c++/11/bits/shared_ptr.h:130:15:[m[K [01;31m[Kerror: [m[Kno type named ‘[01m[Ktype[m[K’ in ‘[01m[Kstruct std::enable_if<false, std::shared_ptr<rclcpp::Publisher<std_msgs::msg::String_<std::allocator<void> > > >&>[m[K’
  130 |         using [01;31m[K_Assignable[m[K = typename enable_if<
      |               [01;31m[K^~~~~~~~~~~[m[K
[01m[K/usr/include/c++/11/bits/shared_ptr.h:374:9:[m[K [01;36m[Knote: [m[Kcandidate: ‘[01m[Ktemplate<class _Yp> std::shared_ptr<_Tp>::_Assignable<std::auto_ptr<_Up> > std::shared_ptr<_Tp>::operator=(std::auto_ptr<_Up>&&) [with _Yp = _Yp; _Tp = rclcpp::Publisher<std_msgs::msg::String_<std::allocator<void> > >][m[K’
  374 |         [01;36m[Koperator[m[K=(auto_ptr<_Yp>&& __r)
      |         [01;36m[K^~~~~~~~[m[K
[01m[K/usr/include/c++/11/bits/shared_ptr.h:374:9:[m[K [01;36m[Knote: [m[K  template argument deduction/substitution failed:
[01m[K/media/kl/数据/github/Github_respository/ROS-_for_Study/ws01_plumbing/src/cpp01_topic/src/demo01_talker_str.cpp:11:78:[m[K [01;36m[Knote: [m[K  ‘[01m[Kstd::shared_ptr<rclcpp::Publisher<std_msgs::msg::String_<std::allocator<void> >(), std::allocator<void> > >[m[K’ is not derived from ‘[01m[Kstd::auto_ptr<_Up>[m[K’
   11 |     publisher_ = this->create_publisher<std_msgs::msg::String()>("chatter",10[01;36m[K)[m[K;
      |                                                                              [01;36m[K^[m[K
In file included from [01m[K/usr/include/c++/11/memory:77[m[K,
                 from [01m[K/opt/ros/humble/include/rclcpp/rclcpp/rclcpp.hpp:153[m[K,
                 from [01m[K/media/kl/数据/github/Github_respository/ROS-_for_Study/ws01_plumbing/src/cpp01_topic/src/demo01_talker_str.cpp:1[m[K:
[01m[K/usr/include/c++/11/bits/shared_ptr.h:391:9:[m[K [01;36m[Knote: [m[Kcandidate: ‘[01m[Ktemplate<class _Yp> std::shared_ptr<_Tp>::_Assignable<std::shared_ptr<_Yp> > std::shared_ptr<_Tp>::operator=(std::shared_ptr<_Yp>&&) [with _Yp = _Yp; _Tp = rclcpp::Publisher<std_msgs::msg::String_<std::allocator<void> > >][m[K’
  391 |         [01;36m[Koperator[m[K=(shared_ptr<_Yp>&& __r) noexcept
      |         [01;36m[K^~~~~~~~[m[K
[01m[K/usr/include/c++/11/bits/shared_ptr.h:391:9:[m[K [01;36m[Knote: [m[K  template argument deduction/substitution failed:
/usr/include/c++/11/bits/shared_ptr.h: In substitution of ‘[01m[Ktemplate<class _Tp> template<class _Arg> using _Assignable = typename std::enable_if<std::is_assignable<std::__shared_ptr<_Tp>&, _Arg>::value, std::shared_ptr<_Tp>&>::type [with _Arg = std::shared_ptr<rclcpp::Publisher<std_msgs::msg::String_<std::allocator<void> >(), std::allocator<void> > >; _Tp = rclcpp::Publisher<std_msgs::msg::String_<std::allocator<void> > >][m[K’:
[01m[K/usr/include/c++/11/bits/shared_ptr.h:391:2:[m[K   required by substitution of ‘[01m[Ktemplate<class _Yp> std::shared_ptr<rclcpp::Publisher<std_msgs::msg::String_<std::allocator<void> > > >::_Assignable<std::shared_ptr<_Tp> > std::shared_ptr<rclcpp::Publisher<std_msgs::msg::String_<std::allocator<void> > > >::operator=<_Yp>(std::shared_ptr<_Tp>&&) [with _Yp = rclcpp::Publisher<std_msgs::msg::String_<std::allocator<void> >(), std::allocator<void> >][m[K’
[01m[K/media/kl/数据/github/Github_respository/ROS-_for_Study/ws01_plumbing/src/cpp01_topic/src/demo01_talker_str.cpp:11:78:[m[K   required from here
[01m[K/usr/include/c++/11/bits/shared_ptr.h:130:15:[m[K [01;31m[Kerror: [m[Kno type named ‘[01m[Ktype[m[K’ in ‘[01m[Kstruct std::enable_if<false, std::shared_ptr<rclcpp::Publisher<std_msgs::msg::String_<std::allocator<void> > > >&>[m[K’
  130 |         using [01;31m[K_Assignable[m[K = typename enable_if<
      |               [01;31m[K^~~~~~~~~~~[m[K
[01m[K/usr/include/c++/11/bits/shared_ptr.h:399:9:[m[K [01;36m[Knote: [m[Kcandidate: ‘[01m[Ktemplate<class _Yp, class _Del> std::shared_ptr<_Tp>::_Assignable<std::unique_ptr<_Up, _Ep> > std::shared_ptr<_Tp>::operator=(std::unique_ptr<_Up, _Ep>&&) [with _Yp = _Yp; _Del = _Del; _Tp = rclcpp::Publisher<std_msgs::msg::String_<std::allocator<void> > >][m[K’
  399 |         [01;36m[Koperator[m[K=(unique_ptr<_Yp, _Del>&& __r)
      |         [01;36m[K^~~~~~~~[m[K
[01m[K/usr/include/c++/11/bits/shared_ptr.h:399:9:[m[K [01;36m[Knote: [m[K  template argument deduction/substitution failed:
[01m[K/media/kl/数据/github/Github_respository/ROS-_for_Study/ws01_plumbing/src/cpp01_topic/src/demo01_talker_str.cpp:11:78:[m[K [01;36m[Knote: [m[K  ‘[01m[Kstd::shared_ptr<rclcpp::Publisher<std_msgs::msg::String_<std::allocator<void> >(), std::allocator<void> > >[m[K’ is not derived from ‘[01m[Kstd::unique_ptr<_Tp, _Dp>[m[K’
   11 |     publisher_ = this->create_publisher<std_msgs::msg::String()>("chatter",10[01;36m[K)[m[K;
      |                                                                              [01;36m[K^[m[K
In file included from [01m[K/usr/include/c++/11/memory:77[m[K,
                 from [01m[K/opt/ros/humble/include/rclcpp/rclcpp/rclcpp.hpp:153[m[K,
                 from [01m[K/media/kl/数据/github/Github_respository/ROS-_for_Study/ws01_plumbing/src/cpp01_topic/src/demo01_talker_str.cpp:1[m[K:
[01m[K/usr/include/c++/11/bits/shared_ptr.h:359:19:[m[K [01;36m[Knote: [m[Kcandidate: ‘[01m[Kstd::shared_ptr<_Tp>& std::shared_ptr<_Tp>::operator=(const std::shared_ptr<_Tp>&) [with _Tp = rclcpp::Publisher<std_msgs::msg::String_<std::allocator<void> > >][m[K’
  359 |       shared_ptr& [01;36m[Koperator[m[K=(const shared_ptr&) noexcept = default;
      |                   [01;36m[K^~~~~~~~[m[K
[01m[K/usr/include/c++/11/bits/shared_ptr.h:359:29:[m[K [01;36m[Knote: [m[K  no known conversion for argument 1 from ‘[01m[Kstd::shared_ptr<rclcpp::Publisher<std_msgs::msg::String_<std::allocator<void> >(), std::allocator<void> > >[m[K’ to ‘[01m[Kconst std::shared_ptr<rclcpp::Publisher<std_msgs::msg::String_<std::allocator<void> > > >&[m[K’
  359 |       shared_ptr& operator=([01;36m[Kconst shared_ptr&[m[K) noexcept = default;
      |                             [01;36m[K^~~~~~~~~~~~~~~~~[m[K
[01m[K/usr/include/c++/11/bits/shared_ptr.h:383:7:[m[K [01;36m[Knote: [m[Kcandidate: ‘[01m[Kstd::shared_ptr<_Tp>& std::shared_ptr<_Tp>::operator=(std::shared_ptr<_Tp>&&) [with _Tp = rclcpp::Publisher<std_msgs::msg::String_<std::allocator<void> > >][m[K’
  383 |       [01;36m[Koperator[m[K=(shared_ptr&& __r) noexcept
      |       [01;36m[K^~~~~~~~[m[K
[01m[K/usr/include/c++/11/bits/shared_ptr.h:383:30:[m[K [01;36m[Knote: [m[K  no known conversion for argument 1 from ‘[01m[Kstd::shared_ptr<rclcpp::Publisher<std_msgs::msg::String_<std::allocator<void> >(), std::allocator<void> > >[m[K’ to ‘[01m[Kstd::shared_ptr<rclcpp::Publisher<std_msgs::msg::String_<std::allocator<void> > > >&&[m[K’
  383 |       operator=([01;36m[Kshared_ptr&& __r[m[K) noexcept
      |                 [01;36m[K~~~~~~~~~~~~~^~~[m[K
[01m[K/media/kl/数据/github/Github_respository/ROS-_for_Study/ws01_plumbing/src/cpp01_topic/src/demo01_talker_str.cpp:[m[K In member function ‘[01m[Kvoid Talker::on_timer()[m[K’:
[01m[K/media/kl/数据/github/Github_respository/ROS-_for_Study/ws01_plumbing/src/cpp01_topic/src/demo01_talker_str.cpp:23:27:[m[K [01;31m[Kerror: [m[Kno matching function for call to ‘[01m[Krclcpp::Publisher<std_msgs::msg::String_<std::allocator<void> > >::publish()[m[K’
   23 |       [01;31m[Kpublisher_ ->publish()[m[K;
      |       [01;31m[K~~~~~~~~~~~~~~~~~~~~^~[m[K
In file included from [01m[K/opt/ros/humble/include/rclcpp/rclcpp/topic_statistics/subscription_topic_statistics.hpp:31[m[K,
                 from [01m[K/opt/ros/humble/include/rclcpp/rclcpp/subscription.hpp:50[m[K,
                 from [01m[K/opt/ros/humble/include/rclcpp/rclcpp/any_executable.hpp:25[m[K,
                 from [01m[K/opt/ros/humble/include/rclcpp/rclcpp/memory_strategy.hpp:25[m[K,
                 from [01m[K/opt/ros/humble/include/rclcpp/rclcpp/memory_strategies.hpp:18[m[K,
                 from [01m[K/opt/ros/humble/include/rclcpp/rclcpp/executor_options.hpp:20[m[K,
                 from [01m[K/opt/ros/humble/include/rclcpp/rclcpp/executor.hpp:37[m[K,
                 from [01m[K/opt/ros/humble/include/rclcpp/rclcpp/executors/multi_threaded_executor.hpp:25[m[K,
                 from [01m[K/opt/ros/humble/include/rclcpp/rclcpp/executors.hpp:21[m[K,
                 from [01m[K/opt/ros/humble/include/rclcpp/rclcpp/rclcpp.hpp:155[m[K,
                 from [01m[K/media/kl/数据/github/Github_respository/ROS-_for_Study/ws01_plumbing/src/cpp01_topic/src/demo01_talker_str.cpp:1[m[K:
[01m[K/opt/ros/humble/include/rclcpp/rclcpp/publisher.hpp:251:3:[m[K [01;36m[Knote: [m[Kcandidate: ‘[01m[Ktemplate<class T> std::enable_if_t<(rosidl_generator_traits::is_message<T>::value && std::is_same<T, typename rclcpp::TypeAdapter<MessageT>::ros_message_type>::value)> rclcpp::Publisher<MessageT, AllocatorT>::publish(std::unique_ptr<T, typename std::conditional<std::is_same<typename std::allocator_traits<typename std::allocator_traits<_Allocator>::rebind_traits<typename rclcpp::TypeAdapter<MessageT, void, void>::ros_message_type>::allocator_type>::rebind_alloc<typename rclcpp::TypeAdapter<MessageT, void, void>::ros_message_type>, std::allocator<typename rclcpp::TypeAdapter<MessageT>::ros_message_type> >::value, std::default_delete<typename rclcpp::TypeAdapter<MessageT>::ros_message_type>, rclcpp::allocator::AllocatorDeleter<typename std::allocator_traits<_Allocator>::rebind_traits<typename rclcpp::TypeAdapter<MessageT, void, void>::ros_message_type>::allocator_type> >::type>) [with T = T; MessageT = std_msgs::msg::String_<std::allocator<void> >; AllocatorT = std::allocator<void>][m[K’
  251 |   [01;36m[Kpublish[m[K(std::unique_ptr<T, ROSMessageTypeDeleter> msg)
      |   [01;36m[K^~~~~~~[m[K
[01m[K/opt/ros/humble/include/rclcpp/rclcpp/publisher.hpp:251:3:[m[K [01;36m[Knote: [m[K  template argument deduction/substitution failed:
[01m[K/media/kl/数据/github/Github_respository/ROS-_for_Study/ws01_plumbing/src/cpp01_topic/src/demo01_talker_str.cpp:23:27:[m[K [01;36m[Knote: [m[K  candidate expects 1 argument, 0 provided
   23 |       [01;36m[Kpublisher_ ->publish()[m[K;
      |       [01;36m[K~~~~~~~~~~~~~~~~~~~~^~[m[K
In file included from [01m[K/opt/ros/humble/include/rclcpp/rclcpp/topic_statistics/subscription_topic_statistics.hpp:31[m[K,
                 from [01m[K/opt/ros/humble/include/rclcpp/rclcpp/subscription.hpp:50[m[K,
                 from [01m[K/opt/ros/humble/include/rclcpp/rclcpp/any_executable.hpp:25[m[K,
                 from [01m[K/opt/ros/humble/include/rclcpp/rclcpp/memory_strategy.hpp:25[m[K,
                 from [01m[K/opt/ros/humble/include/rclcpp/rclcpp/memory_strategies.hpp:18[m[K,
                 from [01m[K/opt/ros/humble/include/rclcpp/rclcpp/executor_options.hpp:20[m[K,
                 from [01m[K/opt/ros/humble/include/rclcpp/rclcpp/executor.hpp:37[m[K,
                 from [01m[K/opt/ros/humble/include/rclcpp/rclcpp/executors/multi_threaded_executor.hpp:25[m[K,
                 from [01m[K/opt/ros/humble/include/rclcpp/rclcpp/executors.hpp:21[m[K,
                 from [01m[K/opt/ros/humble/include/rclcpp/rclcpp/rclcpp.hpp:155[m[K,
                 from [01m[K/media/kl/数据/github/Github_respository/ROS-_for_Study/ws01_plumbing/src/cpp01_topic/src/demo01_talker_str.cpp:1[m[K:
[01m[K/opt/ros/humble/include/rclcpp/rclcpp/publisher.hpp:292:3:[m[K [01;36m[Knote: [m[Kcandidate: ‘[01m[Ktemplate<class T> std::enable_if_t<(rosidl_generator_traits::is_message<T>::value && std::is_same<T, typename rclcpp::TypeAdapter<MessageT>::ros_message_type>::value)> rclcpp::Publisher<MessageT, AllocatorT>::publish(const T&) [with T = T; MessageT = std_msgs::msg::String_<std::allocator<void> >; AllocatorT = std::allocator<void>][m[K’
  292 |   [01;36m[Kpublish[m[K(const T & msg)
      |   [01;36m[K^~~~~~~[m[K
[01m[K/opt/ros/humble/include/rclcpp/rclcpp/publisher.hpp:292:3:[m[K [01;36m[Knote: [m[K  template argument deduction/substitution failed:
[01m[K/media/kl/数据/github/Github_respository/ROS-_for_Study/ws01_plumbing/src/cpp01_topic/src/demo01_talker_str.cpp:23:27:[m[K [01;36m[Knote: [m[K  candidate expects 1 argument, 0 provided
   23 |       [01;36m[Kpublisher_ ->publish()[m[K;
      |       [01;36m[K~~~~~~~~~~~~~~~~~~~~^~[m[K
In file included from [01m[K/opt/ros/humble/include/rclcpp/rclcpp/topic_statistics/subscription_topic_statistics.hpp:31[m[K,
                 from [01m[K/opt/ros/humble/include/rclcpp/rclcpp/subscription.hpp:50[m[K,
                 from [01m[K/opt/ros/humble/include/rclcpp/rclcpp/any_executable.hpp:25[m[K,
                 from [01m[K/opt/ros/humble/include/rclcpp/rclcpp/memory_strategy.hpp:25[m[K,
                 from [01m[K/opt/ros/humble/include/rclcpp/rclcpp/memory_strategies.hpp:18[m[K,
                 from [01m[K/opt/ros/humble/include/rclcpp/rclcpp/executor_options.hpp:20[m[K,
                 from [01m[K/opt/ros/humble/include/rclcpp/rclcpp/executor.hpp:37[m[K,
                 from [01m[K/opt/ros/humble/include/rclcpp/rclcpp/executors/multi_threaded_executor.hpp:25[m[K,
                 from [01m[K/opt/ros/humble/include/rclcpp/rclcpp/executors.hpp:21[m[K,
                 from [01m[K/opt/ros/humble/include/rclcpp/rclcpp/rclcpp.hpp:155[m[K,
                 from [01m[K/media/kl/数据/github/Github_respository/ROS-_for_Study/ws01_plumbing/src/cpp01_topic/src/demo01_talker_str.cpp:1[m[K:
[01m[K/opt/ros/humble/include/rclcpp/rclcpp/publisher.hpp:322:3:[m[K [01;36m[Knote: [m[Kcandidate: ‘[01m[Ktemplate<class T> std::enable_if_t<(typename rclcpp::TypeAdapter<MessageT>::is_specialized::value && std::is_same<T, typename rclcpp::TypeAdapter<MessageT>::custom_type>::value)> rclcpp::Publisher<MessageT, AllocatorT>::publish(std::unique_ptr<T, typename std::conditional<std::is_same<typename std::allocator_traits<typename std::allocator_traits<_Allocator>::rebind_traits<typename rclcpp::TypeAdapter<MessageT, void, void>::custom_type>::allocator_type>::rebind_alloc<typename rclcpp::TypeAdapter<MessageT, void, void>::custom_type>, std::allocator<typename rclcpp::TypeAdapter<MessageT>::custom_type> >::value, std::default_delete<typename rclcpp::TypeAdapter<MessageT>::custom_type>, rclcpp::allocator::AllocatorDeleter<typename std::allocator_traits<_Allocator>::rebind_traits<typename rclcpp::TypeAdapter<MessageT, void, void>::custom_type>::allocator_type> >::type>) [with T = T; MessageT = std_msgs::msg::String_<std::allocator<void> >; AllocatorT = std::allocator<void>][m[K’
  322 |   [01;36m[Kpublish[m[K(std::unique_ptr<T, PublishedTypeDeleter> msg)
      |   [01;36m[K^~~~~~~[m[K
[01m[K/opt/ros/humble/include/rclcpp/rclcpp/publisher.hpp:322:3:[m[K [01;36m[Knote: [m[K  template argument deduction/substitution failed:
[01m[K/media/kl/数据/github/Github_respository/ROS-_for_Study/ws01_plumbing/src/cpp01_topic/src/demo01_talker_str.cpp:23:27:[m[K [01;36m[Knote: [m[K  candidate expects 1 argument, 0 provided
   23 |       [01;36m[Kpublisher_ ->publish()[m[K;
      |       [01;36m[K~~~~~~~~~~~~~~~~~~~~^~[m[K
In file included from [01m[K/opt/ros/humble/include/rclcpp/rclcpp/topic_statistics/subscription_topic_statistics.hpp:31[m[K,
                 from [01m[K/opt/ros/humble/include/rclcpp/rclcpp/subscription.hpp:50[m[K,
                 from [01m[K/opt/ros/humble/include/rclcpp/rclcpp/any_executable.hpp:25[m[K,
                 from [01m[K/opt/ros/humble/include/rclcpp/rclcpp/memory_strategy.hpp:25[m[K,
                 from [01m[K/opt/ros/humble/include/rclcpp/rclcpp/memory_strategies.hpp:18[m[K,
                 from [01m[K/opt/ros/humble/include/rclcpp/rclcpp/executor_options.hpp:20[m[K,
                 from [01m[K/opt/ros/humble/include/rclcpp/rclcpp/executor.hpp:37[m[K,
                 from [01m[K/opt/ros/humble/include/rclcpp/rclcpp/executors/multi_threaded_executor.hpp:25[m[K,
                 from [01m[K/opt/ros/humble/include/rclcpp/rclcpp/executors.hpp:21[m[K,
                 from [01m[K/opt/ros/humble/include/rclcpp/rclcpp/rclcpp.hpp:155[m[K,
                 from [01m[K/media/kl/数据/github/Github_respository/ROS-_for_Study/ws01_plumbing/src/cpp01_topic/src/demo01_talker_str.cpp:1[m[K:
[01m[K/opt/ros/humble/include/rclcpp/rclcpp/publisher.hpp:364:3:[m[K [01;36m[Knote: [m[Kcandidate: ‘[01m[Ktemplate<class T> std::enable_if_t<(typename rclcpp::TypeAdapter<MessageT>::is_specialized::value && std::is_same<T, typename rclcpp::TypeAdapter<MessageT>::custom_type>::value)> rclcpp::Publisher<MessageT, AllocatorT>::publish(const T&) [with T = T; MessageT = std_msgs::msg::String_<std::allocator<void> >; AllocatorT = std::allocator<void>][m[K’
  364 |   [01;36m[Kpublish[m[K(const T & msg)
      |   [01;36m[K^~~~~~~[m[K
[01m[K/opt/ros/humble/include/rclcpp/rclcpp/publisher.hpp:364:3:[m[K [01;36m[Knote: [m[K  template argument deduction/substitution failed:
[01m[K/media/kl/数据/github/Github_respository/ROS-_for_Study/ws01_plumbing/src/cpp01_topic/src/demo01_talker_str.cpp:23:27:[m[K [01;36m[Knote: [m[K  candidate expects 1 argument, 0 provided
   23 |       [01;36m[Kpublisher_ ->publish()[m[K;
      |       [01;36m[K~~~~~~~~~~~~~~~~~~~~^~[m[K
In file included from [01m[K/opt/ros/humble/include/rclcpp/rclcpp/topic_statistics/subscription_topic_statistics.hpp:31[m[K,
                 from [01m[K/opt/ros/humble/include/rclcpp/rclcpp/subscription.hpp:50[m[K,
                 from [01m[K/opt/ros/humble/include/rclcpp/rclcpp/any_executable.hpp:25[m[K,
                 from [01m[K/opt/ros/humble/include/rclcpp/rclcpp/memory_strategy.hpp:25[m[K,
                 from [01m[K/opt/ros/humble/include/rclcpp/rclcpp/memory_strategies.hpp:18[m[K,
                 from [01m[K/opt/ros/humble/include/rclcpp/rclcpp/executor_options.hpp:20[m[K,
                 from [01m[K/opt/ros/humble/include/rclcpp/rclcpp/executor.hpp:37[m[K,
                 from [01m[K/opt/ros/humble/include/rclcpp/rclcpp/executors/multi_threaded_executor.hpp:25[m[K,
                 from [01m[K/opt/ros/humble/include/rclcpp/rclcpp/executors.hpp:21[m[K,
                 from [01m[K/opt/ros/humble/include/rclcpp/rclcpp/rclcpp.hpp:155[m[K,
                 from [01m[K/media/kl/数据/github/Github_respository/ROS-_for_Study/ws01_plumbing/src/cpp01_topic/src/demo01_talker_str.cpp:1[m[K:
[01m[K/opt/ros/humble/include/rclcpp/rclcpp/publisher.hpp:383:3:[m[K [01;36m[Knote: [m[Kcandidate: ‘[01m[Kvoid rclcpp::Publisher<MessageT, AllocatorT>::publish(const rcl_serialized_message_t&) [with MessageT = std_msgs::msg::String_<std::allocator<void> >; AllocatorT = std::allocator<void>; rcl_serialized_message_t = rcutils_uint8_array_s][m[K’
  383 |   [01;36m[Kpublish[m[K(const rcl_serialized_message_t & serialized_msg)
      |   [01;36m[K^~~~~~~[m[K
[01m[K/opt/ros/humble/include/rclcpp/rclcpp/publisher.hpp:383:3:[m[K [01;36m[Knote: [m[K  candidate expects 1 argument, 0 provided
[01m[K/opt/ros/humble/include/rclcpp/rclcpp/publisher.hpp:389:3:[m[K [01;36m[Knote: [m[Kcandidate: ‘[01m[Kvoid rclcpp::Publisher<MessageT, AllocatorT>::publish(const rclcpp::SerializedMessage&) [with MessageT = std_msgs::msg::String_<std::allocator<void> >; AllocatorT = std::allocator<void>][m[K’
  389 |   [01;36m[Kpublish[m[K(const SerializedMessage & serialized_msg)
      |   [01;36m[K^~~~~~~[m[K
[01m[K/opt/ros/humble/include/rclcpp/rclcpp/publisher.hpp:389:3:[m[K [01;36m[Knote: [m[K  candidate expects 1 argument, 0 provided
[01m[K/opt/ros/humble/include/rclcpp/rclcpp/publisher.hpp:403:3:[m[K [01;36m[Knote: [m[Kcandidate: ‘[01m[Kvoid rclcpp::Publisher<MessageT, AllocatorT>::publish(rclcpp::LoanedMessage<typename rclcpp::TypeAdapter<MessageT>::ros_message_type, AllocatorT>&&) [with MessageT = std_msgs::msg::String_<std::allocator<void> >; AllocatorT = std::allocator<void>; typename rclcpp::TypeAdapter<MessageT>::ros_message_type = std_msgs::msg::String_<std::allocator<void> >][m[K’
  403 |   [01;36m[Kpublish[m[K(rclcpp::LoanedMessage<ROSMessageType, AllocatorT> && loaned_msg)
      |   [01;36m[K^~~~~~~[m[K
[01m[K/opt/ros/humble/include/rclcpp/rclcpp/publisher.hpp:403:3:[m[K [01;36m[Knote: [m[K  candidate expects 1 argument, 0 provided
gmake[2]: *** [CMakeFiles/demo01_talker_str.dir/build.make:76：CMakeFiles/demo01_talker_str.dir/src/demo01_talker_str.cpp.o] 错误 1
gmake[1]: *** [CMakeFiles/Makefile2:137：CMakeFiles/demo01_talker_str.dir/all] 错误 2
gmake: *** [Makefile:146：all] 错误 2
