[0.011s] Invoking command in '/home/kl/VS_CODE/Github_respository/ROS-_for_Study/ws01_plumbing/build/cpp01_topic': CMAKE_PREFIX_PATH=/opt/ros/humble /usr/bin/cmake /home/kl/VS_CODE/Github_respository/ROS-_for_Study/ws01_plumbing/src/cpp01_topic -DCMAKE_INSTALL_PREFIX=/home/kl/VS_CODE/Github_respository/ROS-_for_Study/ws01_plumbing/install/cpp01_topic
[0.019s] -- Found ament_cmake: 1.3.5 (/opt/ros/humble/share/ament_cmake/cmake)
[0.119s] -- Found rclcpp: 16.0.4 (/opt/ros/humble/share/rclcpp/cmake)
[0.137s] -- Found rosidl_generator_c: 3.1.4 (/opt/ros/humble/share/rosidl_generator_c/cmake)
[0.139s] -- Found rosidl_adapter: 3.1.4 (/opt/ros/humble/share/rosidl_adapter/cmake)
[0.143s] -- Found rosidl_generator_cpp: 3.1.4 (/opt/ros/humble/share/rosidl_generator_cpp/cmake)
[0.152s] -- Using all available rosidl_typesupport_c: rosidl_typesupport_fastrtps_c;rosidl_typesupport_introspection_c
[0.162s] -- Using all available rosidl_typesupport_cpp: rosidl_typesupport_fastrtps_cpp;rosidl_typesupport_introspection_cpp
[0.198s] -- Found rmw_implementation_cmake: 6.1.1 (/opt/ros/humble/share/rmw_implementation_cmake/cmake)
[0.199s] -- Found rmw_fastrtps_cpp: 6.2.2 (/opt/ros/humble/share/rmw_fastrtps_cpp/cmake)
[0.279s] -- Using RMW implementation 'rmw_fastrtps_cpp' as default
[0.387s] [31mCMake Error at CMakeLists.txt:12 (find_package):
[0.387s]   By not providing "Findbase_interfaces_demo.cmake" in CMAKE_MODULE_PATH this
[0.387s]   project has asked CMake to find a package configuration file provided by
[0.387s]   "base_interfaces_demo", but CMake did not find one.
[0.387s] 
[0.387s]   Could not find a package configuration file provided by
[0.387s]   "base_interfaces_demo" with any of the following names:
[0.387s] 
[0.387s]     base_interfaces_demoConfig.cmake
[0.387s]     base_interfaces_demo-config.cmake
[0.387s] 
[0.387s]   Add the installation prefix of "base_interfaces_demo" to CMAKE_PREFIX_PATH
[0.387s]   or set "base_interfaces_demo_DIR" to a directory containing one of the
[0.388s]   above files.  If "base_interfaces_demo" provides a separate development
[0.388s]   package or SDK, be sure it has been installed.
[0.388s] 
[0.388s] [0m
[0.388s] -- Configuring incomplete, errors occurred!
[0.388s] See also "/home/kl/VS_CODE/Github_respository/ROS-_for_Study/ws01_plumbing/build/cpp01_topic/CMakeFiles/CMakeOutput.log".
[0.394s] Invoked command in '/home/kl/VS_CODE/Github_respository/ROS-_for_Study/ws01_plumbing/build/cpp01_topic' returned '1': CMAKE_PREFIX_PATH=/opt/ros/humble /usr/bin/cmake /home/kl/VS_CODE/Github_respository/ROS-_for_Study/ws01_plumbing/src/cpp01_topic -DCMAKE_INSTALL_PREFIX=/home/kl/VS_CODE/Github_respository/ROS-_for_Study/ws01_plumbing/install/cpp01_topic
