[0.000000] (-) TimerEvent: {}
[0.000338] (-) JobUnselected: {'identifier': 'base_interfaces'}
[0.000488] (-) JobUnselected: {'identifier': 'py01_topic_re'}
[0.000892] (cpp01_topic_re) JobQueued: {'identifier': 'cpp01_topic_re', 'dependencies': OrderedDict()}
[0.000950] (cpp01_topic_re) JobStarted: {'identifier': 'cpp01_topic_re'}
[0.009014] (cpp01_topic_re) JobProgress: {'identifier': 'cpp01_topic_re', 'progress': 'cmake'}
[0.009478] (cpp01_topic_re) JobProgress: {'identifier': 'cpp01_topic_re', 'progress': 'build'}
[0.009962] (cpp01_topic_re) Command: {'cmd': ['/usr/bin/cmake', '--build', '/home/kl/VS_CODE/Github_respository/ROS-_for_Study/ws01_plumbing/build/cpp01_topic_re', '--', '-j8', '-l8'], 'cwd': '/home/kl/VS_CODE/Github_respository/ROS-_for_Study/ws01_plumbing/build/cpp01_topic_re', 'env': OrderedDict([('GJS_DEBUG_TOPICS', 'JS ERROR;JS LOG'), ('LANGUAGE', 'zh_CN:zh'), ('USER', 'kl'), ('XDG_SESSION_TYPE', 'wayland'), ('GIT_ASKPASS', '/usr/share/code/resources/app/extensions/git/dist/askpass.sh'), ('SHLVL', '1'), ('LD_LIBRARY_PATH', '/home/kl/VS_CODE/Github_respository/ROS-_for_Study/ws01_plumbing/install/base_interfaces/lib:/opt/ros/humble/opt/rviz_ogre_vendor/lib:/opt/ros/humble/lib/x86_64-linux-gnu:/opt/ros/humble/lib'), ('HOME', '/home/kl'), ('CHROME_DESKTOP', 'code-url-handler.desktop'), ('TERM_PROGRAM_VERSION', '1.80.1'), ('DESKTOP_SESSION', 'ubuntu'), ('GIO_LAUNCHED_DESKTOP_FILE', '/usr/share/applications/code.desktop'), ('ROS_PYTHON_VERSION', '3'), ('GNOME_SHELL_SESSION_MODE', 'ubuntu'), ('GTK_MODULES', 'gail:atk-bridge'), ('VSCODE_GIT_ASKPASS_MAIN', '/usr/share/code/resources/app/extensions/git/dist/askpass-main.js'), ('VSCODE_GIT_ASKPASS_NODE', '/usr/share/code/code'), ('MANAGERPID', '1775'), ('SYSTEMD_EXEC_PID', '1990'), ('IM_CONFIG_CHECK_ENV', '1'), ('DBUS_SESSION_BUS_ADDRESS', 'unix:path=/run/user/1000/bus'), ('COLORTERM', 'truecolor'), ('GIO_LAUNCHED_DESKTOP_FILE_PID', '17129'), ('IM_CONFIG_PHASE', '1'), ('WAYLAND_DISPLAY', 'wayland-0'), ('COLCON_PREFIX_PATH', '/home/kl/VS_CODE/Github_respository/ROS-_for_Study/ws01_plumbing/install'), ('ROS_DISTRO', 'humble'), ('LOGNAME', 'kl'), ('JOURNAL_STREAM', '8:29442'), ('_', '/usr/bin/colcon'), ('ROS_VERSION', '2'), ('XDG_SESSION_CLASS', 'user'), ('USERNAME', 'kl'), ('TERM', 'xterm-256color'), ('GNOME_DESKTOP_SESSION_ID', 'this-is-deprecated'), ('ROS_LOCALHOST_ONLY', '0'), ('PATH', '/opt/ros/humble/bin:/usr/local/sbin:/usr/local/bin:/usr/sbin:/usr/bin:/sbin:/bin:/usr/games:/usr/local/games:/snap/bin:/snap/bin'), ('SESSION_MANAGER', 'local/XX:@/tmp/.ICE-unix/1962,unix/XX:/tmp/.ICE-unix/1962'), ('INVOCATION_ID', '12854c05d52e4d62ad666a70d9397c68'), ('XDG_MENU_PREFIX', 'gnome-'), ('GNOME_SETUP_DISPLAY', ':1'), ('XDG_RUNTIME_DIR', '/run/user/1000'), ('GDK_BACKEND', 'x11'), ('DISPLAY', ':0'), ('LANG', 'zh_CN.UTF-8'), ('XDG_CURRENT_DESKTOP', 'Unity'), ('XMODIFIERS', '@im=ibus'), ('XDG_SESSION_DESKTOP', 'ubuntu'), ('XAUTHORITY', '/run/user/1000/.mutter-Xwaylandauth.FTY971'), ('VSCODE_GIT_IPC_HANDLE', '/run/user/1000/vscode-git-cef9963d23.sock'), ('TERM_PROGRAM', 'vscode'), ('SSH_AGENT_LAUNCHER', 'gnome-keyring'), ('SSH_AUTH_SOCK', '/run/user/1000/keyring/ssh'), ('AMENT_PREFIX_PATH', '/home/kl/VS_CODE/Github_respository/ROS-_for_Study/ws01_plumbing/install/py01_topic_re:/home/kl/VS_CODE/Github_respository/ROS-_for_Study/ws01_plumbing/install/cpp01_topic_re:/home/kl/VS_CODE/Github_respository/ROS-_for_Study/ws01_plumbing/install/base_interfaces:/opt/ros/humble'), ('ORIGINAL_XDG_CURRENT_DESKTOP', 'ubuntu:GNOME'), ('SHELL', '/bin/bash'), ('QT_ACCESSIBILITY', '1'), ('GDMSESSION', 'ubuntu'), ('GJS_DEBUG_OUTPUT', 'stderr'), ('VSCODE_GIT_ASKPASS_EXTRA_ARGS', '--ms-enable-electron-run-as-node'), ('QT_IM_MODULE', 'ibus'), ('PWD', '/home/kl/VS_CODE/Github_respository/ROS-_for_Study/ws01_plumbing/build/cpp01_topic_re'), ('XDG_CONFIG_DIRS', '/etc/xdg/xdg-ubuntu:/etc/xdg'), ('XDG_DATA_DIRS', '/usr/share/ubuntu:/usr/local/share/:/usr/share/:/var/lib/snapd/desktop'), ('PYTHONPATH', '/home/kl/VS_CODE/Github_respository/ROS-_for_Study/ws01_plumbing/install/py01_topic_re/lib/python3.10/site-packages:/home/kl/VS_CODE/Github_respository/ROS-_for_Study/ws01_plumbing/install/base_interfaces/local/lib/python3.10/dist-packages:/opt/ros/humble/lib/python3.10/site-packages:/opt/ros/humble/local/lib/python3.10/dist-packages'), ('COLCON', '1'), ('CMAKE_PREFIX_PATH', '/home/kl/VS_CODE/Github_respository/ROS-_for_Study/ws01_plumbing/install/cpp01_topic_re:/home/kl/VS_CODE/Github_respository/ROS-_for_Study/ws01_plumbing/install/base_interfaces:/home/kl/VS_CODE/Github_respository/ROS-_for_Study/ws01_plumbing/install/py01_topic_re:/opt/ros/humble')]), 'shell': False}
[0.028455] (cpp01_topic_re) StdoutLine: {'line': b'-- Found ament_cmake: 1.3.5 (/opt/ros/humble/share/ament_cmake/cmake)\n'}
[0.099776] (-) TimerEvent: {}
[0.125518] (cpp01_topic_re) StdoutLine: {'line': b'-- Found rclcpp: 16.0.4 (/opt/ros/humble/share/rclcpp/cmake)\n'}
[0.144162] (cpp01_topic_re) StdoutLine: {'line': b'-- Found rosidl_generator_c: 3.1.4 (/opt/ros/humble/share/rosidl_generator_c/cmake)\n'}
[0.145977] (cpp01_topic_re) StdoutLine: {'line': b'-- Found rosidl_adapter: 3.1.4 (/opt/ros/humble/share/rosidl_adapter/cmake)\n'}
[0.149686] (cpp01_topic_re) StdoutLine: {'line': b'-- Found rosidl_generator_cpp: 3.1.4 (/opt/ros/humble/share/rosidl_generator_cpp/cmake)\n'}
[0.158131] (cpp01_topic_re) StdoutLine: {'line': b'-- Using all available rosidl_typesupport_c: rosidl_typesupport_fastrtps_c;rosidl_typesupport_introspection_c\n'}
[0.170398] (cpp01_topic_re) StdoutLine: {'line': b'-- Using all available rosidl_typesupport_cpp: rosidl_typesupport_fastrtps_cpp;rosidl_typesupport_introspection_cpp\n'}
[0.199902] (-) TimerEvent: {}
[0.208381] (cpp01_topic_re) StdoutLine: {'line': b'-- Found rmw_implementation_cmake: 6.1.1 (/opt/ros/humble/share/rmw_implementation_cmake/cmake)\n'}
[0.209671] (cpp01_topic_re) StdoutLine: {'line': b'-- Found rmw_fastrtps_cpp: 6.2.2 (/opt/ros/humble/share/rmw_fastrtps_cpp/cmake)\n'}
[0.289451] (cpp01_topic_re) StdoutLine: {'line': b"-- Using RMW implementation 'rmw_fastrtps_cpp' as default\n"}
[0.300000] (-) TimerEvent: {}
[0.400303] (-) TimerEvent: {}
[0.410402] (cpp01_topic_re) StderrLine: {'line': b'\x1b[31mCMake Error at /opt/ros/humble/share/ament_cmake_target_dependencies/cmake/ament_target_dependencies.cmake:77 (message):\n'}
[0.410596] (cpp01_topic_re) StderrLine: {'line': b"  ament_target_dependencies() the passed package name 'base_interfaces' was\n"}
[0.410652] (cpp01_topic_re) StderrLine: {'line': b'  not found before\n'}
[0.410701] (cpp01_topic_re) StderrLine: {'line': b'Call Stack (most recent call first):\n'}
[0.410747] (cpp01_topic_re) StderrLine: {'line': b'  CMakeLists.txt:21 (ament_target_dependencies)\n'}
[0.410793] (cpp01_topic_re) StderrLine: {'line': b'\n'}
[0.410839] (cpp01_topic_re) StderrLine: {'line': b'\x1b[0m\n'}
[0.410885] (cpp01_topic_re) StdoutLine: {'line': b'-- Configuring incomplete, errors occurred!\n'}
[0.410938] (cpp01_topic_re) StdoutLine: {'line': b'See also "/home/kl/VS_CODE/Github_respository/ROS-_for_Study/ws01_plumbing/build/cpp01_topic_re/CMakeFiles/CMakeOutput.log".\n'}
[0.417972] (cpp01_topic_re) StderrLine: {'line': b'gmake: *** [Makefile:308\xef\xbc\x9acmake_check_build_system] \xe9\x94\x99\xe8\xaf\xaf 1\n'}
[0.419395] (cpp01_topic_re) CommandEnded: {'returncode': 2}
[0.449053] (cpp01_topic_re) JobEnded: {'identifier': 'cpp01_topic_re', 'rc': 2}
[0.459641] (-) EventReactorShutdown: {}
