running egg_info
writing ../../build/py01_topic_re/py01_topic_re.egg-info/PKG-INFO
writing dependency_links to ../../build/py01_topic_re/py01_topic_re.egg-info/dependency_links.txt
writing entry points to ../../build/py01_topic_re/py01_topic_re.egg-info/entry_points.txt
writing requirements to ../../build/py01_topic_re/py01_topic_re.egg-info/requires.txt
writing top-level names to ../../build/py01_topic_re/py01_topic_re.egg-info/top_level.txt
reading manifest file '../../build/py01_topic_re/py01_topic_re.egg-info/SOURCES.txt'
writing manifest file '../../build/py01_topic_re/py01_topic_re.egg-info/SOURCES.txt'
running build
running build_py
running install
/usr/lib/python3/dist-packages/setuptools/command/install.py:34: SetuptoolsDeprecationWarning: setup.py install is deprecated. Use build and pip and other standards-based tools.
  warnings.warn(
running install_lib
running install_data
running install_egg_info
removing '/home/kl/VS_CODE/Github_respository/ROS-_for_Study/ws01_plumbing/install/py01_topic_re/lib/python3.10/site-packages/py01_topic_re-0.0.0-py3.10.egg-info' (and everything under it)
Copying ../../build/py01_topic_re/py01_topic_re.egg-info to /home/kl/VS_CODE/Github_respository/ROS-_for_Study/ws01_plumbing/install/py01_topic_re/lib/python3.10/site-packages/py01_topic_re-0.0.0-py3.10.egg-info
running install_scripts
Installing demo01_talker_str script to /home/kl/VS_CODE/Github_respository/ROS-_for_Study/ws01_plumbing/install/py01_topic_re/lib/py01_topic_re
Installing demo02_listener_str = py01_topic_re.demo02_listener_str:maindemo03_talker_stu = py01_topic_re.demo03_talker_stu:maindemo04_listener_stu script to /home/kl/VS_CODE/Github_respository/ROS-_for_Study/ws01_plumbing/install/py01_topic_re/lib/py01_topic_re
writing list of installed files to '/home/kl/VS_CODE/Github_respository/ROS-_for_Study/ws01_plumbing/build/py01_topic_re/install.log'
