[0.000000] (-) TimerEvent: {}
[0.000461] (base_interfaces) JobQueued: {'identifier': 'base_interfaces', 'dependencies': OrderedDict()}
[0.000493] (cpp01_topic_re) JobQueued: {'identifier': 'cpp01_topic_re', 'dependencies': OrderedDict()}
[0.000508] (py01_topic_re) JobQueued: {'identifier': 'py01_topic_re', 'dependencies': OrderedDict()}
[0.000533] (base_interfaces) JobStarted: {'identifier': 'base_interfaces'}
[0.008740] (cpp01_topic_re) JobStarted: {'identifier': 'cpp01_topic_re'}
[0.012547] (py01_topic_re) JobStarted: {'identifier': 'py01_topic_re'}
[0.021886] (base_interfaces) JobProgress: {'identifier': 'base_interfaces', 'progress': 'cmake'}
[0.022924] (base_interfaces) JobProgress: {'identifier': 'base_interfaces', 'progress': 'build'}
[0.022971] (base_interfaces) Command: {'cmd': ['/usr/bin/cmake', '--build', '/home/kl/VS_CODE/Github_respository/ROS-_for_Study/ws01_plumbing/build/base_interfaces', '--', '-j8', '-l8'], 'cwd': '/home/kl/VS_CODE/Github_respository/ROS-_for_Study/ws01_plumbing/build/base_interfaces', 'env': OrderedDict([('GJS_DEBUG_TOPICS', 'JS ERROR;JS LOG'), ('LANGUAGE', 'zh_CN:zh'), ('USER', 'kl'), ('XDG_SESSION_TYPE', 'wayland'), ('GIT_ASKPASS', '/usr/share/code/resources/app/extensions/git/dist/askpass.sh'), ('SHLVL', '1'), ('LD_LIBRARY_PATH', '/home/kl/VS_CODE/Github_respository/ROS-_for_Study/ws01_plumbing/install/base_interfaces/lib:/opt/ros/humble/opt/rviz_ogre_vendor/lib:/opt/ros/humble/lib/x86_64-linux-gnu:/opt/ros/humble/lib'), ('HOME', '/home/kl'), ('CHROME_DESKTOP', 'code-url-handler.desktop'), ('TERM_PROGRAM_VERSION', '1.80.1'), ('DESKTOP_SESSION', 'ubuntu'), ('GIO_LAUNCHED_DESKTOP_FILE', '/usr/share/applications/code.desktop'), ('ROS_PYTHON_VERSION', '3'), ('GNOME_SHELL_SESSION_MODE', 'ubuntu'), ('GTK_MODULES', 'gail:atk-bridge'), ('VSCODE_GIT_ASKPASS_MAIN', '/usr/share/code/resources/app/extensions/git/dist/askpass-main.js'), ('VSCODE_GIT_ASKPASS_NODE', '/usr/share/code/code'), ('MANAGERPID', '1775'), ('SYSTEMD_EXEC_PID', '1990'), ('IM_CONFIG_CHECK_ENV', '1'), ('DBUS_SESSION_BUS_ADDRESS', 'unix:path=/run/user/1000/bus'), ('COLORTERM', 'truecolor'), ('GIO_LAUNCHED_DESKTOP_FILE_PID', '17129'), ('IM_CONFIG_PHASE', '1'), ('WAYLAND_DISPLAY', 'wayland-0'), ('COLCON_PREFIX_PATH', '/home/kl/VS_CODE/Github_respository/ROS-_for_Study/ws01_plumbing/install'), ('ROS_DISTRO', 'humble'), ('LOGNAME', 'kl'), ('JOURNAL_STREAM', '8:29442'), ('_', '/usr/bin/colcon'), ('ROS_VERSION', '2'), ('XDG_SESSION_CLASS', 'user'), ('USERNAME', 'kl'), ('TERM', 'xterm-256color'), ('GNOME_DESKTOP_SESSION_ID', 'this-is-deprecated'), ('ROS_LOCALHOST_ONLY', '0'), ('PATH', '/opt/ros/humble/bin:/usr/local/sbin:/usr/local/bin:/usr/sbin:/usr/bin:/sbin:/bin:/usr/games:/usr/local/games:/snap/bin:/snap/bin'), ('SESSION_MANAGER', 'local/XX:@/tmp/.ICE-unix/1962,unix/XX:/tmp/.ICE-unix/1962'), ('INVOCATION_ID', '12854c05d52e4d62ad666a70d9397c68'), ('XDG_MENU_PREFIX', 'gnome-'), ('GNOME_SETUP_DISPLAY', ':1'), ('XDG_RUNTIME_DIR', '/run/user/1000'), ('GDK_BACKEND', 'x11'), ('DISPLAY', ':0'), ('LANG', 'zh_CN.UTF-8'), ('XDG_CURRENT_DESKTOP', 'Unity'), ('XMODIFIERS', '@im=ibus'), ('XDG_SESSION_DESKTOP', 'ubuntu'), ('XAUTHORITY', '/run/user/1000/.mutter-Xwaylandauth.FTY971'), ('VSCODE_GIT_IPC_HANDLE', '/run/user/1000/vscode-git-cef9963d23.sock'), ('TERM_PROGRAM', 'vscode'), ('SSH_AGENT_LAUNCHER', 'gnome-keyring'), ('SSH_AUTH_SOCK', '/run/user/1000/keyring/ssh'), ('AMENT_PREFIX_PATH', '/home/kl/VS_CODE/Github_respository/ROS-_for_Study/ws01_plumbing/install/py01_topic_re:/home/kl/VS_CODE/Github_respository/ROS-_for_Study/ws01_plumbing/install/cpp01_topic_re:/home/kl/VS_CODE/Github_respository/ROS-_for_Study/ws01_plumbing/install/base_interfaces:/opt/ros/humble'), ('ORIGINAL_XDG_CURRENT_DESKTOP', 'ubuntu:GNOME'), ('SHELL', '/bin/bash'), ('QT_ACCESSIBILITY', '1'), ('GDMSESSION', 'ubuntu'), ('GJS_DEBUG_OUTPUT', 'stderr'), ('VSCODE_GIT_ASKPASS_EXTRA_ARGS', '--ms-enable-electron-run-as-node'), ('QT_IM_MODULE', 'ibus'), ('PWD', '/home/kl/VS_CODE/Github_respository/ROS-_for_Study/ws01_plumbing/build/base_interfaces'), ('XDG_CONFIG_DIRS', '/etc/xdg/xdg-ubuntu:/etc/xdg'), ('XDG_DATA_DIRS', '/usr/share/ubuntu:/usr/local/share/:/usr/share/:/var/lib/snapd/desktop'), ('PYTHONPATH', '/home/kl/VS_CODE/Github_respository/ROS-_for_Study/ws01_plumbing/install/py01_topic_re/lib/python3.10/site-packages:/home/kl/VS_CODE/Github_respository/ROS-_for_Study/ws01_plumbing/install/base_interfaces/local/lib/python3.10/dist-packages:/opt/ros/humble/lib/python3.10/site-packages:/opt/ros/humble/local/lib/python3.10/dist-packages'), ('COLCON', '1'), ('CMAKE_PREFIX_PATH', '/home/kl/VS_CODE/Github_respository/ROS-_for_Study/ws01_plumbing/install/cpp01_topic_re:/home/kl/VS_CODE/Github_respository/ROS-_for_Study/ws01_plumbing/install/base_interfaces:/home/kl/VS_CODE/Github_respository/ROS-_for_Study/ws01_plumbing/install/py01_topic_re:/opt/ros/humble')]), 'shell': False}
[0.025596] (cpp01_topic_re) JobProgress: {'identifier': 'cpp01_topic_re', 'progress': 'cmake'}
[0.026003] (cpp01_topic_re) JobProgress: {'identifier': 'cpp01_topic_re', 'progress': 'build'}
[0.026258] (cpp01_topic_re) Command: {'cmd': ['/usr/bin/cmake', '--build', '/home/kl/VS_CODE/Github_respository/ROS-_for_Study/ws01_plumbing/build/cpp01_topic_re', '--', '-j8', '-l8'], 'cwd': '/home/kl/VS_CODE/Github_respository/ROS-_for_Study/ws01_plumbing/build/cpp01_topic_re', 'env': OrderedDict([('GJS_DEBUG_TOPICS', 'JS ERROR;JS LOG'), ('LANGUAGE', 'zh_CN:zh'), ('USER', 'kl'), ('XDG_SESSION_TYPE', 'wayland'), ('GIT_ASKPASS', '/usr/share/code/resources/app/extensions/git/dist/askpass.sh'), ('SHLVL', '1'), ('LD_LIBRARY_PATH', '/home/kl/VS_CODE/Github_respository/ROS-_for_Study/ws01_plumbing/install/base_interfaces/lib:/opt/ros/humble/opt/rviz_ogre_vendor/lib:/opt/ros/humble/lib/x86_64-linux-gnu:/opt/ros/humble/lib'), ('HOME', '/home/kl'), ('CHROME_DESKTOP', 'code-url-handler.desktop'), ('TERM_PROGRAM_VERSION', '1.80.1'), ('DESKTOP_SESSION', 'ubuntu'), ('GIO_LAUNCHED_DESKTOP_FILE', '/usr/share/applications/code.desktop'), ('ROS_PYTHON_VERSION', '3'), ('GNOME_SHELL_SESSION_MODE', 'ubuntu'), ('GTK_MODULES', 'gail:atk-bridge'), ('VSCODE_GIT_ASKPASS_MAIN', '/usr/share/code/resources/app/extensions/git/dist/askpass-main.js'), ('VSCODE_GIT_ASKPASS_NODE', '/usr/share/code/code'), ('MANAGERPID', '1775'), ('SYSTEMD_EXEC_PID', '1990'), ('IM_CONFIG_CHECK_ENV', '1'), ('DBUS_SESSION_BUS_ADDRESS', 'unix:path=/run/user/1000/bus'), ('COLORTERM', 'truecolor'), ('GIO_LAUNCHED_DESKTOP_FILE_PID', '17129'), ('IM_CONFIG_PHASE', '1'), ('WAYLAND_DISPLAY', 'wayland-0'), ('COLCON_PREFIX_PATH', '/home/kl/VS_CODE/Github_respository/ROS-_for_Study/ws01_plumbing/install'), ('ROS_DISTRO', 'humble'), ('LOGNAME', 'kl'), ('JOURNAL_STREAM', '8:29442'), ('_', '/usr/bin/colcon'), ('ROS_VERSION', '2'), ('XDG_SESSION_CLASS', 'user'), ('USERNAME', 'kl'), ('TERM', 'xterm-256color'), ('GNOME_DESKTOP_SESSION_ID', 'this-is-deprecated'), ('ROS_LOCALHOST_ONLY', '0'), ('PATH', '/opt/ros/humble/bin:/usr/local/sbin:/usr/local/bin:/usr/sbin:/usr/bin:/sbin:/bin:/usr/games:/usr/local/games:/snap/bin:/snap/bin'), ('SESSION_MANAGER', 'local/XX:@/tmp/.ICE-unix/1962,unix/XX:/tmp/.ICE-unix/1962'), ('INVOCATION_ID', '12854c05d52e4d62ad666a70d9397c68'), ('XDG_MENU_PREFIX', 'gnome-'), ('GNOME_SETUP_DISPLAY', ':1'), ('XDG_RUNTIME_DIR', '/run/user/1000'), ('GDK_BACKEND', 'x11'), ('DISPLAY', ':0'), ('LANG', 'zh_CN.UTF-8'), ('XDG_CURRENT_DESKTOP', 'Unity'), ('XMODIFIERS', '@im=ibus'), ('XDG_SESSION_DESKTOP', 'ubuntu'), ('XAUTHORITY', '/run/user/1000/.mutter-Xwaylandauth.FTY971'), ('VSCODE_GIT_IPC_HANDLE', '/run/user/1000/vscode-git-cef9963d23.sock'), ('TERM_PROGRAM', 'vscode'), ('SSH_AGENT_LAUNCHER', 'gnome-keyring'), ('SSH_AUTH_SOCK', '/run/user/1000/keyring/ssh'), ('AMENT_PREFIX_PATH', '/home/kl/VS_CODE/Github_respository/ROS-_for_Study/ws01_plumbing/install/py01_topic_re:/home/kl/VS_CODE/Github_respository/ROS-_for_Study/ws01_plumbing/install/cpp01_topic_re:/home/kl/VS_CODE/Github_respository/ROS-_for_Study/ws01_plumbing/install/base_interfaces:/opt/ros/humble'), ('ORIGINAL_XDG_CURRENT_DESKTOP', 'ubuntu:GNOME'), ('SHELL', '/bin/bash'), ('QT_ACCESSIBILITY', '1'), ('GDMSESSION', 'ubuntu'), ('GJS_DEBUG_OUTPUT', 'stderr'), ('VSCODE_GIT_ASKPASS_EXTRA_ARGS', '--ms-enable-electron-run-as-node'), ('QT_IM_MODULE', 'ibus'), ('PWD', '/home/kl/VS_CODE/Github_respository/ROS-_for_Study/ws01_plumbing/build/cpp01_topic_re'), ('XDG_CONFIG_DIRS', '/etc/xdg/xdg-ubuntu:/etc/xdg'), ('XDG_DATA_DIRS', '/usr/share/ubuntu:/usr/local/share/:/usr/share/:/var/lib/snapd/desktop'), ('PYTHONPATH', '/home/kl/VS_CODE/Github_respository/ROS-_for_Study/ws01_plumbing/install/py01_topic_re/lib/python3.10/site-packages:/home/kl/VS_CODE/Github_respository/ROS-_for_Study/ws01_plumbing/install/base_interfaces/local/lib/python3.10/dist-packages:/opt/ros/humble/lib/python3.10/site-packages:/opt/ros/humble/local/lib/python3.10/dist-packages'), ('COLCON', '1'), ('CMAKE_PREFIX_PATH', '/home/kl/VS_CODE/Github_respository/ROS-_for_Study/ws01_plumbing/install/cpp01_topic_re:/home/kl/VS_CODE/Github_respository/ROS-_for_Study/ws01_plumbing/install/base_interfaces:/home/kl/VS_CODE/Github_respository/ROS-_for_Study/ws01_plumbing/install/py01_topic_re:/opt/ros/humble')]), 'shell': False}
[0.068303] (cpp01_topic_re) StdoutLine: {'line': b'[ 12%] \x1b[32mBuilding CXX object CMakeFiles/demo03_talker_stu.dir/src/demo03_talker_stu.cpp.o\x1b[0m\n'}
[0.068546] (base_interfaces) StdoutLine: {'line': b'[ 12%] Built target base_interfaces__rosidl_generator_c\n'}
[0.068639] (base_interfaces) StdoutLine: {'line': b'[ 12%] Built target base_interfaces__cpp\n'}
[0.072253] (cpp01_topic_re) StdoutLine: {'line': b'[ 37%] Built target demo04_listener_stu\n'}
[0.072504] (cpp01_topic_re) StdoutLine: {'line': b'[ 62%] Built target demo01_talker_str\n'}
[0.073732] (cpp01_topic_re) StdoutLine: {'line': b'[ 87%] Built target demo02_listener_str\n'}
[0.079390] (base_interfaces) StdoutLine: {'line': b'[ 12%] Built target ament_cmake_python_copy_base_interfaces\n'}
[0.087669] (base_interfaces) StdoutLine: {'line': b'[ 22%] Built target base_interfaces__rosidl_typesupport_introspection_c\n'}
[0.095778] (base_interfaces) StdoutLine: {'line': b'[ 32%] Built target base_interfaces__rosidl_typesupport_c\n'}
[0.097779] (base_interfaces) StdoutLine: {'line': b'[ 41%] Built target base_interfaces__rosidl_typesupport_fastrtps_c\n'}
[0.098469] (base_interfaces) StdoutLine: {'line': b'[ 51%] Built target base_interfaces__rosidl_typesupport_introspection_cpp\n'}
[0.099202] (-) TimerEvent: {}
[0.099849] (base_interfaces) StdoutLine: {'line': b'[ 61%] Built target base_interfaces__rosidl_typesupport_cpp\n'}
[0.100789] (base_interfaces) StdoutLine: {'line': b'[ 70%] Built target base_interfaces__rosidl_typesupport_fastrtps_cpp\n'}
[0.116421] (base_interfaces) StdoutLine: {'line': b'[ 70%] Built target base_interfaces\n'}
[0.131863] (base_interfaces) StdoutLine: {'line': b'[ 74%] Built target base_interfaces__py\n'}
[0.146730] (base_interfaces) StdoutLine: {'line': b'[ 80%] Built target base_interfaces__rosidl_generator_py\n'}
[0.161693] (base_interfaces) StdoutLine: {'line': b'[ 87%] Built target base_interfaces__rosidl_typesupport_fastrtps_c__pyext\n'}
[0.166237] (base_interfaces) StdoutLine: {'line': b'[ 93%] Built target base_interfaces__rosidl_typesupport_c__pyext\n'}
[0.167207] (base_interfaces) StdoutLine: {'line': b'[100%] Built target base_interfaces__rosidl_typesupport_introspection_c__pyext\n'}
[0.199485] (-) TimerEvent: {}
[0.235811] (cpp01_topic_re) StderrLine: {'line': b'\x1b[01m\x1b[K/home/kl/VS_CODE/Github_respository/ROS-_for_Study/ws01_plumbing/src/cpp01_topic_re/src/demo03_talker_stu.cpp:2:10:\x1b[m\x1b[K \x1b[01;31m\x1b[Kfatal error: \x1b[m\x1b[Kbase_interfaces/include/base_interfaces/base_interfaces/msg/student.hpp: \xe6\xb2\xa1\xe6\x9c\x89\xe9\x82\xa3\xe4\xb8\xaa\xe6\x96\x87\xe4\xbb\xb6\xe6\x88\x96\xe7\x9b\xae\xe5\xbd\x95\n'}
[0.236018] (cpp01_topic_re) StderrLine: {'line': b'    2 | #include \x1b[01;31m\x1b[K"base_interfaces/include/base_interfaces/base_interfaces/msg/student.hpp"\x1b[m\x1b[K\n'}
[0.236071] (cpp01_topic_re) StderrLine: {'line': b'      |          \x1b[01;31m\x1b[K^~~~~~~~~~~~~~~~~~~~~~~~~~~~~~~~~~~~~~~~~~~~~~~~~~~~~~~~~~~~~~~~~~~~~~~~~\x1b[m\x1b[K\n'}
[0.236115] (cpp01_topic_re) StderrLine: {'line': b'compilation terminated.\n'}
[0.239503] (cpp01_topic_re) StderrLine: {'line': b'gmake[2]: *** [CMakeFiles/demo03_talker_stu.dir/build.make:76\xef\xbc\x9aCMakeFiles/demo03_talker_stu.dir/src/demo03_talker_stu.cpp.o] \xe9\x94\x99\xe8\xaf\xaf 1\n'}
[0.239742] (cpp01_topic_re) StderrLine: {'line': b'gmake[1]: *** [CMakeFiles/Makefile2:195\xef\xbc\x9aCMakeFiles/demo03_talker_stu.dir/all] \xe9\x94\x99\xe8\xaf\xaf 2\n'}
[0.239844] (cpp01_topic_re) StderrLine: {'line': b'gmake: *** [Makefile:146\xef\xbc\x9aall] \xe9\x94\x99\xe8\xaf\xaf 2\n'}
[0.248097] (cpp01_topic_re) CommandEnded: {'returncode': 2}
[0.269336] (base_interfaces) StdoutLine: {'line': b'running egg_info\n'}
[0.269611] (base_interfaces) StdoutLine: {'line': b'writing base_interfaces.egg-info/PKG-INFO\n'}
[0.270031] (base_interfaces) StdoutLine: {'line': b'writing dependency_links to base_interfaces.egg-info/dependency_links.txt\n'}
[0.270633] (base_interfaces) StdoutLine: {'line': b'writing top-level names to base_interfaces.egg-info/top_level.txt\n'}
[0.271479] (base_interfaces) StdoutLine: {'line': b"reading manifest file 'base_interfaces.egg-info/SOURCES.txt'\n"}
[0.271819] (base_interfaces) StdoutLine: {'line': b"writing manifest file 'base_interfaces.egg-info/SOURCES.txt'\n"}
[0.281073] (cpp01_topic_re) JobEnded: {'identifier': 'cpp01_topic_re', 'rc': 2}
[0.294016] (base_interfaces) StdoutLine: {'line': b'[100%] Built target ament_cmake_python_build_base_interfaces_egg\n'}
[0.299563] (-) TimerEvent: {}
[0.302035] (base_interfaces) JobEnded: {'identifier': 'base_interfaces', 'rc': 'SIGINT'}
[0.399722] (-) TimerEvent: {}
[0.471519] (py01_topic_re) JobEnded: {'identifier': 'py01_topic_re', 'rc': 'SIGINT'}
[0.482275] (-) EventReactorShutdown: {}
