[0.189s] DEBUG:colcon:Command line arguments: ['/usr/bin/colcon', 'build', '--packages-select', 'cpp04_prarm']
[0.190s] DEBUG:colcon:Parsed command line arguments: Namespace(log_base=None, log_level=None, verb_name='build', build_base='build', install_base='install', merge_install=False, symlink_install=False, test_result_base=None, continue_on_error=False, executor='parallel', parallel_workers=8, event_handlers=None, ignore_user_meta=False, metas=['./colcon.meta'], base_paths=['.'], packages_ignore=None, packages_ignore_regex=None, paths=None, packages_up_to=None, packages_up_to_regex=None, packages_above=None, packages_above_and_dependencies=None, packages_above_depth=None, packages_select_by_dep=None, packages_skip_by_dep=None, packages_skip_up_to=None, packages_select_build_failed=False, packages_skip_build_finished=False, packages_select_test_failures=False, packages_skip_test_passed=False, packages_select=['cpp04_prarm'], packages_skip=None, packages_select_regex=None, packages_skip_regex=None, packages_start=None, packages_end=None, allow_overriding=[], cmake_args=None, cmake_target=None, cmake_target_skip_unavailable=False, cmake_clean_cache=False, cmake_clean_first=False, cmake_force_configure=False, ament_cmake_args=None, catkin_cmake_args=None, catkin_skip_building_tests=False, verb_parser=<colcon_defaults.argument_parser.defaults.DefaultArgumentsDecorator object at 0x7fe6a8fba170>, verb_extension=<colcon_core.verb.build.BuildVerb object at 0x7fe6a9830e50>, main=<bound method BuildVerb.main of <colcon_core.verb.build.BuildVerb object at 0x7fe6a9830e50>>)
[0.211s] Level 1:colcon.colcon_core.package_discovery:discover_packages(colcon_meta) check parameters
[0.211s] Level 1:colcon.colcon_core.package_discovery:discover_packages(recursive) check parameters
[0.211s] Level 1:colcon.colcon_core.package_discovery:discover_packages(ignore) check parameters
[0.211s] Level 1:colcon.colcon_core.package_discovery:discover_packages(path) check parameters
[0.211s] Level 1:colcon.colcon_core.package_discovery:discover_packages(colcon_meta) discover
[0.211s] Level 1:colcon.colcon_core.package_discovery:discover_packages(recursive) discover
[0.211s] INFO:colcon.colcon_core.package_discovery:Crawling recursively for packages in '/home/kl/VS_CODE/Github_respository/ROS-_for_Study/ws01_plumbing'
[0.211s] Level 1:colcon.colcon_core.package_identification:_identify(.) by extensions ['ignore', 'ignore_ament_install']
[0.211s] Level 1:colcon.colcon_core.package_identification:_identify(.) by extension 'ignore'
[0.211s] Level 1:colcon.colcon_core.package_identification:_identify(.) by extension 'ignore_ament_install'
[0.211s] Level 1:colcon.colcon_core.package_identification:_identify(.) by extensions ['colcon_pkg']
[0.211s] Level 1:colcon.colcon_core.package_identification:_identify(.) by extension 'colcon_pkg'
[0.211s] Level 1:colcon.colcon_core.package_identification:_identify(.) by extensions ['colcon_meta']
[0.211s] Level 1:colcon.colcon_core.package_identification:_identify(.) by extension 'colcon_meta'
[0.211s] Level 1:colcon.colcon_core.package_identification:_identify(.) by extensions ['ros']
[0.211s] Level 1:colcon.colcon_core.package_identification:_identify(.) by extension 'ros'
[0.218s] Level 1:colcon.colcon_core.package_identification:_identify(.) by extensions ['cmake', 'python']
[0.218s] Level 1:colcon.colcon_core.package_identification:_identify(.) by extension 'cmake'
[0.218s] Level 1:colcon.colcon_core.package_identification:_identify(.) by extension 'python'
[0.218s] Level 1:colcon.colcon_core.package_identification:_identify(.) by extensions ['python_setup_py']
[0.218s] Level 1:colcon.colcon_core.package_identification:_identify(.) by extension 'python_setup_py'
[0.218s] Level 1:colcon.colcon_core.package_identification:_identify(build) by extensions ['ignore', 'ignore_ament_install']
[0.219s] Level 1:colcon.colcon_core.package_identification:_identify(build) by extension 'ignore'
[0.219s] Level 1:colcon.colcon_core.package_identification:_identify(build) ignored
[0.219s] Level 1:colcon.colcon_core.package_identification:_identify(install) by extensions ['ignore', 'ignore_ament_install']
[0.219s] Level 1:colcon.colcon_core.package_identification:_identify(install) by extension 'ignore'
[0.219s] Level 1:colcon.colcon_core.package_identification:_identify(install) ignored
[0.219s] Level 1:colcon.colcon_core.package_identification:_identify(log) by extensions ['ignore', 'ignore_ament_install']
[0.219s] Level 1:colcon.colcon_core.package_identification:_identify(log) by extension 'ignore'
[0.219s] Level 1:colcon.colcon_core.package_identification:_identify(log) ignored
[0.219s] Level 1:colcon.colcon_core.package_identification:_identify(src) by extensions ['ignore', 'ignore_ament_install']
[0.219s] Level 1:colcon.colcon_core.package_identification:_identify(src) by extension 'ignore'
[0.219s] Level 1:colcon.colcon_core.package_identification:_identify(src) by extension 'ignore_ament_install'
[0.219s] Level 1:colcon.colcon_core.package_identification:_identify(src) by extensions ['colcon_pkg']
[0.219s] Level 1:colcon.colcon_core.package_identification:_identify(src) by extension 'colcon_pkg'
[0.219s] Level 1:colcon.colcon_core.package_identification:_identify(src) by extensions ['colcon_meta']
[0.219s] Level 1:colcon.colcon_core.package_identification:_identify(src) by extension 'colcon_meta'
[0.219s] Level 1:colcon.colcon_core.package_identification:_identify(src) by extensions ['ros']
[0.219s] Level 1:colcon.colcon_core.package_identification:_identify(src) by extension 'ros'
[0.219s] Level 1:colcon.colcon_core.package_identification:_identify(src) by extensions ['cmake', 'python']
[0.219s] Level 1:colcon.colcon_core.package_identification:_identify(src) by extension 'cmake'
[0.219s] Level 1:colcon.colcon_core.package_identification:_identify(src) by extension 'python'
[0.219s] Level 1:colcon.colcon_core.package_identification:_identify(src) by extensions ['python_setup_py']
[0.219s] Level 1:colcon.colcon_core.package_identification:_identify(src) by extension 'python_setup_py'
[0.219s] Level 1:colcon.colcon_core.package_identification:_identify(src/base_interfaces) by extensions ['ignore', 'ignore_ament_install']
[0.219s] Level 1:colcon.colcon_core.package_identification:_identify(src/base_interfaces) by extension 'ignore'
[0.219s] Level 1:colcon.colcon_core.package_identification:_identify(src/base_interfaces) by extension 'ignore_ament_install'
[0.219s] Level 1:colcon.colcon_core.package_identification:_identify(src/base_interfaces) by extensions ['colcon_pkg']
[0.219s] Level 1:colcon.colcon_core.package_identification:_identify(src/base_interfaces) by extension 'colcon_pkg'
[0.219s] Level 1:colcon.colcon_core.package_identification:_identify(src/base_interfaces) by extensions ['colcon_meta']
[0.219s] Level 1:colcon.colcon_core.package_identification:_identify(src/base_interfaces) by extension 'colcon_meta'
[0.219s] Level 1:colcon.colcon_core.package_identification:_identify(src/base_interfaces) by extensions ['ros']
[0.220s] Level 1:colcon.colcon_core.package_identification:_identify(src/base_interfaces) by extension 'ros'
[0.221s] DEBUG:colcon.colcon_core.package_identification:Package 'src/base_interfaces' with type 'ros.ament_cmake' and name 'base_interfaces'
[0.221s] Level 1:colcon.colcon_core.package_identification:_identify(src/cpp01_topic_re) by extensions ['ignore', 'ignore_ament_install']
[0.221s] Level 1:colcon.colcon_core.package_identification:_identify(src/cpp01_topic_re) by extension 'ignore'
[0.221s] Level 1:colcon.colcon_core.package_identification:_identify(src/cpp01_topic_re) by extension 'ignore_ament_install'
[0.221s] Level 1:colcon.colcon_core.package_identification:_identify(src/cpp01_topic_re) by extensions ['colcon_pkg']
[0.221s] Level 1:colcon.colcon_core.package_identification:_identify(src/cpp01_topic_re) by extension 'colcon_pkg'
[0.221s] Level 1:colcon.colcon_core.package_identification:_identify(src/cpp01_topic_re) by extensions ['colcon_meta']
[0.221s] Level 1:colcon.colcon_core.package_identification:_identify(src/cpp01_topic_re) by extension 'colcon_meta'
[0.221s] Level 1:colcon.colcon_core.package_identification:_identify(src/cpp01_topic_re) by extensions ['ros']
[0.221s] Level 1:colcon.colcon_core.package_identification:_identify(src/cpp01_topic_re) by extension 'ros'
[0.222s] DEBUG:colcon.colcon_core.package_identification:Package 'src/cpp01_topic_re' with type 'ros.ament_cmake' and name 'cpp01_topic_re'
[0.222s] Level 1:colcon.colcon_core.package_identification:_identify(src/cpp02_service) by extensions ['ignore', 'ignore_ament_install']
[0.222s] Level 1:colcon.colcon_core.package_identification:_identify(src/cpp02_service) by extension 'ignore'
[0.222s] Level 1:colcon.colcon_core.package_identification:_identify(src/cpp02_service) by extension 'ignore_ament_install'
[0.222s] Level 1:colcon.colcon_core.package_identification:_identify(src/cpp02_service) by extensions ['colcon_pkg']
[0.222s] Level 1:colcon.colcon_core.package_identification:_identify(src/cpp02_service) by extension 'colcon_pkg'
[0.222s] Level 1:colcon.colcon_core.package_identification:_identify(src/cpp02_service) by extensions ['colcon_meta']
[0.222s] Level 1:colcon.colcon_core.package_identification:_identify(src/cpp02_service) by extension 'colcon_meta'
[0.222s] Level 1:colcon.colcon_core.package_identification:_identify(src/cpp02_service) by extensions ['ros']
[0.222s] Level 1:colcon.colcon_core.package_identification:_identify(src/cpp02_service) by extension 'ros'
[0.222s] DEBUG:colcon.colcon_core.package_identification:Package 'src/cpp02_service' with type 'ros.ament_cmake' and name 'cpp02_service'
[0.222s] Level 1:colcon.colcon_core.package_identification:_identify(src/cpp03_action) by extensions ['ignore', 'ignore_ament_install']
[0.222s] Level 1:colcon.colcon_core.package_identification:_identify(src/cpp03_action) by extension 'ignore'
[0.222s] Level 1:colcon.colcon_core.package_identification:_identify(src/cpp03_action) by extension 'ignore_ament_install'
[0.223s] Level 1:colcon.colcon_core.package_identification:_identify(src/cpp03_action) by extensions ['colcon_pkg']
[0.223s] Level 1:colcon.colcon_core.package_identification:_identify(src/cpp03_action) by extension 'colcon_pkg'
[0.223s] Level 1:colcon.colcon_core.package_identification:_identify(src/cpp03_action) by extensions ['colcon_meta']
[0.223s] Level 1:colcon.colcon_core.package_identification:_identify(src/cpp03_action) by extension 'colcon_meta'
[0.223s] Level 1:colcon.colcon_core.package_identification:_identify(src/cpp03_action) by extensions ['ros']
[0.223s] Level 1:colcon.colcon_core.package_identification:_identify(src/cpp03_action) by extension 'ros'
[0.223s] DEBUG:colcon.colcon_core.package_identification:Package 'src/cpp03_action' with type 'ros.ament_cmake' and name 'cpp03_action'
[0.223s] Level 1:colcon.colcon_core.package_identification:_identify(src/cpp04_prarm) by extensions ['ignore', 'ignore_ament_install']
[0.223s] Level 1:colcon.colcon_core.package_identification:_identify(src/cpp04_prarm) by extension 'ignore'
[0.223s] Level 1:colcon.colcon_core.package_identification:_identify(src/cpp04_prarm) by extension 'ignore_ament_install'
[0.223s] Level 1:colcon.colcon_core.package_identification:_identify(src/cpp04_prarm) by extensions ['colcon_pkg']
[0.223s] Level 1:colcon.colcon_core.package_identification:_identify(src/cpp04_prarm) by extension 'colcon_pkg'
[0.223s] Level 1:colcon.colcon_core.package_identification:_identify(src/cpp04_prarm) by extensions ['colcon_meta']
[0.223s] Level 1:colcon.colcon_core.package_identification:_identify(src/cpp04_prarm) by extension 'colcon_meta'
[0.223s] Level 1:colcon.colcon_core.package_identification:_identify(src/cpp04_prarm) by extensions ['ros']
[0.223s] Level 1:colcon.colcon_core.package_identification:_identify(src/cpp04_prarm) by extension 'ros'
[0.224s] DEBUG:colcon.colcon_core.package_identification:Package 'src/cpp04_prarm' with type 'ros.ament_cmake' and name 'cpp04_prarm'
[0.224s] Level 1:colcon.colcon_core.package_identification:_identify(src/py01_topic_re) by extensions ['ignore', 'ignore_ament_install']
[0.224s] Level 1:colcon.colcon_core.package_identification:_identify(src/py01_topic_re) by extension 'ignore'
[0.224s] Level 1:colcon.colcon_core.package_identification:_identify(src/py01_topic_re) by extension 'ignore_ament_install'
[0.224s] Level 1:colcon.colcon_core.package_identification:_identify(src/py01_topic_re) by extensions ['colcon_pkg']
[0.224s] Level 1:colcon.colcon_core.package_identification:_identify(src/py01_topic_re) by extension 'colcon_pkg'
[0.224s] Level 1:colcon.colcon_core.package_identification:_identify(src/py01_topic_re) by extensions ['colcon_meta']
[0.224s] Level 1:colcon.colcon_core.package_identification:_identify(src/py01_topic_re) by extension 'colcon_meta'
[0.224s] Level 1:colcon.colcon_core.package_identification:_identify(src/py01_topic_re) by extensions ['ros']
[0.224s] Level 1:colcon.colcon_core.package_identification:_identify(src/py01_topic_re) by extension 'ros'
[0.224s] DEBUG:colcon.colcon_core.package_identification:Package 'src/py01_topic_re' with type 'ros.ament_python' and name 'py01_topic_re'
[0.224s] Level 1:colcon.colcon_core.package_identification:_identify(src/py02_service) by extensions ['ignore', 'ignore_ament_install']
[0.224s] Level 1:colcon.colcon_core.package_identification:_identify(src/py02_service) by extension 'ignore'
[0.225s] Level 1:colcon.colcon_core.package_identification:_identify(src/py02_service) by extension 'ignore_ament_install'
[0.225s] Level 1:colcon.colcon_core.package_identification:_identify(src/py02_service) by extensions ['colcon_pkg']
[0.225s] Level 1:colcon.colcon_core.package_identification:_identify(src/py02_service) by extension 'colcon_pkg'
[0.225s] Level 1:colcon.colcon_core.package_identification:_identify(src/py02_service) by extensions ['colcon_meta']
[0.225s] Level 1:colcon.colcon_core.package_identification:_identify(src/py02_service) by extension 'colcon_meta'
[0.225s] Level 1:colcon.colcon_core.package_identification:_identify(src/py02_service) by extensions ['ros']
[0.225s] Level 1:colcon.colcon_core.package_identification:_identify(src/py02_service) by extension 'ros'
[0.225s] DEBUG:colcon.colcon_core.package_identification:Package 'src/py02_service' with type 'ros.ament_python' and name 'py02_service'
[0.225s] Level 1:colcon.colcon_core.package_identification:_identify(src/py03_action) by extensions ['ignore', 'ignore_ament_install']
[0.225s] Level 1:colcon.colcon_core.package_identification:_identify(src/py03_action) by extension 'ignore'
[0.225s] Level 1:colcon.colcon_core.package_identification:_identify(src/py03_action) by extension 'ignore_ament_install'
[0.225s] Level 1:colcon.colcon_core.package_identification:_identify(src/py03_action) by extensions ['colcon_pkg']
[0.225s] Level 1:colcon.colcon_core.package_identification:_identify(src/py03_action) by extension 'colcon_pkg'
[0.225s] Level 1:colcon.colcon_core.package_identification:_identify(src/py03_action) by extensions ['colcon_meta']
[0.225s] Level 1:colcon.colcon_core.package_identification:_identify(src/py03_action) by extension 'colcon_meta'
[0.225s] Level 1:colcon.colcon_core.package_identification:_identify(src/py03_action) by extensions ['ros']
[0.225s] Level 1:colcon.colcon_core.package_identification:_identify(src/py03_action) by extension 'ros'
[0.226s] DEBUG:colcon.colcon_core.package_identification:Package 'src/py03_action' with type 'ros.ament_python' and name 'py03_action'
[0.226s] Level 1:colcon.colcon_core.package_discovery:discover_packages(recursive) using defaults
[0.226s] Level 1:colcon.colcon_core.package_discovery:discover_packages(ignore) discover
[0.226s] Level 1:colcon.colcon_core.package_discovery:discover_packages(ignore) using defaults
[0.226s] Level 1:colcon.colcon_core.package_discovery:discover_packages(path) discover
[0.226s] Level 1:colcon.colcon_core.package_discovery:discover_packages(path) using defaults
[0.240s] INFO:colcon.colcon_core.package_selection:Skipping not selected package 'base_interfaces' in 'src/base_interfaces'
[0.240s] INFO:colcon.colcon_core.package_selection:Skipping not selected package 'cpp01_topic_re' in 'src/cpp01_topic_re'
[0.240s] INFO:colcon.colcon_core.package_selection:Skipping not selected package 'py01_topic_re' in 'src/py01_topic_re'
[0.241s] INFO:colcon.colcon_core.package_selection:Skipping not selected package 'cpp02_service' in 'src/cpp02_service'
[0.241s] INFO:colcon.colcon_core.package_selection:Skipping not selected package 'cpp03_action' in 'src/cpp03_action'
[0.241s] INFO:colcon.colcon_core.package_selection:Skipping not selected package 'py02_service' in 'src/py02_service'
[0.241s] INFO:colcon.colcon_core.package_selection:Skipping not selected package 'py03_action' in 'src/py03_action'
[0.241s] Level 1:colcon.colcon_core.package_discovery:discover_packages(prefix_path) check parameters
[0.241s] Level 1:colcon.colcon_core.package_discovery:discover_packages(prefix_path) discover
[0.243s] DEBUG:colcon.colcon_installed_package_information.package_discovery:Found 8 installed packages in /home/kl/VS_CODE/Github_respository/ROS-_for_Study/ws01_plumbing/install
[0.244s] DEBUG:colcon.colcon_installed_package_information.package_discovery:Found 270 installed packages in /opt/ros/humble
[0.245s] Level 1:colcon.colcon_core.package_discovery:discover_packages(prefix_path) using defaults
[0.281s] Level 5:colcon.colcon_core.verb:set package 'cpp04_prarm' build argument 'cmake_args' from command line to 'None'
[0.281s] Level 5:colcon.colcon_core.verb:set package 'cpp04_prarm' build argument 'cmake_target' from command line to 'None'
[0.282s] Level 5:colcon.colcon_core.verb:set package 'cpp04_prarm' build argument 'cmake_target_skip_unavailable' from command line to 'False'
[0.282s] Level 5:colcon.colcon_core.verb:set package 'cpp04_prarm' build argument 'cmake_clean_cache' from command line to 'False'
[0.282s] Level 5:colcon.colcon_core.verb:set package 'cpp04_prarm' build argument 'cmake_clean_first' from command line to 'False'
[0.282s] Level 5:colcon.colcon_core.verb:set package 'cpp04_prarm' build argument 'cmake_force_configure' from command line to 'False'
[0.282s] Level 5:colcon.colcon_core.verb:set package 'cpp04_prarm' build argument 'ament_cmake_args' from command line to 'None'
[0.282s] Level 5:colcon.colcon_core.verb:set package 'cpp04_prarm' build argument 'catkin_cmake_args' from command line to 'None'
[0.282s] Level 5:colcon.colcon_core.verb:set package 'cpp04_prarm' build argument 'catkin_skip_building_tests' from command line to 'False'
[0.282s] DEBUG:colcon.colcon_core.verb:Building package 'cpp04_prarm' with the following arguments: {'ament_cmake_args': None, 'build_base': '/home/kl/VS_CODE/Github_respository/ROS-_for_Study/ws01_plumbing/build/cpp04_prarm', 'catkin_cmake_args': None, 'catkin_skip_building_tests': False, 'cmake_args': None, 'cmake_clean_cache': False, 'cmake_clean_first': False, 'cmake_force_configure': False, 'cmake_target': None, 'cmake_target_skip_unavailable': False, 'install_base': '/home/kl/VS_CODE/Github_respository/ROS-_for_Study/ws01_plumbing/install/cpp04_prarm', 'merge_install': False, 'path': '/home/kl/VS_CODE/Github_respository/ROS-_for_Study/ws01_plumbing/src/cpp04_prarm', 'symlink_install': False, 'test_result_base': None}
[0.282s] INFO:colcon.colcon_core.executor:Executing jobs using 'parallel' executor
[0.285s] DEBUG:colcon.colcon_parallel_executor.executor.parallel:run_until_complete
[0.285s] INFO:colcon.colcon_ros.task.ament_cmake.build:Building ROS package in '/home/kl/VS_CODE/Github_respository/ROS-_for_Study/ws01_plumbing/src/cpp04_prarm' with build type 'ament_cmake'
[0.285s] INFO:colcon.colcon_cmake.task.cmake.build:Building CMake package in '/home/kl/VS_CODE/Github_respository/ROS-_for_Study/ws01_plumbing/src/cpp04_prarm'
[0.289s] INFO:colcon.colcon_core.plugin_system:Skipping extension 'colcon_core.shell.bat': Not used on non-Windows systems
[0.289s] INFO:colcon.colcon_core.shell:Skip shell extension 'powershell' for command environment: Not usable outside of PowerShell
[0.289s] DEBUG:colcon.colcon_core.shell:Skip shell extension 'dsv' for command environment
[0.299s] DEBUG:colcon.colcon_core.event_handler.log_command:Invoking command in '/home/kl/VS_CODE/Github_respository/ROS-_for_Study/ws01_plumbing/build/cpp04_prarm': CMAKE_PREFIX_PATH=${CMAKE_PREFIX_PATH}:/home/kl/VS_CODE/Github_respository/ROS-_for_Study/ws01_plumbing/install/py02_service:/home/kl/VS_CODE/Github_respository/ROS-_for_Study/ws01_plumbing/install/py01_topic_re:/opt/ros/humble /usr/bin/cmake --build /home/kl/VS_CODE/Github_respository/ROS-_for_Study/ws01_plumbing/build/cpp04_prarm -- -j8 -l8
[2.761s] DEBUG:colcon.colcon_core.event_handler.log_command:Invoked command in '/home/kl/VS_CODE/Github_respository/ROS-_for_Study/ws01_plumbing/build/cpp04_prarm' returned '0': CMAKE_PREFIX_PATH=${CMAKE_PREFIX_PATH}:/home/kl/VS_CODE/Github_respository/ROS-_for_Study/ws01_plumbing/install/py02_service:/home/kl/VS_CODE/Github_respository/ROS-_for_Study/ws01_plumbing/install/py01_topic_re:/opt/ros/humble /usr/bin/cmake --build /home/kl/VS_CODE/Github_respository/ROS-_for_Study/ws01_plumbing/build/cpp04_prarm -- -j8 -l8
[2.785s] DEBUG:colcon.colcon_core.event_handler.log_command:Invoking command in '/home/kl/VS_CODE/Github_respository/ROS-_for_Study/ws01_plumbing/build/cpp04_prarm': CMAKE_PREFIX_PATH=${CMAKE_PREFIX_PATH}:/home/kl/VS_CODE/Github_respository/ROS-_for_Study/ws01_plumbing/install/py02_service:/home/kl/VS_CODE/Github_respository/ROS-_for_Study/ws01_plumbing/install/py01_topic_re:/opt/ros/humble /usr/bin/cmake --install /home/kl/VS_CODE/Github_respository/ROS-_for_Study/ws01_plumbing/build/cpp04_prarm
[2.792s] Level 1:colcon.colcon_core.environment:create_environment_scripts_only(cpp04_prarm)
[2.793s] DEBUG:colcon.colcon_core.event_handler.log_command:Invoked command in '/home/kl/VS_CODE/Github_respository/ROS-_for_Study/ws01_plumbing/build/cpp04_prarm' returned '0': CMAKE_PREFIX_PATH=${CMAKE_PREFIX_PATH}:/home/kl/VS_CODE/Github_respository/ROS-_for_Study/ws01_plumbing/install/py02_service:/home/kl/VS_CODE/Github_respository/ROS-_for_Study/ws01_plumbing/install/py01_topic_re:/opt/ros/humble /usr/bin/cmake --install /home/kl/VS_CODE/Github_respository/ROS-_for_Study/ws01_plumbing/build/cpp04_prarm
[2.796s] Level 1:colcon.colcon_core.environment:checking '/home/kl/VS_CODE/Github_respository/ROS-_for_Study/ws01_plumbing/install/cpp04_prarm' for CMake module files
[2.797s] Level 1:colcon.colcon_core.environment:checking '/home/kl/VS_CODE/Github_respository/ROS-_for_Study/ws01_plumbing/install/cpp04_prarm' for CMake config files
[2.797s] Level 1:colcon.colcon_core.shell:create_environment_hook('cpp04_prarm', 'cmake_prefix_path')
[2.798s] INFO:colcon.colcon_core.shell:Creating environment hook '/home/kl/VS_CODE/Github_respository/ROS-_for_Study/ws01_plumbing/install/cpp04_prarm/share/cpp04_prarm/hook/cmake_prefix_path.ps1'
[2.798s] INFO:colcon.colcon_core.shell:Creating environment descriptor '/home/kl/VS_CODE/Github_respository/ROS-_for_Study/ws01_plumbing/install/cpp04_prarm/share/cpp04_prarm/hook/cmake_prefix_path.dsv'
[2.798s] INFO:colcon.colcon_core.shell:Creating environment hook '/home/kl/VS_CODE/Github_respository/ROS-_for_Study/ws01_plumbing/install/cpp04_prarm/share/cpp04_prarm/hook/cmake_prefix_path.sh'
[2.799s] Level 1:colcon.colcon_core.environment:checking '/home/kl/VS_CODE/Github_respository/ROS-_for_Study/ws01_plumbing/install/cpp04_prarm/lib'
[2.799s] Level 1:colcon.colcon_core.environment:checking '/home/kl/VS_CODE/Github_respository/ROS-_for_Study/ws01_plumbing/install/cpp04_prarm/bin'
[2.799s] Level 1:colcon.colcon_core.environment:checking '/home/kl/VS_CODE/Github_respository/ROS-_for_Study/ws01_plumbing/install/cpp04_prarm/lib/pkgconfig/cpp04_prarm.pc'
[2.799s] Level 1:colcon.colcon_core.environment:checking '/home/kl/VS_CODE/Github_respository/ROS-_for_Study/ws01_plumbing/install/cpp04_prarm/lib/python3.10/site-packages'
[2.800s] Level 1:colcon.colcon_core.environment:checking '/home/kl/VS_CODE/Github_respository/ROS-_for_Study/ws01_plumbing/install/cpp04_prarm/bin'
[2.801s] INFO:colcon.colcon_core.shell:Creating package script '/home/kl/VS_CODE/Github_respository/ROS-_for_Study/ws01_plumbing/install/cpp04_prarm/share/cpp04_prarm/package.ps1'
[2.801s] INFO:colcon.colcon_core.shell:Creating package descriptor '/home/kl/VS_CODE/Github_respository/ROS-_for_Study/ws01_plumbing/install/cpp04_prarm/share/cpp04_prarm/package.dsv'
[2.802s] INFO:colcon.colcon_core.shell:Creating package script '/home/kl/VS_CODE/Github_respository/ROS-_for_Study/ws01_plumbing/install/cpp04_prarm/share/cpp04_prarm/package.sh'
[2.802s] INFO:colcon.colcon_core.shell:Creating package script '/home/kl/VS_CODE/Github_respository/ROS-_for_Study/ws01_plumbing/install/cpp04_prarm/share/cpp04_prarm/package.bash'
[2.803s] INFO:colcon.colcon_core.shell:Creating package script '/home/kl/VS_CODE/Github_respository/ROS-_for_Study/ws01_plumbing/install/cpp04_prarm/share/cpp04_prarm/package.zsh'
[2.803s] Level 1:colcon.colcon_core.environment:create_file_with_runtime_dependencies(/home/kl/VS_CODE/Github_respository/ROS-_for_Study/ws01_plumbing/install/cpp04_prarm/share/colcon-core/packages/cpp04_prarm)
[2.824s] Level 1:colcon.colcon_core.environment:create_environment_scripts_only(cpp04_prarm)
[2.825s] Level 1:colcon.colcon_core.environment:checking '/home/kl/VS_CODE/Github_respository/ROS-_for_Study/ws01_plumbing/install/cpp04_prarm' for CMake module files
[2.825s] Level 1:colcon.colcon_core.environment:checking '/home/kl/VS_CODE/Github_respository/ROS-_for_Study/ws01_plumbing/install/cpp04_prarm' for CMake config files
[2.825s] Level 1:colcon.colcon_core.shell:create_environment_hook('cpp04_prarm', 'cmake_prefix_path')
[2.826s] INFO:colcon.colcon_core.shell:Creating environment hook '/home/kl/VS_CODE/Github_respository/ROS-_for_Study/ws01_plumbing/install/cpp04_prarm/share/cpp04_prarm/hook/cmake_prefix_path.ps1'
[2.827s] INFO:colcon.colcon_core.shell:Creating environment descriptor '/home/kl/VS_CODE/Github_respository/ROS-_for_Study/ws01_plumbing/install/cpp04_prarm/share/cpp04_prarm/hook/cmake_prefix_path.dsv'
[2.827s] INFO:colcon.colcon_core.shell:Creating environment hook '/home/kl/VS_CODE/Github_respository/ROS-_for_Study/ws01_plumbing/install/cpp04_prarm/share/cpp04_prarm/hook/cmake_prefix_path.sh'
[2.827s] Level 1:colcon.colcon_core.environment:checking '/home/kl/VS_CODE/Github_respository/ROS-_for_Study/ws01_plumbing/install/cpp04_prarm/lib'
[2.827s] Level 1:colcon.colcon_core.environment:checking '/home/kl/VS_CODE/Github_respository/ROS-_for_Study/ws01_plumbing/install/cpp04_prarm/bin'
[2.827s] Level 1:colcon.colcon_core.environment:checking '/home/kl/VS_CODE/Github_respository/ROS-_for_Study/ws01_plumbing/install/cpp04_prarm/lib/pkgconfig/cpp04_prarm.pc'
[2.828s] Level 1:colcon.colcon_core.environment:checking '/home/kl/VS_CODE/Github_respository/ROS-_for_Study/ws01_plumbing/install/cpp04_prarm/lib/python3.10/site-packages'
[2.828s] Level 1:colcon.colcon_core.environment:checking '/home/kl/VS_CODE/Github_respository/ROS-_for_Study/ws01_plumbing/install/cpp04_prarm/bin'
[2.829s] INFO:colcon.colcon_core.shell:Creating package script '/home/kl/VS_CODE/Github_respository/ROS-_for_Study/ws01_plumbing/install/cpp04_prarm/share/cpp04_prarm/package.ps1'
[2.829s] INFO:colcon.colcon_core.shell:Creating package descriptor '/home/kl/VS_CODE/Github_respository/ROS-_for_Study/ws01_plumbing/install/cpp04_prarm/share/cpp04_prarm/package.dsv'
[2.829s] INFO:colcon.colcon_core.shell:Creating package script '/home/kl/VS_CODE/Github_respository/ROS-_for_Study/ws01_plumbing/install/cpp04_prarm/share/cpp04_prarm/package.sh'
[2.829s] INFO:colcon.colcon_core.shell:Creating package script '/home/kl/VS_CODE/Github_respository/ROS-_for_Study/ws01_plumbing/install/cpp04_prarm/share/cpp04_prarm/package.bash'
[2.830s] INFO:colcon.colcon_core.shell:Creating package script '/home/kl/VS_CODE/Github_respository/ROS-_for_Study/ws01_plumbing/install/cpp04_prarm/share/cpp04_prarm/package.zsh'
[2.830s] Level 1:colcon.colcon_core.environment:create_file_with_runtime_dependencies(/home/kl/VS_CODE/Github_respository/ROS-_for_Study/ws01_plumbing/install/cpp04_prarm/share/colcon-core/packages/cpp04_prarm)
[2.830s] DEBUG:colcon.colcon_parallel_executor.executor.parallel:closing loop
[2.831s] DEBUG:colcon.colcon_parallel_executor.executor.parallel:loop closed
[2.831s] DEBUG:colcon.colcon_parallel_executor.executor.parallel:run_until_complete finished with '0'
[2.831s] DEBUG:colcon.colcon_core.event_reactor:joining thread
[2.837s] INFO:colcon.colcon_core.plugin_system:Skipping extension 'colcon_notification.desktop_notification.terminal_notifier': Not used on non-Darwin systems
[2.837s] INFO:colcon.colcon_core.plugin_system:Skipping extension 'colcon_notification.desktop_notification.win32': Not used on non-Windows systems
[2.837s] INFO:colcon.colcon_notification.desktop_notification:Sending desktop notification using 'notify2'
[2.846s] DEBUG:colcon.colcon_core.event_reactor:joined thread
[2.848s] INFO:colcon.colcon_core.shell:Creating prefix script '/home/kl/VS_CODE/Github_respository/ROS-_for_Study/ws01_plumbing/install/local_setup.ps1'
[2.849s] INFO:colcon.colcon_core.shell:Creating prefix util module '/home/kl/VS_CODE/Github_respository/ROS-_for_Study/ws01_plumbing/install/_local_setup_util_ps1.py'
[2.850s] INFO:colcon.colcon_core.shell:Creating prefix chain script '/home/kl/VS_CODE/Github_respository/ROS-_for_Study/ws01_plumbing/install/setup.ps1'
[2.851s] INFO:colcon.colcon_core.shell:Creating prefix script '/home/kl/VS_CODE/Github_respository/ROS-_for_Study/ws01_plumbing/install/local_setup.sh'
[2.851s] INFO:colcon.colcon_core.shell:Creating prefix util module '/home/kl/VS_CODE/Github_respository/ROS-_for_Study/ws01_plumbing/install/_local_setup_util_sh.py'
[2.852s] INFO:colcon.colcon_core.shell:Creating prefix chain script '/home/kl/VS_CODE/Github_respository/ROS-_for_Study/ws01_plumbing/install/setup.sh'
[2.854s] INFO:colcon.colcon_core.shell:Creating prefix script '/home/kl/VS_CODE/Github_respository/ROS-_for_Study/ws01_plumbing/install/local_setup.bash'
[2.854s] INFO:colcon.colcon_core.shell:Creating prefix chain script '/home/kl/VS_CODE/Github_respository/ROS-_for_Study/ws01_plumbing/install/setup.bash'
[2.855s] INFO:colcon.colcon_core.shell:Creating prefix script '/home/kl/VS_CODE/Github_respository/ROS-_for_Study/ws01_plumbing/install/local_setup.zsh'
[2.855s] INFO:colcon.colcon_core.shell:Creating prefix chain script '/home/kl/VS_CODE/Github_respository/ROS-_for_Study/ws01_plumbing/install/setup.zsh'
