[0.000000] (-) TimerEvent: {}
[0.000297] (-) JobUnselected: {'identifier': 'base_interfaces'}
[0.000316] (-) JobUnselected: {'identifier': 'cpp01_topic_re'}
[0.000328] (-) JobUnselected: {'identifier': 'cpp02_service'}
[0.000339] (-) JobUnselected: {'identifier': 'py01_topic_re'}
[0.000354] (-) JobUnselected: {'identifier': 'py02_service'}
[0.000364] (-) JobUnselected: {'identifier': 'py03_action'}
[0.000383] (cpp03_action) JobQueued: {'identifier': 'cpp03_action', 'dependencies': OrderedDict([('base_interfaces', '/home/kl/VS_CODE/Github_respository/ROS-_for_Study/ws01_plumbing/install/base_interfaces')])}
[0.000398] (cpp03_action) JobStarted: {'identifier': 'cpp03_action'}
[0.013231] (cpp03_action) JobProgress: {'identifier': 'cpp03_action', 'progress': 'cmake'}
[0.014251] (cpp03_action) JobProgress: {'identifier': 'cpp03_action', 'progress': 'build'}
[0.015100] (cpp03_action) Command: {'cmd': ['/usr/bin/cmake', '--build', '/home/kl/VS_CODE/Github_respository/ROS-_for_Study/ws01_plumbing/build/cpp03_action', '--', '-j8', '-l8'], 'cwd': '/home/kl/VS_CODE/Github_respository/ROS-_for_Study/ws01_plumbing/build/cpp03_action', 'env': OrderedDict([('GJS_DEBUG_TOPICS', 'JS ERROR;JS LOG'), ('LANGUAGE', 'zh_CN:zh'), ('USER', 'kl'), ('XDG_SESSION_TYPE', 'wayland'), ('GIT_ASKPASS', '/usr/share/code/resources/app/extensions/git/dist/askpass.sh'), ('SHLVL', '1'), ('LD_LIBRARY_PATH', '/home/kl/VS_CODE/Github_respository/ROS-_for_Study/ws01_plumbing/install/base_interfaces/lib:/opt/ros/humble/opt/rviz_ogre_vendor/lib:/opt/ros/humble/lib/x86_64-linux-gnu:/opt/ros/humble/lib'), ('HOME', '/home/kl'), ('CHROME_DESKTOP', 'code-url-handler.desktop'), ('TERM_PROGRAM_VERSION', '1.80.1'), ('DESKTOP_SESSION', 'ubuntu'), ('GIO_LAUNCHED_DESKTOP_FILE', '/usr/share/applications/github-desktop.desktop'), ('ROS_PYTHON_VERSION', '3'), ('GNOME_SHELL_SESSION_MODE', 'ubuntu'), ('GTK_MODULES', 'gail:atk-bridge'), ('VSCODE_GIT_ASKPASS_MAIN', '/usr/share/code/resources/app/extensions/git/dist/askpass-main.js'), ('VSCODE_GIT_ASKPASS_NODE', '/usr/share/code/code'), ('MANAGERPID', '1772'), ('SYSTEMD_EXEC_PID', '1988'), ('DBUS_SESSION_BUS_ADDRESS', 'unix:path=/run/user/1000/bus'), ('COLORTERM', 'truecolor'), ('GIO_LAUNCHED_DESKTOP_FILE_PID', '5215'), ('IM_CONFIG_PHASE', '1'), ('WAYLAND_DISPLAY', 'wayland-0'), ('ROS_DISTRO', 'humble'), ('LOGNAME', 'kl'), ('JOURNAL_STREAM', '8:32199'), ('_', '/usr/bin/colcon'), ('ROS_VERSION', '2'), ('XDG_SESSION_CLASS', 'user'), ('USERNAME', 'kl'), ('TERM', 'xterm-256color'), ('GNOME_DESKTOP_SESSION_ID', 'this-is-deprecated'), ('ROS_LOCALHOST_ONLY', '0'), ('PATH', '/opt/ros/humble/bin:/usr/local/sbin:/usr/local/bin:/usr/sbin:/usr/bin:/sbin:/bin:/usr/games:/usr/local/games:/snap/bin:/snap/bin'), ('SESSION_MANAGER', 'local/XX:@/tmp/.ICE-unix/1934,unix/XX:/tmp/.ICE-unix/1934'), ('INVOCATION_ID', '7537989bf97b48cf95a19e134f0ea095'), ('XDG_MENU_PREFIX', 'gnome-'), ('GNOME_SETUP_DISPLAY', ':1'), ('XDG_RUNTIME_DIR', '/run/user/1000'), ('GDK_BACKEND', 'x11'), ('DISPLAY', ':0'), ('LANG', 'zh_CN.UTF-8'), ('XDG_CURRENT_DESKTOP', 'Unity'), ('XMODIFIERS', '@im=ibus'), ('XDG_SESSION_DESKTOP', 'ubuntu'), ('XAUTHORITY', '/run/user/1000/.mutter-Xwaylandauth.6A5581'), ('VSCODE_GIT_IPC_HANDLE', '/run/user/1000/vscode-git-e1b967d37d.sock'), ('TERM_PROGRAM', 'vscode'), ('SSH_AGENT_LAUNCHER', 'gnome-keyring'), ('SSH_AUTH_SOCK', '/run/user/1000/keyring/ssh'), ('AMENT_PREFIX_PATH', '/home/kl/VS_CODE/Github_respository/ROS-_for_Study/ws01_plumbing/install/base_interfaces:/opt/ros/humble'), ('ORIGINAL_XDG_CURRENT_DESKTOP', 'Unity'), ('SHELL', '/bin/bash'), ('QT_ACCESSIBILITY', '1'), ('GDMSESSION', 'ubuntu'), ('GJS_DEBUG_OUTPUT', 'stderr'), ('VSCODE_GIT_ASKPASS_EXTRA_ARGS', '--ms-enable-electron-run-as-node'), ('QT_IM_MODULE', 'ibus'), ('PWD', '/home/kl/VS_CODE/Github_respository/ROS-_for_Study/ws01_plumbing/build/cpp03_action'), ('XDG_CONFIG_DIRS', '/etc/xdg/xdg-ubuntu:/etc/xdg'), ('XDG_DATA_DIRS', '/usr/share/ubuntu:/usr/local/share/:/usr/share/:/var/lib/snapd/desktop'), ('PYTHONPATH', '/home/kl/VS_CODE/Github_respository/ROS-_for_Study/ws01_plumbing/install/base_interfaces/local/lib/python3.10/dist-packages:/opt/ros/humble/lib/python3.10/site-packages:/opt/ros/humble/local/lib/python3.10/dist-packages'), ('COLCON', '1'), ('LOCAL_GIT_DIRECTORY', '/usr/lib/github-desktop/resources/app/git'), ('CMAKE_PREFIX_PATH', '/home/kl/VS_CODE/Github_respository/ROS-_for_Study/ws01_plumbing/install/base_interfaces:/opt/ros/humble')]), 'shell': False}
[0.045204] (cpp03_action) StdoutLine: {'line': b'\x1b[35m\x1b[1mConsolidate compiler generated dependencies of target demo01_action_server\x1b[0m\n'}
[0.054756] (cpp03_action) StdoutLine: {'line': b'[ 25%] \x1b[32mBuilding CXX object CMakeFiles/demo02_action_client.dir/src/demo02_action_client.cpp.o\x1b[0m\n'}
[0.058362] (cpp03_action) StdoutLine: {'line': b'[ 75%] Built target demo01_action_server\n'}
[0.099903] (-) TimerEvent: {}
[0.200252] (-) TimerEvent: {}
[0.300638] (-) TimerEvent: {}
[0.401055] (-) TimerEvent: {}
[0.501456] (-) TimerEvent: {}
[0.601749] (-) TimerEvent: {}
[0.702068] (-) TimerEvent: {}
[0.802411] (-) TimerEvent: {}
[0.902723] (-) TimerEvent: {}
[1.003060] (-) TimerEvent: {}
[1.103348] (-) TimerEvent: {}
[1.203709] (-) TimerEvent: {}
[1.304049] (-) TimerEvent: {}
[1.404378] (-) TimerEvent: {}
[1.504765] (-) TimerEvent: {}
[1.605038] (-) TimerEvent: {}
[1.705315] (-) TimerEvent: {}
[1.805692] (-) TimerEvent: {}
[1.831400] (cpp03_action) StderrLine: {'line': b'\x1b[01m\x1b[K/home/kl/VS_CODE/Github_respository/ROS-_for_Study/ws01_plumbing/src/cpp03_action/src/demo02_action_client.cpp:\x1b[m\x1b[K In member function \xe2\x80\x98\x1b[01m\x1b[Kvoid ProgressActionClient::feedback_callback(rclcpp_action::ClientGoalHandle<base_interfaces::action::Progress>::SharedPtr, std::shared_ptr<const base_interfaces::action::Progress_Feedback_<std::allocator<void> > >)\x1b[m\x1b[K\xe2\x80\x99:\n'}
[1.831646] (cpp03_action) StderrLine: {'line': b'\x1b[01m\x1b[K/home/kl/VS_CODE/Github_respository/ROS-_for_Study/ws01_plumbing/src/cpp03_action/src/demo02_action_client.cpp:58:81:\x1b[m\x1b[K \x1b[01;35m\x1b[Kwarning: \x1b[m\x1b[Kunused parameter \xe2\x80\x98\x1b[01m\x1b[Kp\x1b[m\x1b[K\xe2\x80\x99 [\x1b[01;35m\x1b[K\x1b]8;;https://gcc.gnu.org/onlinedocs/gcc/Warning-Options.html#index-Wunused-parameter\x07-Wunused-parameter\x1b]8;;\x07\x1b[m\x1b[K]\n'}
[1.831734] (cpp03_action) StderrLine: {'line': b'   58 |     void feedback_callback(\x1b[01;35m\x1b[Krclcpp_action::ClientGoalHandle<Progress>::SharedPtr p\x1b[m\x1b[K,const std::shared_ptr<const Progress::Feedback>)\n'}
[1.831786] (cpp03_action) StderrLine: {'line': b'      |                            \x1b[01;35m\x1b[K~~~~~~~~~~~~~~~~~~~~~~~~~~~~~~~~~~~~~~~~~~~~~~~~~~~~~^\x1b[m\x1b[K\n'}
[1.831832] (cpp03_action) StderrLine: {'line': b'\x1b[01m\x1b[K/home/kl/VS_CODE/Github_respository/ROS-_for_Study/ws01_plumbing/src/cpp03_action/src/demo02_action_client.cpp:\x1b[m\x1b[K In member function \xe2\x80\x98\x1b[01m\x1b[Kvoid ProgressActionClient::result_callback(const rclcpp_action::ClientGoalHandle<base_interfaces::action::Progress>::WrappedResult&)\x1b[m\x1b[K\xe2\x80\x99:\n'}
[1.831880] (cpp03_action) StderrLine: {'line': b'\x1b[01m\x1b[K/home/kl/VS_CODE/Github_respository/ROS-_for_Study/ws01_plumbing/src/cpp03_action/src/demo02_action_client.cpp:64:91:\x1b[m\x1b[K \x1b[01;35m\x1b[Kwarning: \x1b[m\x1b[Kunused parameter \xe2\x80\x98\x1b[01m\x1b[Kresult\x1b[m\x1b[K\xe2\x80\x99 [\x1b[01;35m\x1b[K\x1b]8;;https://gcc.gnu.org/onlinedocs/gcc/Warning-Options.html#index-Wunused-parameter\x07-Wunused-parameter\x1b]8;;\x07\x1b[m\x1b[K]\n'}
[1.831928] (cpp03_action) StderrLine: {'line': b'   64 |     void result_callback(\x1b[01;35m\x1b[Kconst rclcpp_action::ClientGoalHandle<Progress>::WrappedResult & result\x1b[m\x1b[K)\n'}
[1.831974] (cpp03_action) StderrLine: {'line': b'      |                          \x1b[01;35m\x1b[K~~~~~~~~~~~~~~~~~~~~~~~~~~~~~~~~~~~~~~~~~~~~~~~~~~~~~~~~~~~~~~~~~^~~~~~\x1b[m\x1b[K\n'}
[1.835331] (cpp03_action) StderrLine: {'line': b'\x1b[01m\x1b[K/home/kl/VS_CODE/Github_respository/ROS-_for_Study/ws01_plumbing/src/cpp03_action/src/demo02_action_client.cpp:\x1b[m\x1b[K In function \xe2\x80\x98\x1b[01m\x1b[Kint main(int, char**)\x1b[m\x1b[K\xe2\x80\x99:\n'}
[1.835665] (cpp03_action) StderrLine: {'line': b'\x1b[01m\x1b[K/home/kl/VS_CODE/Github_respository/ROS-_for_Study/ws01_plumbing/src/cpp03_action/src/demo02_action_client.cpp:82:20:\x1b[m\x1b[K \x1b[01;31m\x1b[Kerror: \x1b[m\x1b[K\xe2\x80\x98\x1b[01m\x1b[Kvoid ProgressActionClient::send_goal(int)\x1b[m\x1b[K\xe2\x80\x99 is private within this context\n'}
[1.835714] (cpp03_action) StderrLine: {'line': b'   82 |   \x1b[01;31m\x1b[Kclient->send_goal(atoi(argv[1]))\x1b[m\x1b[K;\n'}
[1.835755] (cpp03_action) StderrLine: {'line': b'      |   \x1b[01;31m\x1b[K~~~~~~~~~~~~~~~~~^~~~~~~~~~~~~~~\x1b[m\x1b[K\n'}
[1.835796] (cpp03_action) StderrLine: {'line': b'\x1b[01m\x1b[K/home/kl/VS_CODE/Github_respository/ROS-_for_Study/ws01_plumbing/src/cpp03_action/src/demo02_action_client.cpp:19:8:\x1b[m\x1b[K \x1b[01;36m\x1b[Knote: \x1b[m\x1b[Kdeclared private here\n'}
[1.835836] (cpp03_action) StderrLine: {'line': b'   19 |   void \x1b[01;36m\x1b[Ksend_goal\x1b[m\x1b[K(int num)\n'}
[1.835875] (cpp03_action) StderrLine: {'line': b'      |        \x1b[01;36m\x1b[K^~~~~~~~~\x1b[m\x1b[K\n'}
[1.905872] (-) TimerEvent: {}
[2.006238] (-) TimerEvent: {}
[2.106725] (-) TimerEvent: {}
[2.207159] (-) TimerEvent: {}
[2.307516] (-) TimerEvent: {}
[2.353209] (cpp03_action) StderrLine: {'line': b'gmake[2]: *** [CMakeFiles/demo02_action_client.dir/build.make:76\xef\xbc\x9aCMakeFiles/demo02_action_client.dir/src/demo02_action_client.cpp.o] \xe9\x94\x99\xe8\xaf\xaf 1\n'}
[2.353503] (cpp03_action) StderrLine: {'line': b'gmake[1]: *** [CMakeFiles/Makefile2:165\xef\xbc\x9aCMakeFiles/demo02_action_client.dir/all] \xe9\x94\x99\xe8\xaf\xaf 2\n'}
[2.353586] (cpp03_action) StderrLine: {'line': b'gmake: *** [Makefile:146\xef\xbc\x9aall] \xe9\x94\x99\xe8\xaf\xaf 2\n'}
[2.354925] (cpp03_action) CommandEnded: {'returncode': 2}
[2.381962] (cpp03_action) JobEnded: {'identifier': 'cpp03_action', 'rc': 2}
[2.392606] (-) EventReactorShutdown: {}
