[0.000000] (-) TimerEvent: {}
[0.000185] (-) JobUnselected: {'identifier': 'cpp01_topic_re'}
[0.000329] (-) JobUnselected: {'identifier': 'cpp02_service'}
[0.000855] (-) JobUnselected: {'identifier': 'cpp03_action'}
[0.000904] (-) JobUnselected: {'identifier': 'py01_topic_re'}
[0.001270] (-) JobUnselected: {'identifier': 'py02_service'}
[0.001298] (-) JobUnselected: {'identifier': 'py03_action'}
[0.001318] (base_interfaces) JobQueued: {'identifier': 'base_interfaces', 'dependencies': OrderedDict()}
[0.001334] (base_interfaces) JobStarted: {'identifier': 'base_interfaces'}
[0.009583] (base_interfaces) JobProgress: {'identifier': 'base_interfaces', 'progress': 'cmake'}
[0.010016] (base_interfaces) JobProgress: {'identifier': 'base_interfaces', 'progress': 'build'}
[0.010465] (base_interfaces) Command: {'cmd': ['/usr/bin/cmake', '--build', '/home/kl/VS_CODE/Github_respository/ROS-_for_Study/ws01_plumbing/build/base_interfaces', '--', '-j8', '-l8'], 'cwd': '/home/kl/VS_CODE/Github_respository/ROS-_for_Study/ws01_plumbing/build/base_interfaces', 'env': OrderedDict([('GJS_DEBUG_TOPICS', 'JS ERROR;JS LOG'), ('LANGUAGE', 'zh_CN:zh'), ('USER', 'kl'), ('XDG_SESSION_TYPE', 'wayland'), ('GIT_ASKPASS', '/usr/share/code/resources/app/extensions/git/dist/askpass.sh'), ('SHLVL', '1'), ('LD_LIBRARY_PATH', '/opt/ros/humble/opt/rviz_ogre_vendor/lib:/opt/ros/humble/lib/x86_64-linux-gnu:/opt/ros/humble/lib'), ('HOME', '/home/kl'), ('CHROME_DESKTOP', 'code-url-handler.desktop'), ('OLDPWD', '/home/kl/VS_CODE/Github_respository/ROS-_for_Study/ws01_plumbing/src'), ('TERM_PROGRAM_VERSION', '1.80.1'), ('DESKTOP_SESSION', 'ubuntu'), ('GIO_LAUNCHED_DESKTOP_FILE', '/usr/share/applications/github-desktop.desktop'), ('ROS_PYTHON_VERSION', '3'), ('GNOME_SHELL_SESSION_MODE', 'ubuntu'), ('GTK_MODULES', 'gail:atk-bridge'), ('VSCODE_GIT_ASKPASS_MAIN', '/usr/share/code/resources/app/extensions/git/dist/askpass-main.js'), ('VSCODE_GIT_ASKPASS_NODE', '/usr/share/code/code'), ('MANAGERPID', '1772'), ('SYSTEMD_EXEC_PID', '1988'), ('DBUS_SESSION_BUS_ADDRESS', 'unix:path=/run/user/1000/bus'), ('COLORTERM', 'truecolor'), ('GIO_LAUNCHED_DESKTOP_FILE_PID', '5215'), ('IM_CONFIG_PHASE', '1'), ('WAYLAND_DISPLAY', 'wayland-0'), ('ROS_DISTRO', 'humble'), ('LOGNAME', 'kl'), ('JOURNAL_STREAM', '8:32199'), ('_', '/usr/bin/colcon'), ('ROS_VERSION', '2'), ('XDG_SESSION_CLASS', 'user'), ('USERNAME', 'kl'), ('TERM', 'xterm-256color'), ('GNOME_DESKTOP_SESSION_ID', 'this-is-deprecated'), ('ROS_LOCALHOST_ONLY', '0'), ('PATH', '/opt/ros/humble/bin:/usr/local/sbin:/usr/local/bin:/usr/sbin:/usr/bin:/sbin:/bin:/usr/games:/usr/local/games:/snap/bin:/snap/bin'), ('SESSION_MANAGER', 'local/XX:@/tmp/.ICE-unix/1934,unix/XX:/tmp/.ICE-unix/1934'), ('INVOCATION_ID', '7537989bf97b48cf95a19e134f0ea095'), ('XDG_MENU_PREFIX', 'gnome-'), ('GNOME_SETUP_DISPLAY', ':1'), ('XDG_RUNTIME_DIR', '/run/user/1000'), ('GDK_BACKEND', 'x11'), ('DISPLAY', ':0'), ('LANG', 'zh_CN.UTF-8'), ('XDG_CURRENT_DESKTOP', 'Unity'), ('XMODIFIERS', '@im=ibus'), ('XDG_SESSION_DESKTOP', 'ubuntu'), ('XAUTHORITY', '/run/user/1000/.mutter-Xwaylandauth.6A5581'), ('VSCODE_GIT_IPC_HANDLE', '/run/user/1000/vscode-git-e1b967d37d.sock'), ('TERM_PROGRAM', 'vscode'), ('SSH_AGENT_LAUNCHER', 'gnome-keyring'), ('SSH_AUTH_SOCK', '/run/user/1000/keyring/ssh'), ('AMENT_PREFIX_PATH', '/opt/ros/humble'), ('ORIGINAL_XDG_CURRENT_DESKTOP', 'Unity'), ('SHELL', '/bin/bash'), ('QT_ACCESSIBILITY', '1'), ('GDMSESSION', 'ubuntu'), ('GJS_DEBUG_OUTPUT', 'stderr'), ('VSCODE_GIT_ASKPASS_EXTRA_ARGS', '--ms-enable-electron-run-as-node'), ('QT_IM_MODULE', 'ibus'), ('PWD', '/home/kl/VS_CODE/Github_respository/ROS-_for_Study/ws01_plumbing/build/base_interfaces'), ('XDG_CONFIG_DIRS', '/etc/xdg/xdg-ubuntu:/etc/xdg'), ('XDG_DATA_DIRS', '/usr/share/ubuntu:/usr/local/share/:/usr/share/:/var/lib/snapd/desktop'), ('PYTHONPATH', '/opt/ros/humble/lib/python3.10/site-packages:/opt/ros/humble/local/lib/python3.10/dist-packages'), ('COLCON', '1'), ('LOCAL_GIT_DIRECTORY', '/usr/lib/github-desktop/resources/app/git'), ('CMAKE_PREFIX_PATH', '/opt/ros/humble')]), 'shell': False}
[0.045750] (base_interfaces) StdoutLine: {'line': b'[  2%] Built target base_interfaces__cpp\n'}
[0.045983] (base_interfaces) StdoutLine: {'line': b'[ 12%] Built target base_interfaces__rosidl_generator_c\n'}
[0.055459] (base_interfaces) StdoutLine: {'line': b'[ 12%] Built target ament_cmake_python_copy_base_interfaces\n'}
[0.067637] (base_interfaces) StdoutLine: {'line': b'[ 25%] Built target base_interfaces__rosidl_typesupport_c\n'}
[0.067909] (base_interfaces) StdoutLine: {'line': b'[ 34%] Built target base_interfaces__rosidl_typesupport_introspection_c\n'}
[0.069189] (base_interfaces) StdoutLine: {'line': b'[ 55%] Built target base_interfaces__rosidl_typesupport_introspection_cpp\n'}
[0.069378] (base_interfaces) StdoutLine: {'line': b'[ 55%] Built target base_interfaces__rosidl_typesupport_cpp\n'}
[0.069532] (base_interfaces) StdoutLine: {'line': b'[ 65%] Built target base_interfaces__rosidl_typesupport_fastrtps_cpp\n'}
[0.070031] (base_interfaces) StdoutLine: {'line': b'[ 76%] Built target base_interfaces__rosidl_typesupport_fastrtps_c\n'}
[0.083441] (base_interfaces) StdoutLine: {'line': b'[ 76%] Built target base_interfaces\n'}
[0.098130] (base_interfaces) StdoutLine: {'line': b'[ 78%] Built target base_interfaces__py\n'}
[0.099869] (-) TimerEvent: {}
[0.113844] (base_interfaces) StdoutLine: {'line': b'[ 87%] Built target base_interfaces__rosidl_generator_py\n'}
[0.130818] (base_interfaces) StdoutLine: {'line': b'[100%] Built target base_interfaces__rosidl_typesupport_fastrtps_c__pyext\n'}
[0.131020] (base_interfaces) StdoutLine: {'line': b'[100%] Built target base_interfaces__rosidl_typesupport_introspection_c__pyext\n'}
[0.131097] (base_interfaces) StdoutLine: {'line': b'[100%] Built target base_interfaces__rosidl_typesupport_c__pyext\n'}
[0.200050] (-) TimerEvent: {}
[0.217490] (base_interfaces) StdoutLine: {'line': b'running egg_info\n'}
[0.218030] (base_interfaces) StdoutLine: {'line': b'writing base_interfaces.egg-info/PKG-INFO\n'}
[0.218240] (base_interfaces) StdoutLine: {'line': b'writing dependency_links to base_interfaces.egg-info/dependency_links.txt\n'}
[0.218349] (base_interfaces) StdoutLine: {'line': b'writing top-level names to base_interfaces.egg-info/top_level.txt\n'}
[0.219868] (base_interfaces) StdoutLine: {'line': b"reading manifest file 'base_interfaces.egg-info/SOURCES.txt'\n"}
[0.220285] (base_interfaces) StdoutLine: {'line': b"writing manifest file 'base_interfaces.egg-info/SOURCES.txt'\n"}
[0.238760] (base_interfaces) StdoutLine: {'line': b'[100%] Built target ament_cmake_python_build_base_interfaces_egg\n'}
[0.246897] (base_interfaces) CommandEnded: {'returncode': 0}
[0.296864] (base_interfaces) JobProgress: {'identifier': 'base_interfaces', 'progress': 'install'}
[0.300141] (-) TimerEvent: {}
[0.303278] (base_interfaces) Command: {'cmd': ['/usr/bin/cmake', '--install', '/home/kl/VS_CODE/Github_respository/ROS-_for_Study/ws01_plumbing/build/base_interfaces'], 'cwd': '/home/kl/VS_CODE/Github_respository/ROS-_for_Study/ws01_plumbing/build/base_interfaces', 'env': OrderedDict([('GJS_DEBUG_TOPICS', 'JS ERROR;JS LOG'), ('LANGUAGE', 'zh_CN:zh'), ('USER', 'kl'), ('XDG_SESSION_TYPE', 'wayland'), ('GIT_ASKPASS', '/usr/share/code/resources/app/extensions/git/dist/askpass.sh'), ('SHLVL', '1'), ('LD_LIBRARY_PATH', '/opt/ros/humble/opt/rviz_ogre_vendor/lib:/opt/ros/humble/lib/x86_64-linux-gnu:/opt/ros/humble/lib'), ('HOME', '/home/kl'), ('CHROME_DESKTOP', 'code-url-handler.desktop'), ('OLDPWD', '/home/kl/VS_CODE/Github_respository/ROS-_for_Study/ws01_plumbing/src'), ('TERM_PROGRAM_VERSION', '1.80.1'), ('DESKTOP_SESSION', 'ubuntu'), ('GIO_LAUNCHED_DESKTOP_FILE', '/usr/share/applications/github-desktop.desktop'), ('ROS_PYTHON_VERSION', '3'), ('GNOME_SHELL_SESSION_MODE', 'ubuntu'), ('GTK_MODULES', 'gail:atk-bridge'), ('VSCODE_GIT_ASKPASS_MAIN', '/usr/share/code/resources/app/extensions/git/dist/askpass-main.js'), ('VSCODE_GIT_ASKPASS_NODE', '/usr/share/code/code'), ('MANAGERPID', '1772'), ('SYSTEMD_EXEC_PID', '1988'), ('DBUS_SESSION_BUS_ADDRESS', 'unix:path=/run/user/1000/bus'), ('COLORTERM', 'truecolor'), ('GIO_LAUNCHED_DESKTOP_FILE_PID', '5215'), ('IM_CONFIG_PHASE', '1'), ('WAYLAND_DISPLAY', 'wayland-0'), ('ROS_DISTRO', 'humble'), ('LOGNAME', 'kl'), ('JOURNAL_STREAM', '8:32199'), ('_', '/usr/bin/colcon'), ('ROS_VERSION', '2'), ('XDG_SESSION_CLASS', 'user'), ('USERNAME', 'kl'), ('TERM', 'xterm-256color'), ('GNOME_DESKTOP_SESSION_ID', 'this-is-deprecated'), ('ROS_LOCALHOST_ONLY', '0'), ('PATH', '/opt/ros/humble/bin:/usr/local/sbin:/usr/local/bin:/usr/sbin:/usr/bin:/sbin:/bin:/usr/games:/usr/local/games:/snap/bin:/snap/bin'), ('SESSION_MANAGER', 'local/XX:@/tmp/.ICE-unix/1934,unix/XX:/tmp/.ICE-unix/1934'), ('INVOCATION_ID', '7537989bf97b48cf95a19e134f0ea095'), ('XDG_MENU_PREFIX', 'gnome-'), ('GNOME_SETUP_DISPLAY', ':1'), ('XDG_RUNTIME_DIR', '/run/user/1000'), ('GDK_BACKEND', 'x11'), ('DISPLAY', ':0'), ('LANG', 'zh_CN.UTF-8'), ('XDG_CURRENT_DESKTOP', 'Unity'), ('XMODIFIERS', '@im=ibus'), ('XDG_SESSION_DESKTOP', 'ubuntu'), ('XAUTHORITY', '/run/user/1000/.mutter-Xwaylandauth.6A5581'), ('VSCODE_GIT_IPC_HANDLE', '/run/user/1000/vscode-git-e1b967d37d.sock'), ('TERM_PROGRAM', 'vscode'), ('SSH_AGENT_LAUNCHER', 'gnome-keyring'), ('SSH_AUTH_SOCK', '/run/user/1000/keyring/ssh'), ('AMENT_PREFIX_PATH', '/opt/ros/humble'), ('ORIGINAL_XDG_CURRENT_DESKTOP', 'Unity'), ('SHELL', '/bin/bash'), ('QT_ACCESSIBILITY', '1'), ('GDMSESSION', 'ubuntu'), ('GJS_DEBUG_OUTPUT', 'stderr'), ('VSCODE_GIT_ASKPASS_EXTRA_ARGS', '--ms-enable-electron-run-as-node'), ('QT_IM_MODULE', 'ibus'), ('PWD', '/home/kl/VS_CODE/Github_respository/ROS-_for_Study/ws01_plumbing/build/base_interfaces'), ('XDG_CONFIG_DIRS', '/etc/xdg/xdg-ubuntu:/etc/xdg'), ('XDG_DATA_DIRS', '/usr/share/ubuntu:/usr/local/share/:/usr/share/:/var/lib/snapd/desktop'), ('PYTHONPATH', '/opt/ros/humble/lib/python3.10/site-packages:/opt/ros/humble/local/lib/python3.10/dist-packages'), ('COLCON', '1'), ('LOCAL_GIT_DIRECTORY', '/usr/lib/github-desktop/resources/app/git'), ('CMAKE_PREFIX_PATH', '/opt/ros/humble')]), 'shell': False}
[0.310740] (base_interfaces) StdoutLine: {'line': b'-- Install configuration: ""\n'}
[0.311100] (base_interfaces) StdoutLine: {'line': b'-- Up-to-date: /home/kl/VS_CODE/Github_respository/ROS-_for_Study/ws01_plumbing/install/base_interfaces/share/ament_index/resource_index/rosidl_interfaces/base_interfaces\n'}
[0.311182] (base_interfaces) StdoutLine: {'line': b'-- Up-to-date: /home/kl/VS_CODE/Github_respository/ROS-_for_Study/ws01_plumbing/install/base_interfaces/include/base_interfaces/base_interfaces\n'}
[0.311253] (base_interfaces) StdoutLine: {'line': b'-- Up-to-date: /home/kl/VS_CODE/Github_respository/ROS-_for_Study/ws01_plumbing/install/base_interfaces/include/base_interfaces/base_interfaces/action\n'}
[0.311313] (base_interfaces) StdoutLine: {'line': b'-- Up-to-date: /home/kl/VS_CODE/Github_respository/ROS-_for_Study/ws01_plumbing/install/base_interfaces/include/base_interfaces/base_interfaces/action/detail\n'}
[0.311371] (base_interfaces) StdoutLine: {'line': b'-- Up-to-date: /home/kl/VS_CODE/Github_respository/ROS-_for_Study/ws01_plumbing/install/base_interfaces/include/base_interfaces/base_interfaces/action/detail/progress__type_support.h\n'}
[0.311444] (base_interfaces) StdoutLine: {'line': b'-- Up-to-date: /home/kl/VS_CODE/Github_respository/ROS-_for_Study/ws01_plumbing/install/base_interfaces/include/base_interfaces/base_interfaces/action/detail/progress__functions.h\n'}
[0.311500] (base_interfaces) StdoutLine: {'line': b'-- Up-to-date: /home/kl/VS_CODE/Github_respository/ROS-_for_Study/ws01_plumbing/install/base_interfaces/include/base_interfaces/base_interfaces/action/detail/progress__struct.h\n'}
[0.311550] (base_interfaces) StdoutLine: {'line': b'-- Up-to-date: /home/kl/VS_CODE/Github_respository/ROS-_for_Study/ws01_plumbing/install/base_interfaces/include/base_interfaces/base_interfaces/action/detail/progress__functions.c\n'}
[0.311602] (base_interfaces) StdoutLine: {'line': b'-- Up-to-date: /home/kl/VS_CODE/Github_respository/ROS-_for_Study/ws01_plumbing/install/base_interfaces/include/base_interfaces/base_interfaces/action/progress.h\n'}
[0.311649] (base_interfaces) StdoutLine: {'line': b'-- Up-to-date: /home/kl/VS_CODE/Github_respository/ROS-_for_Study/ws01_plumbing/install/base_interfaces/include/base_interfaces/base_interfaces/msg\n'}
[0.311796] (base_interfaces) StdoutLine: {'line': b'-- Up-to-date: /home/kl/VS_CODE/Github_respository/ROS-_for_Study/ws01_plumbing/install/base_interfaces/include/base_interfaces/base_interfaces/msg/detail\n'}
[0.311857] (base_interfaces) StdoutLine: {'line': b'-- Up-to-date: /home/kl/VS_CODE/Github_respository/ROS-_for_Study/ws01_plumbing/install/base_interfaces/include/base_interfaces/base_interfaces/msg/detail/student__struct.h\n'}
[0.311912] (base_interfaces) StdoutLine: {'line': b'-- Up-to-date: /home/kl/VS_CODE/Github_respository/ROS-_for_Study/ws01_plumbing/install/base_interfaces/include/base_interfaces/base_interfaces/msg/detail/student__functions.c\n'}
[0.311960] (base_interfaces) StdoutLine: {'line': b'-- Up-to-date: /home/kl/VS_CODE/Github_respository/ROS-_for_Study/ws01_plumbing/install/base_interfaces/include/base_interfaces/base_interfaces/msg/detail/student__type_support.h\n'}
[0.312010] (base_interfaces) StdoutLine: {'line': b'-- Up-to-date: /home/kl/VS_CODE/Github_respository/ROS-_for_Study/ws01_plumbing/install/base_interfaces/include/base_interfaces/base_interfaces/msg/detail/student__functions.h\n'}
[0.312058] (base_interfaces) StdoutLine: {'line': b'-- Up-to-date: /home/kl/VS_CODE/Github_respository/ROS-_for_Study/ws01_plumbing/install/base_interfaces/include/base_interfaces/base_interfaces/msg/rosidl_generator_c__visibility_control.h\n'}
[0.312107] (base_interfaces) StdoutLine: {'line': b'-- Up-to-date: /home/kl/VS_CODE/Github_respository/ROS-_for_Study/ws01_plumbing/install/base_interfaces/include/base_interfaces/base_interfaces/msg/student.h\n'}
[0.312246] (base_interfaces) StdoutLine: {'line': b'-- Up-to-date: /home/kl/VS_CODE/Github_respository/ROS-_for_Study/ws01_plumbing/install/base_interfaces/include/base_interfaces/base_interfaces/srv\n'}
[0.312340] (base_interfaces) StdoutLine: {'line': b'-- Up-to-date: /home/kl/VS_CODE/Github_respository/ROS-_for_Study/ws01_plumbing/install/base_interfaces/include/base_interfaces/base_interfaces/srv/detail\n'}
[0.312456] (base_interfaces) StdoutLine: {'line': b'-- Up-to-date: /home/kl/VS_CODE/Github_respository/ROS-_for_Study/ws01_plumbing/install/base_interfaces/include/base_interfaces/base_interfaces/srv/detail/addints__functions.c\n'}
[0.312613] (base_interfaces) StdoutLine: {'line': b'-- Up-to-date: /home/kl/VS_CODE/Github_respository/ROS-_for_Study/ws01_plumbing/install/base_interfaces/include/base_interfaces/base_interfaces/srv/detail/addints__functions.h\n'}
[0.312726] (base_interfaces) StdoutLine: {'line': b'-- Up-to-date: /home/kl/VS_CODE/Github_respository/ROS-_for_Study/ws01_plumbing/install/base_interfaces/include/base_interfaces/base_interfaces/srv/detail/addints__type_support.h\n'}
[0.312781] (base_interfaces) StdoutLine: {'line': b'-- Up-to-date: /home/kl/VS_CODE/Github_respository/ROS-_for_Study/ws01_plumbing/install/base_interfaces/include/base_interfaces/base_interfaces/srv/detail/addints__struct.h\n'}
[0.312832] (base_interfaces) StdoutLine: {'line': b'-- Up-to-date: /home/kl/VS_CODE/Github_respository/ROS-_for_Study/ws01_plumbing/install/base_interfaces/include/base_interfaces/base_interfaces/srv/addints.h\n'}
[0.312883] (base_interfaces) StdoutLine: {'line': b'-- Up-to-date: /home/kl/VS_CODE/Github_respository/ROS-_for_Study/ws01_plumbing/install/base_interfaces/share/base_interfaces/environment/library_path.sh\n'}
[0.312930] (base_interfaces) StdoutLine: {'line': b'-- Up-to-date: /home/kl/VS_CODE/Github_respository/ROS-_for_Study/ws01_plumbing/install/base_interfaces/share/base_interfaces/environment/library_path.dsv\n'}
[0.312976] (base_interfaces) StdoutLine: {'line': b'-- Up-to-date: /home/kl/VS_CODE/Github_respository/ROS-_for_Study/ws01_plumbing/install/base_interfaces/lib/libbase_interfaces__rosidl_generator_c.so\n'}
[0.313024] (base_interfaces) StdoutLine: {'line': b'-- Up-to-date: /home/kl/VS_CODE/Github_respository/ROS-_for_Study/ws01_plumbing/install/base_interfaces/include/base_interfaces/base_interfaces\n'}
[0.313092] (base_interfaces) StdoutLine: {'line': b'-- Up-to-date: /home/kl/VS_CODE/Github_respository/ROS-_for_Study/ws01_plumbing/install/base_interfaces/include/base_interfaces/base_interfaces/action\n'}
[0.313144] (base_interfaces) StdoutLine: {'line': b'-- Up-to-date: /home/kl/VS_CODE/Github_respository/ROS-_for_Study/ws01_plumbing/install/base_interfaces/include/base_interfaces/base_interfaces/action/detail\n'}
[0.313195] (base_interfaces) StdoutLine: {'line': b'-- Up-to-date: /home/kl/VS_CODE/Github_respository/ROS-_for_Study/ws01_plumbing/install/base_interfaces/include/base_interfaces/base_interfaces/action/detail/progress__rosidl_typesupport_fastrtps_c.h\n'}
[0.313249] (base_interfaces) StdoutLine: {'line': b'-- Up-to-date: /home/kl/VS_CODE/Github_respository/ROS-_for_Study/ws01_plumbing/install/base_interfaces/include/base_interfaces/base_interfaces/msg\n'}
[0.313299] (base_interfaces) StdoutLine: {'line': b'-- Up-to-date: /home/kl/VS_CODE/Github_respository/ROS-_for_Study/ws01_plumbing/install/base_interfaces/include/base_interfaces/base_interfaces/msg/detail\n'}
[0.313345] (base_interfaces) StdoutLine: {'line': b'-- Up-to-date: /home/kl/VS_CODE/Github_respository/ROS-_for_Study/ws01_plumbing/install/base_interfaces/include/base_interfaces/base_interfaces/msg/detail/student__rosidl_typesupport_fastrtps_c.h\n'}
[0.313484] (base_interfaces) StdoutLine: {'line': b'-- Up-to-date: /home/kl/VS_CODE/Github_respository/ROS-_for_Study/ws01_plumbing/install/base_interfaces/include/base_interfaces/base_interfaces/msg/rosidl_typesupport_fastrtps_c__visibility_control.h\n'}
[0.313532] (base_interfaces) StdoutLine: {'line': b'-- Up-to-date: /home/kl/VS_CODE/Github_respository/ROS-_for_Study/ws01_plumbing/install/base_interfaces/include/base_interfaces/base_interfaces/srv\n'}
[0.313576] (base_interfaces) StdoutLine: {'line': b'-- Up-to-date: /home/kl/VS_CODE/Github_respository/ROS-_for_Study/ws01_plumbing/install/base_interfaces/include/base_interfaces/base_interfaces/srv/detail\n'}
[0.313622] (base_interfaces) StdoutLine: {'line': b'-- Up-to-date: /home/kl/VS_CODE/Github_respository/ROS-_for_Study/ws01_plumbing/install/base_interfaces/include/base_interfaces/base_interfaces/srv/detail/addints__rosidl_typesupport_fastrtps_c.h\n'}
[0.313727] (base_interfaces) StdoutLine: {'line': b'-- Up-to-date: /home/kl/VS_CODE/Github_respository/ROS-_for_Study/ws01_plumbing/install/base_interfaces/lib/libbase_interfaces__rosidl_typesupport_fastrtps_c.so\n'}
[0.313774] (base_interfaces) StdoutLine: {'line': b'-- Up-to-date: /home/kl/VS_CODE/Github_respository/ROS-_for_Study/ws01_plumbing/install/base_interfaces/include/base_interfaces/base_interfaces\n'}
[0.313821] (base_interfaces) StdoutLine: {'line': b'-- Up-to-date: /home/kl/VS_CODE/Github_respository/ROS-_for_Study/ws01_plumbing/install/base_interfaces/include/base_interfaces/base_interfaces/action\n'}
[0.313868] (base_interfaces) StdoutLine: {'line': b'-- Up-to-date: /home/kl/VS_CODE/Github_respository/ROS-_for_Study/ws01_plumbing/install/base_interfaces/include/base_interfaces/base_interfaces/action/detail\n'}
[0.313960] (base_interfaces) StdoutLine: {'line': b'-- Up-to-date: /home/kl/VS_CODE/Github_respository/ROS-_for_Study/ws01_plumbing/install/base_interfaces/include/base_interfaces/base_interfaces/action/detail/progress__rosidl_typesupport_introspection_c.h\n'}
[0.314003] (base_interfaces) StdoutLine: {'line': b'-- Up-to-date: /home/kl/VS_CODE/Github_respository/ROS-_for_Study/ws01_plumbing/install/base_interfaces/include/base_interfaces/base_interfaces/action/detail/progress__type_support.c\n'}
[0.314052] (base_interfaces) StdoutLine: {'line': b'-- Up-to-date: /home/kl/VS_CODE/Github_respository/ROS-_for_Study/ws01_plumbing/install/base_interfaces/include/base_interfaces/base_interfaces/msg\n'}
[0.314105] (base_interfaces) StdoutLine: {'line': b'-- Up-to-date: /home/kl/VS_CODE/Github_respository/ROS-_for_Study/ws01_plumbing/install/base_interfaces/include/base_interfaces/base_interfaces/msg/detail\n'}
[0.314156] (base_interfaces) StdoutLine: {'line': b'-- Up-to-date: /home/kl/VS_CODE/Github_respository/ROS-_for_Study/ws01_plumbing/install/base_interfaces/include/base_interfaces/base_interfaces/msg/detail/student__type_support.c\n'}
[0.314223] (base_interfaces) StdoutLine: {'line': b'-- Up-to-date: /home/kl/VS_CODE/Github_respository/ROS-_for_Study/ws01_plumbing/install/base_interfaces/include/base_interfaces/base_interfaces/msg/detail/student__rosidl_typesupport_introspection_c.h\n'}
[0.314321] (base_interfaces) StdoutLine: {'line': b'-- Up-to-date: /home/kl/VS_CODE/Github_respository/ROS-_for_Study/ws01_plumbing/install/base_interfaces/include/base_interfaces/base_interfaces/msg/rosidl_typesupport_introspection_c__visibility_control.h\n'}
[0.314367] (base_interfaces) StdoutLine: {'line': b'-- Up-to-date: /home/kl/VS_CODE/Github_respository/ROS-_for_Study/ws01_plumbing/install/base_interfaces/include/base_interfaces/base_interfaces/srv\n'}
[0.314411] (base_interfaces) StdoutLine: {'line': b'-- Up-to-date: /home/kl/VS_CODE/Github_respository/ROS-_for_Study/ws01_plumbing/install/base_interfaces/include/base_interfaces/base_interfaces/srv/detail\n'}
[0.314454] (base_interfaces) StdoutLine: {'line': b'-- Up-to-date: /home/kl/VS_CODE/Github_respository/ROS-_for_Study/ws01_plumbing/install/base_interfaces/include/base_interfaces/base_interfaces/srv/detail/addints__type_support.c\n'}
[0.314496] (base_interfaces) StdoutLine: {'line': b'-- Up-to-date: /home/kl/VS_CODE/Github_respository/ROS-_for_Study/ws01_plumbing/install/base_interfaces/include/base_interfaces/base_interfaces/srv/detail/addints__rosidl_typesupport_introspection_c.h\n'}
[0.314541] (base_interfaces) StdoutLine: {'line': b'-- Up-to-date: /home/kl/VS_CODE/Github_respository/ROS-_for_Study/ws01_plumbing/install/base_interfaces/lib/libbase_interfaces__rosidl_typesupport_introspection_c.so\n'}
[0.314583] (base_interfaces) StdoutLine: {'line': b'-- Up-to-date: /home/kl/VS_CODE/Github_respository/ROS-_for_Study/ws01_plumbing/install/base_interfaces/lib/libbase_interfaces__rosidl_typesupport_c.so\n'}
[0.314626] (base_interfaces) StdoutLine: {'line': b'-- Up-to-date: /home/kl/VS_CODE/Github_respository/ROS-_for_Study/ws01_plumbing/install/base_interfaces/include/base_interfaces/base_interfaces\n'}
[0.314669] (base_interfaces) StdoutLine: {'line': b'-- Up-to-date: /home/kl/VS_CODE/Github_respository/ROS-_for_Study/ws01_plumbing/install/base_interfaces/include/base_interfaces/base_interfaces/action\n'}
[0.314760] (base_interfaces) StdoutLine: {'line': b'-- Up-to-date: /home/kl/VS_CODE/Github_respository/ROS-_for_Study/ws01_plumbing/install/base_interfaces/include/base_interfaces/base_interfaces/action/progress.hpp\n'}
[0.314802] (base_interfaces) StdoutLine: {'line': b'-- Up-to-date: /home/kl/VS_CODE/Github_respository/ROS-_for_Study/ws01_plumbing/install/base_interfaces/include/base_interfaces/base_interfaces/action/detail\n'}
[0.314843] (base_interfaces) StdoutLine: {'line': b'-- Up-to-date: /home/kl/VS_CODE/Github_respository/ROS-_for_Study/ws01_plumbing/install/base_interfaces/include/base_interfaces/base_interfaces/action/detail/progress__traits.hpp\n'}
[0.314885] (base_interfaces) StdoutLine: {'line': b'-- Up-to-date: /home/kl/VS_CODE/Github_respository/ROS-_for_Study/ws01_plumbing/install/base_interfaces/include/base_interfaces/base_interfaces/action/detail/progress__builder.hpp\n'}
[0.314926] (base_interfaces) StdoutLine: {'line': b'-- Up-to-date: /home/kl/VS_CODE/Github_respository/ROS-_for_Study/ws01_plumbing/install/base_interfaces/include/base_interfaces/base_interfaces/action/detail/progress__struct.hpp\n'}
[0.314967] (base_interfaces) StdoutLine: {'line': b'-- Up-to-date: /home/kl/VS_CODE/Github_respository/ROS-_for_Study/ws01_plumbing/install/base_interfaces/include/base_interfaces/base_interfaces/msg\n'}
[0.315008] (base_interfaces) StdoutLine: {'line': b'-- Up-to-date: /home/kl/VS_CODE/Github_respository/ROS-_for_Study/ws01_plumbing/install/base_interfaces/include/base_interfaces/base_interfaces/msg/detail\n'}
[0.315048] (base_interfaces) StdoutLine: {'line': b'-- Up-to-date: /home/kl/VS_CODE/Github_respository/ROS-_for_Study/ws01_plumbing/install/base_interfaces/include/base_interfaces/base_interfaces/msg/detail/student__struct.hpp\n'}
[0.315092] (base_interfaces) StdoutLine: {'line': b'-- Up-to-date: /home/kl/VS_CODE/Github_respository/ROS-_for_Study/ws01_plumbing/install/base_interfaces/include/base_interfaces/base_interfaces/msg/detail/student__traits.hpp\n'}
[0.315137] (base_interfaces) StdoutLine: {'line': b'-- Up-to-date: /home/kl/VS_CODE/Github_respository/ROS-_for_Study/ws01_plumbing/install/base_interfaces/include/base_interfaces/base_interfaces/msg/detail/student__builder.hpp\n'}
[0.315179] (base_interfaces) StdoutLine: {'line': b'-- Up-to-date: /home/kl/VS_CODE/Github_respository/ROS-_for_Study/ws01_plumbing/install/base_interfaces/include/base_interfaces/base_interfaces/msg/student.hpp\n'}
[0.315221] (base_interfaces) StdoutLine: {'line': b'-- Up-to-date: /home/kl/VS_CODE/Github_respository/ROS-_for_Study/ws01_plumbing/install/base_interfaces/include/base_interfaces/base_interfaces/srv\n'}
[0.315266] (base_interfaces) StdoutLine: {'line': b'-- Up-to-date: /home/kl/VS_CODE/Github_respository/ROS-_for_Study/ws01_plumbing/install/base_interfaces/include/base_interfaces/base_interfaces/srv/detail\n'}
[0.315307] (base_interfaces) StdoutLine: {'line': b'-- Up-to-date: /home/kl/VS_CODE/Github_respository/ROS-_for_Study/ws01_plumbing/install/base_interfaces/include/base_interfaces/base_interfaces/srv/detail/addints__traits.hpp\n'}
[0.315347] (base_interfaces) StdoutLine: {'line': b'-- Up-to-date: /home/kl/VS_CODE/Github_respository/ROS-_for_Study/ws01_plumbing/install/base_interfaces/include/base_interfaces/base_interfaces/srv/detail/addints__builder.hpp\n'}
[0.315388] (base_interfaces) StdoutLine: {'line': b'-- Up-to-date: /home/kl/VS_CODE/Github_respository/ROS-_for_Study/ws01_plumbing/install/base_interfaces/include/base_interfaces/base_interfaces/srv/detail/addints__struct.hpp\n'}
[0.315430] (base_interfaces) StdoutLine: {'line': b'-- Up-to-date: /home/kl/VS_CODE/Github_respository/ROS-_for_Study/ws01_plumbing/install/base_interfaces/include/base_interfaces/base_interfaces/srv/addints.hpp\n'}
[0.315470] (base_interfaces) StdoutLine: {'line': b'-- Up-to-date: /home/kl/VS_CODE/Github_respository/ROS-_for_Study/ws01_plumbing/install/base_interfaces/include/base_interfaces/base_interfaces\n'}
[0.315511] (base_interfaces) StdoutLine: {'line': b'-- Up-to-date: /home/kl/VS_CODE/Github_respository/ROS-_for_Study/ws01_plumbing/install/base_interfaces/include/base_interfaces/base_interfaces/action\n'}
[0.315552] (base_interfaces) StdoutLine: {'line': b'-- Up-to-date: /home/kl/VS_CODE/Github_respository/ROS-_for_Study/ws01_plumbing/install/base_interfaces/include/base_interfaces/base_interfaces/action/detail\n'}
[0.315591] (base_interfaces) StdoutLine: {'line': b'-- Up-to-date: /home/kl/VS_CODE/Github_respository/ROS-_for_Study/ws01_plumbing/install/base_interfaces/include/base_interfaces/base_interfaces/action/detail/dds_fastrtps\n'}
[0.315630] (base_interfaces) StdoutLine: {'line': b'-- Up-to-date: /home/kl/VS_CODE/Github_respository/ROS-_for_Study/ws01_plumbing/install/base_interfaces/include/base_interfaces/base_interfaces/action/detail/progress__rosidl_typesupport_fastrtps_cpp.hpp\n'}
[0.315671] (base_interfaces) StdoutLine: {'line': b'-- Up-to-date: /home/kl/VS_CODE/Github_respository/ROS-_for_Study/ws01_plumbing/install/base_interfaces/include/base_interfaces/base_interfaces/msg\n'}
[0.315714] (base_interfaces) StdoutLine: {'line': b'-- Up-to-date: /home/kl/VS_CODE/Github_respository/ROS-_for_Study/ws01_plumbing/install/base_interfaces/include/base_interfaces/base_interfaces/msg/detail\n'}
[0.315755] (base_interfaces) StdoutLine: {'line': b'-- Up-to-date: /home/kl/VS_CODE/Github_respository/ROS-_for_Study/ws01_plumbing/install/base_interfaces/include/base_interfaces/base_interfaces/msg/detail/dds_fastrtps\n'}
[0.315795] (base_interfaces) StdoutLine: {'line': b'-- Up-to-date: /home/kl/VS_CODE/Github_respository/ROS-_for_Study/ws01_plumbing/install/base_interfaces/include/base_interfaces/base_interfaces/msg/detail/student__rosidl_typesupport_fastrtps_cpp.hpp\n'}
[0.315837] (base_interfaces) StdoutLine: {'line': b'-- Up-to-date: /home/kl/VS_CODE/Github_respository/ROS-_for_Study/ws01_plumbing/install/base_interfaces/include/base_interfaces/base_interfaces/msg/rosidl_typesupport_fastrtps_cpp__visibility_control.h\n'}
[0.315878] (base_interfaces) StdoutLine: {'line': b'-- Up-to-date: /home/kl/VS_CODE/Github_respository/ROS-_for_Study/ws01_plumbing/install/base_interfaces/include/base_interfaces/base_interfaces/srv\n'}
[0.315919] (base_interfaces) StdoutLine: {'line': b'-- Up-to-date: /home/kl/VS_CODE/Github_respository/ROS-_for_Study/ws01_plumbing/install/base_interfaces/include/base_interfaces/base_interfaces/srv/detail\n'}
[0.315959] (base_interfaces) StdoutLine: {'line': b'-- Up-to-date: /home/kl/VS_CODE/Github_respository/ROS-_for_Study/ws01_plumbing/install/base_interfaces/include/base_interfaces/base_interfaces/srv/detail/dds_fastrtps\n'}
[0.315999] (base_interfaces) StdoutLine: {'line': b'-- Up-to-date: /home/kl/VS_CODE/Github_respository/ROS-_for_Study/ws01_plumbing/install/base_interfaces/include/base_interfaces/base_interfaces/srv/detail/addints__rosidl_typesupport_fastrtps_cpp.hpp\n'}
[0.316039] (base_interfaces) StdoutLine: {'line': b'-- Up-to-date: /home/kl/VS_CODE/Github_respository/ROS-_for_Study/ws01_plumbing/install/base_interfaces/lib/libbase_interfaces__rosidl_typesupport_fastrtps_cpp.so\n'}
[0.316079] (base_interfaces) StdoutLine: {'line': b'-- Up-to-date: /home/kl/VS_CODE/Github_respository/ROS-_for_Study/ws01_plumbing/install/base_interfaces/include/base_interfaces/base_interfaces\n'}
[0.316119] (base_interfaces) StdoutLine: {'line': b'-- Up-to-date: /home/kl/VS_CODE/Github_respository/ROS-_for_Study/ws01_plumbing/install/base_interfaces/include/base_interfaces/base_interfaces/action\n'}
[0.316163] (base_interfaces) StdoutLine: {'line': b'-- Up-to-date: /home/kl/VS_CODE/Github_respository/ROS-_for_Study/ws01_plumbing/install/base_interfaces/include/base_interfaces/base_interfaces/action/detail\n'}
[0.316205] (base_interfaces) StdoutLine: {'line': b'-- Up-to-date: /home/kl/VS_CODE/Github_respository/ROS-_for_Study/ws01_plumbing/install/base_interfaces/include/base_interfaces/base_interfaces/action/detail/progress__type_support.cpp\n'}
[0.316245] (base_interfaces) StdoutLine: {'line': b'-- Up-to-date: /home/kl/VS_CODE/Github_respository/ROS-_for_Study/ws01_plumbing/install/base_interfaces/include/base_interfaces/base_interfaces/action/detail/progress__rosidl_typesupport_introspection_cpp.hpp\n'}
[0.316286] (base_interfaces) StdoutLine: {'line': b'-- Up-to-date: /home/kl/VS_CODE/Github_respository/ROS-_for_Study/ws01_plumbing/install/base_interfaces/include/base_interfaces/base_interfaces/msg\n'}
[0.316326] (base_interfaces) StdoutLine: {'line': b'-- Up-to-date: /home/kl/VS_CODE/Github_respository/ROS-_for_Study/ws01_plumbing/install/base_interfaces/include/base_interfaces/base_interfaces/msg/detail\n'}
[0.316367] (base_interfaces) StdoutLine: {'line': b'-- Up-to-date: /home/kl/VS_CODE/Github_respository/ROS-_for_Study/ws01_plumbing/install/base_interfaces/include/base_interfaces/base_interfaces/msg/detail/student__type_support.cpp\n'}
[0.316416] (base_interfaces) StdoutLine: {'line': b'-- Up-to-date: /home/kl/VS_CODE/Github_respository/ROS-_for_Study/ws01_plumbing/install/base_interfaces/include/base_interfaces/base_interfaces/msg/detail/student__rosidl_typesupport_introspection_cpp.hpp\n'}
[0.316457] (base_interfaces) StdoutLine: {'line': b'-- Up-to-date: /home/kl/VS_CODE/Github_respository/ROS-_for_Study/ws01_plumbing/install/base_interfaces/include/base_interfaces/base_interfaces/srv\n'}
[0.316497] (base_interfaces) StdoutLine: {'line': b'-- Up-to-date: /home/kl/VS_CODE/Github_respository/ROS-_for_Study/ws01_plumbing/install/base_interfaces/include/base_interfaces/base_interfaces/srv/detail\n'}
[0.316537] (base_interfaces) StdoutLine: {'line': b'-- Up-to-date: /home/kl/VS_CODE/Github_respository/ROS-_for_Study/ws01_plumbing/install/base_interfaces/include/base_interfaces/base_interfaces/srv/detail/addints__type_support.cpp\n'}
[0.316581] (base_interfaces) StdoutLine: {'line': b'-- Up-to-date: /home/kl/VS_CODE/Github_respository/ROS-_for_Study/ws01_plumbing/install/base_interfaces/include/base_interfaces/base_interfaces/srv/detail/addints__rosidl_typesupport_introspection_cpp.hpp\n'}
[0.316622] (base_interfaces) StdoutLine: {'line': b'-- Up-to-date: /home/kl/VS_CODE/Github_respository/ROS-_for_Study/ws01_plumbing/install/base_interfaces/lib/libbase_interfaces__rosidl_typesupport_introspection_cpp.so\n'}
[0.316665] (base_interfaces) StdoutLine: {'line': b'-- Up-to-date: /home/kl/VS_CODE/Github_respository/ROS-_for_Study/ws01_plumbing/install/base_interfaces/lib/libbase_interfaces__rosidl_typesupport_cpp.so\n'}
[0.316706] (base_interfaces) StdoutLine: {'line': b'-- Up-to-date: /home/kl/VS_CODE/Github_respository/ROS-_for_Study/ws01_plumbing/install/base_interfaces/share/base_interfaces/environment/pythonpath.sh\n'}
[0.316746] (base_interfaces) StdoutLine: {'line': b'-- Up-to-date: /home/kl/VS_CODE/Github_respository/ROS-_for_Study/ws01_plumbing/install/base_interfaces/share/base_interfaces/environment/pythonpath.dsv\n'}
[0.316787] (base_interfaces) StdoutLine: {'line': b'-- Up-to-date: /home/kl/VS_CODE/Github_respository/ROS-_for_Study/ws01_plumbing/install/base_interfaces/local/lib/python3.10/dist-packages/base_interfaces-0.0.0-py3.10.egg-info\n'}
[0.316827] (base_interfaces) StdoutLine: {'line': b'-- Installing: /home/kl/VS_CODE/Github_respository/ROS-_for_Study/ws01_plumbing/install/base_interfaces/local/lib/python3.10/dist-packages/base_interfaces-0.0.0-py3.10.egg-info/dependency_links.txt\n'}
[0.316868] (base_interfaces) StdoutLine: {'line': b'-- Installing: /home/kl/VS_CODE/Github_respository/ROS-_for_Study/ws01_plumbing/install/base_interfaces/local/lib/python3.10/dist-packages/base_interfaces-0.0.0-py3.10.egg-info/SOURCES.txt\n'}
[0.316909] (base_interfaces) StdoutLine: {'line': b'-- Installing: /home/kl/VS_CODE/Github_respository/ROS-_for_Study/ws01_plumbing/install/base_interfaces/local/lib/python3.10/dist-packages/base_interfaces-0.0.0-py3.10.egg-info/top_level.txt\n'}
[0.316949] (base_interfaces) StdoutLine: {'line': b'-- Installing: /home/kl/VS_CODE/Github_respository/ROS-_for_Study/ws01_plumbing/install/base_interfaces/local/lib/python3.10/dist-packages/base_interfaces-0.0.0-py3.10.egg-info/PKG-INFO\n'}
[0.316989] (base_interfaces) StdoutLine: {'line': b'-- Up-to-date: /home/kl/VS_CODE/Github_respository/ROS-_for_Study/ws01_plumbing/install/base_interfaces/local/lib/python3.10/dist-packages/base_interfaces\n'}
[0.317029] (base_interfaces) StdoutLine: {'line': b'-- Up-to-date: /home/kl/VS_CODE/Github_respository/ROS-_for_Study/ws01_plumbing/install/base_interfaces/local/lib/python3.10/dist-packages/base_interfaces/_base_interfaces_s.ep.rosidl_typesupport_fastrtps_c.c\n'}
[0.317069] (base_interfaces) StdoutLine: {'line': b'-- Up-to-date: /home/kl/VS_CODE/Github_respository/ROS-_for_Study/ws01_plumbing/install/base_interfaces/local/lib/python3.10/dist-packages/base_interfaces/_base_interfaces_s.ep.rosidl_typesupport_introspection_c.c\n'}
[0.317115] (base_interfaces) StdoutLine: {'line': b'-- Up-to-date: /home/kl/VS_CODE/Github_respository/ROS-_for_Study/ws01_plumbing/install/base_interfaces/local/lib/python3.10/dist-packages/base_interfaces/base_interfaces_s__rosidl_typesupport_introspection_c.cpython-310-x86_64-linux-gnu.so\n'}
[0.317156] (base_interfaces) StdoutLine: {'line': b'-- Up-to-date: /home/kl/VS_CODE/Github_respository/ROS-_for_Study/ws01_plumbing/install/base_interfaces/local/lib/python3.10/dist-packages/base_interfaces/base_interfaces_s__rosidl_typesupport_c.cpython-310-x86_64-linux-gnu.so\n'}
[0.317198] (base_interfaces) StdoutLine: {'line': b'-- Up-to-date: /home/kl/VS_CODE/Github_respository/ROS-_for_Study/ws01_plumbing/install/base_interfaces/local/lib/python3.10/dist-packages/base_interfaces/_base_interfaces_s.ep.rosidl_typesupport_c.c\n'}
[0.317240] (base_interfaces) StdoutLine: {'line': b'-- Up-to-date: /home/kl/VS_CODE/Github_respository/ROS-_for_Study/ws01_plumbing/install/base_interfaces/local/lib/python3.10/dist-packages/base_interfaces/action\n'}
[0.317284] (base_interfaces) StdoutLine: {'line': b'-- Up-to-date: /home/kl/VS_CODE/Github_respository/ROS-_for_Study/ws01_plumbing/install/base_interfaces/local/lib/python3.10/dist-packages/base_interfaces/action/_progress_s.c\n'}
[0.317325] (base_interfaces) StdoutLine: {'line': b'-- Up-to-date: /home/kl/VS_CODE/Github_respository/ROS-_for_Study/ws01_plumbing/install/base_interfaces/local/lib/python3.10/dist-packages/base_interfaces/action/_progress.py\n'}
[0.317365] (base_interfaces) StdoutLine: {'line': b'-- Up-to-date: /home/kl/VS_CODE/Github_respository/ROS-_for_Study/ws01_plumbing/install/base_interfaces/local/lib/python3.10/dist-packages/base_interfaces/action/__init__.py\n'}
[0.317405] (base_interfaces) StdoutLine: {'line': b'-- Up-to-date: /home/kl/VS_CODE/Github_respository/ROS-_for_Study/ws01_plumbing/install/base_interfaces/local/lib/python3.10/dist-packages/base_interfaces/msg\n'}
[0.317445] (base_interfaces) StdoutLine: {'line': b'-- Up-to-date: /home/kl/VS_CODE/Github_respository/ROS-_for_Study/ws01_plumbing/install/base_interfaces/local/lib/python3.10/dist-packages/base_interfaces/msg/_student_s.c\n'}
[0.317485] (base_interfaces) StdoutLine: {'line': b'-- Up-to-date: /home/kl/VS_CODE/Github_respository/ROS-_for_Study/ws01_plumbing/install/base_interfaces/local/lib/python3.10/dist-packages/base_interfaces/msg/_student.py\n'}
[0.317527] (base_interfaces) StdoutLine: {'line': b'-- Up-to-date: /home/kl/VS_CODE/Github_respository/ROS-_for_Study/ws01_plumbing/install/base_interfaces/local/lib/python3.10/dist-packages/base_interfaces/msg/__init__.py\n'}
[0.317568] (base_interfaces) StdoutLine: {'line': b'-- Up-to-date: /home/kl/VS_CODE/Github_respository/ROS-_for_Study/ws01_plumbing/install/base_interfaces/local/lib/python3.10/dist-packages/base_interfaces/libbase_interfaces__rosidl_generator_py.so\n'}
[0.317609] (base_interfaces) StdoutLine: {'line': b'-- Up-to-date: /home/kl/VS_CODE/Github_respository/ROS-_for_Study/ws01_plumbing/install/base_interfaces/local/lib/python3.10/dist-packages/base_interfaces/base_interfaces_s__rosidl_typesupport_fastrtps_c.cpython-310-x86_64-linux-gnu.so\n'}
[0.317650] (base_interfaces) StdoutLine: {'line': b'-- Up-to-date: /home/kl/VS_CODE/Github_respository/ROS-_for_Study/ws01_plumbing/install/base_interfaces/local/lib/python3.10/dist-packages/base_interfaces/srv\n'}
[0.317689] (base_interfaces) StdoutLine: {'line': b'-- Up-to-date: /home/kl/VS_CODE/Github_respository/ROS-_for_Study/ws01_plumbing/install/base_interfaces/local/lib/python3.10/dist-packages/base_interfaces/srv/_addints.py\n'}
[0.317728] (base_interfaces) StdoutLine: {'line': b'-- Up-to-date: /home/kl/VS_CODE/Github_respository/ROS-_for_Study/ws01_plumbing/install/base_interfaces/local/lib/python3.10/dist-packages/base_interfaces/srv/_addints_s.c\n'}
[0.317768] (base_interfaces) StdoutLine: {'line': b'-- Up-to-date: /home/kl/VS_CODE/Github_respository/ROS-_for_Study/ws01_plumbing/install/base_interfaces/local/lib/python3.10/dist-packages/base_interfaces/srv/__init__.py\n'}
[0.317808] (base_interfaces) StdoutLine: {'line': b'-- Up-to-date: /home/kl/VS_CODE/Github_respository/ROS-_for_Study/ws01_plumbing/install/base_interfaces/local/lib/python3.10/dist-packages/base_interfaces/__init__.py\n'}
[0.336698] (base_interfaces) StdoutLine: {'line': b"Listing '/home/kl/VS_CODE/Github_respository/ROS-_for_Study/ws01_plumbing/install/base_interfaces/local/lib/python3.10/dist-packages/base_interfaces'...\n"}
[0.336886] (base_interfaces) StdoutLine: {'line': b"Listing '/home/kl/VS_CODE/Github_respository/ROS-_for_Study/ws01_plumbing/install/base_interfaces/local/lib/python3.10/dist-packages/base_interfaces/action'...\n"}
[0.336950] (base_interfaces) StdoutLine: {'line': b"Listing '/home/kl/VS_CODE/Github_respository/ROS-_for_Study/ws01_plumbing/install/base_interfaces/local/lib/python3.10/dist-packages/base_interfaces/msg'...\n"}
[0.337004] (base_interfaces) StdoutLine: {'line': b"Listing '/home/kl/VS_CODE/Github_respository/ROS-_for_Study/ws01_plumbing/install/base_interfaces/local/lib/python3.10/dist-packages/base_interfaces/srv'...\n"}
[0.340251] (base_interfaces) StdoutLine: {'line': b'-- Up-to-date: /home/kl/VS_CODE/Github_respository/ROS-_for_Study/ws01_plumbing/install/base_interfaces/local/lib/python3.10/dist-packages/base_interfaces/base_interfaces_s__rosidl_typesupport_fastrtps_c.cpython-310-x86_64-linux-gnu.so\n'}
[0.340460] (base_interfaces) StdoutLine: {'line': b'-- Up-to-date: /home/kl/VS_CODE/Github_respository/ROS-_for_Study/ws01_plumbing/install/base_interfaces/local/lib/python3.10/dist-packages/base_interfaces/base_interfaces_s__rosidl_typesupport_introspection_c.cpython-310-x86_64-linux-gnu.so\n'}
[0.340587] (base_interfaces) StdoutLine: {'line': b'-- Up-to-date: /home/kl/VS_CODE/Github_respository/ROS-_for_Study/ws01_plumbing/install/base_interfaces/local/lib/python3.10/dist-packages/base_interfaces/base_interfaces_s__rosidl_typesupport_c.cpython-310-x86_64-linux-gnu.so\n'}
[0.340705] (base_interfaces) StdoutLine: {'line': b'-- Up-to-date: /home/kl/VS_CODE/Github_respository/ROS-_for_Study/ws01_plumbing/install/base_interfaces/lib/libbase_interfaces__rosidl_generator_py.so\n'}
[0.340827] (base_interfaces) StdoutLine: {'line': b'-- Up-to-date: /home/kl/VS_CODE/Github_respository/ROS-_for_Study/ws01_plumbing/install/base_interfaces/share/base_interfaces/msg/Student.idl\n'}
[0.340979] (base_interfaces) StdoutLine: {'line': b'-- Up-to-date: /home/kl/VS_CODE/Github_respository/ROS-_for_Study/ws01_plumbing/install/base_interfaces/share/base_interfaces/srv/Addints.idl\n'}
[0.341069] (base_interfaces) StdoutLine: {'line': b'-- Up-to-date: /home/kl/VS_CODE/Github_respository/ROS-_for_Study/ws01_plumbing/install/base_interfaces/share/base_interfaces/action/Progress.idl\n'}
[0.341123] (base_interfaces) StdoutLine: {'line': b'-- Up-to-date: /home/kl/VS_CODE/Github_respository/ROS-_for_Study/ws01_plumbing/install/base_interfaces/share/base_interfaces/msg/Student.msg\n'}
[0.341234] (base_interfaces) StdoutLine: {'line': b'-- Up-to-date: /home/kl/VS_CODE/Github_respository/ROS-_for_Study/ws01_plumbing/install/base_interfaces/share/base_interfaces/srv/Addints.srv\n'}
[0.341286] (base_interfaces) StdoutLine: {'line': b'-- Up-to-date: /home/kl/VS_CODE/Github_respository/ROS-_for_Study/ws01_plumbing/install/base_interfaces/share/base_interfaces/srv/Addints_Request.msg\n'}
[0.341345] (base_interfaces) StdoutLine: {'line': b'-- Up-to-date: /home/kl/VS_CODE/Github_respository/ROS-_for_Study/ws01_plumbing/install/base_interfaces/share/base_interfaces/srv/Addints_Response.msg\n'}
[0.341417] (base_interfaces) StdoutLine: {'line': b'-- Up-to-date: /home/kl/VS_CODE/Github_respository/ROS-_for_Study/ws01_plumbing/install/base_interfaces/share/base_interfaces/action/Progress.action\n'}
[0.341464] (base_interfaces) StdoutLine: {'line': b'-- Up-to-date: /home/kl/VS_CODE/Github_respository/ROS-_for_Study/ws01_plumbing/install/base_interfaces/share/ament_index/resource_index/package_run_dependencies/base_interfaces\n'}
[0.341519] (base_interfaces) StdoutLine: {'line': b'-- Up-to-date: /home/kl/VS_CODE/Github_respository/ROS-_for_Study/ws01_plumbing/install/base_interfaces/share/ament_index/resource_index/parent_prefix_path/base_interfaces\n'}
[0.341569] (base_interfaces) StdoutLine: {'line': b'-- Up-to-date: /home/kl/VS_CODE/Github_respository/ROS-_for_Study/ws01_plumbing/install/base_interfaces/share/base_interfaces/environment/ament_prefix_path.sh\n'}
[0.341619] (base_interfaces) StdoutLine: {'line': b'-- Up-to-date: /home/kl/VS_CODE/Github_respository/ROS-_for_Study/ws01_plumbing/install/base_interfaces/share/base_interfaces/environment/ament_prefix_path.dsv\n'}
[0.341670] (base_interfaces) StdoutLine: {'line': b'-- Up-to-date: /home/kl/VS_CODE/Github_respository/ROS-_for_Study/ws01_plumbing/install/base_interfaces/share/base_interfaces/environment/path.sh\n'}
[0.341719] (base_interfaces) StdoutLine: {'line': b'-- Up-to-date: /home/kl/VS_CODE/Github_respository/ROS-_for_Study/ws01_plumbing/install/base_interfaces/share/base_interfaces/environment/path.dsv\n'}
[0.341786] (base_interfaces) StdoutLine: {'line': b'-- Up-to-date: /home/kl/VS_CODE/Github_respository/ROS-_for_Study/ws01_plumbing/install/base_interfaces/share/base_interfaces/local_setup.bash\n'}
[0.341837] (base_interfaces) StdoutLine: {'line': b'-- Up-to-date: /home/kl/VS_CODE/Github_respository/ROS-_for_Study/ws01_plumbing/install/base_interfaces/share/base_interfaces/local_setup.sh\n'}
[0.341888] (base_interfaces) StdoutLine: {'line': b'-- Up-to-date: /home/kl/VS_CODE/Github_respository/ROS-_for_Study/ws01_plumbing/install/base_interfaces/share/base_interfaces/local_setup.zsh\n'}
[0.341938] (base_interfaces) StdoutLine: {'line': b'-- Up-to-date: /home/kl/VS_CODE/Github_respository/ROS-_for_Study/ws01_plumbing/install/base_interfaces/share/base_interfaces/local_setup.dsv\n'}
[0.341989] (base_interfaces) StdoutLine: {'line': b'-- Installing: /home/kl/VS_CODE/Github_respository/ROS-_for_Study/ws01_plumbing/install/base_interfaces/share/base_interfaces/package.dsv\n'}
[0.342036] (base_interfaces) StdoutLine: {'line': b'-- Up-to-date: /home/kl/VS_CODE/Github_respository/ROS-_for_Study/ws01_plumbing/install/base_interfaces/share/ament_index/resource_index/packages/base_interfaces\n'}
[0.342084] (base_interfaces) StdoutLine: {'line': b'-- Up-to-date: /home/kl/VS_CODE/Github_respository/ROS-_for_Study/ws01_plumbing/install/base_interfaces/share/base_interfaces/cmake/export_base_interfaces__rosidl_generator_cExport.cmake\n'}
[0.342170] (base_interfaces) StdoutLine: {'line': b'-- Up-to-date: /home/kl/VS_CODE/Github_respository/ROS-_for_Study/ws01_plumbing/install/base_interfaces/share/base_interfaces/cmake/export_base_interfaces__rosidl_generator_cExport-noconfig.cmake\n'}
[0.342286] (base_interfaces) StdoutLine: {'line': b'-- Up-to-date: /home/kl/VS_CODE/Github_respository/ROS-_for_Study/ws01_plumbing/install/base_interfaces/share/base_interfaces/cmake/export_base_interfaces__rosidl_typesupport_fastrtps_cExport.cmake\n'}
[0.342360] (base_interfaces) StdoutLine: {'line': b'-- Up-to-date: /home/kl/VS_CODE/Github_respository/ROS-_for_Study/ws01_plumbing/install/base_interfaces/share/base_interfaces/cmake/export_base_interfaces__rosidl_typesupport_fastrtps_cExport-noconfig.cmake\n'}
[0.342410] (base_interfaces) StdoutLine: {'line': b'-- Up-to-date: /home/kl/VS_CODE/Github_respository/ROS-_for_Study/ws01_plumbing/install/base_interfaces/share/base_interfaces/cmake/base_interfaces__rosidl_typesupport_introspection_cExport.cmake\n'}
[0.342456] (base_interfaces) StdoutLine: {'line': b'-- Up-to-date: /home/kl/VS_CODE/Github_respository/ROS-_for_Study/ws01_plumbing/install/base_interfaces/share/base_interfaces/cmake/base_interfaces__rosidl_typesupport_introspection_cExport-noconfig.cmake\n'}
[0.342502] (base_interfaces) StdoutLine: {'line': b'-- Up-to-date: /home/kl/VS_CODE/Github_respository/ROS-_for_Study/ws01_plumbing/install/base_interfaces/share/base_interfaces/cmake/base_interfaces__rosidl_typesupport_cExport.cmake\n'}
[0.342548] (base_interfaces) StdoutLine: {'line': b'-- Up-to-date: /home/kl/VS_CODE/Github_respository/ROS-_for_Study/ws01_plumbing/install/base_interfaces/share/base_interfaces/cmake/base_interfaces__rosidl_typesupport_cExport-noconfig.cmake\n'}
[0.342594] (base_interfaces) StdoutLine: {'line': b'-- Up-to-date: /home/kl/VS_CODE/Github_respository/ROS-_for_Study/ws01_plumbing/install/base_interfaces/share/base_interfaces/cmake/export_base_interfaces__rosidl_generator_cppExport.cmake\n'}
[0.342639] (base_interfaces) StdoutLine: {'line': b'-- Up-to-date: /home/kl/VS_CODE/Github_respository/ROS-_for_Study/ws01_plumbing/install/base_interfaces/share/base_interfaces/cmake/export_base_interfaces__rosidl_typesupport_fastrtps_cppExport.cmake\n'}
[0.342714] (base_interfaces) StdoutLine: {'line': b'-- Up-to-date: /home/kl/VS_CODE/Github_respository/ROS-_for_Study/ws01_plumbing/install/base_interfaces/share/base_interfaces/cmake/export_base_interfaces__rosidl_typesupport_fastrtps_cppExport-noconfig.cmake\n'}
[0.342758] (base_interfaces) StdoutLine: {'line': b'-- Up-to-date: /home/kl/VS_CODE/Github_respository/ROS-_for_Study/ws01_plumbing/install/base_interfaces/share/base_interfaces/cmake/base_interfaces__rosidl_typesupport_introspection_cppExport.cmake\n'}
[0.342803] (base_interfaces) StdoutLine: {'line': b'-- Up-to-date: /home/kl/VS_CODE/Github_respository/ROS-_for_Study/ws01_plumbing/install/base_interfaces/share/base_interfaces/cmake/base_interfaces__rosidl_typesupport_introspection_cppExport-noconfig.cmake\n'}
[0.342845] (base_interfaces) StdoutLine: {'line': b'-- Up-to-date: /home/kl/VS_CODE/Github_respository/ROS-_for_Study/ws01_plumbing/install/base_interfaces/share/base_interfaces/cmake/base_interfaces__rosidl_typesupport_cppExport.cmake\n'}
[0.342888] (base_interfaces) StdoutLine: {'line': b'-- Up-to-date: /home/kl/VS_CODE/Github_respository/ROS-_for_Study/ws01_plumbing/install/base_interfaces/share/base_interfaces/cmake/base_interfaces__rosidl_typesupport_cppExport-noconfig.cmake\n'}
[0.342930] (base_interfaces) StdoutLine: {'line': b'-- Up-to-date: /home/kl/VS_CODE/Github_respository/ROS-_for_Study/ws01_plumbing/install/base_interfaces/share/base_interfaces/cmake/export_base_interfaces__rosidl_generator_pyExport.cmake\n'}
[0.342973] (base_interfaces) StdoutLine: {'line': b'-- Up-to-date: /home/kl/VS_CODE/Github_respository/ROS-_for_Study/ws01_plumbing/install/base_interfaces/share/base_interfaces/cmake/export_base_interfaces__rosidl_generator_pyExport-noconfig.cmake\n'}
[0.343016] (base_interfaces) StdoutLine: {'line': b'-- Up-to-date: /home/kl/VS_CODE/Github_respository/ROS-_for_Study/ws01_plumbing/install/base_interfaces/share/base_interfaces/cmake/rosidl_cmake-extras.cmake\n'}
[0.343080] (base_interfaces) StdoutLine: {'line': b'-- Up-to-date: /home/kl/VS_CODE/Github_respository/ROS-_for_Study/ws01_plumbing/install/base_interfaces/share/base_interfaces/cmake/ament_cmake_export_dependencies-extras.cmake\n'}
[0.343146] (base_interfaces) StdoutLine: {'line': b'-- Up-to-date: /home/kl/VS_CODE/Github_respository/ROS-_for_Study/ws01_plumbing/install/base_interfaces/share/base_interfaces/cmake/ament_cmake_export_include_directories-extras.cmake\n'}
[0.343190] (base_interfaces) StdoutLine: {'line': b'-- Up-to-date: /home/kl/VS_CODE/Github_respository/ROS-_for_Study/ws01_plumbing/install/base_interfaces/share/base_interfaces/cmake/ament_cmake_export_libraries-extras.cmake\n'}
[0.343235] (base_interfaces) StdoutLine: {'line': b'-- Up-to-date: /home/kl/VS_CODE/Github_respository/ROS-_for_Study/ws01_plumbing/install/base_interfaces/share/base_interfaces/cmake/ament_cmake_export_targets-extras.cmake\n'}
[0.343279] (base_interfaces) StdoutLine: {'line': b'-- Up-to-date: /home/kl/VS_CODE/Github_respository/ROS-_for_Study/ws01_plumbing/install/base_interfaces/share/base_interfaces/cmake/rosidl_cmake_export_typesupport_targets-extras.cmake\n'}
[0.343323] (base_interfaces) StdoutLine: {'line': b'-- Up-to-date: /home/kl/VS_CODE/Github_respository/ROS-_for_Study/ws01_plumbing/install/base_interfaces/share/base_interfaces/cmake/rosidl_cmake_export_typesupport_libraries-extras.cmake\n'}
[0.343372] (base_interfaces) StdoutLine: {'line': b'-- Up-to-date: /home/kl/VS_CODE/Github_respository/ROS-_for_Study/ws01_plumbing/install/base_interfaces/share/base_interfaces/cmake/base_interfacesConfig.cmake\n'}
[0.343416] (base_interfaces) StdoutLine: {'line': b'-- Up-to-date: /home/kl/VS_CODE/Github_respository/ROS-_for_Study/ws01_plumbing/install/base_interfaces/share/base_interfaces/cmake/base_interfacesConfig-version.cmake\n'}
[0.343458] (base_interfaces) StdoutLine: {'line': b'-- Up-to-date: /home/kl/VS_CODE/Github_respository/ROS-_for_Study/ws01_plumbing/install/base_interfaces/share/base_interfaces/package.xml\n'}
[0.344038] (base_interfaces) CommandEnded: {'returncode': 0}
[0.400232] (-) TimerEvent: {}
[0.416806] (base_interfaces) JobEnded: {'identifier': 'base_interfaces', 'rc': 0}
[0.417388] (-) EventReactorShutdown: {}
