[0.011s] Invoking command in '/home/kl/VS_CODE/Github_respository/ROS-_for_Study/ws01_plumbing/build/cpp03_action': AMENT_PREFIX_PATH=/home/kl/VS_CODE/Github_respository/ROS-_for_Study/ws01_plumbing/install/base_interfaces:${AMENT_PREFIX_PATH} CMAKE_PREFIX_PATH=/home/kl/VS_CODE/Github_respository/ROS-_for_Study/ws01_plumbing/install/base_interfaces:/opt/ros/humble LD_LIBRARY_PATH=/home/kl/VS_CODE/Github_respository/ROS-_for_Study/ws01_plumbing/install/base_interfaces/lib:${LD_LIBRARY_PATH} PYTHONPATH=/home/kl/VS_CODE/Github_respository/ROS-_for_Study/ws01_plumbing/install/base_interfaces/local/lib/python3.10/dist-packages:${PYTHONPATH} /usr/bin/cmake --build /home/kl/VS_CODE/Github_respository/ROS-_for_Study/ws01_plumbing/build/cpp03_action -- -j8 -l8
[0.043s] [35m[1mConsolidate compiler generated dependencies of target demo02_action_client[0m
[0.053s] [ 50%] Built target demo01_action_server
[0.056s] [ 75%] [32mBuilding CXX object CMakeFiles/demo02_action_client.dir/src/demo02_action_client.cpp.o[0m
[1.789s] [01m[K/home/kl/VS_CODE/Github_respository/ROS-_for_Study/ws01_plumbing/src/cpp03_action/src/demo02_action_client.cpp:[m[K In member function ‘[01m[Kvoid ProgressActionClient::feedback_callback(rclcpp_action::ClientGoalHandle<base_interfaces::action::Progress>::SharedPtr, std::shared_ptr<const base_interfaces::action::Progress_Feedback_<std::allocator<void> > >)[m[K’:
[1.789s] [01m[K/home/kl/VS_CODE/Github_respository/ROS-_for_Study/ws01_plumbing/src/cpp03_action/src/demo02_action_client.cpp:58:81:[m[K [01;35m[Kwarning: [m[Kunused parameter ‘[01m[Kp[m[K’ [[01;35m[K]8;;https://gcc.gnu.org/onlinedocs/gcc/Warning-Options.html#index-Wunused-parameter-Wunused-parameter]8;;[m[K]
[1.789s]    58 |     void feedback_callback([01;35m[Krclcpp_action::ClientGoalHandle<Progress>::SharedPtr p[m[K,const std::shared_ptr<const Progress::Feedback>)
[1.789s]       |                            [01;35m[K~~~~~~~~~~~~~~~~~~~~~~~~~~~~~~~~~~~~~~~~~~~~~~~~~~~~~^[m[K
[1.789s] [01m[K/home/kl/VS_CODE/Github_respository/ROS-_for_Study/ws01_plumbing/src/cpp03_action/src/demo02_action_client.cpp:[m[K In member function ‘[01m[Kvoid ProgressActionClient::result_callback(const rclcpp_action::ClientGoalHandle<base_interfaces::action::Progress>::WrappedResult&)[m[K’:
[1.789s] [01m[K/home/kl/VS_CODE/Github_respository/ROS-_for_Study/ws01_plumbing/src/cpp03_action/src/demo02_action_client.cpp:64:91:[m[K [01;35m[Kwarning: [m[Kunused parameter ‘[01m[Kresult[m[K’ [[01;35m[K]8;;https://gcc.gnu.org/onlinedocs/gcc/Warning-Options.html#index-Wunused-parameter-Wunused-parameter]8;;[m[K]
[1.789s]    64 |     void result_callback([01;35m[Kconst rclcpp_action::ClientGoalHandle<Progress>::WrappedResult & result[m[K)
[1.789s]       |                          [01;35m[K~~~~~~~~~~~~~~~~~~~~~~~~~~~~~~~~~~~~~~~~~~~~~~~~~~~~~~~~~~~~~~~~~^~~~~~[m[K
[2.818s] [100%] [32m[1mLinking CXX executable demo02_action_client[0m
[2.940s] [100%] Built target demo02_action_client
[2.948s] Invoked command in '/home/kl/VS_CODE/Github_respository/ROS-_for_Study/ws01_plumbing/build/cpp03_action' returned '0': AMENT_PREFIX_PATH=/home/kl/VS_CODE/Github_respository/ROS-_for_Study/ws01_plumbing/install/base_interfaces:${AMENT_PREFIX_PATH} CMAKE_PREFIX_PATH=/home/kl/VS_CODE/Github_respository/ROS-_for_Study/ws01_plumbing/install/base_interfaces:/opt/ros/humble LD_LIBRARY_PATH=/home/kl/VS_CODE/Github_respository/ROS-_for_Study/ws01_plumbing/install/base_interfaces/lib:${LD_LIBRARY_PATH} PYTHONPATH=/home/kl/VS_CODE/Github_respository/ROS-_for_Study/ws01_plumbing/install/base_interfaces/local/lib/python3.10/dist-packages:${PYTHONPATH} /usr/bin/cmake --build /home/kl/VS_CODE/Github_respository/ROS-_for_Study/ws01_plumbing/build/cpp03_action -- -j8 -l8
[2.971s] Invoking command in '/home/kl/VS_CODE/Github_respository/ROS-_for_Study/ws01_plumbing/build/cpp03_action': AMENT_PREFIX_PATH=/home/kl/VS_CODE/Github_respository/ROS-_for_Study/ws01_plumbing/install/base_interfaces:${AMENT_PREFIX_PATH} CMAKE_PREFIX_PATH=/home/kl/VS_CODE/Github_respository/ROS-_for_Study/ws01_plumbing/install/base_interfaces:/opt/ros/humble LD_LIBRARY_PATH=/home/kl/VS_CODE/Github_respository/ROS-_for_Study/ws01_plumbing/install/base_interfaces/lib:${LD_LIBRARY_PATH} PYTHONPATH=/home/kl/VS_CODE/Github_respository/ROS-_for_Study/ws01_plumbing/install/base_interfaces/local/lib/python3.10/dist-packages:${PYTHONPATH} /usr/bin/cmake --install /home/kl/VS_CODE/Github_respository/ROS-_for_Study/ws01_plumbing/build/cpp03_action
[2.975s] -- Install configuration: ""
[2.975s] -- Up-to-date: /home/kl/VS_CODE/Github_respository/ROS-_for_Study/ws01_plumbing/install/cpp03_action/lib/cpp03_action/demo01_action_server
[2.975s] -- Installing: /home/kl/VS_CODE/Github_respository/ROS-_for_Study/ws01_plumbing/install/cpp03_action/lib/cpp03_action/demo02_action_client
[2.976s] -- Set runtime path of "/home/kl/VS_CODE/Github_respository/ROS-_for_Study/ws01_plumbing/install/cpp03_action/lib/cpp03_action/demo02_action_client" to ""
[2.976s] -- Up-to-date: /home/kl/VS_CODE/Github_respository/ROS-_for_Study/ws01_plumbing/install/cpp03_action/share/ament_index/resource_index/package_run_dependencies/cpp03_action
[2.976s] -- Up-to-date: /home/kl/VS_CODE/Github_respository/ROS-_for_Study/ws01_plumbing/install/cpp03_action/share/ament_index/resource_index/parent_prefix_path/cpp03_action
[2.976s] -- Up-to-date: /home/kl/VS_CODE/Github_respository/ROS-_for_Study/ws01_plumbing/install/cpp03_action/share/cpp03_action/environment/ament_prefix_path.sh
[2.976s] -- Up-to-date: /home/kl/VS_CODE/Github_respository/ROS-_for_Study/ws01_plumbing/install/cpp03_action/share/cpp03_action/environment/ament_prefix_path.dsv
[2.976s] -- Up-to-date: /home/kl/VS_CODE/Github_respository/ROS-_for_Study/ws01_plumbing/install/cpp03_action/share/cpp03_action/environment/path.sh
[2.976s] -- Up-to-date: /home/kl/VS_CODE/Github_respository/ROS-_for_Study/ws01_plumbing/install/cpp03_action/share/cpp03_action/environment/path.dsv
[2.976s] -- Up-to-date: /home/kl/VS_CODE/Github_respository/ROS-_for_Study/ws01_plumbing/install/cpp03_action/share/cpp03_action/local_setup.bash
[2.976s] -- Up-to-date: /home/kl/VS_CODE/Github_respository/ROS-_for_Study/ws01_plumbing/install/cpp03_action/share/cpp03_action/local_setup.sh
[2.976s] -- Up-to-date: /home/kl/VS_CODE/Github_respository/ROS-_for_Study/ws01_plumbing/install/cpp03_action/share/cpp03_action/local_setup.zsh
[2.976s] -- Up-to-date: /home/kl/VS_CODE/Github_respository/ROS-_for_Study/ws01_plumbing/install/cpp03_action/share/cpp03_action/local_setup.dsv
[2.976s] -- Installing: /home/kl/VS_CODE/Github_respository/ROS-_for_Study/ws01_plumbing/install/cpp03_action/share/cpp03_action/package.dsv
[2.976s] -- Up-to-date: /home/kl/VS_CODE/Github_respository/ROS-_for_Study/ws01_plumbing/install/cpp03_action/share/ament_index/resource_index/packages/cpp03_action
[2.976s] -- Up-to-date: /home/kl/VS_CODE/Github_respository/ROS-_for_Study/ws01_plumbing/install/cpp03_action/share/cpp03_action/cmake/cpp03_actionConfig.cmake
[2.976s] -- Up-to-date: /home/kl/VS_CODE/Github_respository/ROS-_for_Study/ws01_plumbing/install/cpp03_action/share/cpp03_action/cmake/cpp03_actionConfig-version.cmake
[2.976s] -- Up-to-date: /home/kl/VS_CODE/Github_respository/ROS-_for_Study/ws01_plumbing/install/cpp03_action/share/cpp03_action/package.xml
[2.978s] Invoked command in '/home/kl/VS_CODE/Github_respository/ROS-_for_Study/ws01_plumbing/build/cpp03_action' returned '0': AMENT_PREFIX_PATH=/home/kl/VS_CODE/Github_respository/ROS-_for_Study/ws01_plumbing/install/base_interfaces:${AMENT_PREFIX_PATH} CMAKE_PREFIX_PATH=/home/kl/VS_CODE/Github_respository/ROS-_for_Study/ws01_plumbing/install/base_interfaces:/opt/ros/humble LD_LIBRARY_PATH=/home/kl/VS_CODE/Github_respository/ROS-_for_Study/ws01_plumbing/install/base_interfaces/lib:${LD_LIBRARY_PATH} PYTHONPATH=/home/kl/VS_CODE/Github_respository/ROS-_for_Study/ws01_plumbing/install/base_interfaces/local/lib/python3.10/dist-packages:${PYTHONPATH} /usr/bin/cmake --install /home/kl/VS_CODE/Github_respository/ROS-_for_Study/ws01_plumbing/build/cpp03_action
