[0.016s] Invoking command in '/media/kl/数据/github/Github_respository/ROS-_for_Study/ws01_plumbing/build/cpp01_topic': AMENT_PREFIX_PATH=/media/kl/数据/github/Github_respository/ROS-_for_Study/ws01_plumbing/install/base_interfaces_demo:${AMENT_PREFIX_PATH} CMAKE_PREFIX_PATH=/media/kl/数据/github/Github_respository/ROS-_for_Study/ws01_plumbing/install/base_interfaces_demo:/media/kl/数据/github/Github_respository/ROS-_for_Study/ws00_helloworld/install/pkg01_helloworld_cpp:/media/kl/数据/github/Github_respository/ROS-_for_Study/ws00_helloworld/install/pkg02_helloworld_py:/opt/ros/humble /usr/bin/cmake --build /media/kl/数据/github/Github_respository/ROS-_for_Study/ws01_plumbing/build/cpp01_topic -- -j8 -l8
[0.051s] [35m[1mConsolidate compiler generated dependencies of target demo01_talker_str[0m
[0.098s] [ 50%] [32mBuilding CXX object CMakeFiles/demo01_talker_str.dir/src/demo01_talker_str.cpp.o[0m
[3.250s] [100%] [32m[1mLinking CXX executable demo01_talker_str[0m
[3.420s] [100%] Built target demo01_talker_str
[3.429s] Invoked command in '/media/kl/数据/github/Github_respository/ROS-_for_Study/ws01_plumbing/build/cpp01_topic' returned '0': AMENT_PREFIX_PATH=/media/kl/数据/github/Github_respository/ROS-_for_Study/ws01_plumbing/install/base_interfaces_demo:${AMENT_PREFIX_PATH} CMAKE_PREFIX_PATH=/media/kl/数据/github/Github_respository/ROS-_for_Study/ws01_plumbing/install/base_interfaces_demo:/media/kl/数据/github/Github_respository/ROS-_for_Study/ws00_helloworld/install/pkg01_helloworld_cpp:/media/kl/数据/github/Github_respository/ROS-_for_Study/ws00_helloworld/install/pkg02_helloworld_py:/opt/ros/humble /usr/bin/cmake --build /media/kl/数据/github/Github_respository/ROS-_for_Study/ws01_plumbing/build/cpp01_topic -- -j8 -l8
[3.453s] Invoking command in '/media/kl/数据/github/Github_respository/ROS-_for_Study/ws01_plumbing/build/cpp01_topic': AMENT_PREFIX_PATH=/media/kl/数据/github/Github_respository/ROS-_for_Study/ws01_plumbing/install/base_interfaces_demo:${AMENT_PREFIX_PATH} CMAKE_PREFIX_PATH=/media/kl/数据/github/Github_respository/ROS-_for_Study/ws01_plumbing/install/base_interfaces_demo:/media/kl/数据/github/Github_respository/ROS-_for_Study/ws00_helloworld/install/pkg01_helloworld_cpp:/media/kl/数据/github/Github_respository/ROS-_for_Study/ws00_helloworld/install/pkg02_helloworld_py:/opt/ros/humble /usr/bin/cmake --install /media/kl/数据/github/Github_respository/ROS-_for_Study/ws01_plumbing/build/cpp01_topic
[3.458s] -- Install configuration: ""
[3.459s] -- Installing: /media/kl/数据/github/Github_respository/ROS-_for_Study/ws01_plumbing/install/cpp01_topic/lib/cpp01_topic/demo01_talker_str
[3.466s] -- Set runtime path of "/media/kl/数据/github/Github_respository/ROS-_for_Study/ws01_plumbing/install/cpp01_topic/lib/cpp01_topic/demo01_talker_str" to ""
[3.466s] -- Up-to-date: /media/kl/数据/github/Github_respository/ROS-_for_Study/ws01_plumbing/install/cpp01_topic/share/ament_index/resource_index/package_run_dependencies/cpp01_topic
[3.467s] -- Up-to-date: /media/kl/数据/github/Github_respository/ROS-_for_Study/ws01_plumbing/install/cpp01_topic/share/ament_index/resource_index/parent_prefix_path/cpp01_topic
[3.467s] -- Up-to-date: /media/kl/数据/github/Github_respository/ROS-_for_Study/ws01_plumbing/install/cpp01_topic/share/cpp01_topic/environment/ament_prefix_path.sh
[3.468s] -- Up-to-date: /media/kl/数据/github/Github_respository/ROS-_for_Study/ws01_plumbing/install/cpp01_topic/share/cpp01_topic/environment/ament_prefix_path.dsv
[3.468s] -- Up-to-date: /media/kl/数据/github/Github_respository/ROS-_for_Study/ws01_plumbing/install/cpp01_topic/share/cpp01_topic/environment/path.sh
[3.469s] -- Up-to-date: /media/kl/数据/github/Github_respository/ROS-_for_Study/ws01_plumbing/install/cpp01_topic/share/cpp01_topic/environment/path.dsv
[3.469s] -- Up-to-date: /media/kl/数据/github/Github_respository/ROS-_for_Study/ws01_plumbing/install/cpp01_topic/share/cpp01_topic/local_setup.bash
[3.470s] -- Up-to-date: /media/kl/数据/github/Github_respository/ROS-_for_Study/ws01_plumbing/install/cpp01_topic/share/cpp01_topic/local_setup.sh
[3.470s] -- Up-to-date: /media/kl/数据/github/Github_respository/ROS-_for_Study/ws01_plumbing/install/cpp01_topic/share/cpp01_topic/local_setup.zsh
[3.471s] -- Up-to-date: /media/kl/数据/github/Github_respository/ROS-_for_Study/ws01_plumbing/install/cpp01_topic/share/cpp01_topic/local_setup.dsv
[3.471s] -- Installing: /media/kl/数据/github/Github_respository/ROS-_for_Study/ws01_plumbing/install/cpp01_topic/share/cpp01_topic/package.dsv
[3.473s] -- Up-to-date: /media/kl/数据/github/Github_respository/ROS-_for_Study/ws01_plumbing/install/cpp01_topic/share/ament_index/resource_index/packages/cpp01_topic
[3.474s] -- Up-to-date: /media/kl/数据/github/Github_respository/ROS-_for_Study/ws01_plumbing/install/cpp01_topic/share/cpp01_topic/cmake/cpp01_topicConfig.cmake
[3.474s] -- Up-to-date: /media/kl/数据/github/Github_respository/ROS-_for_Study/ws01_plumbing/install/cpp01_topic/share/cpp01_topic/cmake/cpp01_topicConfig-version.cmake
[3.475s] -- Up-to-date: /media/kl/数据/github/Github_respository/ROS-_for_Study/ws01_plumbing/install/cpp01_topic/share/cpp01_topic/package.xml
[3.477s] Invoked command in '/media/kl/数据/github/Github_respository/ROS-_for_Study/ws01_plumbing/build/cpp01_topic' returned '0': AMENT_PREFIX_PATH=/media/kl/数据/github/Github_respository/ROS-_for_Study/ws01_plumbing/install/base_interfaces_demo:${AMENT_PREFIX_PATH} CMAKE_PREFIX_PATH=/media/kl/数据/github/Github_respository/ROS-_for_Study/ws01_plumbing/install/base_interfaces_demo:/media/kl/数据/github/Github_respository/ROS-_for_Study/ws00_helloworld/install/pkg01_helloworld_cpp:/media/kl/数据/github/Github_respository/ROS-_for_Study/ws00_helloworld/install/pkg02_helloworld_py:/opt/ros/humble /usr/bin/cmake --install /media/kl/数据/github/Github_respository/ROS-_for_Study/ws01_plumbing/build/cpp01_topic
