[0.024s] Invoking command in '/media/kl/数据/github/Github_respository/ROS-_for_Study/ws01_plumbing/build/cpp01_topic': AMENT_PREFIX_PATH=/media/kl/数据/github/Github_respository/ROS-_for_Study/ws01_plumbing/install/base_interfaces_demo:${AMENT_PREFIX_PATH} CMAKE_PREFIX_PATH=/media/kl/数据/github/Github_respository/ROS-_for_Study/ws01_plumbing/install/base_interfaces_demo:/media/kl/数据/github/Github_respository/ROS-_for_Study/ws00_helloworld/install/pkg01_helloworld_cpp:/media/kl/数据/github/Github_respository/ROS-_for_Study/ws00_helloworld/install/pkg02_helloworld_py:/opt/ros/humble /usr/bin/cmake --build /media/kl/数据/github/Github_respository/ROS-_for_Study/ws01_plumbing/build/cpp01_topic -- -j8 -l8
[0.060s] [35m[1mConsolidate compiler generated dependencies of target demo01_talker_str[0m
[0.107s] [ 50%] [32mBuilding CXX object CMakeFiles/demo01_talker_str.dir/src/demo01_talker_str.cpp.o[0m
[2.196s] [100%] [32m[1mLinking CXX executable demo01_talker_str[0m
[2.345s] [100%] Built target demo01_talker_str
[2.354s] Invoked command in '/media/kl/数据/github/Github_respository/ROS-_for_Study/ws01_plumbing/build/cpp01_topic' returned '0': AMENT_PREFIX_PATH=/media/kl/数据/github/Github_respository/ROS-_for_Study/ws01_plumbing/install/base_interfaces_demo:${AMENT_PREFIX_PATH} CMAKE_PREFIX_PATH=/media/kl/数据/github/Github_respository/ROS-_for_Study/ws01_plumbing/install/base_interfaces_demo:/media/kl/数据/github/Github_respository/ROS-_for_Study/ws00_helloworld/install/pkg01_helloworld_cpp:/media/kl/数据/github/Github_respository/ROS-_for_Study/ws00_helloworld/install/pkg02_helloworld_py:/opt/ros/humble /usr/bin/cmake --build /media/kl/数据/github/Github_respository/ROS-_for_Study/ws01_plumbing/build/cpp01_topic -- -j8 -l8
[2.377s] Invoking command in '/media/kl/数据/github/Github_respository/ROS-_for_Study/ws01_plumbing/build/cpp01_topic': AMENT_PREFIX_PATH=/media/kl/数据/github/Github_respository/ROS-_for_Study/ws01_plumbing/install/base_interfaces_demo:${AMENT_PREFIX_PATH} CMAKE_PREFIX_PATH=/media/kl/数据/github/Github_respository/ROS-_for_Study/ws01_plumbing/install/base_interfaces_demo:/media/kl/数据/github/Github_respository/ROS-_for_Study/ws00_helloworld/install/pkg01_helloworld_cpp:/media/kl/数据/github/Github_respository/ROS-_for_Study/ws00_helloworld/install/pkg02_helloworld_py:/opt/ros/humble /usr/bin/cmake --install /media/kl/数据/github/Github_respository/ROS-_for_Study/ws01_plumbing/build/cpp01_topic
[2.383s] -- Install configuration: ""
[2.384s] -- Installing: /media/kl/数据/github/Github_respository/ROS-_for_Study/ws01_plumbing/install/cpp01_topic/lib/cpp01_topic/demo01_talker_str
[2.387s] -- Set runtime path of "/media/kl/数据/github/Github_respository/ROS-_for_Study/ws01_plumbing/install/cpp01_topic/lib/cpp01_topic/demo01_talker_str" to ""
[2.389s] -- Installing: /media/kl/数据/github/Github_respository/ROS-_for_Study/ws01_plumbing/install/cpp01_topic/share/ament_index/resource_index/package_run_dependencies/cpp01_topic
[2.393s] -- Installing: /media/kl/数据/github/Github_respository/ROS-_for_Study/ws01_plumbing/install/cpp01_topic/share/ament_index/resource_index/parent_prefix_path/cpp01_topic
[2.396s] -- Installing: /media/kl/数据/github/Github_respository/ROS-_for_Study/ws01_plumbing/install/cpp01_topic/share/cpp01_topic/environment/ament_prefix_path.sh
[2.398s] -- Installing: /media/kl/数据/github/Github_respository/ROS-_for_Study/ws01_plumbing/install/cpp01_topic/share/cpp01_topic/environment/ament_prefix_path.dsv
[2.400s] -- Installing: /media/kl/数据/github/Github_respository/ROS-_for_Study/ws01_plumbing/install/cpp01_topic/share/cpp01_topic/environment/path.sh
[2.403s] -- Installing: /media/kl/数据/github/Github_respository/ROS-_for_Study/ws01_plumbing/install/cpp01_topic/share/cpp01_topic/environment/path.dsv
[2.406s] -- Installing: /media/kl/数据/github/Github_respository/ROS-_for_Study/ws01_plumbing/install/cpp01_topic/share/cpp01_topic/local_setup.bash
[2.409s] -- Installing: /media/kl/数据/github/Github_respository/ROS-_for_Study/ws01_plumbing/install/cpp01_topic/share/cpp01_topic/local_setup.sh
[2.412s] -- Installing: /media/kl/数据/github/Github_respository/ROS-_for_Study/ws01_plumbing/install/cpp01_topic/share/cpp01_topic/local_setup.zsh
[2.415s] -- Installing: /media/kl/数据/github/Github_respository/ROS-_for_Study/ws01_plumbing/install/cpp01_topic/share/cpp01_topic/local_setup.dsv
[2.418s] -- Installing: /media/kl/数据/github/Github_respository/ROS-_for_Study/ws01_plumbing/install/cpp01_topic/share/cpp01_topic/package.dsv
[2.422s] -- Installing: /media/kl/数据/github/Github_respository/ROS-_for_Study/ws01_plumbing/install/cpp01_topic/share/ament_index/resource_index/packages/cpp01_topic
[2.426s] -- Installing: /media/kl/数据/github/Github_respository/ROS-_for_Study/ws01_plumbing/install/cpp01_topic/share/cpp01_topic/cmake/cpp01_topicConfig.cmake
[2.429s] -- Installing: /media/kl/数据/github/Github_respository/ROS-_for_Study/ws01_plumbing/install/cpp01_topic/share/cpp01_topic/cmake/cpp01_topicConfig-version.cmake
[2.432s] -- Installing: /media/kl/数据/github/Github_respository/ROS-_for_Study/ws01_plumbing/install/cpp01_topic/share/cpp01_topic/package.xml
[2.436s] Invoked command in '/media/kl/数据/github/Github_respository/ROS-_for_Study/ws01_plumbing/build/cpp01_topic' returned '0': AMENT_PREFIX_PATH=/media/kl/数据/github/Github_respository/ROS-_for_Study/ws01_plumbing/install/base_interfaces_demo:${AMENT_PREFIX_PATH} CMAKE_PREFIX_PATH=/media/kl/数据/github/Github_respository/ROS-_for_Study/ws01_plumbing/install/base_interfaces_demo:/media/kl/数据/github/Github_respository/ROS-_for_Study/ws00_helloworld/install/pkg01_helloworld_cpp:/media/kl/数据/github/Github_respository/ROS-_for_Study/ws00_helloworld/install/pkg02_helloworld_py:/opt/ros/humble /usr/bin/cmake --install /media/kl/数据/github/Github_respository/ROS-_for_Study/ws01_plumbing/build/cpp01_topic
