[0.000000] (-) TimerEvent: {}
[0.000507] (-) JobUnselected: {'identifier': 'cpp01_topic_re'}
[0.000538] (-) JobUnselected: {'identifier': 'cpp02_service'}
[0.000554] (-) JobUnselected: {'identifier': 'cpp03_action'}
[0.000572] (-) JobUnselected: {'identifier': 'py01_topic_re'}
[0.000583] (-) JobUnselected: {'identifier': 'py02_service'}
[0.000593] (-) JobUnselected: {'identifier': 'py03_action'}
[0.000605] (base_interfaces) JobQueued: {'identifier': 'base_interfaces', 'dependencies': OrderedDict()}
[0.000618] (base_interfaces) JobStarted: {'identifier': 'base_interfaces'}
[0.015525] (base_interfaces) JobProgress: {'identifier': 'base_interfaces', 'progress': 'cmake'}
[0.018276] (base_interfaces) JobProgress: {'identifier': 'base_interfaces', 'progress': 'build'}
[0.018925] (base_interfaces) Command: {'cmd': ['/usr/bin/cmake', '--build', '/home/kl/VS_CODE/Github_respository/ROS-_for_Study/ws01_plumbing/build/base_interfaces', '--', '-j8', '-l8'], 'cwd': '/home/kl/VS_CODE/Github_respository/ROS-_for_Study/ws01_plumbing/build/base_interfaces', 'env': OrderedDict([('GJS_DEBUG_TOPICS', 'JS ERROR;JS LOG'), ('LANGUAGE', 'zh_CN:zh'), ('USER', 'kl'), ('XDG_SESSION_TYPE', 'wayland'), ('GIT_ASKPASS', '/usr/share/code/resources/app/extensions/git/dist/askpass.sh'), ('SHLVL', '1'), ('LD_LIBRARY_PATH', '/opt/ros/humble/opt/rviz_ogre_vendor/lib:/opt/ros/humble/lib/x86_64-linux-gnu:/opt/ros/humble/lib'), ('HOME', '/home/kl'), ('CHROME_DESKTOP', 'code-url-handler.desktop'), ('OLDPWD', '/home/kl/VS_CODE/Github_respository/ROS-_for_Study/ws01_plumbing/src'), ('TERM_PROGRAM_VERSION', '1.80.1'), ('DESKTOP_SESSION', 'ubuntu'), ('GIO_LAUNCHED_DESKTOP_FILE', '/usr/share/applications/github-desktop.desktop'), ('ROS_PYTHON_VERSION', '3'), ('GNOME_SHELL_SESSION_MODE', 'ubuntu'), ('GTK_MODULES', 'gail:atk-bridge'), ('VSCODE_GIT_ASKPASS_MAIN', '/usr/share/code/resources/app/extensions/git/dist/askpass-main.js'), ('VSCODE_GIT_ASKPASS_NODE', '/usr/share/code/code'), ('MANAGERPID', '1772'), ('SYSTEMD_EXEC_PID', '1988'), ('DBUS_SESSION_BUS_ADDRESS', 'unix:path=/run/user/1000/bus'), ('COLORTERM', 'truecolor'), ('GIO_LAUNCHED_DESKTOP_FILE_PID', '5215'), ('IM_CONFIG_PHASE', '1'), ('WAYLAND_DISPLAY', 'wayland-0'), ('ROS_DISTRO', 'humble'), ('LOGNAME', 'kl'), ('JOURNAL_STREAM', '8:32199'), ('_', '/usr/bin/colcon'), ('ROS_VERSION', '2'), ('XDG_SESSION_CLASS', 'user'), ('USERNAME', 'kl'), ('TERM', 'xterm-256color'), ('GNOME_DESKTOP_SESSION_ID', 'this-is-deprecated'), ('ROS_LOCALHOST_ONLY', '0'), ('PATH', '/opt/ros/humble/bin:/usr/local/sbin:/usr/local/bin:/usr/sbin:/usr/bin:/sbin:/bin:/usr/games:/usr/local/games:/snap/bin:/snap/bin'), ('SESSION_MANAGER', 'local/XX:@/tmp/.ICE-unix/1934,unix/XX:/tmp/.ICE-unix/1934'), ('INVOCATION_ID', '7537989bf97b48cf95a19e134f0ea095'), ('XDG_MENU_PREFIX', 'gnome-'), ('GNOME_SETUP_DISPLAY', ':1'), ('XDG_RUNTIME_DIR', '/run/user/1000'), ('GDK_BACKEND', 'x11'), ('DISPLAY', ':0'), ('LANG', 'zh_CN.UTF-8'), ('XDG_CURRENT_DESKTOP', 'Unity'), ('XMODIFIERS', '@im=ibus'), ('XDG_SESSION_DESKTOP', 'ubuntu'), ('XAUTHORITY', '/run/user/1000/.mutter-Xwaylandauth.6A5581'), ('VSCODE_GIT_IPC_HANDLE', '/run/user/1000/vscode-git-e1b967d37d.sock'), ('TERM_PROGRAM', 'vscode'), ('SSH_AGENT_LAUNCHER', 'gnome-keyring'), ('SSH_AUTH_SOCK', '/run/user/1000/keyring/ssh'), ('AMENT_PREFIX_PATH', '/opt/ros/humble'), ('ORIGINAL_XDG_CURRENT_DESKTOP', 'Unity'), ('SHELL', '/bin/bash'), ('QT_ACCESSIBILITY', '1'), ('GDMSESSION', 'ubuntu'), ('GJS_DEBUG_OUTPUT', 'stderr'), ('VSCODE_GIT_ASKPASS_EXTRA_ARGS', '--ms-enable-electron-run-as-node'), ('QT_IM_MODULE', 'ibus'), ('PWD', '/home/kl/VS_CODE/Github_respository/ROS-_for_Study/ws01_plumbing/build/base_interfaces'), ('XDG_CONFIG_DIRS', '/etc/xdg/xdg-ubuntu:/etc/xdg'), ('XDG_DATA_DIRS', '/usr/share/ubuntu:/usr/local/share/:/usr/share/:/var/lib/snapd/desktop'), ('PYTHONPATH', '/opt/ros/humble/lib/python3.10/site-packages:/opt/ros/humble/local/lib/python3.10/dist-packages'), ('COLCON', '1'), ('LOCAL_GIT_DIRECTORY', '/usr/lib/github-desktop/resources/app/git'), ('CMAKE_PREFIX_PATH', '/opt/ros/humble')]), 'shell': False}
[0.100104] (-) TimerEvent: {}
[0.131602] (base_interfaces) StdoutLine: {'line': b'-- Found ament_cmake: 1.3.5 (/opt/ros/humble/share/ament_cmake/cmake)\n'}
[0.200268] (-) TimerEvent: {}
[0.287112] (base_interfaces) StdoutLine: {'line': b'-- Found rosidl_default_generators: 1.2.0 (/opt/ros/humble/share/rosidl_default_generators/cmake)\n'}
[0.291352] (base_interfaces) StdoutLine: {'line': b'-- Using all available rosidl_typesupport_c: rosidl_typesupport_fastrtps_c;rosidl_typesupport_introspection_c\n'}
[0.297093] (base_interfaces) StdoutLine: {'line': b'-- Found rosidl_adapter: 3.1.4 (/opt/ros/humble/share/rosidl_adapter/cmake)\n'}
[0.300442] (-) TimerEvent: {}
[0.352554] (base_interfaces) StdoutLine: {'line': b'-- Using all available rosidl_typesupport_cpp: rosidl_typesupport_fastrtps_cpp;rosidl_typesupport_introspection_cpp\n'}
[0.400515] (-) TimerEvent: {}
[0.500803] (-) TimerEvent: {}
[0.553007] (base_interfaces) StderrLine: {'line': b'\x1b[31mCMake Error at /opt/ros/humble/share/rosidl_adapter/cmake/rosidl_adapt_interfaces.cmake:59 (message):\n'}
[0.553255] (base_interfaces) StderrLine: {'line': b'  execute_process(/usr/bin/python3.10 -m rosidl_adapter --package-name\n'}
[0.553380] (base_interfaces) StderrLine: {'line': b'  base_interfaces --arguments-file\n'}
[0.553447] (base_interfaces) StderrLine: {'line': b'  /home/kl/VS_CODE/Github_respository/ROS-_for_Study/ws01_plumbing/build/base_interfaces/rosidl_adapter__arguments__base_interfaces.json\n'}
[0.553509] (base_interfaces) StderrLine: {'line': b'  --output-dir\n'}
[0.553569] (base_interfaces) StderrLine: {'line': b'  /home/kl/VS_CODE/Github_respository/ROS-_for_Study/ws01_plumbing/build/base_interfaces/rosidl_adapter/base_interfaces\n'}
[0.553631] (base_interfaces) StderrLine: {'line': b'  --output-file\n'}
[0.553690] (base_interfaces) StderrLine: {'line': b'  /home/kl/VS_CODE/Github_respository/ROS-_for_Study/ws01_plumbing/build/base_interfaces/rosidl_adapter/base_interfaces.idls)\n'}
[0.553753] (base_interfaces) StderrLine: {'line': b'  returned error code 1:\n'}
[0.553814] (base_interfaces) StderrLine: {'line': b'\n'}
[0.553876] (base_interfaces) StderrLine: {'line': b"  Error processing ' int32 num' of 'base_interfaces/Progress_Goal': 'string\n"}
[0.553938] (base_interfaces) StderrLine: {'line': b"  index out of range'\n"}
[0.553999] (base_interfaces) StderrLine: {'line': b'\n'}
[0.554060] (base_interfaces) StderrLine: {'line': b'  Traceback (most recent call last):\n'}
[0.554121] (base_interfaces) StderrLine: {'line': b'\n'}
[0.554184] (base_interfaces) StderrLine: {'line': b'    File "/usr/lib/python3.10/runpy.py", line 196, in _run_module_as_main\n'}
[0.554249] (base_interfaces) StderrLine: {'line': b'      return _run_code(code, main_globals, None,\n'}
[0.554312] (base_interfaces) StderrLine: {'line': b'    File "/usr/lib/python3.10/runpy.py", line 86, in _run_code\n'}
[0.554375] (base_interfaces) StderrLine: {'line': b'      exec(code, run_globals)\n'}
[0.554438] (base_interfaces) StderrLine: {'line': b'    File "/opt/ros/humble/local/lib/python3.10/dist-packages/rosidl_adapter/__main__.py", line 19, in <module>\n'}
[0.554502] (base_interfaces) StderrLine: {'line': b'      sys.exit(main())\n'}
[0.554565] (base_interfaces) StderrLine: {'line': b'    File "/opt/ros/humble/local/lib/python3.10/dist-packages/rosidl_adapter/main.py", line 53, in main\n'}
[0.554628] (base_interfaces) StderrLine: {'line': b'      abs_idl_file = convert_to_idl(\n'}
[0.554691] (base_interfaces) StderrLine: {'line': b'    File "/opt/ros/humble/local/lib/python3.10/dist-packages/rosidl_adapter/__init__.py", line 29, in convert_to_idl\n'}
[0.554764] (base_interfaces) StderrLine: {'line': b'      return convert_action_to_idl(\n'}
[0.554827] (base_interfaces) StderrLine: {'line': b'    File "/opt/ros/humble/local/lib/python3.10/dist-packages/rosidl_adapter/action/__init__.py", line 28, in convert_action_to_idl\n'}
[0.554893] (base_interfaces) StderrLine: {'line': b'      action = parse_action_string(package_name, input_file.stem, content)\n'}
[0.554956] (base_interfaces) StderrLine: {'line': b'    File "/opt/ros/humble/local/lib/python3.10/dist-packages/rosidl_adapter/parser.py", line 902, in parse_action_string\n'}
[0.555026] (base_interfaces) StderrLine: {'line': b'      goal_message = parse_message_string(\n'}
[0.555088] (base_interfaces) StderrLine: {'line': b'    File "/opt/ros/humble/local/lib/python3.10/dist-packages/rosidl_adapter/parser.py", line 520, in parse_message_string\n'}
[0.555150] (base_interfaces) StderrLine: {'line': b'      Type(type_string, context_package_name=pkg_name),\n'}
[0.555213] (base_interfaces) StderrLine: {'line': b'    File "/opt/ros/humble/local/lib/python3.10/dist-packages/rosidl_adapter/parser.py", line 241, in __init__\n'}
[0.555276] (base_interfaces) StderrLine: {'line': b"      self.is_array = type_string[-1] == ']'\n"}
[0.555340] (base_interfaces) StderrLine: {'line': b'\n'}
[0.555403] (base_interfaces) StderrLine: {'line': b'  IndexError: string index out of range\n'}
[0.555466] (base_interfaces) StderrLine: {'line': b'\n'}
[0.555529] (base_interfaces) StderrLine: {'line': b'Call Stack (most recent call first):\n'}
[0.555592] (base_interfaces) StderrLine: {'line': b'  /opt/ros/humble/share/rosidl_cmake/cmake/rosidl_generate_interfaces.cmake:130 (rosidl_adapt_interfaces)\n'}
[0.555657] (base_interfaces) StderrLine: {'line': b'  CMakeLists.txt:17 (rosidl_generate_interfaces)\n'}
[0.555725] (base_interfaces) StderrLine: {'line': b'\n'}
[0.555784] (base_interfaces) StderrLine: {'line': b'\x1b[0m\n'}
[0.555848] (base_interfaces) StdoutLine: {'line': b'-- Configuring incomplete, errors occurred!\n'}
[0.555916] (base_interfaces) StdoutLine: {'line': b'See also "/home/kl/VS_CODE/Github_respository/ROS-_for_Study/ws01_plumbing/build/base_interfaces/CMakeFiles/CMakeOutput.log".\n'}
[0.558084] (base_interfaces) StderrLine: {'line': b'gmake: *** [Makefile:963\xef\xbc\x9acmake_check_build_system] \xe9\x94\x99\xe8\xaf\xaf 1\n'}
[0.559400] (base_interfaces) CommandEnded: {'returncode': 2}
[0.600915] (-) TimerEvent: {}
[0.628378] (base_interfaces) JobEnded: {'identifier': 'base_interfaces', 'rc': 2}
[0.638951] (-) EventReactorShutdown: {}
