[0.000000] (-) TimerEvent: {}
[0.000574] (-) JobUnselected: {'identifier': 'pkg01_helloworld_cpp'}
[0.000696] (pkg02_helloworld_py) JobQueued: {'identifier': 'pkg02_helloworld_py', 'dependencies': OrderedDict()}
[0.000738] (pkg02_helloworld_py) JobStarted: {'identifier': 'pkg02_helloworld_py'}
[0.099736] (-) TimerEvent: {}
[0.200145] (-) TimerEvent: {}
[0.300398] (-) TimerEvent: {}
[0.400667] (-) TimerEvent: {}
[0.446546] (pkg02_helloworld_py) Command: {'cmd': ['/usr/bin/python3', 'setup.py', 'egg_info', '--egg-base', '../../build/pkg02_helloworld_py', 'build', '--build-base', '/media/kl/数据/github/Github_respository/ROS-_for_Study/ws00_helloworld/build/pkg02_helloworld_py/build', 'install', '--record', '/media/kl/数据/github/Github_respository/ROS-_for_Study/ws00_helloworld/build/pkg02_helloworld_py/install.log', '--single-version-externally-managed'], 'cwd': '/media/kl/数据/github/Github_respository/ROS-_for_Study/ws00_helloworld/src/pkg02_helloworld_py', 'env': {'GJS_DEBUG_TOPICS': 'JS ERROR;JS LOG', 'LANGUAGE': 'zh_CN:zh', 'USER': 'kl', 'XDG_SESSION_TYPE': 'wayland', 'GIT_ASKPASS': '/usr/share/code/resources/app/extensions/git/dist/askpass.sh', 'SHLVL': '1', 'LD_LIBRARY_PATH': '/opt/ros/humble/opt/rviz_ogre_vendor/lib:/opt/ros/humble/lib/x86_64-linux-gnu:/opt/ros/humble/lib', 'HOME': '/home/kl', 'CHROME_DESKTOP': 'code-url-handler.desktop', 'OLDPWD': '/media/kl/数据/github/Github_respository/ROS-_for_Study', 'TERM_PROGRAM_VERSION': '1.59.1', 'DESKTOP_SESSION': 'ubuntu', 'GIO_LAUNCHED_DESKTOP_FILE': '/usr/share/applications/code.desktop', 'ROS_PYTHON_VERSION': '3', 'GNOME_SHELL_SESSION_MODE': 'ubuntu', 'GTK_MODULES': 'gail:atk-bridge', 'VSCODE_GIT_ASKPASS_MAIN': '/usr/share/code/resources/app/extensions/git/dist/askpass-main.js', 'VSCODE_GIT_ASKPASS_NODE': '/usr/share/code/code', 'MANAGERPID': '1772', 'SYSTEMD_EXEC_PID': '1995', 'IM_CONFIG_CHECK_ENV': '1', 'DBUS_SESSION_BUS_ADDRESS': 'unix:path=/run/user/1000/bus', 'COLORTERM': 'truecolor', 'GIO_LAUNCHED_DESKTOP_FILE_PID': '4387', 'IM_CONFIG_PHASE': '1', 'WAYLAND_DISPLAY': 'wayland-0', 'COLCON_PREFIX_PATH': '/media/kl/数据/github/Github_respository/ROS-_for_Study/ws00_helloworld/install', 'ROS_DISTRO': 'humble', 'LOGNAME': 'kl', 'JOURNAL_STREAM': '8:28455', '_': '/usr/bin/colcon', 'ROS_VERSION': '2', 'XDG_SESSION_CLASS': 'user', 'USERNAME': 'kl', 'TERM': 'xterm-256color', 'GNOME_DESKTOP_SESSION_ID': 'this-is-deprecated', 'ROS_LOCALHOST_ONLY': '0', 'PATH': '/opt/ros/humble/bin:/usr/local/sbin:/usr/local/bin:/usr/sbin:/usr/bin:/sbin:/bin:/usr/games:/usr/local/games:/snap/bin:/snap/bin', 'SESSION_MANAGER': 'local/XX:@/tmp/.ICE-unix/1973,unix/XX:/tmp/.ICE-unix/1973', 'INVOCATION_ID': '0612ea4ecf4246b5a4ed42586971948d', 'XDG_MENU_PREFIX': 'gnome-', 'GNOME_SETUP_DISPLAY': ':1', 'XDG_RUNTIME_DIR': '/run/user/1000', 'GDK_BACKEND': 'x11', 'DISPLAY': ':0', 'LANG': 'zh_CN.UTF-8', 'XDG_CURRENT_DESKTOP': 'Unity', 'XMODIFIERS': '@im=ibus', 'XDG_SESSION_DESKTOP': 'ubuntu', 'XAUTHORITY': '/run/user/1000/.mutter-Xwaylandauth.YK7771', 'VSCODE_GIT_IPC_HANDLE': '/run/user/1000/vscode-git-830ee7c68d.sock', 'TERM_PROGRAM': 'vscode', 'SSH_AGENT_LAUNCHER': 'gnome-keyring', 'SSH_AUTH_SOCK': '/run/user/1000/keyring/ssh', 'AMENT_PREFIX_PATH': '/media/kl/数据/github/Github_respository/ROS-_for_Study/ws00_helloworld/install/pkg02_helloworld_py:/media/kl/数据/github/Github_respository/ROS-_for_Study/ws00_helloworld/install/pkg01_helloworld_cpp:/opt/ros/humble', 'ORIGINAL_XDG_CURRENT_DESKTOP': 'ubuntu:GNOME', 'SHELL': '/bin/bash', 'QT_ACCESSIBILITY': '1', 'GDMSESSION': 'ubuntu', 'GJS_DEBUG_OUTPUT': 'stderr', 'QT_IM_MODULE': 'ibus', 'PWD': '/media/kl/数据/github/Github_respository/ROS-_for_Study/ws00_helloworld/build/pkg02_helloworld_py', 'XDG_CONFIG_DIRS': '/etc/xdg/xdg-ubuntu:/etc/xdg', 'XDG_DATA_DIRS': '/usr/share/ubuntu:/usr/local/share/:/usr/share/:/var/lib/snapd/desktop', 'PYTHONPATH': '/media/kl/数据/github/Github_respository/ROS-_for_Study/ws00_helloworld/build/pkg02_helloworld_py/prefix_override:/media/kl/数据/github/Github_respository/ROS-_for_Study/ws00_helloworld/install/pkg02_helloworld_py/lib/python3.10/site-packages:/media/kl/数据/github/Github_respository/ROS-_for_Study/ws00_helloworld/install/pkg02_helloworld_py/lib/python3.10/site-packages:/opt/ros/humble/lib/python3.10/site-packages:/opt/ros/humble/local/lib/python3.10/dist-packages', 'BREAKPAD_DUMP_LOCATION': '/home/kl/.config/Code/exthost Crash Reports', 'COLCON': '1', 'CMAKE_PREFIX_PATH': '/media/kl/数据/github/Github_respository/ROS-_for_Study/ws00_helloworld/install/pkg01_helloworld_cpp'}, 'shell': False}
[0.500781] (-) TimerEvent: {}
[0.601176] (-) TimerEvent: {}
[0.620909] (pkg02_helloworld_py) StdoutLine: {'line': b'running egg_info\n'}
[0.622040] (pkg02_helloworld_py) StdoutLine: {'line': b'writing ../../build/pkg02_helloworld_py/pkg02_helloworld_py.egg-info/PKG-INFO\n'}
[0.622428] (pkg02_helloworld_py) StdoutLine: {'line': b'writing dependency_links to ../../build/pkg02_helloworld_py/pkg02_helloworld_py.egg-info/dependency_links.txt\n'}
[0.622977] (pkg02_helloworld_py) StdoutLine: {'line': b'writing entry points to ../../build/pkg02_helloworld_py/pkg02_helloworld_py.egg-info/entry_points.txt\n'}
[0.623310] (pkg02_helloworld_py) StdoutLine: {'line': b'writing requirements to ../../build/pkg02_helloworld_py/pkg02_helloworld_py.egg-info/requires.txt\n'}
[0.623516] (pkg02_helloworld_py) StdoutLine: {'line': b'writing top-level names to ../../build/pkg02_helloworld_py/pkg02_helloworld_py.egg-info/top_level.txt\n'}
[0.626440] (pkg02_helloworld_py) StdoutLine: {'line': b"reading manifest file '../../build/pkg02_helloworld_py/pkg02_helloworld_py.egg-info/SOURCES.txt'\n"}
[0.629402] (pkg02_helloworld_py) StdoutLine: {'line': b"writing manifest file '../../build/pkg02_helloworld_py/pkg02_helloworld_py.egg-info/SOURCES.txt'\n"}
[0.629915] (pkg02_helloworld_py) StdoutLine: {'line': b'running build\n'}
[0.630188] (pkg02_helloworld_py) StdoutLine: {'line': b'running build_py\n'}
[0.630685] (pkg02_helloworld_py) StdoutLine: {'line': b'copying pkg02_helloworld_py/helloworld.py -> /media/kl/\xe6\x95\xb0\xe6\x8d\xae/github/Github_respository/ROS-_for_Study/ws00_helloworld/build/pkg02_helloworld_py/build/lib/pkg02_helloworld_py\n'}
[0.631906] (pkg02_helloworld_py) StdoutLine: {'line': b'running install\n'}
[0.632309] (pkg02_helloworld_py) StderrLine: {'line': b'/usr/lib/python3/dist-packages/setuptools/command/install.py:34: SetuptoolsDeprecationWarning: setup.py install is deprecated. Use build and pip and other standards-based tools.\n'}
[0.632509] (pkg02_helloworld_py) StderrLine: {'line': b'  warnings.warn(\n'}
[0.632680] (pkg02_helloworld_py) StdoutLine: {'line': b'running install_lib\n'}
[0.634536] (pkg02_helloworld_py) StdoutLine: {'line': b'copying /media/kl/\xe6\x95\xb0\xe6\x8d\xae/github/Github_respository/ROS-_for_Study/ws00_helloworld/build/pkg02_helloworld_py/build/lib/pkg02_helloworld_py/helloworld.py -> /media/kl/\xe6\x95\xb0\xe6\x8d\xae/github/Github_respository/ROS-_for_Study/ws00_helloworld/install/pkg02_helloworld_py/lib/python3.10/site-packages/pkg02_helloworld_py\n'}
[0.636853] (pkg02_helloworld_py) StdoutLine: {'line': b'byte-compiling /media/kl/\xe6\x95\xb0\xe6\x8d\xae/github/Github_respository/ROS-_for_Study/ws00_helloworld/install/pkg02_helloworld_py/lib/python3.10/site-packages/pkg02_helloworld_py/helloworld.py to helloworld.cpython-310.pyc\n'}
[0.638703] (pkg02_helloworld_py) StdoutLine: {'line': b'running install_data\n'}
[0.639865] (pkg02_helloworld_py) StdoutLine: {'line': b'running install_egg_info\n'}
[0.641486] (pkg02_helloworld_py) StdoutLine: {'line': b"removing '/media/kl/\xe6\x95\xb0\xe6\x8d\xae/github/Github_respository/ROS-_for_Study/ws00_helloworld/install/pkg02_helloworld_py/lib/python3.10/site-packages/pkg02_helloworld_py-0.0.0-py3.10.egg-info' (and everything under it)\n"}
[0.643279] (pkg02_helloworld_py) StdoutLine: {'line': b'Copying ../../build/pkg02_helloworld_py/pkg02_helloworld_py.egg-info to /media/kl/\xe6\x95\xb0\xe6\x8d\xae/github/Github_respository/ROS-_for_Study/ws00_helloworld/install/pkg02_helloworld_py/lib/python3.10/site-packages/pkg02_helloworld_py-0.0.0-py3.10.egg-info\n'}
[0.650650] (pkg02_helloworld_py) StdoutLine: {'line': b'running install_scripts\n'}
[0.667413] (pkg02_helloworld_py) StdoutLine: {'line': b'Installing helloworld script to /media/kl/\xe6\x95\xb0\xe6\x8d\xae/github/Github_respository/ROS-_for_Study/ws00_helloworld/install/pkg02_helloworld_py/lib/pkg02_helloworld_py\n'}
[0.668314] (pkg02_helloworld_py) StdoutLine: {'line': b"writing list of installed files to '/media/kl/\xe6\x95\xb0\xe6\x8d\xae/github/Github_respository/ROS-_for_Study/ws00_helloworld/build/pkg02_helloworld_py/install.log'\n"}
[0.685851] (pkg02_helloworld_py) CommandEnded: {'returncode': 0}
[0.701244] (-) TimerEvent: {}
[0.703398] (pkg02_helloworld_py) JobEnded: {'identifier': 'pkg02_helloworld_py', 'rc': 0}
[0.704390] (-) EventReactorShutdown: {}
