[0.192s] DEBUG:colcon:Command line arguments: ['/usr/bin/colcon', 'build', '--packages-select', 'pkg02_helloworld_py', 'helloworld']
[0.192s] DEBUG:colcon:Parsed command line arguments: Namespace(log_base=None, log_level=None, verb_name='build', build_base='build', install_base='install', merge_install=False, symlink_install=False, test_result_base=None, continue_on_error=False, executor='parallel', parallel_workers=8, event_handlers=None, ignore_user_meta=False, metas=['./colcon.meta'], base_paths=['.'], packages_ignore=None, packages_ignore_regex=None, paths=None, packages_up_to=None, packages_up_to_regex=None, packages_above=None, packages_above_and_dependencies=None, packages_above_depth=None, packages_select_by_dep=None, packages_skip_by_dep=None, packages_skip_up_to=None, packages_select_build_failed=False, packages_skip_build_finished=False, packages_select_test_failures=False, packages_skip_test_passed=False, packages_select=['pkg02_helloworld_py', 'helloworld'], packages_skip=None, packages_select_regex=None, packages_skip_regex=None, packages_start=None, packages_end=None, allow_overriding=[], cmake_args=None, cmake_target=None, cmake_target_skip_unavailable=False, cmake_clean_cache=False, cmake_clean_first=False, cmake_force_configure=False, ament_cmake_args=None, catkin_cmake_args=None, catkin_skip_building_tests=False, verb_parser=<colcon_defaults.argument_parser.defaults.DefaultArgumentsDecorator object at 0x7fd1305c1ae0>, verb_extension=<colcon_core.verb.build.BuildVerb object at 0x7fd130e36dd0>, main=<bound method BuildVerb.main of <colcon_core.verb.build.BuildVerb object at 0x7fd130e36dd0>>)
[0.216s] Level 1:colcon.colcon_core.package_discovery:discover_packages(colcon_meta) check parameters
[0.216s] Level 1:colcon.colcon_core.package_discovery:discover_packages(recursive) check parameters
[0.216s] Level 1:colcon.colcon_core.package_discovery:discover_packages(ignore) check parameters
[0.216s] Level 1:colcon.colcon_core.package_discovery:discover_packages(path) check parameters
[0.216s] Level 1:colcon.colcon_core.package_discovery:discover_packages(colcon_meta) discover
[0.217s] Level 1:colcon.colcon_core.package_discovery:discover_packages(recursive) discover
[0.217s] INFO:colcon.colcon_core.package_discovery:Crawling recursively for packages in '/media/kl/数据/github/Github_respository/ROS-_for_Study/ws00_helloworld'
[0.217s] Level 1:colcon.colcon_core.package_identification:_identify(.) by extensions ['ignore', 'ignore_ament_install']
[0.217s] Level 1:colcon.colcon_core.package_identification:_identify(.) by extension 'ignore'
[0.217s] Level 1:colcon.colcon_core.package_identification:_identify(.) by extension 'ignore_ament_install'
[0.217s] Level 1:colcon.colcon_core.package_identification:_identify(.) by extensions ['colcon_pkg']
[0.217s] Level 1:colcon.colcon_core.package_identification:_identify(.) by extension 'colcon_pkg'
[0.217s] Level 1:colcon.colcon_core.package_identification:_identify(.) by extensions ['colcon_meta']
[0.217s] Level 1:colcon.colcon_core.package_identification:_identify(.) by extension 'colcon_meta'
[0.217s] Level 1:colcon.colcon_core.package_identification:_identify(.) by extensions ['ros']
[0.217s] Level 1:colcon.colcon_core.package_identification:_identify(.) by extension 'ros'
[0.226s] Level 1:colcon.colcon_core.package_identification:_identify(.) by extensions ['cmake', 'python']
[0.226s] Level 1:colcon.colcon_core.package_identification:_identify(.) by extension 'cmake'
[0.226s] Level 1:colcon.colcon_core.package_identification:_identify(.) by extension 'python'
[0.226s] Level 1:colcon.colcon_core.package_identification:_identify(.) by extensions ['python_setup_py']
[0.226s] Level 1:colcon.colcon_core.package_identification:_identify(.) by extension 'python_setup_py'
[0.226s] Level 1:colcon.colcon_core.package_identification:_identify(build) by extensions ['ignore', 'ignore_ament_install']
[0.226s] Level 1:colcon.colcon_core.package_identification:_identify(build) by extension 'ignore'
[0.226s] Level 1:colcon.colcon_core.package_identification:_identify(build) ignored
[0.226s] Level 1:colcon.colcon_core.package_identification:_identify(install) by extensions ['ignore', 'ignore_ament_install']
[0.226s] Level 1:colcon.colcon_core.package_identification:_identify(install) by extension 'ignore'
[0.227s] Level 1:colcon.colcon_core.package_identification:_identify(install) ignored
[0.227s] Level 1:colcon.colcon_core.package_identification:_identify(log) by extensions ['ignore', 'ignore_ament_install']
[0.227s] Level 1:colcon.colcon_core.package_identification:_identify(log) by extension 'ignore'
[0.227s] Level 1:colcon.colcon_core.package_identification:_identify(log) ignored
[0.227s] Level 1:colcon.colcon_core.package_identification:_identify(src) by extensions ['ignore', 'ignore_ament_install']
[0.227s] Level 1:colcon.colcon_core.package_identification:_identify(src) by extension 'ignore'
[0.227s] Level 1:colcon.colcon_core.package_identification:_identify(src) by extension 'ignore_ament_install'
[0.227s] Level 1:colcon.colcon_core.package_identification:_identify(src) by extensions ['colcon_pkg']
[0.227s] Level 1:colcon.colcon_core.package_identification:_identify(src) by extension 'colcon_pkg'
[0.227s] Level 1:colcon.colcon_core.package_identification:_identify(src) by extensions ['colcon_meta']
[0.227s] Level 1:colcon.colcon_core.package_identification:_identify(src) by extension 'colcon_meta'
[0.228s] Level 1:colcon.colcon_core.package_identification:_identify(src) by extensions ['ros']
[0.228s] Level 1:colcon.colcon_core.package_identification:_identify(src) by extension 'ros'
[0.228s] Level 1:colcon.colcon_core.package_identification:_identify(src) by extensions ['cmake', 'python']
[0.228s] Level 1:colcon.colcon_core.package_identification:_identify(src) by extension 'cmake'
[0.228s] Level 1:colcon.colcon_core.package_identification:_identify(src) by extension 'python'
[0.228s] Level 1:colcon.colcon_core.package_identification:_identify(src) by extensions ['python_setup_py']
[0.228s] Level 1:colcon.colcon_core.package_identification:_identify(src) by extension 'python_setup_py'
[0.228s] Level 1:colcon.colcon_core.package_identification:_identify(src/pkg01_helloworld_cpp) by extensions ['ignore', 'ignore_ament_install']
[0.228s] Level 1:colcon.colcon_core.package_identification:_identify(src/pkg01_helloworld_cpp) by extension 'ignore'
[0.228s] Level 1:colcon.colcon_core.package_identification:_identify(src/pkg01_helloworld_cpp) by extension 'ignore_ament_install'
[0.228s] Level 1:colcon.colcon_core.package_identification:_identify(src/pkg01_helloworld_cpp) by extensions ['colcon_pkg']
[0.228s] Level 1:colcon.colcon_core.package_identification:_identify(src/pkg01_helloworld_cpp) by extension 'colcon_pkg'
[0.229s] Level 1:colcon.colcon_core.package_identification:_identify(src/pkg01_helloworld_cpp) by extensions ['colcon_meta']
[0.229s] Level 1:colcon.colcon_core.package_identification:_identify(src/pkg01_helloworld_cpp) by extension 'colcon_meta'
[0.229s] Level 1:colcon.colcon_core.package_identification:_identify(src/pkg01_helloworld_cpp) by extensions ['ros']
[0.229s] Level 1:colcon.colcon_core.package_identification:_identify(src/pkg01_helloworld_cpp) by extension 'ros'
[0.231s] DEBUG:colcon.colcon_core.package_identification:Package 'src/pkg01_helloworld_cpp' with type 'ros.ament_cmake' and name 'pkg01_helloworld_cpp'
[0.231s] Level 1:colcon.colcon_core.package_identification:_identify(src/pkg02_helloworld_py) by extensions ['ignore', 'ignore_ament_install']
[0.232s] Level 1:colcon.colcon_core.package_identification:_identify(src/pkg02_helloworld_py) by extension 'ignore'
[0.232s] Level 1:colcon.colcon_core.package_identification:_identify(src/pkg02_helloworld_py) by extension 'ignore_ament_install'
[0.232s] Level 1:colcon.colcon_core.package_identification:_identify(src/pkg02_helloworld_py) by extensions ['colcon_pkg']
[0.232s] Level 1:colcon.colcon_core.package_identification:_identify(src/pkg02_helloworld_py) by extension 'colcon_pkg'
[0.232s] Level 1:colcon.colcon_core.package_identification:_identify(src/pkg02_helloworld_py) by extensions ['colcon_meta']
[0.232s] Level 1:colcon.colcon_core.package_identification:_identify(src/pkg02_helloworld_py) by extension 'colcon_meta'
[0.232s] Level 1:colcon.colcon_core.package_identification:_identify(src/pkg02_helloworld_py) by extensions ['ros']
[0.232s] Level 1:colcon.colcon_core.package_identification:_identify(src/pkg02_helloworld_py) by extension 'ros'
[0.233s] DEBUG:colcon.colcon_core.package_identification:Package 'src/pkg02_helloworld_py' with type 'ros.ament_python' and name 'pkg02_helloworld_py'
[0.233s] Level 1:colcon.colcon_core.package_identification:_identify(添加到~) by extensions ['ignore', 'ignore_ament_install']
[0.233s] Level 1:colcon.colcon_core.package_identification:_identify(添加到~) by extension 'ignore'
[0.233s] Level 1:colcon.colcon_core.package_identification:_identify(添加到~) by extension 'ignore_ament_install'
[0.234s] Level 1:colcon.colcon_core.package_identification:_identify(添加到~) by extensions ['colcon_pkg']
[0.234s] Level 1:colcon.colcon_core.package_identification:_identify(添加到~) by extension 'colcon_pkg'
[0.234s] Level 1:colcon.colcon_core.package_identification:_identify(添加到~) by extensions ['colcon_meta']
[0.234s] Level 1:colcon.colcon_core.package_identification:_identify(添加到~) by extension 'colcon_meta'
[0.234s] Level 1:colcon.colcon_core.package_identification:_identify(添加到~) by extensions ['ros']
[0.234s] Level 1:colcon.colcon_core.package_identification:_identify(添加到~) by extension 'ros'
[0.234s] Level 1:colcon.colcon_core.package_identification:_identify(添加到~) by extensions ['cmake', 'python']
[0.234s] Level 1:colcon.colcon_core.package_identification:_identify(添加到~) by extension 'cmake'
[0.234s] Level 1:colcon.colcon_core.package_identification:_identify(添加到~) by extension 'python'
[0.234s] Level 1:colcon.colcon_core.package_identification:_identify(添加到~) by extensions ['python_setup_py']
[0.234s] Level 1:colcon.colcon_core.package_identification:_identify(添加到~) by extension 'python_setup_py'
[0.234s] Level 1:colcon.colcon_core.package_discovery:discover_packages(recursive) using defaults
[0.235s] Level 1:colcon.colcon_core.package_discovery:discover_packages(ignore) discover
[0.235s] Level 1:colcon.colcon_core.package_discovery:discover_packages(ignore) using defaults
[0.235s] Level 1:colcon.colcon_core.package_discovery:discover_packages(path) discover
[0.235s] Level 1:colcon.colcon_core.package_discovery:discover_packages(path) using defaults
[0.236s] WARNING:colcon.colcon_core.package_selection:ignoring unknown package 'helloworld' in --packages-select
[0.256s] INFO:colcon.colcon_core.package_selection:Skipping not selected package 'pkg01_helloworld_cpp' in 'src/pkg01_helloworld_cpp'
[0.257s] Level 1:colcon.colcon_core.package_discovery:discover_packages(prefix_path) check parameters
[0.258s] Level 1:colcon.colcon_core.package_discovery:discover_packages(prefix_path) discover
[0.262s] DEBUG:colcon.colcon_installed_package_information.package_discovery:Found 2 installed packages in /media/kl/数据/github/Github_respository/ROS-_for_Study/ws00_helloworld/install
[0.263s] DEBUG:colcon.colcon_installed_package_information.package_discovery:Found 270 installed packages in /opt/ros/humble
[0.264s] Level 1:colcon.colcon_core.package_discovery:discover_packages(prefix_path) using defaults
[0.301s] Level 5:colcon.colcon_core.verb:set package 'pkg02_helloworld_py' build argument 'cmake_args' from command line to 'None'
[0.301s] Level 5:colcon.colcon_core.verb:set package 'pkg02_helloworld_py' build argument 'cmake_target' from command line to 'None'
[0.301s] Level 5:colcon.colcon_core.verb:set package 'pkg02_helloworld_py' build argument 'cmake_target_skip_unavailable' from command line to 'False'
[0.301s] Level 5:colcon.colcon_core.verb:set package 'pkg02_helloworld_py' build argument 'cmake_clean_cache' from command line to 'False'
[0.301s] Level 5:colcon.colcon_core.verb:set package 'pkg02_helloworld_py' build argument 'cmake_clean_first' from command line to 'False'
[0.301s] Level 5:colcon.colcon_core.verb:set package 'pkg02_helloworld_py' build argument 'cmake_force_configure' from command line to 'False'
[0.302s] Level 5:colcon.colcon_core.verb:set package 'pkg02_helloworld_py' build argument 'ament_cmake_args' from command line to 'None'
[0.302s] Level 5:colcon.colcon_core.verb:set package 'pkg02_helloworld_py' build argument 'catkin_cmake_args' from command line to 'None'
[0.302s] Level 5:colcon.colcon_core.verb:set package 'pkg02_helloworld_py' build argument 'catkin_skip_building_tests' from command line to 'False'
[0.302s] DEBUG:colcon.colcon_core.verb:Building package 'pkg02_helloworld_py' with the following arguments: {'ament_cmake_args': None, 'build_base': '/media/kl/数据/github/Github_respository/ROS-_for_Study/ws00_helloworld/build/pkg02_helloworld_py', 'catkin_cmake_args': None, 'catkin_skip_building_tests': False, 'cmake_args': None, 'cmake_clean_cache': False, 'cmake_clean_first': False, 'cmake_force_configure': False, 'cmake_target': None, 'cmake_target_skip_unavailable': False, 'install_base': '/media/kl/数据/github/Github_respository/ROS-_for_Study/ws00_helloworld/install/pkg02_helloworld_py', 'merge_install': False, 'path': '/media/kl/数据/github/Github_respository/ROS-_for_Study/ws00_helloworld/src/pkg02_helloworld_py', 'symlink_install': False, 'test_result_base': None}
[0.302s] INFO:colcon.colcon_core.executor:Executing jobs using 'parallel' executor
[0.304s] DEBUG:colcon.colcon_parallel_executor.executor.parallel:run_until_complete
[0.305s] INFO:colcon.colcon_ros.task.ament_python.build:Building ROS package in '/media/kl/数据/github/Github_respository/ROS-_for_Study/ws00_helloworld/src/pkg02_helloworld_py' with build type 'ament_python'
[0.305s] Level 1:colcon.colcon_core.shell:create_environment_hook('pkg02_helloworld_py', 'ament_prefix_path')
[0.308s] INFO:colcon.colcon_core.plugin_system:Skipping extension 'colcon_core.shell.bat': Not used on non-Windows systems
[0.308s] INFO:colcon.colcon_core.shell:Creating environment hook '/media/kl/数据/github/Github_respository/ROS-_for_Study/ws00_helloworld/install/pkg02_helloworld_py/share/pkg02_helloworld_py/hook/ament_prefix_path.ps1'
[0.309s] INFO:colcon.colcon_core.shell:Creating environment descriptor '/media/kl/数据/github/Github_respository/ROS-_for_Study/ws00_helloworld/install/pkg02_helloworld_py/share/pkg02_helloworld_py/hook/ament_prefix_path.dsv'
[0.310s] INFO:colcon.colcon_core.shell:Creating environment hook '/media/kl/数据/github/Github_respository/ROS-_for_Study/ws00_helloworld/install/pkg02_helloworld_py/share/pkg02_helloworld_py/hook/ament_prefix_path.sh'
[0.312s] INFO:colcon.colcon_core.shell:Skip shell extension 'powershell' for command environment: Not usable outside of PowerShell
[0.312s] DEBUG:colcon.colcon_core.shell:Skip shell extension 'dsv' for command environment
[0.493s] INFO:colcon.colcon_core.task.python.build:Building Python package in '/media/kl/数据/github/Github_respository/ROS-_for_Study/ws00_helloworld/src/pkg02_helloworld_py'
[0.494s] INFO:colcon.colcon_core.shell:Skip shell extension 'powershell' for command environment: Not usable outside of PowerShell
[0.494s] DEBUG:colcon.colcon_core.shell:Skip shell extension 'dsv' for command environment
[0.754s] DEBUG:colcon.colcon_core.event_handler.log_command:Invoking command in '/media/kl/数据/github/Github_respository/ROS-_for_Study/ws00_helloworld/src/pkg02_helloworld_py': PYTHONPATH=/media/kl/数据/github/Github_respository/ROS-_for_Study/ws00_helloworld/build/pkg02_helloworld_py/prefix_override:/media/kl/数据/github/Github_respository/ROS-_for_Study/ws00_helloworld/install/pkg02_helloworld_py/lib/python3.10/site-packages:${PYTHONPATH} /usr/bin/python3 setup.py egg_info --egg-base ../../build/pkg02_helloworld_py build --build-base /media/kl/数据/github/Github_respository/ROS-_for_Study/ws00_helloworld/build/pkg02_helloworld_py/build install --record /media/kl/数据/github/Github_respository/ROS-_for_Study/ws00_helloworld/build/pkg02_helloworld_py/install.log --single-version-externally-managed
[0.992s] DEBUG:colcon.colcon_core.event_handler.log_command:Invoked command in '/media/kl/数据/github/Github_respository/ROS-_for_Study/ws00_helloworld/src/pkg02_helloworld_py' returned '0': PYTHONPATH=/media/kl/数据/github/Github_respository/ROS-_for_Study/ws00_helloworld/build/pkg02_helloworld_py/prefix_override:/media/kl/数据/github/Github_respository/ROS-_for_Study/ws00_helloworld/install/pkg02_helloworld_py/lib/python3.10/site-packages:${PYTHONPATH} /usr/bin/python3 setup.py egg_info --egg-base ../../build/pkg02_helloworld_py build --build-base /media/kl/数据/github/Github_respository/ROS-_for_Study/ws00_helloworld/build/pkg02_helloworld_py/build install --record /media/kl/数据/github/Github_respository/ROS-_for_Study/ws00_helloworld/build/pkg02_helloworld_py/install.log --single-version-externally-managed
[0.994s] Level 1:colcon.colcon_core.environment:checking '/media/kl/数据/github/Github_respository/ROS-_for_Study/ws00_helloworld/install/pkg02_helloworld_py' for CMake module files
[0.995s] Level 1:colcon.colcon_core.environment:checking '/media/kl/数据/github/Github_respository/ROS-_for_Study/ws00_helloworld/install/pkg02_helloworld_py' for CMake config files
[0.998s] Level 1:colcon.colcon_core.environment:checking '/media/kl/数据/github/Github_respository/ROS-_for_Study/ws00_helloworld/install/pkg02_helloworld_py/lib'
[0.998s] Level 1:colcon.colcon_core.environment:checking '/media/kl/数据/github/Github_respository/ROS-_for_Study/ws00_helloworld/install/pkg02_helloworld_py/bin'
[0.998s] Level 1:colcon.colcon_core.environment:checking '/media/kl/数据/github/Github_respository/ROS-_for_Study/ws00_helloworld/install/pkg02_helloworld_py/lib/pkgconfig/pkg02_helloworld_py.pc'
[0.998s] Level 1:colcon.colcon_core.environment:checking '/media/kl/数据/github/Github_respository/ROS-_for_Study/ws00_helloworld/install/pkg02_helloworld_py/lib/python3.10/site-packages'
[0.999s] Level 1:colcon.colcon_core.shell:create_environment_hook('pkg02_helloworld_py', 'pythonpath')
[0.999s] INFO:colcon.colcon_core.shell:Creating environment hook '/media/kl/数据/github/Github_respository/ROS-_for_Study/ws00_helloworld/install/pkg02_helloworld_py/share/pkg02_helloworld_py/hook/pythonpath.ps1'
[1.000s] INFO:colcon.colcon_core.shell:Creating environment descriptor '/media/kl/数据/github/Github_respository/ROS-_for_Study/ws00_helloworld/install/pkg02_helloworld_py/share/pkg02_helloworld_py/hook/pythonpath.dsv'
[1.001s] INFO:colcon.colcon_core.shell:Creating environment hook '/media/kl/数据/github/Github_respository/ROS-_for_Study/ws00_helloworld/install/pkg02_helloworld_py/share/pkg02_helloworld_py/hook/pythonpath.sh'
[1.002s] Level 1:colcon.colcon_core.environment:checking '/media/kl/数据/github/Github_respository/ROS-_for_Study/ws00_helloworld/install/pkg02_helloworld_py/bin'
[1.002s] Level 1:colcon.colcon_core.environment:create_environment_scripts_only(pkg02_helloworld_py)
[1.003s] INFO:colcon.colcon_core.shell:Creating package script '/media/kl/数据/github/Github_respository/ROS-_for_Study/ws00_helloworld/install/pkg02_helloworld_py/share/pkg02_helloworld_py/package.ps1'
[1.004s] INFO:colcon.colcon_core.shell:Creating package descriptor '/media/kl/数据/github/Github_respository/ROS-_for_Study/ws00_helloworld/install/pkg02_helloworld_py/share/pkg02_helloworld_py/package.dsv'
[1.004s] INFO:colcon.colcon_core.shell:Creating package script '/media/kl/数据/github/Github_respository/ROS-_for_Study/ws00_helloworld/install/pkg02_helloworld_py/share/pkg02_helloworld_py/package.sh'
[1.005s] INFO:colcon.colcon_core.shell:Creating package script '/media/kl/数据/github/Github_respository/ROS-_for_Study/ws00_helloworld/install/pkg02_helloworld_py/share/pkg02_helloworld_py/package.bash'
[1.006s] INFO:colcon.colcon_core.shell:Creating package script '/media/kl/数据/github/Github_respository/ROS-_for_Study/ws00_helloworld/install/pkg02_helloworld_py/share/pkg02_helloworld_py/package.zsh'
[1.007s] Level 1:colcon.colcon_core.environment:create_file_with_runtime_dependencies(/media/kl/数据/github/Github_respository/ROS-_for_Study/ws00_helloworld/install/pkg02_helloworld_py/share/colcon-core/packages/pkg02_helloworld_py)
[1.008s] DEBUG:colcon.colcon_parallel_executor.executor.parallel:closing loop
[1.008s] DEBUG:colcon.colcon_parallel_executor.executor.parallel:loop closed
[1.008s] DEBUG:colcon.colcon_parallel_executor.executor.parallel:run_until_complete finished with '0'
[1.008s] DEBUG:colcon.colcon_core.event_reactor:joining thread
[1.014s] INFO:colcon.colcon_core.plugin_system:Skipping extension 'colcon_notification.desktop_notification.terminal_notifier': Not used on non-Darwin systems
[1.014s] INFO:colcon.colcon_core.plugin_system:Skipping extension 'colcon_notification.desktop_notification.win32': Not used on non-Windows systems
[1.014s] INFO:colcon.colcon_notification.desktop_notification:Sending desktop notification using 'notify2'
[1.025s] DEBUG:colcon.colcon_core.event_reactor:joined thread
[1.026s] INFO:colcon.colcon_core.shell:Creating prefix script '/media/kl/数据/github/Github_respository/ROS-_for_Study/ws00_helloworld/install/local_setup.ps1'
[1.028s] INFO:colcon.colcon_core.shell:Creating prefix util module '/media/kl/数据/github/Github_respository/ROS-_for_Study/ws00_helloworld/install/_local_setup_util_ps1.py'
[1.030s] INFO:colcon.colcon_core.shell:Creating prefix chain script '/media/kl/数据/github/Github_respository/ROS-_for_Study/ws00_helloworld/install/setup.ps1'
[1.032s] INFO:colcon.colcon_core.shell:Creating prefix script '/media/kl/数据/github/Github_respository/ROS-_for_Study/ws00_helloworld/install/local_setup.sh'
[1.034s] INFO:colcon.colcon_core.shell:Creating prefix util module '/media/kl/数据/github/Github_respository/ROS-_for_Study/ws00_helloworld/install/_local_setup_util_sh.py'
[1.034s] INFO:colcon.colcon_core.shell:Creating prefix chain script '/media/kl/数据/github/Github_respository/ROS-_for_Study/ws00_helloworld/install/setup.sh'
[1.037s] INFO:colcon.colcon_core.shell:Creating prefix script '/media/kl/数据/github/Github_respository/ROS-_for_Study/ws00_helloworld/install/local_setup.bash'
[1.038s] INFO:colcon.colcon_core.shell:Creating prefix chain script '/media/kl/数据/github/Github_respository/ROS-_for_Study/ws00_helloworld/install/setup.bash'
[1.040s] INFO:colcon.colcon_core.shell:Creating prefix script '/media/kl/数据/github/Github_respository/ROS-_for_Study/ws00_helloworld/install/local_setup.zsh'
[1.041s] INFO:colcon.colcon_core.shell:Creating prefix chain script '/media/kl/数据/github/Github_respository/ROS-_for_Study/ws00_helloworld/install/setup.zsh'
