[35m[1mConsolidate compiler generated dependencies of target demo01_action_server[0m
[ 25%] [32mBuilding CXX object CMakeFiles/demo02_action_client.dir/src/demo02_action_client.cpp.o[0m
[ 75%] Built target demo01_action_server
[01m[K/home/kl/VS_CODE/Github_respository/ROS-_for_Study/ws01_plumbing/src/cpp03_action/src/demo02_action_client.cpp:[m[K In member function ‘[01m[Kvoid ProgressActionClient::feedback_callback(rclcpp_action::ClientGoalHandle<base_interfaces::action::Progress>::SharedPtr, std::shared_ptr<const base_interfaces::action::Progress_Feedback_<std::allocator<void> > >)[m[K’:
[01m[K/home/kl/VS_CODE/Github_respository/ROS-_for_Study/ws01_plumbing/src/cpp03_action/src/demo02_action_client.cpp:58:81:[m[K [01;35m[Kwarning: [m[Kunused parameter ‘[01m[Kp[m[K’ [[01;35m[K]8;;https://gcc.gnu.org/onlinedocs/gcc/Warning-Options.html#index-Wunused-parameter-Wunused-parameter]8;;[m[K]
   58 |     void feedback_callback([01;35m[Krclcpp_action::ClientGoalHandle<Progress>::SharedPtr p[m[K,const std::shared_ptr<const Progress::Feedback>)
      |                            [01;35m[K~~~~~~~~~~~~~~~~~~~~~~~~~~~~~~~~~~~~~~~~~~~~~~~~~~~~~^[m[K
[01m[K/home/kl/VS_CODE/Github_respository/ROS-_for_Study/ws01_plumbing/src/cpp03_action/src/demo02_action_client.cpp:[m[K In member function ‘[01m[Kvoid ProgressActionClient::result_callback(const rclcpp_action::ClientGoalHandle<base_interfaces::action::Progress>::WrappedResult&)[m[K’:
[01m[K/home/kl/VS_CODE/Github_respository/ROS-_for_Study/ws01_plumbing/src/cpp03_action/src/demo02_action_client.cpp:64:91:[m[K [01;35m[Kwarning: [m[Kunused parameter ‘[01m[Kresult[m[K’ [[01;35m[K]8;;https://gcc.gnu.org/onlinedocs/gcc/Warning-Options.html#index-Wunused-parameter-Wunused-parameter]8;;[m[K]
   64 |     void result_callback([01;35m[Kconst rclcpp_action::ClientGoalHandle<Progress>::WrappedResult & result[m[K)
      |                          [01;35m[K~~~~~~~~~~~~~~~~~~~~~~~~~~~~~~~~~~~~~~~~~~~~~~~~~~~~~~~~~~~~~~~~~^~~~~~[m[K
[01m[K/home/kl/VS_CODE/Github_respository/ROS-_for_Study/ws01_plumbing/src/cpp03_action/src/demo02_action_client.cpp:[m[K In function ‘[01m[Kint main(int, char**)[m[K’:
[01m[K/home/kl/VS_CODE/Github_respository/ROS-_for_Study/ws01_plumbing/src/cpp03_action/src/demo02_action_client.cpp:82:20:[m[K [01;31m[Kerror: [m[K‘[01m[Kvoid ProgressActionClient::send_goal(int)[m[K’ is private within this context
   82 |   [01;31m[Kclient->send_goal(atoi(argv[1]))[m[K;
      |   [01;31m[K~~~~~~~~~~~~~~~~~^~~~~~~~~~~~~~~[m[K
[01m[K/home/kl/VS_CODE/Github_respository/ROS-_for_Study/ws01_plumbing/src/cpp03_action/src/demo02_action_client.cpp:19:8:[m[K [01;36m[Knote: [m[Kdeclared private here
   19 |   void [01;36m[Ksend_goal[m[K(int num)
      |        [01;36m[K^~~~~~~~~[m[K
gmake[2]: *** [CMakeFiles/demo02_action_client.dir/build.make:76：CMakeFiles/demo02_action_client.dir/src/demo02_action_client.cpp.o] 错误 1
gmake[1]: *** [CMakeFiles/Makefile2:165：CMakeFiles/demo02_action_client.dir/all] 错误 2
gmake: *** [Makefile:146：all] 错误 2
