[0.019s] Invoking command in '/media/kl/æ•°æ®/github/Github_respository/ROS-_for_Study/ws01_plumbing/build/cpp01_topic': CMAKE_PREFIX_PATH=/media/kl/æ•°æ®/github/Github_respository/ROS-_for_Study/ws01_plumbing/install/base_interfaces_demo:/media/kl/æ•°æ®/github/Github_respository/ROS-_for_Study/ws01_plumbing/install/cpp01_topic:/media/kl/æ•°æ®/github/Github_respository/ROS-_for_Study/ws00_helloworld/install/pkg01_helloworld_cpp:/media/kl/æ•°æ®/github/Github_respository/ROS-_for_Study/ws01_plumbing/install/py01_topic:/media/kl/æ•°æ®/github/Github_respository/ROS-_for_Study/ws00_helloworld/install/pkg02_helloworld_py:/opt/ros/humble /usr/bin/cmake --build /media/kl/æ•°æ®/github/Github_respository/ROS-_for_Study/ws01_plumbing/build/cpp01_topic -- -j8 -l8
[0.052s] [35m[1mConsolidate compiler generated dependencies of target demo02_listener_str[0m
[0.063s] [ 50%] Built target demo01_talker_str
[0.097s] [ 75%] [32mBuilding CXX object CMakeFiles/demo02_listener_str.dir/src/demo02_listener_str.cpp.o[0m
[2.120s] [100%] [32m[1mLinking CXX executable demo02_listener_str[0m
[2.216s] [100%] Built target demo02_listener_str
[2.223s] Invoked command in '/media/kl/æ•°æ®/github/Github_respository/ROS-_for_Study/ws01_plumbing/build/cpp01_topic' returned '0': CMAKE_PREFIX_PATH=/media/kl/æ•°æ®/github/Github_respository/ROS-_for_Study/ws01_plumbing/install/base_interfaces_demo:/media/kl/æ•°æ®/github/Github_respository/ROS-_for_Study/ws01_plumbing/install/cpp01_topic:/media/kl/æ•°æ®/github/Github_respository/ROS-_for_Study/ws00_helloworld/install/pkg01_helloworld_cpp:/media/kl/æ•°æ®/github/Github_respository/ROS-_for_Study/ws01_plumbing/install/py01_topic:/media/kl/æ•°æ®/github/Github_respository/ROS-_for_Study/ws00_helloworld/install/pkg02_helloworld_py:/opt/ros/humble /usr/bin/cmake --build /media/kl/æ•°æ®/github/Github_respository/ROS-_for_Study/ws01_plumbing/build/cpp01_topic -- -j8 -l8
[2.250s] Invoking command in '/media/kl/æ•°æ®/github/Github_respository/ROS-_for_Study/ws01_plumbing/build/cpp01_topic': CMAKE_PREFIX_PATH=/media/kl/æ•°æ®/github/Github_respository/ROS-_for_Study/ws01_plumbing/install/base_interfaces_demo:/media/kl/æ•°æ®/github/Github_respository/ROS-_for_Study/ws01_plumbing/install/cpp01_topic:/media/kl/æ•°æ®/github/Github_respository/ROS-_for_Study/ws00_helloworld/install/pkg01_helloworld_cpp:/media/kl/æ•°æ®/github/Github_respository/ROS-_for_Study/ws01_plumbing/install/py01_topic:/media/kl/æ•°æ®/github/Github_respository/ROS-_for_Study/ws00_helloworld/install/pkg02_helloworld_py:/opt/ros/humble /usr/bin/cmake --install /media/kl/æ•°æ®/github/Github_respository/ROS-_for_Study/ws01_plumbing/build/cpp01_topic
[2.256s] -- Install configuration: ""
[2.257s] -- Installing: /media/kl/æ•°æ®/github/Github_respository/ROS-_for_Study/ws01_plumbing/install/cpp01_topic/lib/cpp01_topic/demo01_talker_str
[2.267s] -- Set runtime path of "/media/kl/æ•°æ®/github/Github_respository/ROS-_for_Study/ws01_plumbing/install/cpp01_topic/lib/cpp01_topic/demo01_talker_str" to ""
[2.268s] -- Installing: /media/kl/æ•°æ®/github/Github_respository/ROS-_for_Study/ws01_plumbing/install/cpp01_topic/lib/cpp01_topic/demo02_listener_str
[2.271s] -- Set runtime path of "/media/kl/æ•°æ®/github/Github_respository/ROS-_for_Study/ws01_plumbing/install/cpp01_topic/lib/cpp01_topic/demo02_listener_str" to ""
[2.271s] -- Up-to-date: /media/kl/æ•°æ®/github/Github_respository/ROS-_for_Study/ws01_plumbing/install/cpp01_topic/share/ament_index/resource_index/package_run_dependencies/cpp01_topic
[2.272s] -- Installing: /media/kl/æ•°æ®/github/Github_respository/ROS-_for_Study/ws01_plumbing/install/cpp01_topic/share/ament_index/resource_index/parent_prefix_path/cpp01_topic
[2.275s] -- Up-to-date: /media/kl/æ•°æ®/github/Github_respository/ROS-_for_Study/ws01_plumbing/install/cpp01_topic/share/cpp01_topic/environment/ament_prefix_path.sh
[2.276s] -- Installing: /media/kl/æ•°æ®/github/Github_respository/ROS-_for_Study/ws01_plumbing/install/cpp01_topic/share/cpp01_topic/environment/ament_prefix_path.dsv
[2.278s] -- Up-to-date: /media/kl/æ•°æ®/github/Github_respository/ROS-_for_Study/ws01_plumbing/install/cpp01_topic/share/cpp01_topic/environment/path.sh
[2.278s] -- Installing: /media/kl/æ•°æ®/github/Github_respository/ROS-_for_Study/ws01_plumbing/install/cpp01_topic/share/cpp01_topic/environment/path.dsv
[2.281s] -- Up-to-date: /media/kl/æ•°æ®/github/Github_respository/ROS-_for_Study/ws01_plumbing/install/cpp01_topic/share/cpp01_topic/local_setup.bash
[2.281s] -- Up-to-date: /media/kl/æ•°æ®/github/Github_respository/ROS-_for_Study/ws01_plumbing/install/cpp01_topic/share/cpp01_topic/local_setup.sh
[2.282s] -- Up-to-date: /media/kl/æ•°æ®/github/Github_respository/ROS-_for_Study/ws01_plumbing/install/cpp01_topic/share/cpp01_topic/local_setup.zsh
[2.283s] -- Installing: /media/kl/æ•°æ®/github/Github_respository/ROS-_for_Study/ws01_plumbing/install/cpp01_topic/share/cpp01_topic/local_setup.dsv
[2.284s] -- Installing: /media/kl/æ•°æ®/github/Github_respository/ROS-_for_Study/ws01_plumbing/install/cpp01_topic/share/cpp01_topic/package.dsv
[2.286s] -- Up-to-date: /media/kl/æ•°æ®/github/Github_respository/ROS-_for_Study/ws01_plumbing/install/cpp01_topic/share/ament_index/resource_index/packages/cpp01_topic
[2.287s] -- Up-to-date: /media/kl/æ•°æ®/github/Github_respository/ROS-_for_Study/ws01_plumbing/install/cpp01_topic/share/cpp01_topic/cmake/cpp01_topicConfig.cmake
[2.287s] -- Up-to-date: /media/kl/æ•°æ®/github/Github_respository/ROS-_for_Study/ws01_plumbing/install/cpp01_topic/share/cpp01_topic/cmake/cpp01_topicConfig-version.cmake
[2.288s] -- Up-to-date: /media/kl/æ•°æ®/github/Github_respository/ROS-_for_Study/ws01_plumbing/install/cpp01_topic/share/cpp01_topic/package.xml
[2.290s] Invoked command in '/media/kl/æ•°æ®/github/Github_respository/ROS-_for_Study/ws01_plumbing/build/cpp01_topic' returned '0': CMAKE_PREFIX_PATH=/media/kl/æ•°æ®/github/Github_respository/ROS-_for_Study/ws01_plumbing/install/base_interfaces_demo:/media/kl/æ•°æ®/github/Github_respository/ROS-_for_Study/ws01_plumbing/install/cpp01_topic:/media/kl/æ•°æ®/github/Github_respository/ROS-_for_Study/ws00_helloworld/install/pkg01_helloworld_cpp:/media/kl/æ•°æ®/github/Github_respository/ROS-_for_Study/ws01_plumbing/install/py01_topic:/media/kl/æ•°æ®/github/Github_respository/ROS-_for_Study/ws00_helloworld/install/pkg02_helloworld_py:/opt/ros/humble /usr/bin/cmake --install /media/kl/æ•°æ®/github/Github_respository/ROS-_for_Study/ws01_plumbing/build/cpp01_topic
