[0.000000] (-) TimerEvent: {}
[0.000495] (-) JobUnselected: {'identifier': 'base_interfaces'}
[0.000652] (-) JobUnselected: {'identifier': 'cpp01_topic_re'}
[0.001464] (-) JobUnselected: {'identifier': 'cpp02_service'}
[0.001503] (-) JobUnselected: {'identifier': 'cpp03_action'}
[0.001530] (-) JobUnselected: {'identifier': 'py01_topic_re'}
[0.001556] (-) JobUnselected: {'identifier': 'py02_service'}
[0.001582] (-) JobUnselected: {'identifier': 'py03_action'}
[0.001812] (cpp04_prarm) JobQueued: {'identifier': 'cpp04_prarm', 'dependencies': OrderedDict()}
[0.001835] (cpp04_prarm) JobStarted: {'identifier': 'cpp04_prarm'}
[0.008929] (cpp04_prarm) JobProgress: {'identifier': 'cpp04_prarm', 'progress': 'cmake'}
[0.009425] (cpp04_prarm) JobProgress: {'identifier': 'cpp04_prarm', 'progress': 'build'}
[0.009891] (cpp04_prarm) Command: {'cmd': ['/usr/bin/cmake', '--build', '/home/kl/VS_CODE/Github_respository/ROS-_for_Study/ws01_plumbing/build/cpp04_prarm', '--', '-j8', '-l8'], 'cwd': '/home/kl/VS_CODE/Github_respository/ROS-_for_Study/ws01_plumbing/build/cpp04_prarm', 'env': OrderedDict([('GJS_DEBUG_TOPICS', 'JS ERROR;JS LOG'), ('LANGUAGE', 'zh_CN:zh'), ('USER', 'kl'), ('XDG_SESSION_TYPE', 'wayland'), ('GIT_ASKPASS', '/usr/share/code/resources/app/extensions/git/dist/askpass.sh'), ('SHLVL', '1'), ('LD_LIBRARY_PATH', '/home/kl/VS_CODE/Github_respository/ROS-_for_Study/ws01_plumbing/install/base_interfaces/lib:/opt/ros/humble/opt/rviz_ogre_vendor/lib:/opt/ros/humble/lib/x86_64-linux-gnu:/opt/ros/humble/lib'), ('HOME', '/home/kl'), ('CHROME_DESKTOP', 'code-url-handler.desktop'), ('OLDPWD', '/home/kl/VS_CODE/Github_respository/ROS-_for_Study/ws01_plumbing/src'), ('TERM_PROGRAM_VERSION', '1.80.1'), ('DESKTOP_SESSION', 'ubuntu'), ('GIO_LAUNCHED_DESKTOP_FILE', '/usr/share/applications/github-desktop.desktop'), ('ROS_PYTHON_VERSION', '3'), ('GNOME_SHELL_SESSION_MODE', 'ubuntu'), ('GTK_MODULES', 'gail:atk-bridge'), ('VSCODE_GIT_ASKPASS_MAIN', '/usr/share/code/resources/app/extensions/git/dist/askpass-main.js'), ('VSCODE_GIT_ASKPASS_NODE', '/usr/share/code/code'), ('MANAGERPID', '1753'), ('SYSTEMD_EXEC_PID', '1967'), ('DBUS_SESSION_BUS_ADDRESS', 'unix:path=/run/user/1000/bus'), ('COLORTERM', 'truecolor'), ('GIO_LAUNCHED_DESKTOP_FILE_PID', '4716'), ('IM_CONFIG_PHASE', '1'), ('WAYLAND_DISPLAY', 'wayland-0'), ('COLCON_PREFIX_PATH', '/home/kl/VS_CODE/Github_respository/ROS-_for_Study/ws01_plumbing/install'), ('ROS_DISTRO', 'humble'), ('LOGNAME', 'kl'), ('JOURNAL_STREAM', '8:33903'), ('_', '/usr/bin/colcon'), ('ROS_VERSION', '2'), ('XDG_SESSION_CLASS', 'user'), ('USERNAME', 'kl'), ('TERM', 'xterm-256color'), ('GNOME_DESKTOP_SESSION_ID', 'this-is-deprecated'), ('ROS_LOCALHOST_ONLY', '0'), ('PATH', '/opt/ros/humble/bin:/usr/local/sbin:/usr/local/bin:/usr/sbin:/usr/bin:/sbin:/bin:/usr/games:/usr/local/games:/snap/bin:/snap/bin'), ('SESSION_MANAGER', 'local/XX:@/tmp/.ICE-unix/1940,unix/XX:/tmp/.ICE-unix/1940'), ('INVOCATION_ID', 'cf4dec3106cd4bafb4c4fa35474d2ba5'), ('XDG_MENU_PREFIX', 'gnome-'), ('GNOME_SETUP_DISPLAY', ':1'), ('XDG_RUNTIME_DIR', '/run/user/1000'), ('GDK_BACKEND', 'x11'), ('DISPLAY', ':0'), ('LANG', 'zh_CN.UTF-8'), ('XDG_CURRENT_DESKTOP', 'Unity'), ('XMODIFIERS', '@im=ibus'), ('XDG_SESSION_DESKTOP', 'ubuntu'), ('XAUTHORITY', '/run/user/1000/.mutter-Xwaylandauth.1CMU81'), ('VSCODE_GIT_IPC_HANDLE', '/run/user/1000/vscode-git-e1b967d37d.sock'), ('TERM_PROGRAM', 'vscode'), ('SSH_AGENT_LAUNCHER', 'gnome-keyring'), ('SSH_AUTH_SOCK', '/run/user/1000/keyring/ssh'), ('AMENT_PREFIX_PATH', '/home/kl/VS_CODE/Github_respository/ROS-_for_Study/ws01_plumbing/install/cpp04_prarm:/home/kl/VS_CODE/Github_respository/ROS-_for_Study/ws01_plumbing/install/py02_service:/home/kl/VS_CODE/Github_respository/ROS-_for_Study/ws01_plumbing/install/py01_topic_re:/home/kl/VS_CODE/Github_respository/ROS-_for_Study/ws01_plumbing/install/cpp03_action:/home/kl/VS_CODE/Github_respository/ROS-_for_Study/ws01_plumbing/install/cpp02_service:/home/kl/VS_CODE/Github_respository/ROS-_for_Study/ws01_plumbing/install/cpp01_topic_re:/home/kl/VS_CODE/Github_respository/ROS-_for_Study/ws01_plumbing/install/base_interfaces:/opt/ros/humble'), ('ORIGINAL_XDG_CURRENT_DESKTOP', 'Unity'), ('SHELL', '/bin/bash'), ('QT_ACCESSIBILITY', '1'), ('GDMSESSION', 'ubuntu'), ('GJS_DEBUG_OUTPUT', 'stderr'), ('VSCODE_GIT_ASKPASS_EXTRA_ARGS', '--ms-enable-electron-run-as-node'), ('QT_IM_MODULE', 'ibus'), ('PWD', '/home/kl/VS_CODE/Github_respository/ROS-_for_Study/ws01_plumbing/build/cpp04_prarm'), ('XDG_CONFIG_DIRS', '/etc/xdg/xdg-ubuntu:/etc/xdg'), ('XDG_DATA_DIRS', '/usr/share/ubuntu:/usr/local/share/:/usr/share/:/var/lib/snapd/desktop'), ('PYTHONPATH', '/home/kl/VS_CODE/Github_respository/ROS-_for_Study/ws01_plumbing/install/py02_service/lib/python3.10/site-packages:/home/kl/VS_CODE/Github_respository/ROS-_for_Study/ws01_plumbing/install/py01_topic_re/lib/python3.10/site-packages:/home/kl/VS_CODE/Github_respository/ROS-_for_Study/ws01_plumbing/install/base_interfaces/local/lib/python3.10/dist-packages:/opt/ros/humble/lib/python3.10/site-packages:/opt/ros/humble/local/lib/python3.10/dist-packages'), ('COLCON', '1'), ('LOCAL_GIT_DIRECTORY', '/usr/lib/github-desktop/resources/app/git'), ('CMAKE_PREFIX_PATH', '/home/kl/VS_CODE/Github_respository/ROS-_for_Study/ws01_plumbing/install/cpp04_prarm:/home/kl/VS_CODE/Github_respository/ROS-_for_Study/ws01_plumbing/install/cpp03_action:/home/kl/VS_CODE/Github_respository/ROS-_for_Study/ws01_plumbing/install/cpp02_service:/home/kl/VS_CODE/Github_respository/ROS-_for_Study/ws01_plumbing/install/cpp01_topic_re:/home/kl/VS_CODE/Github_respository/ROS-_for_Study/ws01_plumbing/install/base_interfaces:/home/kl/VS_CODE/Github_respository/ROS-_for_Study/ws01_plumbing/install/py02_service:/home/kl/VS_CODE/Github_respository/ROS-_for_Study/ws01_plumbing/install/py01_topic_re:/opt/ros/humble')]), 'shell': False}
[0.049915] (cpp04_prarm) StdoutLine: {'line': b'[ 50%] \x1b[32mBuilding CXX object CMakeFiles/demo00_param.dir/src/demo00_param.cpp.o\x1b[0m\n'}
[0.099888] (-) TimerEvent: {}
[0.200248] (-) TimerEvent: {}
[0.300606] (-) TimerEvent: {}
[0.401044] (-) TimerEvent: {}
[0.501421] (-) TimerEvent: {}
[0.601826] (-) TimerEvent: {}
[0.702096] (-) TimerEvent: {}
[0.802440] (-) TimerEvent: {}
[0.902773] (-) TimerEvent: {}
[1.003109] (-) TimerEvent: {}
[1.103488] (-) TimerEvent: {}
[1.204007] (-) TimerEvent: {}
[1.304424] (-) TimerEvent: {}
[1.404767] (-) TimerEvent: {}
[1.505108] (-) TimerEvent: {}
[1.605473] (-) TimerEvent: {}
[1.705818] (-) TimerEvent: {}
[1.806152] (-) TimerEvent: {}
[1.906422] (-) TimerEvent: {}
[2.006767] (-) TimerEvent: {}
[2.061941] (cpp04_prarm) StdoutLine: {'line': b'[100%] \x1b[32m\x1b[1mLinking CXX executable demo00_param\x1b[0m\n'}
[2.106913] (-) TimerEvent: {}
[2.143603] (cpp04_prarm) StdoutLine: {'line': b'[100%] Built target demo00_param\n'}
[2.151100] (cpp04_prarm) CommandEnded: {'returncode': 0}
[2.167600] (cpp04_prarm) JobProgress: {'identifier': 'cpp04_prarm', 'progress': 'install'}
[2.173454] (cpp04_prarm) Command: {'cmd': ['/usr/bin/cmake', '--install', '/home/kl/VS_CODE/Github_respository/ROS-_for_Study/ws01_plumbing/build/cpp04_prarm'], 'cwd': '/home/kl/VS_CODE/Github_respository/ROS-_for_Study/ws01_plumbing/build/cpp04_prarm', 'env': OrderedDict([('GJS_DEBUG_TOPICS', 'JS ERROR;JS LOG'), ('LANGUAGE', 'zh_CN:zh'), ('USER', 'kl'), ('XDG_SESSION_TYPE', 'wayland'), ('GIT_ASKPASS', '/usr/share/code/resources/app/extensions/git/dist/askpass.sh'), ('SHLVL', '1'), ('LD_LIBRARY_PATH', '/home/kl/VS_CODE/Github_respository/ROS-_for_Study/ws01_plumbing/install/base_interfaces/lib:/opt/ros/humble/opt/rviz_ogre_vendor/lib:/opt/ros/humble/lib/x86_64-linux-gnu:/opt/ros/humble/lib'), ('HOME', '/home/kl'), ('CHROME_DESKTOP', 'code-url-handler.desktop'), ('OLDPWD', '/home/kl/VS_CODE/Github_respository/ROS-_for_Study/ws01_plumbing/src'), ('TERM_PROGRAM_VERSION', '1.80.1'), ('DESKTOP_SESSION', 'ubuntu'), ('GIO_LAUNCHED_DESKTOP_FILE', '/usr/share/applications/github-desktop.desktop'), ('ROS_PYTHON_VERSION', '3'), ('GNOME_SHELL_SESSION_MODE', 'ubuntu'), ('GTK_MODULES', 'gail:atk-bridge'), ('VSCODE_GIT_ASKPASS_MAIN', '/usr/share/code/resources/app/extensions/git/dist/askpass-main.js'), ('VSCODE_GIT_ASKPASS_NODE', '/usr/share/code/code'), ('MANAGERPID', '1753'), ('SYSTEMD_EXEC_PID', '1967'), ('DBUS_SESSION_BUS_ADDRESS', 'unix:path=/run/user/1000/bus'), ('COLORTERM', 'truecolor'), ('GIO_LAUNCHED_DESKTOP_FILE_PID', '4716'), ('IM_CONFIG_PHASE', '1'), ('WAYLAND_DISPLAY', 'wayland-0'), ('COLCON_PREFIX_PATH', '/home/kl/VS_CODE/Github_respository/ROS-_for_Study/ws01_plumbing/install'), ('ROS_DISTRO', 'humble'), ('LOGNAME', 'kl'), ('JOURNAL_STREAM', '8:33903'), ('_', '/usr/bin/colcon'), ('ROS_VERSION', '2'), ('XDG_SESSION_CLASS', 'user'), ('USERNAME', 'kl'), ('TERM', 'xterm-256color'), ('GNOME_DESKTOP_SESSION_ID', 'this-is-deprecated'), ('ROS_LOCALHOST_ONLY', '0'), ('PATH', '/opt/ros/humble/bin:/usr/local/sbin:/usr/local/bin:/usr/sbin:/usr/bin:/sbin:/bin:/usr/games:/usr/local/games:/snap/bin:/snap/bin'), ('SESSION_MANAGER', 'local/XX:@/tmp/.ICE-unix/1940,unix/XX:/tmp/.ICE-unix/1940'), ('INVOCATION_ID', 'cf4dec3106cd4bafb4c4fa35474d2ba5'), ('XDG_MENU_PREFIX', 'gnome-'), ('GNOME_SETUP_DISPLAY', ':1'), ('XDG_RUNTIME_DIR', '/run/user/1000'), ('GDK_BACKEND', 'x11'), ('DISPLAY', ':0'), ('LANG', 'zh_CN.UTF-8'), ('XDG_CURRENT_DESKTOP', 'Unity'), ('XMODIFIERS', '@im=ibus'), ('XDG_SESSION_DESKTOP', 'ubuntu'), ('XAUTHORITY', '/run/user/1000/.mutter-Xwaylandauth.1CMU81'), ('VSCODE_GIT_IPC_HANDLE', '/run/user/1000/vscode-git-e1b967d37d.sock'), ('TERM_PROGRAM', 'vscode'), ('SSH_AGENT_LAUNCHER', 'gnome-keyring'), ('SSH_AUTH_SOCK', '/run/user/1000/keyring/ssh'), ('AMENT_PREFIX_PATH', '/home/kl/VS_CODE/Github_respository/ROS-_for_Study/ws01_plumbing/install/cpp04_prarm:/home/kl/VS_CODE/Github_respository/ROS-_for_Study/ws01_plumbing/install/py02_service:/home/kl/VS_CODE/Github_respository/ROS-_for_Study/ws01_plumbing/install/py01_topic_re:/home/kl/VS_CODE/Github_respository/ROS-_for_Study/ws01_plumbing/install/cpp03_action:/home/kl/VS_CODE/Github_respository/ROS-_for_Study/ws01_plumbing/install/cpp02_service:/home/kl/VS_CODE/Github_respository/ROS-_for_Study/ws01_plumbing/install/cpp01_topic_re:/home/kl/VS_CODE/Github_respository/ROS-_for_Study/ws01_plumbing/install/base_interfaces:/opt/ros/humble'), ('ORIGINAL_XDG_CURRENT_DESKTOP', 'Unity'), ('SHELL', '/bin/bash'), ('QT_ACCESSIBILITY', '1'), ('GDMSESSION', 'ubuntu'), ('GJS_DEBUG_OUTPUT', 'stderr'), ('VSCODE_GIT_ASKPASS_EXTRA_ARGS', '--ms-enable-electron-run-as-node'), ('QT_IM_MODULE', 'ibus'), ('PWD', '/home/kl/VS_CODE/Github_respository/ROS-_for_Study/ws01_plumbing/build/cpp04_prarm'), ('XDG_CONFIG_DIRS', '/etc/xdg/xdg-ubuntu:/etc/xdg'), ('XDG_DATA_DIRS', '/usr/share/ubuntu:/usr/local/share/:/usr/share/:/var/lib/snapd/desktop'), ('PYTHONPATH', '/home/kl/VS_CODE/Github_respository/ROS-_for_Study/ws01_plumbing/install/py02_service/lib/python3.10/site-packages:/home/kl/VS_CODE/Github_respository/ROS-_for_Study/ws01_plumbing/install/py01_topic_re/lib/python3.10/site-packages:/home/kl/VS_CODE/Github_respository/ROS-_for_Study/ws01_plumbing/install/base_interfaces/local/lib/python3.10/dist-packages:/opt/ros/humble/lib/python3.10/site-packages:/opt/ros/humble/local/lib/python3.10/dist-packages'), ('COLCON', '1'), ('LOCAL_GIT_DIRECTORY', '/usr/lib/github-desktop/resources/app/git'), ('CMAKE_PREFIX_PATH', '/home/kl/VS_CODE/Github_respository/ROS-_for_Study/ws01_plumbing/install/cpp04_prarm:/home/kl/VS_CODE/Github_respository/ROS-_for_Study/ws01_plumbing/install/cpp03_action:/home/kl/VS_CODE/Github_respository/ROS-_for_Study/ws01_plumbing/install/cpp02_service:/home/kl/VS_CODE/Github_respository/ROS-_for_Study/ws01_plumbing/install/cpp01_topic_re:/home/kl/VS_CODE/Github_respository/ROS-_for_Study/ws01_plumbing/install/base_interfaces:/home/kl/VS_CODE/Github_respository/ROS-_for_Study/ws01_plumbing/install/py02_service:/home/kl/VS_CODE/Github_respository/ROS-_for_Study/ws01_plumbing/install/py01_topic_re:/opt/ros/humble')]), 'shell': False}
[2.178673] (cpp04_prarm) StdoutLine: {'line': b'-- Install configuration: ""\n'}
[2.178803] (cpp04_prarm) StdoutLine: {'line': b'-- Installing: /home/kl/VS_CODE/Github_respository/ROS-_for_Study/ws01_plumbing/install/cpp04_prarm/lib/cpp04_prarm/demo00_param\n'}
[2.178936] (cpp04_prarm) StdoutLine: {'line': b'-- Set runtime path of "/home/kl/VS_CODE/Github_respository/ROS-_for_Study/ws01_plumbing/install/cpp04_prarm/lib/cpp04_prarm/demo00_param" to ""\n'}
[2.179037] (cpp04_prarm) StdoutLine: {'line': b'-- Up-to-date: /home/kl/VS_CODE/Github_respository/ROS-_for_Study/ws01_plumbing/install/cpp04_prarm/share/ament_index/resource_index/package_run_dependencies/cpp04_prarm\n'}
[2.179131] (cpp04_prarm) StdoutLine: {'line': b'-- Up-to-date: /home/kl/VS_CODE/Github_respository/ROS-_for_Study/ws01_plumbing/install/cpp04_prarm/share/ament_index/resource_index/parent_prefix_path/cpp04_prarm\n'}
[2.179229] (cpp04_prarm) StdoutLine: {'line': b'-- Up-to-date: /home/kl/VS_CODE/Github_respository/ROS-_for_Study/ws01_plumbing/install/cpp04_prarm/share/cpp04_prarm/environment/ament_prefix_path.sh\n'}
[2.179277] (cpp04_prarm) StdoutLine: {'line': b'-- Up-to-date: /home/kl/VS_CODE/Github_respository/ROS-_for_Study/ws01_plumbing/install/cpp04_prarm/share/cpp04_prarm/environment/ament_prefix_path.dsv\n'}
[2.179360] (cpp04_prarm) StdoutLine: {'line': b'-- Up-to-date: /home/kl/VS_CODE/Github_respository/ROS-_for_Study/ws01_plumbing/install/cpp04_prarm/share/cpp04_prarm/environment/path.sh\n'}
[2.179421] (cpp04_prarm) StdoutLine: {'line': b'-- Up-to-date: /home/kl/VS_CODE/Github_respository/ROS-_for_Study/ws01_plumbing/install/cpp04_prarm/share/cpp04_prarm/environment/path.dsv\n'}
[2.179467] (cpp04_prarm) StdoutLine: {'line': b'-- Up-to-date: /home/kl/VS_CODE/Github_respository/ROS-_for_Study/ws01_plumbing/install/cpp04_prarm/share/cpp04_prarm/local_setup.bash\n'}
[2.179512] (cpp04_prarm) StdoutLine: {'line': b'-- Up-to-date: /home/kl/VS_CODE/Github_respository/ROS-_for_Study/ws01_plumbing/install/cpp04_prarm/share/cpp04_prarm/local_setup.sh\n'}
[2.179557] (cpp04_prarm) StdoutLine: {'line': b'-- Up-to-date: /home/kl/VS_CODE/Github_respository/ROS-_for_Study/ws01_plumbing/install/cpp04_prarm/share/cpp04_prarm/local_setup.zsh\n'}
[2.179600] (cpp04_prarm) StdoutLine: {'line': b'-- Up-to-date: /home/kl/VS_CODE/Github_respository/ROS-_for_Study/ws01_plumbing/install/cpp04_prarm/share/cpp04_prarm/local_setup.dsv\n'}
[2.179643] (cpp04_prarm) StdoutLine: {'line': b'-- Installing: /home/kl/VS_CODE/Github_respository/ROS-_for_Study/ws01_plumbing/install/cpp04_prarm/share/cpp04_prarm/package.dsv\n'}
[2.179686] (cpp04_prarm) StdoutLine: {'line': b'-- Up-to-date: /home/kl/VS_CODE/Github_respository/ROS-_for_Study/ws01_plumbing/install/cpp04_prarm/share/ament_index/resource_index/packages/cpp04_prarm\n'}
[2.179729] (cpp04_prarm) StdoutLine: {'line': b'-- Up-to-date: /home/kl/VS_CODE/Github_respository/ROS-_for_Study/ws01_plumbing/install/cpp04_prarm/share/cpp04_prarm/cmake/cpp04_prarmConfig.cmake\n'}
[2.179773] (cpp04_prarm) StdoutLine: {'line': b'-- Up-to-date: /home/kl/VS_CODE/Github_respository/ROS-_for_Study/ws01_plumbing/install/cpp04_prarm/share/cpp04_prarm/cmake/cpp04_prarmConfig-version.cmake\n'}
[2.179817] (cpp04_prarm) StdoutLine: {'line': b'-- Up-to-date: /home/kl/VS_CODE/Github_respository/ROS-_for_Study/ws01_plumbing/install/cpp04_prarm/share/cpp04_prarm/package.xml\n'}
[2.181450] (cpp04_prarm) CommandEnded: {'returncode': 0}
[2.207018] (-) TimerEvent: {}
[2.215449] (cpp04_prarm) JobEnded: {'identifier': 'cpp04_prarm', 'rc': 0}
[2.216024] (-) EventReactorShutdown: {}
