[0.013s] Invoking command in '/home/kl/VS_CODE/Github_respository/ROS-_for_Study/ws01_plumbing/build/cpp04_prarm': CMAKE_PREFIX_PATH=${CMAKE_PREFIX_PATH}:/home/kl/VS_CODE/Github_respository/ROS-_for_Study/ws01_plumbing/install/py02_service:/home/kl/VS_CODE/Github_respository/ROS-_for_Study/ws01_plumbing/install/py01_topic_re:/opt/ros/humble /usr/bin/cmake --build /home/kl/VS_CODE/Github_respository/ROS-_for_Study/ws01_plumbing/build/cpp04_prarm -- -j8 -l8
[0.041s] [35m[1mConsolidate compiler generated dependencies of target demo02_param_client[0m
[0.050s] [ 50%] [32mBuilding CXX object CMakeFiles/demo01_param_server.dir/src/demo01_param_server.cpp.o[0m
[0.050s] [ 50%] Built target demo00_param
[0.055s] [ 66%] [32mBuilding CXX object CMakeFiles/demo02_param_client.dir/src/demo02_param_client.cpp.o[0m
[2.304s] [ 83%] [32m[1mLinking CXX executable demo01_param_server[0m
[2.371s] [100%] [32m[1mLinking CXX executable demo02_param_client[0m
[2.409s] [100%] Built target demo01_param_server
[2.468s] [100%] Built target demo02_param_client
[2.475s] Invoked command in '/home/kl/VS_CODE/Github_respository/ROS-_for_Study/ws01_plumbing/build/cpp04_prarm' returned '0': CMAKE_PREFIX_PATH=${CMAKE_PREFIX_PATH}:/home/kl/VS_CODE/Github_respository/ROS-_for_Study/ws01_plumbing/install/py02_service:/home/kl/VS_CODE/Github_respository/ROS-_for_Study/ws01_plumbing/install/py01_topic_re:/opt/ros/humble /usr/bin/cmake --build /home/kl/VS_CODE/Github_respository/ROS-_for_Study/ws01_plumbing/build/cpp04_prarm -- -j8 -l8
[2.498s] Invoking command in '/home/kl/VS_CODE/Github_respository/ROS-_for_Study/ws01_plumbing/build/cpp04_prarm': CMAKE_PREFIX_PATH=${CMAKE_PREFIX_PATH}:/home/kl/VS_CODE/Github_respository/ROS-_for_Study/ws01_plumbing/install/py02_service:/home/kl/VS_CODE/Github_respository/ROS-_for_Study/ws01_plumbing/install/py01_topic_re:/opt/ros/humble /usr/bin/cmake --install /home/kl/VS_CODE/Github_respository/ROS-_for_Study/ws01_plumbing/build/cpp04_prarm
[2.504s] -- Install configuration: ""
[2.504s] -- Up-to-date: /home/kl/VS_CODE/Github_respository/ROS-_for_Study/ws01_plumbing/install/cpp04_prarm/lib/cpp04_prarm/demo00_param
[2.504s] -- Installing: /home/kl/VS_CODE/Github_respository/ROS-_for_Study/ws01_plumbing/install/cpp04_prarm/lib/cpp04_prarm/demo01_param_server
[2.504s] -- Set runtime path of "/home/kl/VS_CODE/Github_respository/ROS-_for_Study/ws01_plumbing/install/cpp04_prarm/lib/cpp04_prarm/demo01_param_server" to ""
[2.504s] -- Installing: /home/kl/VS_CODE/Github_respository/ROS-_for_Study/ws01_plumbing/install/cpp04_prarm/lib/cpp04_prarm/demo02_param_client
[2.505s] -- Set runtime path of "/home/kl/VS_CODE/Github_respository/ROS-_for_Study/ws01_plumbing/install/cpp04_prarm/lib/cpp04_prarm/demo02_param_client" to ""
[2.505s] -- Up-to-date: /home/kl/VS_CODE/Github_respository/ROS-_for_Study/ws01_plumbing/install/cpp04_prarm/share/ament_index/resource_index/package_run_dependencies/cpp04_prarm
[2.505s] -- Up-to-date: /home/kl/VS_CODE/Github_respository/ROS-_for_Study/ws01_plumbing/install/cpp04_prarm/share/ament_index/resource_index/parent_prefix_path/cpp04_prarm
[2.505s] -- Up-to-date: /home/kl/VS_CODE/Github_respository/ROS-_for_Study/ws01_plumbing/install/cpp04_prarm/share/cpp04_prarm/environment/ament_prefix_path.sh
[2.505s] -- Up-to-date: /home/kl/VS_CODE/Github_respository/ROS-_for_Study/ws01_plumbing/install/cpp04_prarm/share/cpp04_prarm/environment/ament_prefix_path.dsv
[2.505s] -- Up-to-date: /home/kl/VS_CODE/Github_respository/ROS-_for_Study/ws01_plumbing/install/cpp04_prarm/share/cpp04_prarm/environment/path.sh
[2.505s] -- Up-to-date: /home/kl/VS_CODE/Github_respository/ROS-_for_Study/ws01_plumbing/install/cpp04_prarm/share/cpp04_prarm/environment/path.dsv
[2.505s] -- Up-to-date: /home/kl/VS_CODE/Github_respository/ROS-_for_Study/ws01_plumbing/install/cpp04_prarm/share/cpp04_prarm/local_setup.bash
[2.505s] -- Up-to-date: /home/kl/VS_CODE/Github_respository/ROS-_for_Study/ws01_plumbing/install/cpp04_prarm/share/cpp04_prarm/local_setup.sh
[2.505s] -- Up-to-date: /home/kl/VS_CODE/Github_respository/ROS-_for_Study/ws01_plumbing/install/cpp04_prarm/share/cpp04_prarm/local_setup.zsh
[2.505s] -- Up-to-date: /home/kl/VS_CODE/Github_respository/ROS-_for_Study/ws01_plumbing/install/cpp04_prarm/share/cpp04_prarm/local_setup.dsv
[2.505s] -- Installing: /home/kl/VS_CODE/Github_respository/ROS-_for_Study/ws01_plumbing/install/cpp04_prarm/share/cpp04_prarm/package.dsv
[2.506s] -- Up-to-date: /home/kl/VS_CODE/Github_respository/ROS-_for_Study/ws01_plumbing/install/cpp04_prarm/share/ament_index/resource_index/packages/cpp04_prarm
[2.506s] -- Up-to-date: /home/kl/VS_CODE/Github_respository/ROS-_for_Study/ws01_plumbing/install/cpp04_prarm/share/cpp04_prarm/cmake/cpp04_prarmConfig.cmake
[2.506s] -- Up-to-date: /home/kl/VS_CODE/Github_respository/ROS-_for_Study/ws01_plumbing/install/cpp04_prarm/share/cpp04_prarm/cmake/cpp04_prarmConfig-version.cmake
[2.506s] -- Up-to-date: /home/kl/VS_CODE/Github_respository/ROS-_for_Study/ws01_plumbing/install/cpp04_prarm/share/cpp04_prarm/package.xml
[2.507s] Invoked command in '/home/kl/VS_CODE/Github_respository/ROS-_for_Study/ws01_plumbing/build/cpp04_prarm' returned '0': CMAKE_PREFIX_PATH=${CMAKE_PREFIX_PATH}:/home/kl/VS_CODE/Github_respository/ROS-_for_Study/ws01_plumbing/install/py02_service:/home/kl/VS_CODE/Github_respository/ROS-_for_Study/ws01_plumbing/install/py01_topic_re:/opt/ros/humble /usr/bin/cmake --install /home/kl/VS_CODE/Github_respository/ROS-_for_Study/ws01_plumbing/build/cpp04_prarm
