[0.000000] (-) TimerEvent: {}
[0.000637] (-) JobUnselected: {'identifier': 'base_interfaces_demo'}
[0.000978] (-) JobUnselected: {'identifier': 'py01_topic'}
[0.001226] (cpp01_topic) JobQueued: {'identifier': 'cpp01_topic', 'dependencies': OrderedDict([('base_interfaces_demo', '/media/kl/数据/github/Github_respository/ROS-_for_Study/ws01_plumbing/install/base_interfaces_demo')])}
[0.001382] (cpp01_topic) JobStarted: {'identifier': 'cpp01_topic'}
[0.012657] (cpp01_topic) JobProgress: {'identifier': 'cpp01_topic', 'progress': 'cmake'}
[0.014291] (cpp01_topic) JobProgress: {'identifier': 'cpp01_topic', 'progress': 'build'}
[0.014961] (cpp01_topic) Command: {'cmd': ['/usr/bin/cmake', '--build', '/media/kl/数据/github/Github_respository/ROS-_for_Study/ws01_plumbing/build/cpp01_topic', '--', '-j8', '-l8'], 'cwd': '/media/kl/数据/github/Github_respository/ROS-_for_Study/ws01_plumbing/build/cpp01_topic', 'env': OrderedDict([('HTTPS_PROXY', 'http://127.0.0.1:7890/'), ('no_proxy', 'localhost,127.0.0.0/8,::1'), ('LANGUAGE', 'zh_CN:zh'), ('USER', 'kl'), ('all_proxy', 'socks://127.0.0.1:7891/'), ('XDG_SESSION_TYPE', 'wayland'), ('GIT_ASKPASS', '/usr/share/code/resources/app/extensions/git/dist/askpass.sh'), ('SHLVL', '2'), ('LD_LIBRARY_PATH', '/opt/ros/humble/opt/rviz_ogre_vendor/lib:/opt/ros/humble/lib/x86_64-linux-gnu:/opt/ros/humble/lib'), ('HOME', '/home/kl'), ('CHROME_DESKTOP', 'code-url-handler.desktop'), ('TERM_PROGRAM_VERSION', '1.80.1'), ('DESKTOP_SESSION', 'ubuntu'), ('NO_PROXY', 'localhost,127.0.0.0/8,::1'), ('ROS_PYTHON_VERSION', '3'), ('GNOME_SHELL_SESSION_MODE', 'ubuntu'), ('GTK_MODULES', 'gail:atk-bridge'), ('VSCODE_GIT_ASKPASS_MAIN', '/usr/share/code/resources/app/extensions/git/dist/askpass-main.js'), ('VSCODE_GIT_ASKPASS_NODE', '/usr/share/code/code'), ('DBUS_STARTER_BUS_TYPE', 'session'), ('SYSTEMD_EXEC_PID', '1910'), ('DBUS_SESSION_BUS_ADDRESS', 'unix:path=/run/user/1000/bus,guid=c761aaef553e0430294ba5cc64bdcb24'), ('COLORTERM', 'truecolor'), ('IM_CONFIG_PHASE', '1'), ('WAYLAND_DISPLAY', 'wayland-0'), ('https_proxy', 'http://127.0.0.1:7890/'), ('COLCON_PREFIX_PATH', '/media/kl/数据/github/Github_respository/ROS-_for_Study/ws00_helloworld/install'), ('ROS_DISTRO', 'humble'), ('LOGNAME', 'kl'), ('ALL_PROXY', 'socks://127.0.0.1:7891/'), ('http_proxy', 'http://127.0.0.1:7890/'), ('_', '/usr/bin/colcon'), ('ROS_VERSION', '2'), ('XDG_SESSION_CLASS', 'user'), ('USERNAME', 'kl'), ('TERM', 'xterm-256color'), ('GNOME_DESKTOP_SESSION_ID', 'this-is-deprecated'), ('ROS_LOCALHOST_ONLY', '0'), ('PATH', '/opt/ros/humble/bin:/usr/local/sbin:/usr/local/bin:/usr/sbin:/usr/bin:/sbin:/bin:/usr/games:/usr/local/games:/snap/bin:/snap/bin'), ('SESSION_MANAGER', 'local/XX:@/tmp/.ICE-unix/1910,unix/XX:/tmp/.ICE-unix/1910'), ('XDG_MENU_PREFIX', 'gnome-'), ('GNOME_TERMINAL_SCREEN', '/org/gnome/Terminal/screen/f3c6e3ba_1240_4580_aeae_127dd0cc2f0f'), ('GNOME_SETUP_DISPLAY', ':1'), ('XDG_RUNTIME_DIR', '/run/user/1000'), ('GDK_BACKEND', 'x11'), ('DISPLAY', ':0'), ('LANG', 'zh_CN.UTF-8'), ('XDG_CURRENT_DESKTOP', 'Unity'), ('XMODIFIERS', '@im=ibus'), ('XDG_SESSION_DESKTOP', 'ubuntu'), ('XAUTHORITY', '/run/user/1000/.mutter-Xwaylandauth.FRV971'), ('VSCODE_GIT_IPC_HANDLE', '/run/user/1000/vscode-git-4cf657e907.sock'), ('GNOME_TERMINAL_SERVICE', ':1.1230'), ('TERM_PROGRAM', 'vscode'), ('SSH_AGENT_LAUNCHER', 'gnome-keyring'), ('SSH_AUTH_SOCK', '/run/user/1000/keyring/ssh'), ('AMENT_PREFIX_PATH', '/media/kl/数据/github/Github_respository/ROS-_for_Study/ws01_plumbing/install/base_interfaces_demo:/media/kl/数据/github/Github_respository/ROS-_for_Study/ws00_helloworld/install/pkg02_helloworld_py:/media/kl/数据/github/Github_respository/ROS-_for_Study/ws00_helloworld/install/pkg01_helloworld_cpp:/opt/ros/humble'), ('ORIGINAL_XDG_CURRENT_DESKTOP', 'ubuntu:GNOME'), ('SHELL', '/bin/bash'), ('QT_ACCESSIBILITY', '1'), ('GDMSESSION', 'ubuntu'), ('VSCODE_GIT_ASKPASS_EXTRA_ARGS', '--ms-enable-electron-run-as-node'), ('QT_IM_MODULE', 'ibus'), ('PWD', '/media/kl/数据/github/Github_respository/ROS-_for_Study/ws01_plumbing/build/cpp01_topic'), ('XDG_CONFIG_DIRS', '/etc/xdg/xdg-ubuntu:/etc/xdg'), ('DBUS_STARTER_ADDRESS', 'unix:path=/run/user/1000/bus,guid=c761aaef553e0430294ba5cc64bdcb24'), ('XDG_DATA_DIRS', '/usr/share/ubuntu:/usr/local/share/:/usr/share/:/var/lib/snapd/desktop'), ('PYTHONPATH', '/media/kl/数据/github/Github_respository/ROS-_for_Study/ws00_helloworld/install/pkg02_helloworld_py/lib/python3.10/site-packages:/opt/ros/humble/lib/python3.10/site-packages:/opt/ros/humble/local/lib/python3.10/dist-packages'), ('HTTP_PROXY', 'http://127.0.0.1:7890/'), ('COLCON', '1'), ('VTE_VERSION', '6800'), ('CMAKE_PREFIX_PATH', '/media/kl/数据/github/Github_respository/ROS-_for_Study/ws01_plumbing/install/base_interfaces_demo:/media/kl/数据/github/Github_respository/ROS-_for_Study/ws00_helloworld/install/pkg01_helloworld_cpp:/media/kl/数据/github/Github_respository/ROS-_for_Study/ws00_helloworld/install/pkg02_helloworld_py:/opt/ros/humble')]), 'shell': False}
[0.049224] (cpp01_topic) StdoutLine: {'line': b'\x1b[35m\x1b[1mConsolidate compiler generated dependencies of target demo01_talker_str\x1b[0m\n'}
[0.090755] (cpp01_topic) StdoutLine: {'line': b'[ 50%] \x1b[32mBuilding CXX object CMakeFiles/demo01_talker_str.dir/src/demo01_talker_str.cpp.o\x1b[0m\n'}
[0.099616] (-) TimerEvent: {}
[0.199919] (-) TimerEvent: {}
[0.300259] (-) TimerEvent: {}
[0.400772] (-) TimerEvent: {}
[0.501248] (-) TimerEvent: {}
[0.601716] (-) TimerEvent: {}
[0.702347] (-) TimerEvent: {}
[0.802819] (-) TimerEvent: {}
[0.903231] (-) TimerEvent: {}
[1.003746] (-) TimerEvent: {}
[1.104231] (-) TimerEvent: {}
[1.204716] (-) TimerEvent: {}
[1.305228] (-) TimerEvent: {}
[1.405675] (-) TimerEvent: {}
[1.506186] (-) TimerEvent: {}
[1.606701] (-) TimerEvent: {}
[1.707405] (-) TimerEvent: {}
[1.783737] (cpp01_topic) StderrLine: {'line': b'\x1b[01m\x1b[K/media/kl/\xe6\x95\xb0\xe6\x8d\xae/github/Github_respository/ROS-_for_Study/ws01_plumbing/src/cpp01_topic/src/demo01_talker_str.cpp:27:21:\x1b[m\x1b[K \x1b[01;31m\x1b[Kerror: \x1b[m\x1b[K\xe2\x80\x98\x1b[01m\x1b[Kstd_msg\x1b[m\x1b[K\xe2\x80\x99 was not declared in this scope; did you mean \xe2\x80\x98\x1b[01m\x1b[Kstd_msgs\x1b[m\x1b[K\xe2\x80\x99?\n'}
[1.784047] (cpp01_topic) StderrLine: {'line': b'   27 |   rclcpp::Publisher<\x1b[01;31m\x1b[Kstd_msg\x1b[m\x1b[K::msg::String>::SharedPtr publisher_;\n'}
[1.784201] (cpp01_topic) StderrLine: {'line': b'      |                     \x1b[01;31m\x1b[K^~~~~~~\x1b[m\x1b[K\n'}
[1.784320] (cpp01_topic) StderrLine: {'line': b'      |                     \x1b[32m\x1b[Kstd_msgs\x1b[m\x1b[K\n'}
[1.784456] (cpp01_topic) StderrLine: {'line': b'\x1b[01m\x1b[K/media/kl/\xe6\x95\xb0\xe6\x8d\xae/github/Github_respository/ROS-_for_Study/ws01_plumbing/src/cpp01_topic/src/demo01_talker_str.cpp:27:41:\x1b[m\x1b[K \x1b[01;31m\x1b[Kerror: \x1b[m\x1b[Ktemplate argument 1 is invalid\n'}
[1.784578] (cpp01_topic) StderrLine: {'line': b'   27 |   rclcpp::Publisher<std_msg::msg::String\x1b[01;31m\x1b[K>\x1b[m\x1b[K::SharedPtr publisher_;\n'}
[1.784704] (cpp01_topic) StderrLine: {'line': b'      |                                         \x1b[01;31m\x1b[K^\x1b[m\x1b[K\n'}
[1.784884] (cpp01_topic) StderrLine: {'line': b'\x1b[01m\x1b[K/media/kl/\xe6\x95\xb0\xe6\x8d\xae/github/Github_respository/ROS-_for_Study/ws01_plumbing/src/cpp01_topic/src/demo01_talker_str.cpp:27:44:\x1b[m\x1b[K \x1b[01;31m\x1b[Kerror: \x1b[m\x1b[Kexpected \xe2\x80\x98\x1b[01m\x1b[K;\x1b[m\x1b[K\xe2\x80\x99 at end of member declaration\n'}
[1.785104] (cpp01_topic) StderrLine: {'line': b'   27 |   rclcpp::Publisher<std_msg::msg::String>::\x1b[01;31m\x1b[KSharedPtr\x1b[m\x1b[K publisher_;\n'}
[1.785255] (cpp01_topic) StderrLine: {'line': b'      |                                            \x1b[01;31m\x1b[K^~~~~~~~~\x1b[m\x1b[K\n'}
[1.785414] (cpp01_topic) StderrLine: {'line': b'      |                                                     \x1b[32m\x1b[K;\x1b[m\x1b[K\n'}
[1.785568] (cpp01_topic) StderrLine: {'line': b'\x1b[01m\x1b[K/media/kl/\xe6\x95\xb0\xe6\x8d\xae/github/Github_respository/ROS-_for_Study/ws01_plumbing/src/cpp01_topic/src/demo01_talker_str.cpp:27:54:\x1b[m\x1b[K \x1b[01;31m\x1b[Kerror: \x1b[m\x1b[K\xe2\x80\x98\x1b[01m\x1b[Kpublisher_\x1b[m\x1b[K\xe2\x80\x99 does not name a type; did you mean \xe2\x80\x98\x1b[01m\x1b[Krmw_publisher_t\x1b[m\x1b[K\xe2\x80\x99?\n'}
[1.785753] (cpp01_topic) StderrLine: {'line': b'   27 |   rclcpp::Publisher<std_msg::msg::String>::SharedPtr \x1b[01;31m\x1b[Kpublisher_\x1b[m\x1b[K;\n'}
[1.785915] (cpp01_topic) StderrLine: {'line': b'      |                                                      \x1b[01;31m\x1b[K^~~~~~~~~~\x1b[m\x1b[K\n'}
[1.786060] (cpp01_topic) StderrLine: {'line': b'      |                                                      \x1b[32m\x1b[Krmw_publisher_t\x1b[m\x1b[K\n'}
[1.791061] (cpp01_topic) StderrLine: {'line': b'\x1b[01m\x1b[K/media/kl/\xe6\x95\xb0\xe6\x8d\xae/github/Github_respository/ROS-_for_Study/ws01_plumbing/src/cpp01_topic/src/demo01_talker_str.cpp:\x1b[m\x1b[K In constructor \xe2\x80\x98\x1b[01m\x1b[KTalker::Talker()\x1b[m\x1b[K\xe2\x80\x99:\n'}
[1.791334] (cpp01_topic) StderrLine: {'line': b'\x1b[01m\x1b[K/media/kl/\xe6\x95\xb0\xe6\x8d\xae/github/Github_respository/ROS-_for_Study/ws01_plumbing/src/cpp01_topic/src/demo01_talker_str.cpp:11:5:\x1b[m\x1b[K \x1b[01;31m\x1b[Kerror: \x1b[m\x1b[K\xe2\x80\x98\x1b[01m\x1b[Kpublisher_\x1b[m\x1b[K\xe2\x80\x99 was not declared in this scope; did you mean \xe2\x80\x98\x1b[01m\x1b[Krmw_publisher_t\x1b[m\x1b[K\xe2\x80\x99?\n'}
[1.791527] (cpp01_topic) StderrLine: {'line': b'   11 |     \x1b[01;31m\x1b[Kpublisher_\x1b[m\x1b[K = this->create_publisher<std_msgs::msg::String()>("chatter",10);\n'}
[1.791710] (cpp01_topic) StderrLine: {'line': b'      |     \x1b[01;31m\x1b[K^~~~~~~~~~\x1b[m\x1b[K\n'}
[1.791873] (cpp01_topic) StderrLine: {'line': b'      |     \x1b[32m\x1b[Krmw_publisher_t\x1b[m\x1b[K\n'}
[1.807466] (cpp01_topic) StderrLine: {'line': b'\x1b[01m\x1b[K/media/kl/\xe6\x95\xb0\xe6\x8d\xae/github/Github_respository/ROS-_for_Study/ws01_plumbing/src/cpp01_topic/src/demo01_talker_str.cpp:\x1b[m\x1b[K In member function \xe2\x80\x98\x1b[01m\x1b[Kvoid Talker::on_timer()\x1b[m\x1b[K\xe2\x80\x99:\n'}
[1.807794] (-) TimerEvent: {}
[1.807943] (cpp01_topic) StderrLine: {'line': b'\x1b[01m\x1b[K/media/kl/\xe6\x95\xb0\xe6\x8d\xae/github/Github_respository/ROS-_for_Study/ws01_plumbing/src/cpp01_topic/src/demo01_talker_str.cpp:23:7:\x1b[m\x1b[K \x1b[01;31m\x1b[Kerror: \x1b[m\x1b[K\xe2\x80\x98\x1b[01m\x1b[Kpublisher_\x1b[m\x1b[K\xe2\x80\x99 was not declared in this scope; did you mean \xe2\x80\x98\x1b[01m\x1b[Krmw_publisher_t\x1b[m\x1b[K\xe2\x80\x99?\n'}
[1.808229] (cpp01_topic) StderrLine: {'line': b'   23 |       \x1b[01;31m\x1b[Kpublisher_\x1b[m\x1b[K ->publish();\n'}
[1.808518] (cpp01_topic) StderrLine: {'line': b'      |       \x1b[01;31m\x1b[K^~~~~~~~~~\x1b[m\x1b[K\n'}
[1.808708] (cpp01_topic) StderrLine: {'line': b'      |       \x1b[32m\x1b[Krmw_publisher_t\x1b[m\x1b[K\n'}
[1.907930] (-) TimerEvent: {}
[2.008511] (-) TimerEvent: {}
[2.037125] (cpp01_topic) StderrLine: {'line': b'In file included from \x1b[01m\x1b[K/opt/ros/humble/include/rclcpp/rclcpp/topic_statistics/subscription_topic_statistics.hpp:31\x1b[m\x1b[K,\n'}
[2.037437] (cpp01_topic) StderrLine: {'line': b'                 from \x1b[01m\x1b[K/opt/ros/humble/include/rclcpp/rclcpp/subscription.hpp:50\x1b[m\x1b[K,\n'}
[2.037565] (cpp01_topic) StderrLine: {'line': b'                 from \x1b[01m\x1b[K/opt/ros/humble/include/rclcpp/rclcpp/any_executable.hpp:25\x1b[m\x1b[K,\n'}
[2.037680] (cpp01_topic) StderrLine: {'line': b'                 from \x1b[01m\x1b[K/opt/ros/humble/include/rclcpp/rclcpp/memory_strategy.hpp:25\x1b[m\x1b[K,\n'}
[2.037882] (cpp01_topic) StderrLine: {'line': b'                 from \x1b[01m\x1b[K/opt/ros/humble/include/rclcpp/rclcpp/memory_strategies.hpp:18\x1b[m\x1b[K,\n'}
[2.038005] (cpp01_topic) StderrLine: {'line': b'                 from \x1b[01m\x1b[K/opt/ros/humble/include/rclcpp/rclcpp/executor_options.hpp:20\x1b[m\x1b[K,\n'}
[2.038120] (cpp01_topic) StderrLine: {'line': b'                 from \x1b[01m\x1b[K/opt/ros/humble/include/rclcpp/rclcpp/executor.hpp:37\x1b[m\x1b[K,\n'}
[2.038249] (cpp01_topic) StderrLine: {'line': b'                 from \x1b[01m\x1b[K/opt/ros/humble/include/rclcpp/rclcpp/executors/multi_threaded_executor.hpp:25\x1b[m\x1b[K,\n'}
[2.038404] (cpp01_topic) StderrLine: {'line': b'                 from \x1b[01m\x1b[K/opt/ros/humble/include/rclcpp/rclcpp/executors.hpp:21\x1b[m\x1b[K,\n'}
[2.038562] (cpp01_topic) StderrLine: {'line': b'                 from \x1b[01m\x1b[K/opt/ros/humble/include/rclcpp/rclcpp/rclcpp.hpp:155\x1b[m\x1b[K,\n'}
[2.038694] (cpp01_topic) StderrLine: {'line': b'                 from \x1b[01m\x1b[K/media/kl/\xe6\x95\xb0\xe6\x8d\xae/github/Github_respository/ROS-_for_Study/ws01_plumbing/src/cpp01_topic/src/demo01_talker_str.cpp:1\x1b[m\x1b[K:\n'}
[2.038874] (cpp01_topic) StderrLine: {'line': b'/opt/ros/humble/include/rclcpp/rclcpp/publisher.hpp: In instantiation of \xe2\x80\x98\x1b[01m\x1b[Kclass rclcpp::Publisher<std_msgs::msg::String_<std::allocator<void> >(), std::allocator<void> >\x1b[m\x1b[K\xe2\x80\x99:\n'}
[2.039219] (cpp01_topic) StderrLine: {'line': b'\x1b[01m\x1b[K/opt/ros/humble/include/rclcpp/rclcpp/publisher_factory.hpp:80:18:\x1b[m\x1b[K   required from \xe2\x80\x98\x1b[01m\x1b[Krclcpp::PublisherFactory rclcpp::create_publisher_factory(const rclcpp::PublisherOptionsWithAllocator<AllocatorT>&) [with MessageT = std_msgs::msg::String_<std::allocator<void> >(); AllocatorT = std::allocator<void>; PublisherT = rclcpp::Publisher<std_msgs::msg::String_<std::allocator<void> >(), std::allocator<void> >]\x1b[m\x1b[K\xe2\x80\x99\n'}
[2.039418] (cpp01_topic) StderrLine: {'line': b'\x1b[01m\x1b[K/opt/ros/humble/include/rclcpp/rclcpp/create_publisher.hpp:67:71:\x1b[m\x1b[K   required from \xe2\x80\x98\x1b[01m\x1b[Kstd::shared_ptr<PublisherT> rclcpp::detail::create_publisher(NodeParametersT&, NodeTopicsT&, const string&, const rclcpp::QoS&, const rclcpp::PublisherOptionsWithAllocator<AllocatorT>&) [with MessageT = std_msgs::msg::String_<std::allocator<void> >(); AllocatorT = std::allocator<void>; PublisherT = rclcpp::Publisher<std_msgs::msg::String_<std::allocator<void> >(), std::allocator<void> >; NodeParametersT = rclcpp::Node; NodeTopicsT = rclcpp::Node; std::string = std::__cxx11::basic_string<char>]\x1b[m\x1b[K\xe2\x80\x99\n'}
[2.039590] (cpp01_topic) StderrLine: {'line': b'\x1b[01m\x1b[K/opt/ros/humble/include/rclcpp/rclcpp/create_publisher.hpp:103:68:\x1b[m\x1b[K   required from \xe2\x80\x98\x1b[01m\x1b[Kstd::shared_ptr<PublisherT> rclcpp::create_publisher(NodeT&&, const string&, const rclcpp::QoS&, const rclcpp::PublisherOptionsWithAllocator<AllocatorT>&) [with MessageT = std_msgs::msg::String_<std::allocator<void> >(); AllocatorT = std::allocator<void>; PublisherT = rclcpp::Publisher<std_msgs::msg::String_<std::allocator<void> >(), std::allocator<void> >; NodeT = rclcpp::Node&; std::string = std::__cxx11::basic_string<char>]\x1b[m\x1b[K\xe2\x80\x99\n'}
[2.039720] (cpp01_topic) StderrLine: {'line': b'\x1b[01m\x1b[K/opt/ros/humble/include/rclcpp/rclcpp/node_impl.hpp:78:68:\x1b[m\x1b[K   required from \xe2\x80\x98\x1b[01m\x1b[Kstd::shared_ptr<PublisherT> rclcpp::Node::create_publisher(const string&, const rclcpp::QoS&, const rclcpp::PublisherOptionsWithAllocator<AllocatorT>&) [with MessageT = std_msgs::msg::String_<std::allocator<void> >(); AllocatorT = std::allocator<void>; PublisherT = rclcpp::Publisher<std_msgs::msg::String_<std::allocator<void> >(), std::allocator<void> >; std::string = std::__cxx11::basic_string<char>]\x1b[m\x1b[K\xe2\x80\x99\n'}
[2.039851] (cpp01_topic) StderrLine: {'line': b'\x1b[01m\x1b[K/media/kl/\xe6\x95\xb0\xe6\x8d\xae/github/Github_respository/ROS-_for_Study/ws01_plumbing/src/cpp01_topic/src/demo01_talker_str.cpp:11:65:\x1b[m\x1b[K   required from here\n'}
[2.039977] (cpp01_topic) StderrLine: {'line': b'\x1b[01m\x1b[K/opt/ros/humble/include/rclcpp/rclcpp/publisher.hpp:81:47:\x1b[m\x1b[K \x1b[01;31m\x1b[Kerror: \x1b[m\x1b[Kstatic assertion failed: given message type is not compatible with ROS and cannot be used with a Publisher\n'}
[2.040165] (cpp01_topic) StderrLine: {'line': b'   81 |     rclcpp::is_ros_compatible_type<MessageT>::\x1b[01;31m\x1b[Kvalue\x1b[m\x1b[K,\n'}
[2.040415] (cpp01_topic) StderrLine: {'line': b'      |                                               \x1b[01;31m\x1b[K^~~~~\x1b[m\x1b[K\n'}
[2.040587] (cpp01_topic) StderrLine: {'line': b'\x1b[01m\x1b[K/opt/ros/humble/include/rclcpp/rclcpp/publisher.hpp:81:47:\x1b[m\x1b[K \x1b[01;36m\x1b[Knote: \x1b[m\x1b[K\xe2\x80\x98\x1b[01m\x1b[Krclcpp::is_ros_compatible_type<std_msgs::msg::String_<std::allocator<void> >()>::value\x1b[m\x1b[K\xe2\x80\x99 evaluates to false\n'}
[2.040752] (cpp01_topic) StderrLine: {'line': b'In file included from \x1b[01m\x1b[K/usr/include/x86_64-linux-gnu/c++/11/bits/c++allocator.h:33\x1b[m\x1b[K,\n'}
[2.040916] (cpp01_topic) StderrLine: {'line': b'                 from \x1b[01m\x1b[K/usr/include/c++/11/bits/allocator.h:46\x1b[m\x1b[K,\n'}
[2.041112] (cpp01_topic) StderrLine: {'line': b'                 from \x1b[01m\x1b[K/usr/include/c++/11/memory:64\x1b[m\x1b[K,\n'}
[2.041265] (cpp01_topic) StderrLine: {'line': b'                 from \x1b[01m\x1b[K/opt/ros/humble/include/rclcpp/rclcpp/rclcpp.hpp:153\x1b[m\x1b[K,\n'}
[2.041394] (cpp01_topic) StderrLine: {'line': b'                 from \x1b[01m\x1b[K/media/kl/\xe6\x95\xb0\xe6\x8d\xae/github/Github_respository/ROS-_for_Study/ws01_plumbing/src/cpp01_topic/src/demo01_talker_str.cpp:1\x1b[m\x1b[K:\n'}
[2.041525] (cpp01_topic) StderrLine: {'line': b'/usr/include/c++/11/ext/new_allocator.h: In instantiation of \xe2\x80\x98\x1b[01m\x1b[Kclass __gnu_cxx::new_allocator<std_msgs::msg::String_<std::allocator<void> >()>\x1b[m\x1b[K\xe2\x80\x99:\n'}
[2.041738] (cpp01_topic) StderrLine: {'line': b'\x1b[01m\x1b[K/usr/include/c++/11/bits/allocator.h:124:11:\x1b[m\x1b[K   required from \xe2\x80\x98\x1b[01m\x1b[Kclass std::allocator<std_msgs::msg::String_<std::allocator<void> >()>\x1b[m\x1b[K\xe2\x80\x99\n'}
[2.041978] (cpp01_topic) StderrLine: {'line': b'\x1b[01m\x1b[K/opt/ros/humble/include/rclcpp/rclcpp/publisher.hpp:595:26:\x1b[m\x1b[K   required from \xe2\x80\x98\x1b[01m\x1b[Kclass rclcpp::Publisher<std_msgs::msg::String_<std::allocator<void> >(), std::allocator<void> >\x1b[m\x1b[K\xe2\x80\x99\n'}
[2.042180] (cpp01_topic) StderrLine: {'line': b'\x1b[01m\x1b[K/opt/ros/humble/include/rclcpp/rclcpp/publisher_factory.hpp:80:18:\x1b[m\x1b[K   required from \xe2\x80\x98\x1b[01m\x1b[Krclcpp::PublisherFactory rclcpp::create_publisher_factory(const rclcpp::PublisherOptionsWithAllocator<AllocatorT>&) [with MessageT = std_msgs::msg::String_<std::allocator<void> >(); AllocatorT = std::allocator<void>; PublisherT = rclcpp::Publisher<std_msgs::msg::String_<std::allocator<void> >(), std::allocator<void> >]\x1b[m\x1b[K\xe2\x80\x99\n'}
[2.042539] (cpp01_topic) StderrLine: {'line': b'\x1b[01m\x1b[K/opt/ros/humble/include/rclcpp/rclcpp/create_publisher.hpp:67:71:\x1b[m\x1b[K   required from \xe2\x80\x98\x1b[01m\x1b[Kstd::shared_ptr<PublisherT> rclcpp::detail::create_publisher(NodeParametersT&, NodeTopicsT&, const string&, const rclcpp::QoS&, const rclcpp::PublisherOptionsWithAllocator<AllocatorT>&) [with MessageT = std_msgs::msg::String_<std::allocator<void> >(); AllocatorT = std::allocator<void>; PublisherT = rclcpp::Publisher<std_msgs::msg::String_<std::allocator<void> >(), std::allocator<void> >; NodeParametersT = rclcpp::Node; NodeTopicsT = rclcpp::Node; std::string = std::__cxx11::basic_string<char>]\x1b[m\x1b[K\xe2\x80\x99\n'}
[2.042739] (cpp01_topic) StderrLine: {'line': b'\x1b[01m\x1b[K/opt/ros/humble/include/rclcpp/rclcpp/create_publisher.hpp:103:68:\x1b[m\x1b[K   required from \xe2\x80\x98\x1b[01m\x1b[Kstd::shared_ptr<PublisherT> rclcpp::create_publisher(NodeT&&, const string&, const rclcpp::QoS&, const rclcpp::PublisherOptionsWithAllocator<AllocatorT>&) [with MessageT = std_msgs::msg::String_<std::allocator<void> >(); AllocatorT = std::allocator<void>; PublisherT = rclcpp::Publisher<std_msgs::msg::String_<std::allocator<void> >(), std::allocator<void> >; NodeT = rclcpp::Node&; std::string = std::__cxx11::basic_string<char>]\x1b[m\x1b[K\xe2\x80\x99\n'}
[2.042971] (cpp01_topic) StderrLine: {'line': b'\x1b[01m\x1b[K/opt/ros/humble/include/rclcpp/rclcpp/node_impl.hpp:78:68:\x1b[m\x1b[K   required from \xe2\x80\x98\x1b[01m\x1b[Kstd::shared_ptr<PublisherT> rclcpp::Node::create_publisher(const string&, const rclcpp::QoS&, const rclcpp::PublisherOptionsWithAllocator<AllocatorT>&) [with MessageT = std_msgs::msg::String_<std::allocator<void> >(); AllocatorT = std::allocator<void>; PublisherT = rclcpp::Publisher<std_msgs::msg::String_<std::allocator<void> >(), std::allocator<void> >; std::string = std::__cxx11::basic_string<char>]\x1b[m\x1b[K\xe2\x80\x99\n'}
[2.043239] (cpp01_topic) StderrLine: {'line': b'\x1b[01m\x1b[K/media/kl/\xe6\x95\xb0\xe6\x8d\xae/github/Github_respository/ROS-_for_Study/ws01_plumbing/src/cpp01_topic/src/demo01_talker_str.cpp:11:65:\x1b[m\x1b[K   required from here\n'}
[2.043373] (cpp01_topic) StderrLine: {'line': b'\x1b[01m\x1b[K/usr/include/c++/11/ext/new_allocator.h:96:7:\x1b[m\x1b[K \x1b[01;31m\x1b[Kerror: \x1b[m\x1b[K\xe2\x80\x98\x1b[01m\x1b[Kconst _Tp* __gnu_cxx::new_allocator<_Tp>::address(__gnu_cxx::new_allocator<_Tp>::const_reference) const [with _Tp = std_msgs::msg::String_<std::allocator<void> >(); __gnu_cxx::new_allocator<_Tp>::const_pointer = std_msgs::msg::String_<std::allocator<void> > (*)(); __gnu_cxx::new_allocator<_Tp>::const_reference = std_msgs::msg::String_<std::allocator<void> > (&)()]\x1b[m\x1b[K\xe2\x80\x99 cannot be overloaded with \xe2\x80\x98\x1b[01m\x1b[K_Tp* __gnu_cxx::new_allocator<_Tp>::address(__gnu_cxx::new_allocator<_Tp>::reference) const [with _Tp = std_msgs::msg::String_<std::allocator<void> >(); __gnu_cxx::new_allocator<_Tp>::pointer = std_msgs::msg::String_<std::allocator<void> > (*)(); __gnu_cxx::new_allocator<_Tp>::reference = std_msgs::msg::String_<std::allocator<void> > (&)()]\x1b[m\x1b[K\xe2\x80\x99\n'}
[2.043519] (cpp01_topic) StderrLine: {'line': b'   96 |       \x1b[01;31m\x1b[Kaddress\x1b[m\x1b[K(const_reference __x) const _GLIBCXX_NOEXCEPT\n'}
[2.043633] (cpp01_topic) StderrLine: {'line': b'      |       \x1b[01;31m\x1b[K^~~~~~~\x1b[m\x1b[K\n'}
[2.043747] (cpp01_topic) StderrLine: {'line': b'\x1b[01m\x1b[K/usr/include/c++/11/ext/new_allocator.h:92:7:\x1b[m\x1b[K \x1b[01;36m\x1b[Knote: \x1b[m\x1b[Kprevious declaration \xe2\x80\x98\x1b[01m\x1b[K_Tp* __gnu_cxx::new_allocator<_Tp>::address(__gnu_cxx::new_allocator<_Tp>::reference) const [with _Tp = std_msgs::msg::String_<std::allocator<void> >(); __gnu_cxx::new_allocator<_Tp>::pointer = std_msgs::msg::String_<std::allocator<void> > (*)(); __gnu_cxx::new_allocator<_Tp>::reference = std_msgs::msg::String_<std::allocator<void> > (&)()]\x1b[m\x1b[K\xe2\x80\x99\n'}
[2.043855] (cpp01_topic) StderrLine: {'line': b'   92 |       \x1b[01;36m\x1b[Kaddress\x1b[m\x1b[K(reference __x) const _GLIBCXX_NOEXCEPT\n'}
[2.043963] (cpp01_topic) StderrLine: {'line': b'      |       \x1b[01;36m\x1b[K^~~~~~~\x1b[m\x1b[K\n'}
[2.108621] (-) TimerEvent: {}
[2.208981] (-) TimerEvent: {}
[2.243382] (cpp01_topic) StderrLine: {'line': b'In file included from \x1b[01m\x1b[K/usr/include/c++/11/future:47\x1b[m\x1b[K,\n'}
[2.244256] (cpp01_topic) StderrLine: {'line': b'                 from \x1b[01m\x1b[K/opt/ros/humble/include/rclcpp/rclcpp/executors.hpp:18\x1b[m\x1b[K,\n'}
[2.244413] (cpp01_topic) StderrLine: {'line': b'                 from \x1b[01m\x1b[K/opt/ros/humble/include/rclcpp/rclcpp/rclcpp.hpp:155\x1b[m\x1b[K,\n'}
[2.244550] (cpp01_topic) StderrLine: {'line': b'                 from \x1b[01m\x1b[K/media/kl/\xe6\x95\xb0\xe6\x8d\xae/github/Github_respository/ROS-_for_Study/ws01_plumbing/src/cpp01_topic/src/demo01_talker_str.cpp:1\x1b[m\x1b[K:\n'}
[2.244668] (cpp01_topic) StderrLine: {'line': b'\x1b[01m\x1b[K/usr/include/c++/11/bits/std_function.h:\x1b[m\x1b[K At global scope:\n'}
[2.244782] (cpp01_topic) StderrLine: {'line': b'\x1b[01m\x1b[K/usr/include/c++/11/bits/std_function.h:435:9:\x1b[m\x1b[K \x1b[01;31m\x1b[Kerror: \x1b[m\x1b[K\xe2\x80\x98\x1b[01m\x1b[Kstd::function<_Res(_ArgTypes ...)>::function(_Functor&&) [with _Functor = rclcpp::create_publisher_factory<std_msgs::msg::String_<std::allocator<void> >(), std::allocator<void>, rclcpp::Publisher<std_msgs::msg::String_<std::allocator<void> >(), std::allocator<void> > >(const rclcpp::PublisherOptionsWithAllocator<std::allocator<void> >&)::<lambda(rclcpp::node_interfaces::NodeBaseInterface*, const string&, const rclcpp::QoS&)>; _Constraints = void; _Res = std::shared_ptr<rclcpp::PublisherBase>; _ArgTypes = {rclcpp::node_interfaces::NodeBaseInterface*, const std::__cxx11::basic_string<char, std::char_traits<char>, std::allocator<char> >&, const rclcpp::QoS&}]\x1b[m\x1b[K\xe2\x80\x99, declared using local type \xe2\x80\x98\x1b[01m\x1b[Krclcpp::create_publisher_factory<std_msgs::msg::String_<std::allocator<void> >(), std::allocator<void>, rclcpp::Publisher<std_msgs::msg::String_<std::allocator<void> >(), std::allocator<void> > >(const rclcpp::PublisherOptionsWithAllocator<std::allocator<void> >&)::<lambda(rclcpp::node_interfaces::NodeBaseInterface*, const string&, const rclcpp::QoS&)>\x1b[m\x1b[K\xe2\x80\x99, is used but never defined [\x1b[01;31m\x1b[K\x1b]8;;https://gcc.gnu.org/onlinedocs/gcc/Warning-Options.html#index-fpermissive\x07-fpermissive\x1b]8;;\x07\x1b[m\x1b[K]\n'}
[2.244937] (cpp01_topic) StderrLine: {'line': b'  435 |         \x1b[01;31m\x1b[Kfunction\x1b[m\x1b[K(_Functor&& __f)\n'}
[2.245054] (cpp01_topic) StderrLine: {'line': b'      |         \x1b[01;31m\x1b[K^~~~~~~~\x1b[m\x1b[K\n'}
[2.288816] (cpp01_topic) StderrLine: {'line': b'gmake[2]: *** [CMakeFiles/demo01_talker_str.dir/build.make:76\xef\xbc\x9aCMakeFiles/demo01_talker_str.dir/src/demo01_talker_str.cpp.o] \xe9\x94\x99\xe8\xaf\xaf 1\n'}
[2.289313] (cpp01_topic) StderrLine: {'line': b'gmake[1]: *** [CMakeFiles/Makefile2:137\xef\xbc\x9aCMakeFiles/demo01_talker_str.dir/all] \xe9\x94\x99\xe8\xaf\xaf 2\n'}
[2.289805] (cpp01_topic) StderrLine: {'line': b'gmake: *** [Makefile:146\xef\xbc\x9aall] \xe9\x94\x99\xe8\xaf\xaf 2\n'}
[2.291646] (cpp01_topic) CommandEnded: {'returncode': 2}
[2.309730] (-) TimerEvent: {}
[2.329747] (cpp01_topic) JobEnded: {'identifier': 'cpp01_topic', 'rc': 2}
[2.340648] (-) EventReactorShutdown: {}
