[0.187s] DEBUG:colcon:Command line arguments: ['/usr/bin/colcon', 'build', '--packages-select', 'cpp02_service']
[0.187s] DEBUG:colcon:Parsed command line arguments: Namespace(log_base=None, log_level=None, verb_name='build', build_base='build', install_base='install', merge_install=False, symlink_install=False, test_result_base=None, continue_on_error=False, executor='parallel', parallel_workers=8, event_handlers=None, ignore_user_meta=False, metas=['./colcon.meta'], base_paths=['.'], packages_ignore=None, packages_ignore_regex=None, paths=None, packages_up_to=None, packages_up_to_regex=None, packages_above=None, packages_above_and_dependencies=None, packages_above_depth=None, packages_select_by_dep=None, packages_skip_by_dep=None, packages_skip_up_to=None, packages_select_build_failed=False, packages_skip_build_finished=False, packages_select_test_failures=False, packages_skip_test_passed=False, packages_select=['cpp02_service'], packages_skip=None, packages_select_regex=None, packages_skip_regex=None, packages_start=None, packages_end=None, allow_overriding=[], cmake_args=None, cmake_target=None, cmake_target_skip_unavailable=False, cmake_clean_cache=False, cmake_clean_first=False, cmake_force_configure=False, ament_cmake_args=None, catkin_cmake_args=None, catkin_skip_building_tests=False, verb_parser=<colcon_defaults.argument_parser.defaults.DefaultArgumentsDecorator object at 0x7ff7b3835a50>, verb_extension=<colcon_core.verb.build.BuildVerb object at 0x7ff7b4057c40>, main=<bound method BuildVerb.main of <colcon_core.verb.build.BuildVerb object at 0x7ff7b4057c40>>)
[0.209s] Level 1:colcon.colcon_core.package_discovery:discover_packages(colcon_meta) check parameters
[0.209s] Level 1:colcon.colcon_core.package_discovery:discover_packages(recursive) check parameters
[0.209s] Level 1:colcon.colcon_core.package_discovery:discover_packages(ignore) check parameters
[0.209s] Level 1:colcon.colcon_core.package_discovery:discover_packages(path) check parameters
[0.209s] Level 1:colcon.colcon_core.package_discovery:discover_packages(colcon_meta) discover
[0.209s] Level 1:colcon.colcon_core.package_discovery:discover_packages(recursive) discover
[0.209s] INFO:colcon.colcon_core.package_discovery:Crawling recursively for packages in '/home/kl/VS_CODE/Github_respository/ROS-_for_Study/ws01_plumbing'
[0.209s] Level 1:colcon.colcon_core.package_identification:_identify(.) by extensions ['ignore', 'ignore_ament_install']
[0.209s] Level 1:colcon.colcon_core.package_identification:_identify(.) by extension 'ignore'
[0.209s] Level 1:colcon.colcon_core.package_identification:_identify(.) by extension 'ignore_ament_install'
[0.209s] Level 1:colcon.colcon_core.package_identification:_identify(.) by extensions ['colcon_pkg']
[0.209s] Level 1:colcon.colcon_core.package_identification:_identify(.) by extension 'colcon_pkg'
[0.209s] Level 1:colcon.colcon_core.package_identification:_identify(.) by extensions ['colcon_meta']
[0.209s] Level 1:colcon.colcon_core.package_identification:_identify(.) by extension 'colcon_meta'
[0.209s] Level 1:colcon.colcon_core.package_identification:_identify(.) by extensions ['ros']
[0.209s] Level 1:colcon.colcon_core.package_identification:_identify(.) by extension 'ros'
[0.216s] Level 1:colcon.colcon_core.package_identification:_identify(.) by extensions ['cmake', 'python']
[0.216s] Level 1:colcon.colcon_core.package_identification:_identify(.) by extension 'cmake'
[0.216s] Level 1:colcon.colcon_core.package_identification:_identify(.) by extension 'python'
[0.216s] Level 1:colcon.colcon_core.package_identification:_identify(.) by extensions ['python_setup_py']
[0.216s] Level 1:colcon.colcon_core.package_identification:_identify(.) by extension 'python_setup_py'
[0.217s] Level 1:colcon.colcon_core.package_identification:_identify(build) by extensions ['ignore', 'ignore_ament_install']
[0.217s] Level 1:colcon.colcon_core.package_identification:_identify(build) by extension 'ignore'
[0.217s] Level 1:colcon.colcon_core.package_identification:_identify(build) ignored
[0.217s] Level 1:colcon.colcon_core.package_identification:_identify(install) by extensions ['ignore', 'ignore_ament_install']
[0.217s] Level 1:colcon.colcon_core.package_identification:_identify(install) by extension 'ignore'
[0.217s] Level 1:colcon.colcon_core.package_identification:_identify(install) ignored
[0.217s] Level 1:colcon.colcon_core.package_identification:_identify(log) by extensions ['ignore', 'ignore_ament_install']
[0.217s] Level 1:colcon.colcon_core.package_identification:_identify(log) by extension 'ignore'
[0.217s] Level 1:colcon.colcon_core.package_identification:_identify(log) ignored
[0.217s] Level 1:colcon.colcon_core.package_identification:_identify(src) by extensions ['ignore', 'ignore_ament_install']
[0.217s] Level 1:colcon.colcon_core.package_identification:_identify(src) by extension 'ignore'
[0.217s] Level 1:colcon.colcon_core.package_identification:_identify(src) by extension 'ignore_ament_install'
[0.217s] Level 1:colcon.colcon_core.package_identification:_identify(src) by extensions ['colcon_pkg']
[0.217s] Level 1:colcon.colcon_core.package_identification:_identify(src) by extension 'colcon_pkg'
[0.217s] Level 1:colcon.colcon_core.package_identification:_identify(src) by extensions ['colcon_meta']
[0.217s] Level 1:colcon.colcon_core.package_identification:_identify(src) by extension 'colcon_meta'
[0.217s] Level 1:colcon.colcon_core.package_identification:_identify(src) by extensions ['ros']
[0.217s] Level 1:colcon.colcon_core.package_identification:_identify(src) by extension 'ros'
[0.217s] Level 1:colcon.colcon_core.package_identification:_identify(src) by extensions ['cmake', 'python']
[0.217s] Level 1:colcon.colcon_core.package_identification:_identify(src) by extension 'cmake'
[0.217s] Level 1:colcon.colcon_core.package_identification:_identify(src) by extension 'python'
[0.217s] Level 1:colcon.colcon_core.package_identification:_identify(src) by extensions ['python_setup_py']
[0.217s] Level 1:colcon.colcon_core.package_identification:_identify(src) by extension 'python_setup_py'
[0.217s] Level 1:colcon.colcon_core.package_identification:_identify(src/base_interfaces) by extensions ['ignore', 'ignore_ament_install']
[0.217s] Level 1:colcon.colcon_core.package_identification:_identify(src/base_interfaces) by extension 'ignore'
[0.217s] Level 1:colcon.colcon_core.package_identification:_identify(src/base_interfaces) by extension 'ignore_ament_install'
[0.218s] Level 1:colcon.colcon_core.package_identification:_identify(src/base_interfaces) by extensions ['colcon_pkg']
[0.218s] Level 1:colcon.colcon_core.package_identification:_identify(src/base_interfaces) by extension 'colcon_pkg'
[0.218s] Level 1:colcon.colcon_core.package_identification:_identify(src/base_interfaces) by extensions ['colcon_meta']
[0.218s] Level 1:colcon.colcon_core.package_identification:_identify(src/base_interfaces) by extension 'colcon_meta'
[0.218s] Level 1:colcon.colcon_core.package_identification:_identify(src/base_interfaces) by extensions ['ros']
[0.218s] Level 1:colcon.colcon_core.package_identification:_identify(src/base_interfaces) by extension 'ros'
[0.219s] DEBUG:colcon.colcon_core.package_identification:Package 'src/base_interfaces' with type 'ros.ament_cmake' and name 'base_interfaces'
[0.219s] Level 1:colcon.colcon_core.package_identification:_identify(src/cpp01_topic_re) by extensions ['ignore', 'ignore_ament_install']
[0.219s] Level 1:colcon.colcon_core.package_identification:_identify(src/cpp01_topic_re) by extension 'ignore'
[0.219s] Level 1:colcon.colcon_core.package_identification:_identify(src/cpp01_topic_re) by extension 'ignore_ament_install'
[0.219s] Level 1:colcon.colcon_core.package_identification:_identify(src/cpp01_topic_re) by extensions ['colcon_pkg']
[0.219s] Level 1:colcon.colcon_core.package_identification:_identify(src/cpp01_topic_re) by extension 'colcon_pkg'
[0.219s] Level 1:colcon.colcon_core.package_identification:_identify(src/cpp01_topic_re) by extensions ['colcon_meta']
[0.219s] Level 1:colcon.colcon_core.package_identification:_identify(src/cpp01_topic_re) by extension 'colcon_meta'
[0.219s] Level 1:colcon.colcon_core.package_identification:_identify(src/cpp01_topic_re) by extensions ['ros']
[0.220s] Level 1:colcon.colcon_core.package_identification:_identify(src/cpp01_topic_re) by extension 'ros'
[0.220s] DEBUG:colcon.colcon_core.package_identification:Package 'src/cpp01_topic_re' with type 'ros.ament_cmake' and name 'cpp01_topic_re'
[0.220s] Level 1:colcon.colcon_core.package_identification:_identify(src/cpp02_service) by extensions ['ignore', 'ignore_ament_install']
[0.220s] Level 1:colcon.colcon_core.package_identification:_identify(src/cpp02_service) by extension 'ignore'
[0.220s] Level 1:colcon.colcon_core.package_identification:_identify(src/cpp02_service) by extension 'ignore_ament_install'
[0.220s] Level 1:colcon.colcon_core.package_identification:_identify(src/cpp02_service) by extensions ['colcon_pkg']
[0.220s] Level 1:colcon.colcon_core.package_identification:_identify(src/cpp02_service) by extension 'colcon_pkg'
[0.220s] Level 1:colcon.colcon_core.package_identification:_identify(src/cpp02_service) by extensions ['colcon_meta']
[0.220s] Level 1:colcon.colcon_core.package_identification:_identify(src/cpp02_service) by extension 'colcon_meta'
[0.220s] Level 1:colcon.colcon_core.package_identification:_identify(src/cpp02_service) by extensions ['ros']
[0.220s] Level 1:colcon.colcon_core.package_identification:_identify(src/cpp02_service) by extension 'ros'
[0.220s] DEBUG:colcon.colcon_core.package_identification:Package 'src/cpp02_service' with type 'ros.ament_cmake' and name 'cpp02_service'
[0.221s] Level 1:colcon.colcon_core.package_identification:_identify(src/py01_topic_re) by extensions ['ignore', 'ignore_ament_install']
[0.221s] Level 1:colcon.colcon_core.package_identification:_identify(src/py01_topic_re) by extension 'ignore'
[0.221s] Level 1:colcon.colcon_core.package_identification:_identify(src/py01_topic_re) by extension 'ignore_ament_install'
[0.221s] Level 1:colcon.colcon_core.package_identification:_identify(src/py01_topic_re) by extensions ['colcon_pkg']
[0.221s] Level 1:colcon.colcon_core.package_identification:_identify(src/py01_topic_re) by extension 'colcon_pkg'
[0.221s] Level 1:colcon.colcon_core.package_identification:_identify(src/py01_topic_re) by extensions ['colcon_meta']
[0.221s] Level 1:colcon.colcon_core.package_identification:_identify(src/py01_topic_re) by extension 'colcon_meta'
[0.221s] Level 1:colcon.colcon_core.package_identification:_identify(src/py01_topic_re) by extensions ['ros']
[0.221s] Level 1:colcon.colcon_core.package_identification:_identify(src/py01_topic_re) by extension 'ros'
[0.221s] DEBUG:colcon.colcon_core.package_identification:Package 'src/py01_topic_re' with type 'ros.ament_python' and name 'py01_topic_re'
[0.221s] Level 1:colcon.colcon_core.package_identification:_identify(src/py02_service) by extensions ['ignore', 'ignore_ament_install']
[0.221s] Level 1:colcon.colcon_core.package_identification:_identify(src/py02_service) by extension 'ignore'
[0.221s] Level 1:colcon.colcon_core.package_identification:_identify(src/py02_service) by extension 'ignore_ament_install'
[0.221s] Level 1:colcon.colcon_core.package_identification:_identify(src/py02_service) by extensions ['colcon_pkg']
[0.221s] Level 1:colcon.colcon_core.package_identification:_identify(src/py02_service) by extension 'colcon_pkg'
[0.221s] Level 1:colcon.colcon_core.package_identification:_identify(src/py02_service) by extensions ['colcon_meta']
[0.221s] Level 1:colcon.colcon_core.package_identification:_identify(src/py02_service) by extension 'colcon_meta'
[0.221s] Level 1:colcon.colcon_core.package_identification:_identify(src/py02_service) by extensions ['ros']
[0.221s] Level 1:colcon.colcon_core.package_identification:_identify(src/py02_service) by extension 'ros'
[0.222s] DEBUG:colcon.colcon_core.package_identification:Package 'src/py02_service' with type 'ros.ament_python' and name 'py02_service'
[0.222s] Level 1:colcon.colcon_core.package_discovery:discover_packages(recursive) using defaults
[0.222s] Level 1:colcon.colcon_core.package_discovery:discover_packages(ignore) discover
[0.222s] Level 1:colcon.colcon_core.package_discovery:discover_packages(ignore) using defaults
[0.222s] Level 1:colcon.colcon_core.package_discovery:discover_packages(path) discover
[0.222s] Level 1:colcon.colcon_core.package_discovery:discover_packages(path) using defaults
[0.237s] INFO:colcon.colcon_core.package_selection:Skipping not selected package 'base_interfaces' in 'src/base_interfaces'
[0.237s] INFO:colcon.colcon_core.package_selection:Skipping not selected package 'cpp01_topic_re' in 'src/cpp01_topic_re'
[0.237s] INFO:colcon.colcon_core.package_selection:Skipping not selected package 'py01_topic_re' in 'src/py01_topic_re'
[0.237s] INFO:colcon.colcon_core.package_selection:Skipping not selected package 'py02_service' in 'src/py02_service'
[0.237s] Level 1:colcon.colcon_core.package_discovery:discover_packages(prefix_path) check parameters
[0.237s] Level 1:colcon.colcon_core.package_discovery:discover_packages(prefix_path) discover
[0.239s] DEBUG:colcon.colcon_installed_package_information.package_discovery:Found 5 installed packages in /home/kl/VS_CODE/Github_respository/ROS-_for_Study/ws01_plumbing/install
[0.240s] DEBUG:colcon.colcon_installed_package_information.package_discovery:Found 270 installed packages in /opt/ros/humble
[0.240s] Level 1:colcon.colcon_core.package_discovery:discover_packages(prefix_path) using defaults
[0.276s] Level 5:colcon.colcon_core.verb:set package 'cpp02_service' build argument 'cmake_args' from command line to 'None'
[0.276s] Level 5:colcon.colcon_core.verb:set package 'cpp02_service' build argument 'cmake_target' from command line to 'None'
[0.276s] Level 5:colcon.colcon_core.verb:set package 'cpp02_service' build argument 'cmake_target_skip_unavailable' from command line to 'False'
[0.277s] Level 5:colcon.colcon_core.verb:set package 'cpp02_service' build argument 'cmake_clean_cache' from command line to 'False'
[0.277s] Level 5:colcon.colcon_core.verb:set package 'cpp02_service' build argument 'cmake_clean_first' from command line to 'False'
[0.277s] Level 5:colcon.colcon_core.verb:set package 'cpp02_service' build argument 'cmake_force_configure' from command line to 'False'
[0.277s] Level 5:colcon.colcon_core.verb:set package 'cpp02_service' build argument 'ament_cmake_args' from command line to 'None'
[0.277s] Level 5:colcon.colcon_core.verb:set package 'cpp02_service' build argument 'catkin_cmake_args' from command line to 'None'
[0.277s] Level 5:colcon.colcon_core.verb:set package 'cpp02_service' build argument 'catkin_skip_building_tests' from command line to 'False'
[0.277s] DEBUG:colcon.colcon_core.verb:Building package 'cpp02_service' with the following arguments: {'ament_cmake_args': None, 'build_base': '/home/kl/VS_CODE/Github_respository/ROS-_for_Study/ws01_plumbing/build/cpp02_service', 'catkin_cmake_args': None, 'catkin_skip_building_tests': False, 'cmake_args': None, 'cmake_clean_cache': False, 'cmake_clean_first': False, 'cmake_force_configure': False, 'cmake_target': None, 'cmake_target_skip_unavailable': False, 'install_base': '/home/kl/VS_CODE/Github_respository/ROS-_for_Study/ws01_plumbing/install/cpp02_service', 'merge_install': False, 'path': '/home/kl/VS_CODE/Github_respository/ROS-_for_Study/ws01_plumbing/src/cpp02_service', 'symlink_install': False, 'test_result_base': None}
[0.278s] INFO:colcon.colcon_core.executor:Executing jobs using 'parallel' executor
[0.280s] DEBUG:colcon.colcon_parallel_executor.executor.parallel:run_until_complete
[0.281s] INFO:colcon.colcon_ros.task.ament_cmake.build:Building ROS package in '/home/kl/VS_CODE/Github_respository/ROS-_for_Study/ws01_plumbing/src/cpp02_service' with build type 'ament_cmake'
[0.281s] INFO:colcon.colcon_cmake.task.cmake.build:Building CMake package in '/home/kl/VS_CODE/Github_respository/ROS-_for_Study/ws01_plumbing/src/cpp02_service'
[0.285s] INFO:colcon.colcon_core.plugin_system:Skipping extension 'colcon_core.shell.bat': Not used on non-Windows systems
[0.285s] INFO:colcon.colcon_core.shell:Skip shell extension 'powershell' for command environment: Not usable outside of PowerShell
[0.285s] DEBUG:colcon.colcon_core.shell:Skip shell extension 'dsv' for command environment
[0.294s] DEBUG:colcon.colcon_core.event_handler.log_command:Invoking command in '/home/kl/VS_CODE/Github_respository/ROS-_for_Study/ws01_plumbing/build/cpp02_service': CMAKE_PREFIX_PATH=/home/kl/VS_CODE/Github_respository/ROS-_for_Study/ws01_plumbing/install/base_interfaces:/home/kl/VS_CODE/Github_respository/ROS-_for_Study/ws01_plumbing/install/cpp02_service:/home/kl/VS_CODE/Github_respository/ROS-_for_Study/ws01_plumbing/install/cpp01_topic_re:/home/kl/VS_CODE/Github_respository/ROS-_for_Study/ws01_plumbing/install/py01_topic_re:/opt/ros/humble /usr/bin/cmake --build /home/kl/VS_CODE/Github_respository/ROS-_for_Study/ws01_plumbing/build/cpp02_service -- -j8 -l8
[2.787s] DEBUG:colcon.colcon_core.event_handler.log_command:Invoked command in '/home/kl/VS_CODE/Github_respository/ROS-_for_Study/ws01_plumbing/build/cpp02_service' returned '0': CMAKE_PREFIX_PATH=/home/kl/VS_CODE/Github_respository/ROS-_for_Study/ws01_plumbing/install/base_interfaces:/home/kl/VS_CODE/Github_respository/ROS-_for_Study/ws01_plumbing/install/cpp02_service:/home/kl/VS_CODE/Github_respository/ROS-_for_Study/ws01_plumbing/install/cpp01_topic_re:/home/kl/VS_CODE/Github_respository/ROS-_for_Study/ws01_plumbing/install/py01_topic_re:/opt/ros/humble /usr/bin/cmake --build /home/kl/VS_CODE/Github_respository/ROS-_for_Study/ws01_plumbing/build/cpp02_service -- -j8 -l8
[2.812s] DEBUG:colcon.colcon_core.event_handler.log_command:Invoking command in '/home/kl/VS_CODE/Github_respository/ROS-_for_Study/ws01_plumbing/build/cpp02_service': CMAKE_PREFIX_PATH=/home/kl/VS_CODE/Github_respository/ROS-_for_Study/ws01_plumbing/install/base_interfaces:/home/kl/VS_CODE/Github_respository/ROS-_for_Study/ws01_plumbing/install/cpp02_service:/home/kl/VS_CODE/Github_respository/ROS-_for_Study/ws01_plumbing/install/cpp01_topic_re:/home/kl/VS_CODE/Github_respository/ROS-_for_Study/ws01_plumbing/install/py01_topic_re:/opt/ros/humble /usr/bin/cmake --install /home/kl/VS_CODE/Github_respository/ROS-_for_Study/ws01_plumbing/build/cpp02_service
[2.821s] Level 1:colcon.colcon_core.environment:create_environment_scripts_only(cpp02_service)
[2.823s] DEBUG:colcon.colcon_core.event_handler.log_command:Invoked command in '/home/kl/VS_CODE/Github_respository/ROS-_for_Study/ws01_plumbing/build/cpp02_service' returned '0': CMAKE_PREFIX_PATH=/home/kl/VS_CODE/Github_respository/ROS-_for_Study/ws01_plumbing/install/base_interfaces:/home/kl/VS_CODE/Github_respository/ROS-_for_Study/ws01_plumbing/install/cpp02_service:/home/kl/VS_CODE/Github_respository/ROS-_for_Study/ws01_plumbing/install/cpp01_topic_re:/home/kl/VS_CODE/Github_respository/ROS-_for_Study/ws01_plumbing/install/py01_topic_re:/opt/ros/humble /usr/bin/cmake --install /home/kl/VS_CODE/Github_respository/ROS-_for_Study/ws01_plumbing/build/cpp02_service
[2.826s] Level 1:colcon.colcon_core.environment:checking '/home/kl/VS_CODE/Github_respository/ROS-_for_Study/ws01_plumbing/install/cpp02_service' for CMake module files
[2.827s] Level 1:colcon.colcon_core.environment:checking '/home/kl/VS_CODE/Github_respository/ROS-_for_Study/ws01_plumbing/install/cpp02_service' for CMake config files
[2.827s] Level 1:colcon.colcon_core.shell:create_environment_hook('cpp02_service', 'cmake_prefix_path')
[2.828s] INFO:colcon.colcon_core.shell:Creating environment hook '/home/kl/VS_CODE/Github_respository/ROS-_for_Study/ws01_plumbing/install/cpp02_service/share/cpp02_service/hook/cmake_prefix_path.ps1'
[2.828s] INFO:colcon.colcon_core.shell:Creating environment descriptor '/home/kl/VS_CODE/Github_respository/ROS-_for_Study/ws01_plumbing/install/cpp02_service/share/cpp02_service/hook/cmake_prefix_path.dsv'
[2.828s] INFO:colcon.colcon_core.shell:Creating environment hook '/home/kl/VS_CODE/Github_respository/ROS-_for_Study/ws01_plumbing/install/cpp02_service/share/cpp02_service/hook/cmake_prefix_path.sh'
[2.829s] Level 1:colcon.colcon_core.environment:checking '/home/kl/VS_CODE/Github_respository/ROS-_for_Study/ws01_plumbing/install/cpp02_service/lib'
[2.829s] Level 1:colcon.colcon_core.environment:checking '/home/kl/VS_CODE/Github_respository/ROS-_for_Study/ws01_plumbing/install/cpp02_service/bin'
[2.829s] Level 1:colcon.colcon_core.environment:checking '/home/kl/VS_CODE/Github_respository/ROS-_for_Study/ws01_plumbing/install/cpp02_service/lib/pkgconfig/cpp02_service.pc'
[2.829s] Level 1:colcon.colcon_core.environment:checking '/home/kl/VS_CODE/Github_respository/ROS-_for_Study/ws01_plumbing/install/cpp02_service/lib/python3.10/site-packages'
[2.830s] Level 1:colcon.colcon_core.environment:checking '/home/kl/VS_CODE/Github_respository/ROS-_for_Study/ws01_plumbing/install/cpp02_service/bin'
[2.830s] INFO:colcon.colcon_core.shell:Creating package script '/home/kl/VS_CODE/Github_respository/ROS-_for_Study/ws01_plumbing/install/cpp02_service/share/cpp02_service/package.ps1'
[2.831s] INFO:colcon.colcon_core.shell:Creating package descriptor '/home/kl/VS_CODE/Github_respository/ROS-_for_Study/ws01_plumbing/install/cpp02_service/share/cpp02_service/package.dsv'
[2.831s] INFO:colcon.colcon_core.shell:Creating package script '/home/kl/VS_CODE/Github_respository/ROS-_for_Study/ws01_plumbing/install/cpp02_service/share/cpp02_service/package.sh'
[2.832s] INFO:colcon.colcon_core.shell:Creating package script '/home/kl/VS_CODE/Github_respository/ROS-_for_Study/ws01_plumbing/install/cpp02_service/share/cpp02_service/package.bash'
[2.832s] INFO:colcon.colcon_core.shell:Creating package script '/home/kl/VS_CODE/Github_respository/ROS-_for_Study/ws01_plumbing/install/cpp02_service/share/cpp02_service/package.zsh'
[2.833s] Level 1:colcon.colcon_core.environment:create_file_with_runtime_dependencies(/home/kl/VS_CODE/Github_respository/ROS-_for_Study/ws01_plumbing/install/cpp02_service/share/colcon-core/packages/cpp02_service)
[2.851s] Level 1:colcon.colcon_core.environment:create_environment_scripts_only(cpp02_service)
[2.852s] Level 1:colcon.colcon_core.environment:checking '/home/kl/VS_CODE/Github_respository/ROS-_for_Study/ws01_plumbing/install/cpp02_service' for CMake module files
[2.853s] Level 1:colcon.colcon_core.environment:checking '/home/kl/VS_CODE/Github_respository/ROS-_for_Study/ws01_plumbing/install/cpp02_service' for CMake config files
[2.853s] Level 1:colcon.colcon_core.shell:create_environment_hook('cpp02_service', 'cmake_prefix_path')
[2.854s] INFO:colcon.colcon_core.shell:Creating environment hook '/home/kl/VS_CODE/Github_respository/ROS-_for_Study/ws01_plumbing/install/cpp02_service/share/cpp02_service/hook/cmake_prefix_path.ps1'
[2.854s] INFO:colcon.colcon_core.shell:Creating environment descriptor '/home/kl/VS_CODE/Github_respository/ROS-_for_Study/ws01_plumbing/install/cpp02_service/share/cpp02_service/hook/cmake_prefix_path.dsv'
[2.854s] INFO:colcon.colcon_core.shell:Creating environment hook '/home/kl/VS_CODE/Github_respository/ROS-_for_Study/ws01_plumbing/install/cpp02_service/share/cpp02_service/hook/cmake_prefix_path.sh'
[2.855s] Level 1:colcon.colcon_core.environment:checking '/home/kl/VS_CODE/Github_respository/ROS-_for_Study/ws01_plumbing/install/cpp02_service/lib'
[2.855s] Level 1:colcon.colcon_core.environment:checking '/home/kl/VS_CODE/Github_respository/ROS-_for_Study/ws01_plumbing/install/cpp02_service/bin'
[2.855s] Level 1:colcon.colcon_core.environment:checking '/home/kl/VS_CODE/Github_respository/ROS-_for_Study/ws01_plumbing/install/cpp02_service/lib/pkgconfig/cpp02_service.pc'
[2.855s] Level 1:colcon.colcon_core.environment:checking '/home/kl/VS_CODE/Github_respository/ROS-_for_Study/ws01_plumbing/install/cpp02_service/lib/python3.10/site-packages'
[2.855s] Level 1:colcon.colcon_core.environment:checking '/home/kl/VS_CODE/Github_respository/ROS-_for_Study/ws01_plumbing/install/cpp02_service/bin'
[2.856s] INFO:colcon.colcon_core.shell:Creating package script '/home/kl/VS_CODE/Github_respository/ROS-_for_Study/ws01_plumbing/install/cpp02_service/share/cpp02_service/package.ps1'
[2.856s] INFO:colcon.colcon_core.shell:Creating package descriptor '/home/kl/VS_CODE/Github_respository/ROS-_for_Study/ws01_plumbing/install/cpp02_service/share/cpp02_service/package.dsv'
[2.856s] INFO:colcon.colcon_core.shell:Creating package script '/home/kl/VS_CODE/Github_respository/ROS-_for_Study/ws01_plumbing/install/cpp02_service/share/cpp02_service/package.sh'
[2.857s] INFO:colcon.colcon_core.shell:Creating package script '/home/kl/VS_CODE/Github_respository/ROS-_for_Study/ws01_plumbing/install/cpp02_service/share/cpp02_service/package.bash'
[2.857s] INFO:colcon.colcon_core.shell:Creating package script '/home/kl/VS_CODE/Github_respository/ROS-_for_Study/ws01_plumbing/install/cpp02_service/share/cpp02_service/package.zsh'
[2.857s] Level 1:colcon.colcon_core.environment:create_file_with_runtime_dependencies(/home/kl/VS_CODE/Github_respository/ROS-_for_Study/ws01_plumbing/install/cpp02_service/share/colcon-core/packages/cpp02_service)
[2.857s] DEBUG:colcon.colcon_parallel_executor.executor.parallel:closing loop
[2.857s] DEBUG:colcon.colcon_parallel_executor.executor.parallel:loop closed
[2.858s] DEBUG:colcon.colcon_parallel_executor.executor.parallel:run_until_complete finished with '0'
[2.858s] DEBUG:colcon.colcon_core.event_reactor:joining thread
[2.861s] INFO:colcon.colcon_core.plugin_system:Skipping extension 'colcon_notification.desktop_notification.terminal_notifier': Not used on non-Darwin systems
[2.861s] INFO:colcon.colcon_core.plugin_system:Skipping extension 'colcon_notification.desktop_notification.win32': Not used on non-Windows systems
[2.861s] INFO:colcon.colcon_notification.desktop_notification:Sending desktop notification using 'notify2'
[2.870s] DEBUG:colcon.colcon_core.event_reactor:joined thread
[2.872s] INFO:colcon.colcon_core.shell:Creating prefix script '/home/kl/VS_CODE/Github_respository/ROS-_for_Study/ws01_plumbing/install/local_setup.ps1'
[2.873s] INFO:colcon.colcon_core.shell:Creating prefix util module '/home/kl/VS_CODE/Github_respository/ROS-_for_Study/ws01_plumbing/install/_local_setup_util_ps1.py'
[2.874s] INFO:colcon.colcon_core.shell:Creating prefix chain script '/home/kl/VS_CODE/Github_respository/ROS-_for_Study/ws01_plumbing/install/setup.ps1'
[2.875s] INFO:colcon.colcon_core.shell:Creating prefix script '/home/kl/VS_CODE/Github_respository/ROS-_for_Study/ws01_plumbing/install/local_setup.sh'
[2.875s] INFO:colcon.colcon_core.shell:Creating prefix util module '/home/kl/VS_CODE/Github_respository/ROS-_for_Study/ws01_plumbing/install/_local_setup_util_sh.py'
[2.876s] INFO:colcon.colcon_core.shell:Creating prefix chain script '/home/kl/VS_CODE/Github_respository/ROS-_for_Study/ws01_plumbing/install/setup.sh'
[2.877s] INFO:colcon.colcon_core.shell:Creating prefix script '/home/kl/VS_CODE/Github_respository/ROS-_for_Study/ws01_plumbing/install/local_setup.bash'
[2.877s] INFO:colcon.colcon_core.shell:Creating prefix chain script '/home/kl/VS_CODE/Github_respository/ROS-_for_Study/ws01_plumbing/install/setup.bash'
[2.878s] INFO:colcon.colcon_core.shell:Creating prefix script '/home/kl/VS_CODE/Github_respository/ROS-_for_Study/ws01_plumbing/install/local_setup.zsh'
[2.878s] INFO:colcon.colcon_core.shell:Creating prefix chain script '/home/kl/VS_CODE/Github_respository/ROS-_for_Study/ws01_plumbing/install/setup.zsh'
