[0.000000] (-) TimerEvent: {}
[0.000135] (-) JobUnselected: {'identifier': 'base_interfaces'}
[0.000162] (-) JobUnselected: {'identifier': 'cpp01_topic_re'}
[0.000188] (-) JobUnselected: {'identifier': 'cpp02_service'}
[0.000202] (-) JobUnselected: {'identifier': 'cpp03_action'}
[0.000545] (-) JobUnselected: {'identifier': 'cpp04_prarm'}
[0.000581] (-) JobUnselected: {'identifier': 'py01_topic_re'}
[0.000594] (-) JobUnselected: {'identifier': 'py02_service'}
[0.000605] (-) JobUnselected: {'identifier': 'py03_action'}
[0.000616] (-) JobUnselected: {'identifier': 'tutorails_plumbing'}
[0.000628] (cpp05_time) JobQueued: {'identifier': 'cpp05_time', 'dependencies': OrderedDict()}
[0.000643] (cpp05_time) JobStarted: {'identifier': 'cpp05_time'}
[0.008776] (cpp05_time) JobProgress: {'identifier': 'cpp05_time', 'progress': 'cmake'}
[0.010083] (cpp05_time) JobProgress: {'identifier': 'cpp05_time', 'progress': 'build'}
[0.010134] (cpp05_time) Command: {'cmd': ['/usr/bin/cmake', '--build', '/home/kl/VS_CODE/Github_respository/ROS-_for_Study/ws01_plumbing/build/cpp05_time', '--', '-j8', '-l8'], 'cwd': '/home/kl/VS_CODE/Github_respository/ROS-_for_Study/ws01_plumbing/build/cpp05_time', 'env': OrderedDict([('GJS_DEBUG_TOPICS', 'JS ERROR;JS LOG'), ('LANGUAGE', 'zh_CN:zh'), ('USER', 'kl'), ('XDG_SESSION_TYPE', 'wayland'), ('GIT_ASKPASS', '/usr/share/code/resources/app/extensions/git/dist/askpass.sh'), ('SHLVL', '1'), ('LD_LIBRARY_PATH', '/opt/ros/humble/opt/rviz_ogre_vendor/lib:/opt/ros/humble/lib/x86_64-linux-gnu:/opt/ros/humble/lib'), ('HOME', '/home/kl'), ('CHROME_DESKTOP', 'code-url-handler.desktop'), ('OLDPWD', '/home/kl/VS_CODE/Github_respository/ROS-_for_Study/ws01_plumbing/src'), ('TERM_PROGRAM_VERSION', '1.80.1'), ('DESKTOP_SESSION', 'ubuntu'), ('GIO_LAUNCHED_DESKTOP_FILE', '/usr/share/applications/github-desktop.desktop'), ('ROS_PYTHON_VERSION', '3'), ('GNOME_SHELL_SESSION_MODE', 'ubuntu'), ('GTK_MODULES', 'gail:atk-bridge'), ('VSCODE_GIT_ASKPASS_MAIN', '/usr/share/code/resources/app/extensions/git/dist/askpass-main.js'), ('VSCODE_GIT_ASKPASS_NODE', '/usr/share/code/code'), ('MANAGERPID', '1756'), ('SYSTEMD_EXEC_PID', '1973'), ('DBUS_SESSION_BUS_ADDRESS', 'unix:path=/run/user/1000/bus'), ('COLORTERM', 'truecolor'), ('GIO_LAUNCHED_DESKTOP_FILE_PID', '4873'), ('IM_CONFIG_PHASE', '1'), ('WAYLAND_DISPLAY', 'wayland-0'), ('ROS_DISTRO', 'humble'), ('LOGNAME', 'kl'), ('JOURNAL_STREAM', '8:28379'), ('_', '/usr/bin/colcon'), ('ROS_VERSION', '2'), ('XDG_SESSION_CLASS', 'user'), ('USERNAME', 'kl'), ('TERM', 'xterm-256color'), ('GNOME_DESKTOP_SESSION_ID', 'this-is-deprecated'), ('ROS_LOCALHOST_ONLY', '0'), ('PATH', '/opt/ros/humble/bin:/usr/local/sbin:/usr/local/bin:/usr/sbin:/usr/bin:/sbin:/bin:/usr/games:/usr/local/games:/snap/bin:/snap/bin'), ('SESSION_MANAGER', 'local/XX:@/tmp/.ICE-unix/1946,unix/XX:/tmp/.ICE-unix/1946'), ('INVOCATION_ID', '5994994a1bdb4ab88ce0c4f819be3af7'), ('XDG_MENU_PREFIX', 'gnome-'), ('GNOME_SETUP_DISPLAY', ':1'), ('XDG_RUNTIME_DIR', '/run/user/1000'), ('GDK_BACKEND', 'x11'), ('DISPLAY', ':0'), ('LANG', 'zh_CN.UTF-8'), ('XDG_CURRENT_DESKTOP', 'Unity'), ('XMODIFIERS', '@im=ibus'), ('XDG_SESSION_DESKTOP', 'ubuntu'), ('XAUTHORITY', '/run/user/1000/.mutter-Xwaylandauth.0EDP81'), ('VSCODE_GIT_IPC_HANDLE', '/run/user/1000/vscode-git-e1b967d37d.sock'), ('TERM_PROGRAM', 'vscode'), ('SSH_AGENT_LAUNCHER', 'gnome-keyring'), ('SSH_AUTH_SOCK', '/run/user/1000/keyring/ssh'), ('AMENT_PREFIX_PATH', '/opt/ros/humble'), ('ORIGINAL_XDG_CURRENT_DESKTOP', 'Unity'), ('SHELL', '/bin/bash'), ('QT_ACCESSIBILITY', '1'), ('GDMSESSION', 'ubuntu'), ('GJS_DEBUG_OUTPUT', 'stderr'), ('VSCODE_GIT_ASKPASS_EXTRA_ARGS', '--ms-enable-electron-run-as-node'), ('QT_IM_MODULE', 'ibus'), ('PWD', '/home/kl/VS_CODE/Github_respository/ROS-_for_Study/ws01_plumbing/build/cpp05_time'), ('XDG_CONFIG_DIRS', '/etc/xdg/xdg-ubuntu:/etc/xdg'), ('XDG_DATA_DIRS', '/usr/share/ubuntu:/usr/local/share/:/usr/share/:/var/lib/snapd/desktop'), ('PYTHONPATH', '/opt/ros/humble/lib/python3.10/site-packages:/opt/ros/humble/local/lib/python3.10/dist-packages'), ('COLCON', '1'), ('LOCAL_GIT_DIRECTORY', '/usr/lib/github-desktop/resources/app/git'), ('CMAKE_PREFIX_PATH', '/opt/ros/humble')]), 'shell': False}
[0.036691] (cpp05_time) StdoutLine: {'line': b'\x1b[35m\x1b[1mConsolidate compiler generated dependencies of target demo01_time\x1b[0m\n'}
[0.048563] (cpp05_time) StdoutLine: {'line': b'[100%] Built target demo01_time\n'}
[0.055802] (cpp05_time) CommandEnded: {'returncode': 0}
[0.070799] (cpp05_time) JobProgress: {'identifier': 'cpp05_time', 'progress': 'install'}
[0.076453] (cpp05_time) Command: {'cmd': ['/usr/bin/cmake', '--install', '/home/kl/VS_CODE/Github_respository/ROS-_for_Study/ws01_plumbing/build/cpp05_time'], 'cwd': '/home/kl/VS_CODE/Github_respository/ROS-_for_Study/ws01_plumbing/build/cpp05_time', 'env': OrderedDict([('GJS_DEBUG_TOPICS', 'JS ERROR;JS LOG'), ('LANGUAGE', 'zh_CN:zh'), ('USER', 'kl'), ('XDG_SESSION_TYPE', 'wayland'), ('GIT_ASKPASS', '/usr/share/code/resources/app/extensions/git/dist/askpass.sh'), ('SHLVL', '1'), ('LD_LIBRARY_PATH', '/opt/ros/humble/opt/rviz_ogre_vendor/lib:/opt/ros/humble/lib/x86_64-linux-gnu:/opt/ros/humble/lib'), ('HOME', '/home/kl'), ('CHROME_DESKTOP', 'code-url-handler.desktop'), ('OLDPWD', '/home/kl/VS_CODE/Github_respository/ROS-_for_Study/ws01_plumbing/src'), ('TERM_PROGRAM_VERSION', '1.80.1'), ('DESKTOP_SESSION', 'ubuntu'), ('GIO_LAUNCHED_DESKTOP_FILE', '/usr/share/applications/github-desktop.desktop'), ('ROS_PYTHON_VERSION', '3'), ('GNOME_SHELL_SESSION_MODE', 'ubuntu'), ('GTK_MODULES', 'gail:atk-bridge'), ('VSCODE_GIT_ASKPASS_MAIN', '/usr/share/code/resources/app/extensions/git/dist/askpass-main.js'), ('VSCODE_GIT_ASKPASS_NODE', '/usr/share/code/code'), ('MANAGERPID', '1756'), ('SYSTEMD_EXEC_PID', '1973'), ('DBUS_SESSION_BUS_ADDRESS', 'unix:path=/run/user/1000/bus'), ('COLORTERM', 'truecolor'), ('GIO_LAUNCHED_DESKTOP_FILE_PID', '4873'), ('IM_CONFIG_PHASE', '1'), ('WAYLAND_DISPLAY', 'wayland-0'), ('ROS_DISTRO', 'humble'), ('LOGNAME', 'kl'), ('JOURNAL_STREAM', '8:28379'), ('_', '/usr/bin/colcon'), ('ROS_VERSION', '2'), ('XDG_SESSION_CLASS', 'user'), ('USERNAME', 'kl'), ('TERM', 'xterm-256color'), ('GNOME_DESKTOP_SESSION_ID', 'this-is-deprecated'), ('ROS_LOCALHOST_ONLY', '0'), ('PATH', '/opt/ros/humble/bin:/usr/local/sbin:/usr/local/bin:/usr/sbin:/usr/bin:/sbin:/bin:/usr/games:/usr/local/games:/snap/bin:/snap/bin'), ('SESSION_MANAGER', 'local/XX:@/tmp/.ICE-unix/1946,unix/XX:/tmp/.ICE-unix/1946'), ('INVOCATION_ID', '5994994a1bdb4ab88ce0c4f819be3af7'), ('XDG_MENU_PREFIX', 'gnome-'), ('GNOME_SETUP_DISPLAY', ':1'), ('XDG_RUNTIME_DIR', '/run/user/1000'), ('GDK_BACKEND', 'x11'), ('DISPLAY', ':0'), ('LANG', 'zh_CN.UTF-8'), ('XDG_CURRENT_DESKTOP', 'Unity'), ('XMODIFIERS', '@im=ibus'), ('XDG_SESSION_DESKTOP', 'ubuntu'), ('XAUTHORITY', '/run/user/1000/.mutter-Xwaylandauth.0EDP81'), ('VSCODE_GIT_IPC_HANDLE', '/run/user/1000/vscode-git-e1b967d37d.sock'), ('TERM_PROGRAM', 'vscode'), ('SSH_AGENT_LAUNCHER', 'gnome-keyring'), ('SSH_AUTH_SOCK', '/run/user/1000/keyring/ssh'), ('AMENT_PREFIX_PATH', '/opt/ros/humble'), ('ORIGINAL_XDG_CURRENT_DESKTOP', 'Unity'), ('SHELL', '/bin/bash'), ('QT_ACCESSIBILITY', '1'), ('GDMSESSION', 'ubuntu'), ('GJS_DEBUG_OUTPUT', 'stderr'), ('VSCODE_GIT_ASKPASS_EXTRA_ARGS', '--ms-enable-electron-run-as-node'), ('QT_IM_MODULE', 'ibus'), ('PWD', '/home/kl/VS_CODE/Github_respository/ROS-_for_Study/ws01_plumbing/build/cpp05_time'), ('XDG_CONFIG_DIRS', '/etc/xdg/xdg-ubuntu:/etc/xdg'), ('XDG_DATA_DIRS', '/usr/share/ubuntu:/usr/local/share/:/usr/share/:/var/lib/snapd/desktop'), ('PYTHONPATH', '/opt/ros/humble/lib/python3.10/site-packages:/opt/ros/humble/local/lib/python3.10/dist-packages'), ('COLCON', '1'), ('LOCAL_GIT_DIRECTORY', '/usr/lib/github-desktop/resources/app/git'), ('CMAKE_PREFIX_PATH', '/opt/ros/humble')]), 'shell': False}
[0.082434] (cpp05_time) StdoutLine: {'line': b'-- Install configuration: ""\n'}
[0.082898] (cpp05_time) StdoutLine: {'line': b'-- Up-to-date: /home/kl/VS_CODE/Github_respository/ROS-_for_Study/ws01_plumbing/install/cpp05_time/lib/cpp05_time/demo01_time\n'}
[0.083126] (cpp05_time) StdoutLine: {'line': b'-- Up-to-date: /home/kl/VS_CODE/Github_respository/ROS-_for_Study/ws01_plumbing/install/cpp05_time/share/ament_index/resource_index/package_run_dependencies/cpp05_time\n'}
[0.083220] (cpp05_time) StdoutLine: {'line': b'-- Up-to-date: /home/kl/VS_CODE/Github_respository/ROS-_for_Study/ws01_plumbing/install/cpp05_time/share/ament_index/resource_index/parent_prefix_path/cpp05_time\n'}
[0.083298] (cpp05_time) StdoutLine: {'line': b'-- Up-to-date: /home/kl/VS_CODE/Github_respository/ROS-_for_Study/ws01_plumbing/install/cpp05_time/share/cpp05_time/environment/ament_prefix_path.sh\n'}
[0.083363] (cpp05_time) StdoutLine: {'line': b'-- Up-to-date: /home/kl/VS_CODE/Github_respository/ROS-_for_Study/ws01_plumbing/install/cpp05_time/share/cpp05_time/environment/ament_prefix_path.dsv\n'}
[0.083425] (cpp05_time) StdoutLine: {'line': b'-- Up-to-date: /home/kl/VS_CODE/Github_respository/ROS-_for_Study/ws01_plumbing/install/cpp05_time/share/cpp05_time/environment/path.sh\n'}
[0.083483] (cpp05_time) StdoutLine: {'line': b'-- Up-to-date: /home/kl/VS_CODE/Github_respository/ROS-_for_Study/ws01_plumbing/install/cpp05_time/share/cpp05_time/environment/path.dsv\n'}
[0.083542] (cpp05_time) StdoutLine: {'line': b'-- Up-to-date: /home/kl/VS_CODE/Github_respository/ROS-_for_Study/ws01_plumbing/install/cpp05_time/share/cpp05_time/local_setup.bash\n'}
[0.083600] (cpp05_time) StdoutLine: {'line': b'-- Up-to-date: /home/kl/VS_CODE/Github_respository/ROS-_for_Study/ws01_plumbing/install/cpp05_time/share/cpp05_time/local_setup.sh\n'}
[0.083665] (cpp05_time) StdoutLine: {'line': b'-- Up-to-date: /home/kl/VS_CODE/Github_respository/ROS-_for_Study/ws01_plumbing/install/cpp05_time/share/cpp05_time/local_setup.zsh\n'}
[0.083721] (cpp05_time) StdoutLine: {'line': b'-- Up-to-date: /home/kl/VS_CODE/Github_respository/ROS-_for_Study/ws01_plumbing/install/cpp05_time/share/cpp05_time/local_setup.dsv\n'}
[0.083777] (cpp05_time) StdoutLine: {'line': b'-- Installing: /home/kl/VS_CODE/Github_respository/ROS-_for_Study/ws01_plumbing/install/cpp05_time/share/cpp05_time/package.dsv\n'}
[0.083832] (cpp05_time) StdoutLine: {'line': b'-- Up-to-date: /home/kl/VS_CODE/Github_respository/ROS-_for_Study/ws01_plumbing/install/cpp05_time/share/ament_index/resource_index/packages/cpp05_time\n'}
[0.083888] (cpp05_time) StdoutLine: {'line': b'-- Up-to-date: /home/kl/VS_CODE/Github_respository/ROS-_for_Study/ws01_plumbing/install/cpp05_time/share/cpp05_time/cmake/cpp05_timeConfig.cmake\n'}
[0.083941] (cpp05_time) StdoutLine: {'line': b'-- Up-to-date: /home/kl/VS_CODE/Github_respository/ROS-_for_Study/ws01_plumbing/install/cpp05_time/share/cpp05_time/cmake/cpp05_timeConfig-version.cmake\n'}
[0.083993] (cpp05_time) StdoutLine: {'line': b'-- Up-to-date: /home/kl/VS_CODE/Github_respository/ROS-_for_Study/ws01_plumbing/install/cpp05_time/share/cpp05_time/package.xml\n'}
[0.084694] (cpp05_time) CommandEnded: {'returncode': 0}
[0.099151] (-) TimerEvent: {}
[0.117327] (cpp05_time) JobEnded: {'identifier': 'cpp05_time', 'rc': 0}
[0.117973] (-) EventReactorShutdown: {}
