[0.411s] Invoking command in '/media/kl/数据/github/Github_respository/ROS-_for_Study/ws00_helloworld_py/src/pkg02_helloworld_py': PYTHONPATH=/media/kl/数据/github/Github_respository/ROS-_for_Study/ws00_helloworld_py/build/pkg02_helloworld_py/prefix_override:/media/kl/数据/github/Github_respository/ROS-_for_Study/ws00_helloworld_py/install/pkg02_helloworld_py/lib/python3.10/site-packages:${PYTHONPATH} /usr/bin/python3 setup.py egg_info --egg-base ../../build/pkg02_helloworld_py build --build-base /media/kl/数据/github/Github_respository/ROS-_for_Study/ws00_helloworld_py/build/pkg02_helloworld_py/build install --record /media/kl/数据/github/Github_respository/ROS-_for_Study/ws00_helloworld_py/build/pkg02_helloworld_py/install.log --single-version-externally-managed
[0.581s] running egg_info
[0.582s] creating ../../build/pkg02_helloworld_py/pkg02_helloworld_py.egg-info
[0.582s] writing ../../build/pkg02_helloworld_py/pkg02_helloworld_py.egg-info/PKG-INFO
[0.583s] writing dependency_links to ../../build/pkg02_helloworld_py/pkg02_helloworld_py.egg-info/dependency_links.txt
[0.583s] writing entry points to ../../build/pkg02_helloworld_py/pkg02_helloworld_py.egg-info/entry_points.txt
[0.584s] writing requirements to ../../build/pkg02_helloworld_py/pkg02_helloworld_py.egg-info/requires.txt
[0.584s] writing top-level names to ../../build/pkg02_helloworld_py/pkg02_helloworld_py.egg-info/top_level.txt
[0.585s] writing manifest file '../../build/pkg02_helloworld_py/pkg02_helloworld_py.egg-info/SOURCES.txt'
[0.588s] reading manifest file '../../build/pkg02_helloworld_py/pkg02_helloworld_py.egg-info/SOURCES.txt'
[0.592s] writing manifest file '../../build/pkg02_helloworld_py/pkg02_helloworld_py.egg-info/SOURCES.txt'
[0.592s] running build
[0.592s] running build_py
[0.592s] creating /media/kl/数据/github/Github_respository/ROS-_for_Study/ws00_helloworld_py/build/pkg02_helloworld_py/build
[0.593s] creating /media/kl/数据/github/Github_respository/ROS-_for_Study/ws00_helloworld_py/build/pkg02_helloworld_py/build/lib
[0.593s] creating /media/kl/数据/github/Github_respository/ROS-_for_Study/ws00_helloworld_py/build/pkg02_helloworld_py/build/lib/pkg02_helloworld_py
[0.593s] copying pkg02_helloworld_py/helloworld.py -> /media/kl/数据/github/Github_respository/ROS-_for_Study/ws00_helloworld_py/build/pkg02_helloworld_py/build/lib/pkg02_helloworld_py
[0.594s] copying pkg02_helloworld_py/__init__.py -> /media/kl/数据/github/Github_respository/ROS-_for_Study/ws00_helloworld_py/build/pkg02_helloworld_py/build/lib/pkg02_helloworld_py
[0.595s] running install
[0.595s] /usr/lib/python3/dist-packages/setuptools/command/install.py:34: SetuptoolsDeprecationWarning: setup.py install is deprecated. Use build and pip and other standards-based tools.
[0.595s]   warnings.warn(
[0.595s] running install_lib
[0.597s] creating /media/kl/数据/github/Github_respository/ROS-_for_Study/ws00_helloworld_py/install/pkg02_helloworld_py/lib/python3.10/site-packages/pkg02_helloworld_py
[0.598s] copying /media/kl/数据/github/Github_respository/ROS-_for_Study/ws00_helloworld_py/build/pkg02_helloworld_py/build/lib/pkg02_helloworld_py/helloworld.py -> /media/kl/数据/github/Github_respository/ROS-_for_Study/ws00_helloworld_py/install/pkg02_helloworld_py/lib/python3.10/site-packages/pkg02_helloworld_py
[0.600s] copying /media/kl/数据/github/Github_respository/ROS-_for_Study/ws00_helloworld_py/build/pkg02_helloworld_py/build/lib/pkg02_helloworld_py/__init__.py -> /media/kl/数据/github/Github_respository/ROS-_for_Study/ws00_helloworld_py/install/pkg02_helloworld_py/lib/python3.10/site-packages/pkg02_helloworld_py
[0.602s] byte-compiling /media/kl/数据/github/Github_respository/ROS-_for_Study/ws00_helloworld_py/install/pkg02_helloworld_py/lib/python3.10/site-packages/pkg02_helloworld_py/helloworld.py to helloworld.cpython-310.pyc
[0.604s] byte-compiling /media/kl/数据/github/Github_respository/ROS-_for_Study/ws00_helloworld_py/install/pkg02_helloworld_py/lib/python3.10/site-packages/pkg02_helloworld_py/__init__.py to __init__.cpython-310.pyc
[0.605s] running install_data
[0.606s] creating /media/kl/数据/github/Github_respository/ROS-_for_Study/ws00_helloworld_py/install/pkg02_helloworld_py/share/ament_index
[0.607s] creating /media/kl/数据/github/Github_respository/ROS-_for_Study/ws00_helloworld_py/install/pkg02_helloworld_py/share/ament_index/resource_index
[0.607s] creating /media/kl/数据/github/Github_respository/ROS-_for_Study/ws00_helloworld_py/install/pkg02_helloworld_py/share/ament_index/resource_index/packages
[0.607s] copying resource/pkg02_helloworld_py -> /media/kl/数据/github/Github_respository/ROS-_for_Study/ws00_helloworld_py/install/pkg02_helloworld_py/share/ament_index/resource_index/packages
[0.608s] copying package.xml -> /media/kl/数据/github/Github_respository/ROS-_for_Study/ws00_helloworld_py/install/pkg02_helloworld_py/share/pkg02_helloworld_py
[0.609s] running install_egg_info
[0.612s] Copying ../../build/pkg02_helloworld_py/pkg02_helloworld_py.egg-info to /media/kl/数据/github/Github_respository/ROS-_for_Study/ws00_helloworld_py/install/pkg02_helloworld_py/lib/python3.10/site-packages/pkg02_helloworld_py-0.0.0-py3.10.egg-info
[0.623s] running install_scripts
[0.642s] Installing helloworld script to /media/kl/数据/github/Github_respository/ROS-_for_Study/ws00_helloworld_py/install/pkg02_helloworld_py/lib/pkg02_helloworld_py
[0.643s] writing list of installed files to '/media/kl/数据/github/Github_respository/ROS-_for_Study/ws00_helloworld_py/build/pkg02_helloworld_py/install.log'
[0.663s] Invoked command in '/media/kl/数据/github/Github_respository/ROS-_for_Study/ws00_helloworld_py/src/pkg02_helloworld_py' returned '0': PYTHONPATH=/media/kl/数据/github/Github_respository/ROS-_for_Study/ws00_helloworld_py/build/pkg02_helloworld_py/prefix_override:/media/kl/数据/github/Github_respository/ROS-_for_Study/ws00_helloworld_py/install/pkg02_helloworld_py/lib/python3.10/site-packages:${PYTHONPATH} /usr/bin/python3 setup.py egg_info --egg-base ../../build/pkg02_helloworld_py build --build-base /media/kl/数据/github/Github_respository/ROS-_for_Study/ws00_helloworld_py/build/pkg02_helloworld_py/build install --record /media/kl/数据/github/Github_respository/ROS-_for_Study/ws00_helloworld_py/build/pkg02_helloworld_py/install.log --single-version-externally-managed
