[0.015s] Invoking command in '/home/kl/VS_CODE/Github_respository/ROS-_for_Study/ws01_plumbing/build/cpp02_service': AMENT_PREFIX_PATH=/home/kl/VS_CODE/Github_respository/ROS-_for_Study/ws01_plumbing/install/base_interfaces:${AMENT_PREFIX_PATH} CMAKE_PREFIX_PATH=/home/kl/VS_CODE/Github_respository/ROS-_for_Study/ws01_plumbing/install/base_interfaces:/opt/ros/humble LD_LIBRARY_PATH=/home/kl/VS_CODE/Github_respository/ROS-_for_Study/ws01_plumbing/install/base_interfaces/lib:${LD_LIBRARY_PATH} PYTHONPATH=/home/kl/VS_CODE/Github_respository/ROS-_for_Study/ws01_plumbing/install/base_interfaces/local/lib/python3.10/dist-packages:${PYTHONPATH} /usr/bin/cmake --build /home/kl/VS_CODE/Github_respository/ROS-_for_Study/ws01_plumbing/build/cpp02_service -- -j8 -l8
[0.058s] [35m[1mConsolidate compiler generated dependencies of target demo01_server[0m
[0.067s] [ 25%] [32mBuilding CXX object CMakeFiles/demo02_client.dir/src/demo02_client.cpp.o[0m
[0.071s] [ 75%] Built target demo01_server
[2.461s] [100%] [32m[1mLinking CXX executable demo02_client[0m
[2.565s] [100%] Built target demo02_client
[2.572s] Invoked command in '/home/kl/VS_CODE/Github_respository/ROS-_for_Study/ws01_plumbing/build/cpp02_service' returned '0': AMENT_PREFIX_PATH=/home/kl/VS_CODE/Github_respository/ROS-_for_Study/ws01_plumbing/install/base_interfaces:${AMENT_PREFIX_PATH} CMAKE_PREFIX_PATH=/home/kl/VS_CODE/Github_respository/ROS-_for_Study/ws01_plumbing/install/base_interfaces:/opt/ros/humble LD_LIBRARY_PATH=/home/kl/VS_CODE/Github_respository/ROS-_for_Study/ws01_plumbing/install/base_interfaces/lib:${LD_LIBRARY_PATH} PYTHONPATH=/home/kl/VS_CODE/Github_respository/ROS-_for_Study/ws01_plumbing/install/base_interfaces/local/lib/python3.10/dist-packages:${PYTHONPATH} /usr/bin/cmake --build /home/kl/VS_CODE/Github_respository/ROS-_for_Study/ws01_plumbing/build/cpp02_service -- -j8 -l8
[2.597s] Invoking command in '/home/kl/VS_CODE/Github_respository/ROS-_for_Study/ws01_plumbing/build/cpp02_service': AMENT_PREFIX_PATH=/home/kl/VS_CODE/Github_respository/ROS-_for_Study/ws01_plumbing/install/base_interfaces:${AMENT_PREFIX_PATH} CMAKE_PREFIX_PATH=/home/kl/VS_CODE/Github_respository/ROS-_for_Study/ws01_plumbing/install/base_interfaces:/opt/ros/humble LD_LIBRARY_PATH=/home/kl/VS_CODE/Github_respository/ROS-_for_Study/ws01_plumbing/install/base_interfaces/lib:${LD_LIBRARY_PATH} PYTHONPATH=/home/kl/VS_CODE/Github_respository/ROS-_for_Study/ws01_plumbing/install/base_interfaces/local/lib/python3.10/dist-packages:${PYTHONPATH} /usr/bin/cmake --install /home/kl/VS_CODE/Github_respository/ROS-_for_Study/ws01_plumbing/build/cpp02_service
[2.604s] -- Install configuration: ""
[2.605s] -- Up-to-date: /home/kl/VS_CODE/Github_respository/ROS-_for_Study/ws01_plumbing/install/cpp02_service/lib/cpp02_service/demo01_server
[2.605s] -- Installing: /home/kl/VS_CODE/Github_respository/ROS-_for_Study/ws01_plumbing/install/cpp02_service/lib/cpp02_service/demo02_client
[2.606s] -- Set runtime path of "/home/kl/VS_CODE/Github_respository/ROS-_for_Study/ws01_plumbing/install/cpp02_service/lib/cpp02_service/demo02_client" to ""
[2.606s] -- Up-to-date: /home/kl/VS_CODE/Github_respository/ROS-_for_Study/ws01_plumbing/install/cpp02_service/share/ament_index/resource_index/package_run_dependencies/cpp02_service
[2.606s] -- Up-to-date: /home/kl/VS_CODE/Github_respository/ROS-_for_Study/ws01_plumbing/install/cpp02_service/share/ament_index/resource_index/parent_prefix_path/cpp02_service
[2.606s] -- Up-to-date: /home/kl/VS_CODE/Github_respository/ROS-_for_Study/ws01_plumbing/install/cpp02_service/share/cpp02_service/environment/ament_prefix_path.sh
[2.606s] -- Up-to-date: /home/kl/VS_CODE/Github_respository/ROS-_for_Study/ws01_plumbing/install/cpp02_service/share/cpp02_service/environment/ament_prefix_path.dsv
[2.606s] -- Up-to-date: /home/kl/VS_CODE/Github_respository/ROS-_for_Study/ws01_plumbing/install/cpp02_service/share/cpp02_service/environment/path.sh
[2.606s] -- Up-to-date: /home/kl/VS_CODE/Github_respository/ROS-_for_Study/ws01_plumbing/install/cpp02_service/share/cpp02_service/environment/path.dsv
[2.606s] -- Up-to-date: /home/kl/VS_CODE/Github_respository/ROS-_for_Study/ws01_plumbing/install/cpp02_service/share/cpp02_service/local_setup.bash
[2.606s] -- Up-to-date: /home/kl/VS_CODE/Github_respository/ROS-_for_Study/ws01_plumbing/install/cpp02_service/share/cpp02_service/local_setup.sh
[2.606s] -- Up-to-date: /home/kl/VS_CODE/Github_respository/ROS-_for_Study/ws01_plumbing/install/cpp02_service/share/cpp02_service/local_setup.zsh
[2.607s] -- Up-to-date: /home/kl/VS_CODE/Github_respository/ROS-_for_Study/ws01_plumbing/install/cpp02_service/share/cpp02_service/local_setup.dsv
[2.607s] -- Installing: /home/kl/VS_CODE/Github_respository/ROS-_for_Study/ws01_plumbing/install/cpp02_service/share/cpp02_service/package.dsv
[2.607s] -- Up-to-date: /home/kl/VS_CODE/Github_respository/ROS-_for_Study/ws01_plumbing/install/cpp02_service/share/ament_index/resource_index/packages/cpp02_service
[2.607s] -- Up-to-date: /home/kl/VS_CODE/Github_respository/ROS-_for_Study/ws01_plumbing/install/cpp02_service/share/cpp02_service/cmake/cpp02_serviceConfig.cmake
[2.607s] -- Up-to-date: /home/kl/VS_CODE/Github_respository/ROS-_for_Study/ws01_plumbing/install/cpp02_service/share/cpp02_service/cmake/cpp02_serviceConfig-version.cmake
[2.607s] -- Up-to-date: /home/kl/VS_CODE/Github_respository/ROS-_for_Study/ws01_plumbing/install/cpp02_service/share/cpp02_service/package.xml
[2.608s] Invoked command in '/home/kl/VS_CODE/Github_respository/ROS-_for_Study/ws01_plumbing/build/cpp02_service' returned '0': AMENT_PREFIX_PATH=/home/kl/VS_CODE/Github_respository/ROS-_for_Study/ws01_plumbing/install/base_interfaces:${AMENT_PREFIX_PATH} CMAKE_PREFIX_PATH=/home/kl/VS_CODE/Github_respository/ROS-_for_Study/ws01_plumbing/install/base_interfaces:/opt/ros/humble LD_LIBRARY_PATH=/home/kl/VS_CODE/Github_respository/ROS-_for_Study/ws01_plumbing/install/base_interfaces/lib:${LD_LIBRARY_PATH} PYTHONPATH=/home/kl/VS_CODE/Github_respository/ROS-_for_Study/ws01_plumbing/install/base_interfaces/local/lib/python3.10/dist-packages:${PYTHONPATH} /usr/bin/cmake --install /home/kl/VS_CODE/Github_respository/ROS-_for_Study/ws01_plumbing/build/cpp02_service
