[0.000000] (-) TimerEvent: {}
[0.000408] (-) JobUnselected: {'identifier': 'base_interfaces_demo'}
[0.000858] (-) JobUnselected: {'identifier': 'py01_topic'}
[0.000969] (cpp01_topic) JobQueued: {'identifier': 'cpp01_topic', 'dependencies': OrderedDict([('base_interfaces_demo', '/media/kl/数据/github/Github_respository/ROS-_for_Study/ws01_plumbing/install/base_interfaces_demo')])}
[0.001303] (cpp01_topic) JobStarted: {'identifier': 'cpp01_topic'}
[0.015065] (cpp01_topic) JobProgress: {'identifier': 'cpp01_topic', 'progress': 'cmake'}
[0.016781] (cpp01_topic) JobProgress: {'identifier': 'cpp01_topic', 'progress': 'build'}
[0.017532] (cpp01_topic) Command: {'cmd': ['/usr/bin/cmake', '--build', '/media/kl/数据/github/Github_respository/ROS-_for_Study/ws01_plumbing/build/cpp01_topic', '--', '-j8', '-l8'], 'cwd': '/media/kl/数据/github/Github_respository/ROS-_for_Study/ws01_plumbing/build/cpp01_topic', 'env': OrderedDict([('HTTPS_PROXY', 'http://127.0.0.1:7890/'), ('no_proxy', 'localhost,127.0.0.0/8,::1'), ('LANGUAGE', 'zh_CN:zh'), ('USER', 'kl'), ('all_proxy', 'socks://127.0.0.1:7891/'), ('XDG_SESSION_TYPE', 'wayland'), ('GIT_ASKPASS', '/usr/share/code/resources/app/extensions/git/dist/askpass.sh'), ('SHLVL', '2'), ('LD_LIBRARY_PATH', '/opt/ros/humble/opt/rviz_ogre_vendor/lib:/opt/ros/humble/lib/x86_64-linux-gnu:/opt/ros/humble/lib'), ('HOME', '/home/kl'), ('CHROME_DESKTOP', 'code-url-handler.desktop'), ('TERM_PROGRAM_VERSION', '1.80.1'), ('DESKTOP_SESSION', 'ubuntu'), ('NO_PROXY', 'localhost,127.0.0.0/8,::1'), ('ROS_PYTHON_VERSION', '3'), ('GNOME_SHELL_SESSION_MODE', 'ubuntu'), ('GTK_MODULES', 'gail:atk-bridge'), ('VSCODE_GIT_ASKPASS_MAIN', '/usr/share/code/resources/app/extensions/git/dist/askpass-main.js'), ('VSCODE_GIT_ASKPASS_NODE', '/usr/share/code/code'), ('DBUS_STARTER_BUS_TYPE', 'session'), ('SYSTEMD_EXEC_PID', '1910'), ('DBUS_SESSION_BUS_ADDRESS', 'unix:path=/run/user/1000/bus,guid=c761aaef553e0430294ba5cc64bdcb24'), ('COLORTERM', 'truecolor'), ('IM_CONFIG_PHASE', '1'), ('WAYLAND_DISPLAY', 'wayland-0'), ('https_proxy', 'http://127.0.0.1:7890/'), ('COLCON_PREFIX_PATH', '/media/kl/数据/github/Github_respository/ROS-_for_Study/ws00_helloworld/install'), ('ROS_DISTRO', 'humble'), ('LOGNAME', 'kl'), ('ALL_PROXY', 'socks://127.0.0.1:7891/'), ('http_proxy', 'http://127.0.0.1:7890/'), ('_', '/usr/bin/colcon'), ('ROS_VERSION', '2'), ('XDG_SESSION_CLASS', 'user'), ('USERNAME', 'kl'), ('TERM', 'xterm-256color'), ('GNOME_DESKTOP_SESSION_ID', 'this-is-deprecated'), ('ROS_LOCALHOST_ONLY', '0'), ('PATH', '/opt/ros/humble/bin:/usr/local/sbin:/usr/local/bin:/usr/sbin:/usr/bin:/sbin:/bin:/usr/games:/usr/local/games:/snap/bin:/snap/bin'), ('SESSION_MANAGER', 'local/XX:@/tmp/.ICE-unix/1910,unix/XX:/tmp/.ICE-unix/1910'), ('XDG_MENU_PREFIX', 'gnome-'), ('GNOME_TERMINAL_SCREEN', '/org/gnome/Terminal/screen/f3c6e3ba_1240_4580_aeae_127dd0cc2f0f'), ('GNOME_SETUP_DISPLAY', ':1'), ('XDG_RUNTIME_DIR', '/run/user/1000'), ('GDK_BACKEND', 'x11'), ('DISPLAY', ':0'), ('LANG', 'zh_CN.UTF-8'), ('XDG_CURRENT_DESKTOP', 'Unity'), ('XMODIFIERS', '@im=ibus'), ('XDG_SESSION_DESKTOP', 'ubuntu'), ('XAUTHORITY', '/run/user/1000/.mutter-Xwaylandauth.FRV971'), ('VSCODE_GIT_IPC_HANDLE', '/run/user/1000/vscode-git-4cf657e907.sock'), ('GNOME_TERMINAL_SERVICE', ':1.1230'), ('TERM_PROGRAM', 'vscode'), ('SSH_AGENT_LAUNCHER', 'gnome-keyring'), ('SSH_AUTH_SOCK', '/run/user/1000/keyring/ssh'), ('AMENT_PREFIX_PATH', '/media/kl/数据/github/Github_respository/ROS-_for_Study/ws01_plumbing/install/base_interfaces_demo:/media/kl/数据/github/Github_respository/ROS-_for_Study/ws00_helloworld/install/pkg02_helloworld_py:/media/kl/数据/github/Github_respository/ROS-_for_Study/ws00_helloworld/install/pkg01_helloworld_cpp:/opt/ros/humble'), ('ORIGINAL_XDG_CURRENT_DESKTOP', 'ubuntu:GNOME'), ('SHELL', '/bin/bash'), ('QT_ACCESSIBILITY', '1'), ('GDMSESSION', 'ubuntu'), ('VSCODE_GIT_ASKPASS_EXTRA_ARGS', '--ms-enable-electron-run-as-node'), ('QT_IM_MODULE', 'ibus'), ('PWD', '/media/kl/数据/github/Github_respository/ROS-_for_Study/ws01_plumbing/build/cpp01_topic'), ('XDG_CONFIG_DIRS', '/etc/xdg/xdg-ubuntu:/etc/xdg'), ('DBUS_STARTER_ADDRESS', 'unix:path=/run/user/1000/bus,guid=c761aaef553e0430294ba5cc64bdcb24'), ('XDG_DATA_DIRS', '/usr/share/ubuntu:/usr/local/share/:/usr/share/:/var/lib/snapd/desktop'), ('PYTHONPATH', '/media/kl/数据/github/Github_respository/ROS-_for_Study/ws00_helloworld/install/pkg02_helloworld_py/lib/python3.10/site-packages:/opt/ros/humble/lib/python3.10/site-packages:/opt/ros/humble/local/lib/python3.10/dist-packages'), ('HTTP_PROXY', 'http://127.0.0.1:7890/'), ('COLCON', '1'), ('VTE_VERSION', '6800'), ('CMAKE_PREFIX_PATH', '/media/kl/数据/github/Github_respository/ROS-_for_Study/ws01_plumbing/install/base_interfaces_demo:/media/kl/数据/github/Github_respository/ROS-_for_Study/ws00_helloworld/install/pkg01_helloworld_cpp:/media/kl/数据/github/Github_respository/ROS-_for_Study/ws00_helloworld/install/pkg02_helloworld_py:/opt/ros/humble')]), 'shell': False}
[0.053633] (cpp01_topic) StdoutLine: {'line': b'\x1b[35m\x1b[1mConsolidate compiler generated dependencies of target demo01_talker_str\x1b[0m\n'}
[0.097293] (cpp01_topic) StdoutLine: {'line': b'[ 50%] \x1b[32mBuilding CXX object CMakeFiles/demo01_talker_str.dir/src/demo01_talker_str.cpp.o\x1b[0m\n'}
[0.099656] (-) TimerEvent: {}
[0.200085] (-) TimerEvent: {}
[0.300744] (-) TimerEvent: {}
[0.401454] (-) TimerEvent: {}
[0.502098] (-) TimerEvent: {}
[0.602549] (-) TimerEvent: {}
[0.702960] (-) TimerEvent: {}
[0.803379] (-) TimerEvent: {}
[0.903799] (-) TimerEvent: {}
[1.004221] (-) TimerEvent: {}
[1.104749] (-) TimerEvent: {}
[1.205283] (-) TimerEvent: {}
[1.305693] (-) TimerEvent: {}
[1.406056] (-) TimerEvent: {}
[1.506624] (-) TimerEvent: {}
[1.607205] (-) TimerEvent: {}
[1.707823] (-) TimerEvent: {}
[1.777649] (cpp01_topic) StderrLine: {'line': b'In file included from \x1b[01m\x1b[K/opt/ros/humble/include/rclcpp/rclcpp/topic_statistics/subscription_topic_statistics.hpp:31\x1b[m\x1b[K,\n'}
[1.777992] (cpp01_topic) StderrLine: {'line': b'                 from \x1b[01m\x1b[K/opt/ros/humble/include/rclcpp/rclcpp/subscription.hpp:50\x1b[m\x1b[K,\n'}
[1.778161] (cpp01_topic) StderrLine: {'line': b'                 from \x1b[01m\x1b[K/opt/ros/humble/include/rclcpp/rclcpp/any_executable.hpp:25\x1b[m\x1b[K,\n'}
[1.778359] (cpp01_topic) StderrLine: {'line': b'                 from \x1b[01m\x1b[K/opt/ros/humble/include/rclcpp/rclcpp/memory_strategy.hpp:25\x1b[m\x1b[K,\n'}
[1.778549] (cpp01_topic) StderrLine: {'line': b'                 from \x1b[01m\x1b[K/opt/ros/humble/include/rclcpp/rclcpp/memory_strategies.hpp:18\x1b[m\x1b[K,\n'}
[1.778691] (cpp01_topic) StderrLine: {'line': b'                 from \x1b[01m\x1b[K/opt/ros/humble/include/rclcpp/rclcpp/executor_options.hpp:20\x1b[m\x1b[K,\n'}
[1.778812] (cpp01_topic) StderrLine: {'line': b'                 from \x1b[01m\x1b[K/opt/ros/humble/include/rclcpp/rclcpp/executor.hpp:37\x1b[m\x1b[K,\n'}
[1.778950] (cpp01_topic) StderrLine: {'line': b'                 from \x1b[01m\x1b[K/opt/ros/humble/include/rclcpp/rclcpp/executors/multi_threaded_executor.hpp:25\x1b[m\x1b[K,\n'}
[1.779077] (cpp01_topic) StderrLine: {'line': b'                 from \x1b[01m\x1b[K/opt/ros/humble/include/rclcpp/rclcpp/executors.hpp:21\x1b[m\x1b[K,\n'}
[1.779198] (cpp01_topic) StderrLine: {'line': b'                 from \x1b[01m\x1b[K/opt/ros/humble/include/rclcpp/rclcpp/rclcpp.hpp:155\x1b[m\x1b[K,\n'}
[1.779320] (cpp01_topic) StderrLine: {'line': b'                 from \x1b[01m\x1b[K/media/kl/\xe6\x95\xb0\xe6\x8d\xae/github/Github_respository/ROS-_for_Study/ws01_plumbing/src/cpp01_topic/src/demo01_talker_str.cpp:1\x1b[m\x1b[K:\n'}
[1.779451] (cpp01_topic) StderrLine: {'line': b'/opt/ros/humble/include/rclcpp/rclcpp/publisher.hpp: In instantiation of \xe2\x80\x98\x1b[01m\x1b[Kclass rclcpp::Publisher<std_msgs::msg::String_<std::allocator<void> >(), std::allocator<void> >\x1b[m\x1b[K\xe2\x80\x99:\n'}
[1.779577] (cpp01_topic) StderrLine: {'line': b'\x1b[01m\x1b[K/usr/include/c++/11/type_traits:1442:45:\x1b[m\x1b[K   required by substitution of \xe2\x80\x98\x1b[01m\x1b[Ktemplate<class _From1, class _To1, class> static std::true_type std::__is_convertible_helper<rclcpp::Publisher<std_msgs::msg::String_<std::allocator<void> >(), std::allocator<void> >*, rclcpp::Publisher<std_msgs::msg::String_<std::allocator<void> > >*, false>::__test<_From1, _To1, <template-parameter-1-3> >(int) [with _From1 = rclcpp::Publisher<std_msgs::msg::String_<std::allocator<void> >(), std::allocator<void> >*; _To1 = rclcpp::Publisher<std_msgs::msg::String_<std::allocator<void> > >*; <template-parameter-1-3> = <missing>]\x1b[m\x1b[K\xe2\x80\x99\n'}
[1.779736] (cpp01_topic) StderrLine: {'line': b'\x1b[01m\x1b[K/usr/include/c++/11/type_traits:1451:42:\x1b[m\x1b[K   required from \xe2\x80\x98\x1b[01m\x1b[Kstruct std::__is_convertible_helper<rclcpp::Publisher<std_msgs::msg::String_<std::allocator<void> >(), std::allocator<void> >*, rclcpp::Publisher<std_msgs::msg::String_<std::allocator<void> > >*, false>\x1b[m\x1b[K\xe2\x80\x99\n'}
[1.779863] (cpp01_topic) StderrLine: {'line': b'\x1b[01m\x1b[K/usr/include/c++/11/type_traits:1457:12:\x1b[m\x1b[K   required from \xe2\x80\x98\x1b[01m\x1b[Kstruct std::is_convertible<rclcpp::Publisher<std_msgs::msg::String_<std::allocator<void> >(), std::allocator<void> >*, rclcpp::Publisher<std_msgs::msg::String_<std::allocator<void> > >*>\x1b[m\x1b[K\xe2\x80\x99\n'}
[1.780094] (cpp01_topic) StderrLine: {'line': b'\x1b[01m\x1b[K/usr/include/c++/11/bits/shared_ptr_base.h:899:12:\x1b[m\x1b[K   required from \xe2\x80\x98\x1b[01m\x1b[Kstruct std::__sp_compatible_with<rclcpp::Publisher<std_msgs::msg::String_<std::allocator<void> >(), std::allocator<void> >*, rclcpp::Publisher<std_msgs::msg::String_<std::allocator<void> > >*>\x1b[m\x1b[K\xe2\x80\x99\n'}
[1.780336] (cpp01_topic) StderrLine: {'line': b'\x1b[01m\x1b[K/usr/include/c++/11/bits/shared_ptr_base.h:1066:8:\x1b[m\x1b[K   required by substitution of \xe2\x80\x98\x1b[01m\x1b[Ktemplate<class _Tp, __gnu_cxx::_Lock_policy _Lp> template<class _Yp, class _Res> using _Compatible = typename std::enable_if<std::__sp_compatible_with<_Yp*, _Tp*>::value, _Res>::type [with _Yp = rclcpp::Publisher<std_msgs::msg::String_<std::allocator<void> >(), std::allocator<void> >; _Res = void; _Tp = rclcpp::Publisher<std_msgs::msg::String_<std::allocator<void> > >; __gnu_cxx::_Lock_policy _Lp = __gnu_cxx::_S_atomic]\x1b[m\x1b[K\xe2\x80\x99\n'}
[1.780489] (cpp01_topic) StderrLine: {'line': b'\x1b[01m\x1b[K/usr/include/c++/11/bits/shared_ptr_base.h:1156:30:\x1b[m\x1b[K   required by substitution of \xe2\x80\x98\x1b[01m\x1b[Ktemplate<class _Yp, class> std::__shared_ptr<rclcpp::Publisher<std_msgs::msg::String_<std::allocator<void> > >, __gnu_cxx::_S_atomic>::__shared_ptr(const std::__shared_ptr<_Tp>&) [with _Yp = rclcpp::Publisher<std_msgs::msg::String_<std::allocator<void> >(), std::allocator<void> >; <template-parameter-1-2> = <missing>]\x1b[m\x1b[K\xe2\x80\x99\n'}
[1.780629] (cpp01_topic) StderrLine: {'line': b'\x1b[01m\x1b[K/usr/include/c++/11/type_traits:946:30:\x1b[m\x1b[K   required from \xe2\x80\x98\x1b[01m\x1b[Kstruct std::__is_constructible_impl<std::__shared_ptr<rclcpp::Publisher<std_msgs::msg::String_<std::allocator<void> > >, __gnu_cxx::_S_atomic>, const std::shared_ptr<rclcpp::Publisher<std_msgs::msg::String_<std::allocator<void> >(), std::allocator<void> > >&>\x1b[m\x1b[K\xe2\x80\x99\n'}
[1.780805] (cpp01_topic) StderrLine: {'line': b'\x1b[01m\x1b[K/usr/include/c++/11/type_traits:952:12:\x1b[m\x1b[K   required from \xe2\x80\x98\x1b[01m\x1b[Kstruct std::is_constructible<std::__shared_ptr<rclcpp::Publisher<std_msgs::msg::String_<std::allocator<void> > >, __gnu_cxx::_S_atomic>, const std::shared_ptr<rclcpp::Publisher<std_msgs::msg::String_<std::allocator<void> >(), std::allocator<void> > >&>\x1b[m\x1b[K\xe2\x80\x99\n'}
[1.780940] (cpp01_topic) StderrLine: {'line': b'\x1b[01m\x1b[K/usr/include/c++/11/bits/shared_ptr.h:125:8:\x1b[m\x1b[K   required by substitution of \xe2\x80\x98\x1b[01m\x1b[Ktemplate<class _Tp> template<class ... _Args> using _Constructible = typename std::enable_if<std::is_constructible<std::__shared_ptr<_Tp>, _Args ...>::value>::type [with _Args = {const std::shared_ptr<rclcpp::Publisher<std_msgs::msg::String_<std::allocator<void> >(), std::allocator<void> > >&}; _Tp = rclcpp::Publisher<std_msgs::msg::String_<std::allocator<void> > >]\x1b[m\x1b[K\xe2\x80\x99\n'}
[1.781087] (cpp01_topic) StderrLine: {'line': b'\x1b[01m\x1b[K/usr/include/c++/11/bits/shared_ptr.h:295:9:\x1b[m\x1b[K   required by substitution of \xe2\x80\x98\x1b[01m\x1b[Ktemplate<class _Yp, class> std::shared_ptr<rclcpp::Publisher<std_msgs::msg::String_<std::allocator<void> > > >::shared_ptr(const std::shared_ptr<_Tp>&) [with _Yp = rclcpp::Publisher<std_msgs::msg::String_<std::allocator<void> >(), std::allocator<void> >; <template-parameter-1-2> = <missing>]\x1b[m\x1b[K\xe2\x80\x99\n'}
[1.781216] (cpp01_topic) StderrLine: {'line': b'\x1b[01m\x1b[K/media/kl/\xe6\x95\xb0\xe6\x8d\xae/github/Github_respository/ROS-_for_Study/ws01_plumbing/src/cpp01_topic/src/demo01_talker_str.cpp:11:78:\x1b[m\x1b[K   required from here\n'}
[1.781351] (cpp01_topic) StderrLine: {'line': b'\x1b[01m\x1b[K/opt/ros/humble/include/rclcpp/rclcpp/publisher.hpp:81:47:\x1b[m\x1b[K \x1b[01;31m\x1b[Kerror: \x1b[m\x1b[Kstatic assertion failed: given message type is not compatible with ROS and cannot be used with a Publisher\n'}
[1.781483] (cpp01_topic) StderrLine: {'line': b'   81 |     rclcpp::is_ros_compatible_type<MessageT>::\x1b[01;31m\x1b[Kvalue\x1b[m\x1b[K,\n'}
[1.781611] (cpp01_topic) StderrLine: {'line': b'      |                                               \x1b[01;31m\x1b[K^~~~~\x1b[m\x1b[K\n'}
[1.781740] (cpp01_topic) StderrLine: {'line': b'\x1b[01m\x1b[K/opt/ros/humble/include/rclcpp/rclcpp/publisher.hpp:81:47:\x1b[m\x1b[K \x1b[01;36m\x1b[Knote: \x1b[m\x1b[K\xe2\x80\x98\x1b[01m\x1b[Krclcpp::is_ros_compatible_type<std_msgs::msg::String_<std::allocator<void> >()>::value\x1b[m\x1b[K\xe2\x80\x99 evaluates to false\n'}
[1.781861] (cpp01_topic) StderrLine: {'line': b'In file included from \x1b[01m\x1b[K/usr/include/x86_64-linux-gnu/c++/11/bits/c++allocator.h:33\x1b[m\x1b[K,\n'}
[1.781984] (cpp01_topic) StderrLine: {'line': b'                 from \x1b[01m\x1b[K/usr/include/c++/11/bits/allocator.h:46\x1b[m\x1b[K,\n'}
[1.782104] (cpp01_topic) StderrLine: {'line': b'                 from \x1b[01m\x1b[K/usr/include/c++/11/memory:64\x1b[m\x1b[K,\n'}
[1.782222] (cpp01_topic) StderrLine: {'line': b'                 from \x1b[01m\x1b[K/opt/ros/humble/include/rclcpp/rclcpp/rclcpp.hpp:153\x1b[m\x1b[K,\n'}
[1.782345] (cpp01_topic) StderrLine: {'line': b'                 from \x1b[01m\x1b[K/media/kl/\xe6\x95\xb0\xe6\x8d\xae/github/Github_respository/ROS-_for_Study/ws01_plumbing/src/cpp01_topic/src/demo01_talker_str.cpp:1\x1b[m\x1b[K:\n'}
[1.782469] (cpp01_topic) StderrLine: {'line': b'/usr/include/c++/11/ext/new_allocator.h: In instantiation of \xe2\x80\x98\x1b[01m\x1b[Kclass __gnu_cxx::new_allocator<std_msgs::msg::String_<std::allocator<void> >()>\x1b[m\x1b[K\xe2\x80\x99:\n'}
[1.782595] (cpp01_topic) StderrLine: {'line': b'\x1b[01m\x1b[K/usr/include/c++/11/bits/allocator.h:124:11:\x1b[m\x1b[K   required from \xe2\x80\x98\x1b[01m\x1b[Kclass std::allocator<std_msgs::msg::String_<std::allocator<void> >()>\x1b[m\x1b[K\xe2\x80\x99\n'}
[1.782720] (cpp01_topic) StderrLine: {'line': b'\x1b[01m\x1b[K/opt/ros/humble/include/rclcpp/rclcpp/publisher.hpp:595:26:\x1b[m\x1b[K   required from \xe2\x80\x98\x1b[01m\x1b[Kclass rclcpp::Publisher<std_msgs::msg::String_<std::allocator<void> >(), std::allocator<void> >\x1b[m\x1b[K\xe2\x80\x99\n'}
[1.782852] (cpp01_topic) StderrLine: {'line': b'\x1b[01m\x1b[K/usr/include/c++/11/type_traits:1442:45:\x1b[m\x1b[K   required by substitution of \xe2\x80\x98\x1b[01m\x1b[Ktemplate<class _From1, class _To1, class> static std::true_type std::__is_convertible_helper<rclcpp::Publisher<std_msgs::msg::String_<std::allocator<void> >(), std::allocator<void> >*, rclcpp::Publisher<std_msgs::msg::String_<std::allocator<void> > >*, false>::__test<_From1, _To1, <template-parameter-1-3> >(int) [with _From1 = rclcpp::Publisher<std_msgs::msg::String_<std::allocator<void> >(), std::allocator<void> >*; _To1 = rclcpp::Publisher<std_msgs::msg::String_<std::allocator<void> > >*; <template-parameter-1-3> = <missing>]\x1b[m\x1b[K\xe2\x80\x99\n'}
[1.782991] (cpp01_topic) StderrLine: {'line': b'\x1b[01m\x1b[K/usr/include/c++/11/type_traits:1451:42:\x1b[m\x1b[K   required from \xe2\x80\x98\x1b[01m\x1b[Kstruct std::__is_convertible_helper<rclcpp::Publisher<std_msgs::msg::String_<std::allocator<void> >(), std::allocator<void> >*, rclcpp::Publisher<std_msgs::msg::String_<std::allocator<void> > >*, false>\x1b[m\x1b[K\xe2\x80\x99\n'}
[1.783130] (cpp01_topic) StderrLine: {'line': b'\x1b[01m\x1b[K/usr/include/c++/11/type_traits:1457:12:\x1b[m\x1b[K   required from \xe2\x80\x98\x1b[01m\x1b[Kstruct std::is_convertible<rclcpp::Publisher<std_msgs::msg::String_<std::allocator<void> >(), std::allocator<void> >*, rclcpp::Publisher<std_msgs::msg::String_<std::allocator<void> > >*>\x1b[m\x1b[K\xe2\x80\x99\n'}
[1.783260] (cpp01_topic) StderrLine: {'line': b'\x1b[01m\x1b[K/usr/include/c++/11/bits/shared_ptr_base.h:899:12:\x1b[m\x1b[K   [ skipping 2 instantiation contexts, use -ftemplate-backtrace-limit=0 to disable ]\n'}
[1.783377] (cpp01_topic) StderrLine: {'line': b'\x1b[01m\x1b[K/usr/include/c++/11/bits/shared_ptr_base.h:1156:30:\x1b[m\x1b[K   required by substitution of \xe2\x80\x98\x1b[01m\x1b[Ktemplate<class _Yp, class> std::__shared_ptr<rclcpp::Publisher<std_msgs::msg::String_<std::allocator<void> > >, __gnu_cxx::_S_atomic>::__shared_ptr(const std::__shared_ptr<_Tp>&) [with _Yp = rclcpp::Publisher<std_msgs::msg::String_<std::allocator<void> >(), std::allocator<void> >; <template-parameter-1-2> = <missing>]\x1b[m\x1b[K\xe2\x80\x99\n'}
[1.783503] (cpp01_topic) StderrLine: {'line': b'\x1b[01m\x1b[K/usr/include/c++/11/type_traits:946:30:\x1b[m\x1b[K   required from \xe2\x80\x98\x1b[01m\x1b[Kstruct std::__is_constructible_impl<std::__shared_ptr<rclcpp::Publisher<std_msgs::msg::String_<std::allocator<void> > >, __gnu_cxx::_S_atomic>, const std::shared_ptr<rclcpp::Publisher<std_msgs::msg::String_<std::allocator<void> >(), std::allocator<void> > >&>\x1b[m\x1b[K\xe2\x80\x99\n'}
[1.783627] (cpp01_topic) StderrLine: {'line': b'\x1b[01m\x1b[K/usr/include/c++/11/type_traits:952:12:\x1b[m\x1b[K   required from \xe2\x80\x98\x1b[01m\x1b[Kstruct std::is_constructible<std::__shared_ptr<rclcpp::Publisher<std_msgs::msg::String_<std::allocator<void> > >, __gnu_cxx::_S_atomic>, const std::shared_ptr<rclcpp::Publisher<std_msgs::msg::String_<std::allocator<void> >(), std::allocator<void> > >&>\x1b[m\x1b[K\xe2\x80\x99\n'}
[1.783748] (cpp01_topic) StderrLine: {'line': b'\x1b[01m\x1b[K/usr/include/c++/11/bits/shared_ptr.h:125:8:\x1b[m\x1b[K   required by substitution of \xe2\x80\x98\x1b[01m\x1b[Ktemplate<class _Tp> template<class ... _Args> using _Constructible = typename std::enable_if<std::is_constructible<std::__shared_ptr<_Tp>, _Args ...>::value>::type [with _Args = {const std::shared_ptr<rclcpp::Publisher<std_msgs::msg::String_<std::allocator<void> >(), std::allocator<void> > >&}; _Tp = rclcpp::Publisher<std_msgs::msg::String_<std::allocator<void> > >]\x1b[m\x1b[K\xe2\x80\x99\n'}
[1.783867] (cpp01_topic) StderrLine: {'line': b'\x1b[01m\x1b[K/usr/include/c++/11/bits/shared_ptr.h:295:9:\x1b[m\x1b[K   required by substitution of \xe2\x80\x98\x1b[01m\x1b[Ktemplate<class _Yp, class> std::shared_ptr<rclcpp::Publisher<std_msgs::msg::String_<std::allocator<void> > > >::shared_ptr(const std::shared_ptr<_Tp>&) [with _Yp = rclcpp::Publisher<std_msgs::msg::String_<std::allocator<void> >(), std::allocator<void> >; <template-parameter-1-2> = <missing>]\x1b[m\x1b[K\xe2\x80\x99\n'}
[1.783987] (cpp01_topic) StderrLine: {'line': b'\x1b[01m\x1b[K/media/kl/\xe6\x95\xb0\xe6\x8d\xae/github/Github_respository/ROS-_for_Study/ws01_plumbing/src/cpp01_topic/src/demo01_talker_str.cpp:11:78:\x1b[m\x1b[K   required from here\n'}
[1.784107] (cpp01_topic) StderrLine: {'line': b'\x1b[01m\x1b[K/usr/include/c++/11/ext/new_allocator.h:96:7:\x1b[m\x1b[K \x1b[01;31m\x1b[Kerror: \x1b[m\x1b[K\xe2\x80\x98\x1b[01m\x1b[Kconst _Tp* __gnu_cxx::new_allocator<_Tp>::address(__gnu_cxx::new_allocator<_Tp>::const_reference) const [with _Tp = std_msgs::msg::String_<std::allocator<void> >(); __gnu_cxx::new_allocator<_Tp>::const_pointer = std_msgs::msg::String_<std::allocator<void> > (*)(); __gnu_cxx::new_allocator<_Tp>::const_reference = std_msgs::msg::String_<std::allocator<void> > (&)()]\x1b[m\x1b[K\xe2\x80\x99 cannot be overloaded with \xe2\x80\x98\x1b[01m\x1b[K_Tp* __gnu_cxx::new_allocator<_Tp>::address(__gnu_cxx::new_allocator<_Tp>::reference) const [with _Tp = std_msgs::msg::String_<std::allocator<void> >(); __gnu_cxx::new_allocator<_Tp>::pointer = std_msgs::msg::String_<std::allocator<void> > (*)(); __gnu_cxx::new_allocator<_Tp>::reference = std_msgs::msg::String_<std::allocator<void> > (&)()]\x1b[m\x1b[K\xe2\x80\x99\n'}
[1.784265] (cpp01_topic) StderrLine: {'line': b'   96 |       \x1b[01;31m\x1b[Kaddress\x1b[m\x1b[K(const_reference __x) const _GLIBCXX_NOEXCEPT\n'}
[1.784382] (cpp01_topic) StderrLine: {'line': b'      |       \x1b[01;31m\x1b[K^~~~~~~\x1b[m\x1b[K\n'}
[1.784502] (cpp01_topic) StderrLine: {'line': b'\x1b[01m\x1b[K/usr/include/c++/11/ext/new_allocator.h:92:7:\x1b[m\x1b[K \x1b[01;36m\x1b[Knote: \x1b[m\x1b[Kprevious declaration \xe2\x80\x98\x1b[01m\x1b[K_Tp* __gnu_cxx::new_allocator<_Tp>::address(__gnu_cxx::new_allocator<_Tp>::reference) const [with _Tp = std_msgs::msg::String_<std::allocator<void> >(); __gnu_cxx::new_allocator<_Tp>::pointer = std_msgs::msg::String_<std::allocator<void> > (*)(); __gnu_cxx::new_allocator<_Tp>::reference = std_msgs::msg::String_<std::allocator<void> > (&)()]\x1b[m\x1b[K\xe2\x80\x99\n'}
[1.784663] (cpp01_topic) StderrLine: {'line': b'   92 |       \x1b[01;36m\x1b[Kaddress\x1b[m\x1b[K(reference __x) const _GLIBCXX_NOEXCEPT\n'}
[1.784786] (cpp01_topic) StderrLine: {'line': b'      |       \x1b[01;36m\x1b[K^~~~~~~\x1b[m\x1b[K\n'}
[1.784896] (cpp01_topic) StderrLine: {'line': b'\x1b[01m\x1b[K/media/kl/\xe6\x95\xb0\xe6\x8d\xae/github/Github_respository/ROS-_for_Study/ws01_plumbing/src/cpp01_topic/src/demo01_talker_str.cpp:\x1b[m\x1b[K In constructor \xe2\x80\x98\x1b[01m\x1b[KTalker::Talker()\x1b[m\x1b[K\xe2\x80\x99:\n'}
[1.785020] (cpp01_topic) StderrLine: {'line': b'\x1b[01m\x1b[K/media/kl/\xe6\x95\xb0\xe6\x8d\xae/github/Github_respository/ROS-_for_Study/ws01_plumbing/src/cpp01_topic/src/demo01_talker_str.cpp:11:78:\x1b[m\x1b[K \x1b[01;31m\x1b[Kerror: \x1b[m\x1b[Kno match for \xe2\x80\x98\x1b[01m\x1b[Koperator=\x1b[m\x1b[K\xe2\x80\x99 (operand types are \xe2\x80\x98\x1b[01m\x1b[Krclcpp::Publisher<std_msgs::msg::String_<std::allocator<void> > >::SharedPtr\x1b[m\x1b[K\xe2\x80\x99 {aka \xe2\x80\x98\x1b[01m\x1b[Kstd::shared_ptr<rclcpp::Publisher<std_msgs::msg::String_<std::allocator<void> > > >\x1b[m\x1b[K\xe2\x80\x99} and \xe2\x80\x98\x1b[01m\x1b[Kstd::shared_ptr<rclcpp::Publisher<std_msgs::msg::String_<std::allocator<void> >(), std::allocator<void> > >\x1b[m\x1b[K\xe2\x80\x99)\n'}
[1.785136] (cpp01_topic) StderrLine: {'line': b'   11 |     publisher_ = this->create_publisher<std_msgs::msg::String()>("chatter",10\x1b[01;31m\x1b[K)\x1b[m\x1b[K;\n'}
[1.785244] (cpp01_topic) StderrLine: {'line': b'      |                                                                              \x1b[01;31m\x1b[K^\x1b[m\x1b[K\n'}
[1.785357] (cpp01_topic) StderrLine: {'line': b'In file included from \x1b[01m\x1b[K/usr/include/c++/11/memory:77\x1b[m\x1b[K,\n'}
[1.785467] (cpp01_topic) StderrLine: {'line': b'                 from \x1b[01m\x1b[K/opt/ros/humble/include/rclcpp/rclcpp/rclcpp.hpp:153\x1b[m\x1b[K,\n'}
[1.785572] (cpp01_topic) StderrLine: {'line': b'                 from \x1b[01m\x1b[K/media/kl/\xe6\x95\xb0\xe6\x8d\xae/github/Github_respository/ROS-_for_Study/ws01_plumbing/src/cpp01_topic/src/demo01_talker_str.cpp:1\x1b[m\x1b[K:\n'}
[1.785684] (cpp01_topic) StderrLine: {'line': b'\x1b[01m\x1b[K/usr/include/c++/11/bits/shared_ptr.h:363:9:\x1b[m\x1b[K \x1b[01;36m\x1b[Knote: \x1b[m\x1b[Kcandidate: \xe2\x80\x98\x1b[01m\x1b[Ktemplate<class _Yp> std::shared_ptr<_Tp>::_Assignable<const std::shared_ptr<_Yp>&> std::shared_ptr<_Tp>::operator=(const std::shared_ptr<_Yp>&) [with _Yp = _Yp; _Tp = rclcpp::Publisher<std_msgs::msg::String_<std::allocator<void> > >]\x1b[m\x1b[K\xe2\x80\x99\n'}
[1.785816] (cpp01_topic) StderrLine: {'line': b'  363 |         \x1b[01;36m\x1b[Koperator\x1b[m\x1b[K=(const shared_ptr<_Yp>& __r) noexcept\n'}
[1.785929] (cpp01_topic) StderrLine: {'line': b'      |         \x1b[01;36m\x1b[K^~~~~~~~\x1b[m\x1b[K\n'}
[1.786039] (cpp01_topic) StderrLine: {'line': b'\x1b[01m\x1b[K/usr/include/c++/11/bits/shared_ptr.h:363:9:\x1b[m\x1b[K \x1b[01;36m\x1b[Knote: \x1b[m\x1b[K  template argument deduction/substitution failed:\n'}
[1.786144] (cpp01_topic) StderrLine: {'line': b'/usr/include/c++/11/bits/shared_ptr.h: In substitution of \xe2\x80\x98\x1b[01m\x1b[Ktemplate<class _Tp> template<class _Arg> using _Assignable = typename std::enable_if<std::is_assignable<std::__shared_ptr<_Tp>&, _Arg>::value, std::shared_ptr<_Tp>&>::type [with _Arg = const std::shared_ptr<rclcpp::Publisher<std_msgs::msg::String_<std::allocator<void> >(), std::allocator<void> > >&; _Tp = rclcpp::Publisher<std_msgs::msg::String_<std::allocator<void> > >]\x1b[m\x1b[K\xe2\x80\x99:\n'}
[1.786257] (cpp01_topic) StderrLine: {'line': b'\x1b[01m\x1b[K/usr/include/c++/11/bits/shared_ptr.h:363:2:\x1b[m\x1b[K   required by substitution of \xe2\x80\x98\x1b[01m\x1b[Ktemplate<class _Yp> std::shared_ptr<rclcpp::Publisher<std_msgs::msg::String_<std::allocator<void> > > >::_Assignable<const std::shared_ptr<_Tp>&> std::shared_ptr<rclcpp::Publisher<std_msgs::msg::String_<std::allocator<void> > > >::operator=<_Yp>(const std::shared_ptr<_Tp>&) [with _Yp = rclcpp::Publisher<std_msgs::msg::String_<std::allocator<void> >(), std::allocator<void> >]\x1b[m\x1b[K\xe2\x80\x99\n'}
[1.786389] (cpp01_topic) StderrLine: {'line': b'\x1b[01m\x1b[K/media/kl/\xe6\x95\xb0\xe6\x8d\xae/github/Github_respository/ROS-_for_Study/ws01_plumbing/src/cpp01_topic/src/demo01_talker_str.cpp:11:78:\x1b[m\x1b[K   required from here\n'}
[1.786501] (cpp01_topic) StderrLine: {'line': b'\x1b[01m\x1b[K/usr/include/c++/11/bits/shared_ptr.h:130:15:\x1b[m\x1b[K \x1b[01;31m\x1b[Kerror: \x1b[m\x1b[Kno type named \xe2\x80\x98\x1b[01m\x1b[Ktype\x1b[m\x1b[K\xe2\x80\x99 in \xe2\x80\x98\x1b[01m\x1b[Kstruct std::enable_if<false, std::shared_ptr<rclcpp::Publisher<std_msgs::msg::String_<std::allocator<void> > > >&>\x1b[m\x1b[K\xe2\x80\x99\n'}
[1.786613] (cpp01_topic) StderrLine: {'line': b'  130 |         using \x1b[01;31m\x1b[K_Assignable\x1b[m\x1b[K = typename enable_if<\n'}
[1.786723] (cpp01_topic) StderrLine: {'line': b'      |               \x1b[01;31m\x1b[K^~~~~~~~~~~\x1b[m\x1b[K\n'}
[1.786833] (cpp01_topic) StderrLine: {'line': b'\x1b[01m\x1b[K/usr/include/c++/11/bits/shared_ptr.h:374:9:\x1b[m\x1b[K \x1b[01;36m\x1b[Knote: \x1b[m\x1b[Kcandidate: \xe2\x80\x98\x1b[01m\x1b[Ktemplate<class _Yp> std::shared_ptr<_Tp>::_Assignable<std::auto_ptr<_Up> > std::shared_ptr<_Tp>::operator=(std::auto_ptr<_Up>&&) [with _Yp = _Yp; _Tp = rclcpp::Publisher<std_msgs::msg::String_<std::allocator<void> > >]\x1b[m\x1b[K\xe2\x80\x99\n'}
[1.786948] (cpp01_topic) StderrLine: {'line': b'  374 |         \x1b[01;36m\x1b[Koperator\x1b[m\x1b[K=(auto_ptr<_Yp>&& __r)\n'}
[1.787056] (cpp01_topic) StderrLine: {'line': b'      |         \x1b[01;36m\x1b[K^~~~~~~~\x1b[m\x1b[K\n'}
[1.787167] (cpp01_topic) StderrLine: {'line': b'\x1b[01m\x1b[K/usr/include/c++/11/bits/shared_ptr.h:374:9:\x1b[m\x1b[K \x1b[01;36m\x1b[Knote: \x1b[m\x1b[K  template argument deduction/substitution failed:\n'}
[1.787277] (cpp01_topic) StderrLine: {'line': b'\x1b[01m\x1b[K/media/kl/\xe6\x95\xb0\xe6\x8d\xae/github/Github_respository/ROS-_for_Study/ws01_plumbing/src/cpp01_topic/src/demo01_talker_str.cpp:11:78:\x1b[m\x1b[K \x1b[01;36m\x1b[Knote: \x1b[m\x1b[K  \xe2\x80\x98\x1b[01m\x1b[Kstd::shared_ptr<rclcpp::Publisher<std_msgs::msg::String_<std::allocator<void> >(), std::allocator<void> > >\x1b[m\x1b[K\xe2\x80\x99 is not derived from \xe2\x80\x98\x1b[01m\x1b[Kstd::auto_ptr<_Up>\x1b[m\x1b[K\xe2\x80\x99\n'}
[1.787430] (cpp01_topic) StderrLine: {'line': b'   11 |     publisher_ = this->create_publisher<std_msgs::msg::String()>("chatter",10\x1b[01;36m\x1b[K)\x1b[m\x1b[K;\n'}
[1.787542] (cpp01_topic) StderrLine: {'line': b'      |                                                                              \x1b[01;36m\x1b[K^\x1b[m\x1b[K\n'}
[1.787662] (cpp01_topic) StderrLine: {'line': b'In file included from \x1b[01m\x1b[K/usr/include/c++/11/memory:77\x1b[m\x1b[K,\n'}
[1.787768] (cpp01_topic) StderrLine: {'line': b'                 from \x1b[01m\x1b[K/opt/ros/humble/include/rclcpp/rclcpp/rclcpp.hpp:153\x1b[m\x1b[K,\n'}
[1.787882] (cpp01_topic) StderrLine: {'line': b'                 from \x1b[01m\x1b[K/media/kl/\xe6\x95\xb0\xe6\x8d\xae/github/Github_respository/ROS-_for_Study/ws01_plumbing/src/cpp01_topic/src/demo01_talker_str.cpp:1\x1b[m\x1b[K:\n'}
[1.787995] (cpp01_topic) StderrLine: {'line': b'\x1b[01m\x1b[K/usr/include/c++/11/bits/shared_ptr.h:391:9:\x1b[m\x1b[K \x1b[01;36m\x1b[Knote: \x1b[m\x1b[Kcandidate: \xe2\x80\x98\x1b[01m\x1b[Ktemplate<class _Yp> std::shared_ptr<_Tp>::_Assignable<std::shared_ptr<_Yp> > std::shared_ptr<_Tp>::operator=(std::shared_ptr<_Yp>&&) [with _Yp = _Yp; _Tp = rclcpp::Publisher<std_msgs::msg::String_<std::allocator<void> > >]\x1b[m\x1b[K\xe2\x80\x99\n'}
[1.788110] (cpp01_topic) StderrLine: {'line': b'  391 |         \x1b[01;36m\x1b[Koperator\x1b[m\x1b[K=(shared_ptr<_Yp>&& __r) noexcept\n'}
[1.788217] (cpp01_topic) StderrLine: {'line': b'      |         \x1b[01;36m\x1b[K^~~~~~~~\x1b[m\x1b[K\n'}
[1.788324] (cpp01_topic) StderrLine: {'line': b'\x1b[01m\x1b[K/usr/include/c++/11/bits/shared_ptr.h:391:9:\x1b[m\x1b[K \x1b[01;36m\x1b[Knote: \x1b[m\x1b[K  template argument deduction/substitution failed:\n'}
[1.788439] (cpp01_topic) StderrLine: {'line': b'/usr/include/c++/11/bits/shared_ptr.h: In substitution of \xe2\x80\x98\x1b[01m\x1b[Ktemplate<class _Tp> template<class _Arg> using _Assignable = typename std::enable_if<std::is_assignable<std::__shared_ptr<_Tp>&, _Arg>::value, std::shared_ptr<_Tp>&>::type [with _Arg = std::shared_ptr<rclcpp::Publisher<std_msgs::msg::String_<std::allocator<void> >(), std::allocator<void> > >; _Tp = rclcpp::Publisher<std_msgs::msg::String_<std::allocator<void> > >]\x1b[m\x1b[K\xe2\x80\x99:\n'}
[1.788551] (cpp01_topic) StderrLine: {'line': b'\x1b[01m\x1b[K/usr/include/c++/11/bits/shared_ptr.h:391:2:\x1b[m\x1b[K   required by substitution of \xe2\x80\x98\x1b[01m\x1b[Ktemplate<class _Yp> std::shared_ptr<rclcpp::Publisher<std_msgs::msg::String_<std::allocator<void> > > >::_Assignable<std::shared_ptr<_Tp> > std::shared_ptr<rclcpp::Publisher<std_msgs::msg::String_<std::allocator<void> > > >::operator=<_Yp>(std::shared_ptr<_Tp>&&) [with _Yp = rclcpp::Publisher<std_msgs::msg::String_<std::allocator<void> >(), std::allocator<void> >]\x1b[m\x1b[K\xe2\x80\x99\n'}
[1.788675] (cpp01_topic) StderrLine: {'line': b'\x1b[01m\x1b[K/media/kl/\xe6\x95\xb0\xe6\x8d\xae/github/Github_respository/ROS-_for_Study/ws01_plumbing/src/cpp01_topic/src/demo01_talker_str.cpp:11:78:\x1b[m\x1b[K   required from here\n'}
[1.788795] (cpp01_topic) StderrLine: {'line': b'\x1b[01m\x1b[K/usr/include/c++/11/bits/shared_ptr.h:130:15:\x1b[m\x1b[K \x1b[01;31m\x1b[Kerror: \x1b[m\x1b[Kno type named \xe2\x80\x98\x1b[01m\x1b[Ktype\x1b[m\x1b[K\xe2\x80\x99 in \xe2\x80\x98\x1b[01m\x1b[Kstruct std::enable_if<false, std::shared_ptr<rclcpp::Publisher<std_msgs::msg::String_<std::allocator<void> > > >&>\x1b[m\x1b[K\xe2\x80\x99\n'}
[1.788923] (cpp01_topic) StderrLine: {'line': b'  130 |         using \x1b[01;31m\x1b[K_Assignable\x1b[m\x1b[K = typename enable_if<\n'}
[1.789047] (cpp01_topic) StderrLine: {'line': b'      |               \x1b[01;31m\x1b[K^~~~~~~~~~~\x1b[m\x1b[K\n'}
[1.789161] (cpp01_topic) StderrLine: {'line': b'\x1b[01m\x1b[K/usr/include/c++/11/bits/shared_ptr.h:399:9:\x1b[m\x1b[K \x1b[01;36m\x1b[Knote: \x1b[m\x1b[Kcandidate: \xe2\x80\x98\x1b[01m\x1b[Ktemplate<class _Yp, class _Del> std::shared_ptr<_Tp>::_Assignable<std::unique_ptr<_Up, _Ep> > std::shared_ptr<_Tp>::operator=(std::unique_ptr<_Up, _Ep>&&) [with _Yp = _Yp; _Del = _Del; _Tp = rclcpp::Publisher<std_msgs::msg::String_<std::allocator<void> > >]\x1b[m\x1b[K\xe2\x80\x99\n'}
[1.789275] (cpp01_topic) StderrLine: {'line': b'  399 |         \x1b[01;36m\x1b[Koperator\x1b[m\x1b[K=(unique_ptr<_Yp, _Del>&& __r)\n'}
[1.789404] (cpp01_topic) StderrLine: {'line': b'      |         \x1b[01;36m\x1b[K^~~~~~~~\x1b[m\x1b[K\n'}
[1.789532] (cpp01_topic) StderrLine: {'line': b'\x1b[01m\x1b[K/usr/include/c++/11/bits/shared_ptr.h:399:9:\x1b[m\x1b[K \x1b[01;36m\x1b[Knote: \x1b[m\x1b[K  template argument deduction/substitution failed:\n'}
[1.789652] (cpp01_topic) StderrLine: {'line': b'\x1b[01m\x1b[K/media/kl/\xe6\x95\xb0\xe6\x8d\xae/github/Github_respository/ROS-_for_Study/ws01_plumbing/src/cpp01_topic/src/demo01_talker_str.cpp:11:78:\x1b[m\x1b[K \x1b[01;36m\x1b[Knote: \x1b[m\x1b[K  \xe2\x80\x98\x1b[01m\x1b[Kstd::shared_ptr<rclcpp::Publisher<std_msgs::msg::String_<std::allocator<void> >(), std::allocator<void> > >\x1b[m\x1b[K\xe2\x80\x99 is not derived from \xe2\x80\x98\x1b[01m\x1b[Kstd::unique_ptr<_Tp, _Dp>\x1b[m\x1b[K\xe2\x80\x99\n'}
[1.789774] (cpp01_topic) StderrLine: {'line': b'   11 |     publisher_ = this->create_publisher<std_msgs::msg::String()>("chatter",10\x1b[01;36m\x1b[K)\x1b[m\x1b[K;\n'}
[1.789898] (cpp01_topic) StderrLine: {'line': b'      |                                                                              \x1b[01;36m\x1b[K^\x1b[m\x1b[K\n'}
[1.790012] (cpp01_topic) StderrLine: {'line': b'In file included from \x1b[01m\x1b[K/usr/include/c++/11/memory:77\x1b[m\x1b[K,\n'}
[1.790159] (cpp01_topic) StderrLine: {'line': b'                 from \x1b[01m\x1b[K/opt/ros/humble/include/rclcpp/rclcpp/rclcpp.hpp:153\x1b[m\x1b[K,\n'}
[1.790425] (cpp01_topic) StderrLine: {'line': b'                 from \x1b[01m\x1b[K/media/kl/\xe6\x95\xb0\xe6\x8d\xae/github/Github_respository/ROS-_for_Study/ws01_plumbing/src/cpp01_topic/src/demo01_talker_str.cpp:1\x1b[m\x1b[K:\n'}
[1.790555] (cpp01_topic) StderrLine: {'line': b'\x1b[01m\x1b[K/usr/include/c++/11/bits/shared_ptr.h:359:19:\x1b[m\x1b[K \x1b[01;36m\x1b[Knote: \x1b[m\x1b[Kcandidate: \xe2\x80\x98\x1b[01m\x1b[Kstd::shared_ptr<_Tp>& std::shared_ptr<_Tp>::operator=(const std::shared_ptr<_Tp>&) [with _Tp = rclcpp::Publisher<std_msgs::msg::String_<std::allocator<void> > >]\x1b[m\x1b[K\xe2\x80\x99\n'}
[1.790681] (cpp01_topic) StderrLine: {'line': b'  359 |       shared_ptr& \x1b[01;36m\x1b[Koperator\x1b[m\x1b[K=(const shared_ptr&) noexcept = default;\n'}
[1.790809] (cpp01_topic) StderrLine: {'line': b'      |                   \x1b[01;36m\x1b[K^~~~~~~~\x1b[m\x1b[K\n'}
[1.791012] (cpp01_topic) StderrLine: {'line': b'\x1b[01m\x1b[K/usr/include/c++/11/bits/shared_ptr.h:359:29:\x1b[m\x1b[K \x1b[01;36m\x1b[Knote: \x1b[m\x1b[K  no known conversion for argument 1 from \xe2\x80\x98\x1b[01m\x1b[Kstd::shared_ptr<rclcpp::Publisher<std_msgs::msg::String_<std::allocator<void> >(), std::allocator<void> > >\x1b[m\x1b[K\xe2\x80\x99 to \xe2\x80\x98\x1b[01m\x1b[Kconst std::shared_ptr<rclcpp::Publisher<std_msgs::msg::String_<std::allocator<void> > > >&\x1b[m\x1b[K\xe2\x80\x99\n'}
[1.791371] (cpp01_topic) StderrLine: {'line': b'  359 |       shared_ptr& operator=(\x1b[01;36m\x1b[Kconst shared_ptr&\x1b[m\x1b[K) noexcept = default;\n'}
[1.791494] (cpp01_topic) StderrLine: {'line': b'      |                             \x1b[01;36m\x1b[K^~~~~~~~~~~~~~~~~\x1b[m\x1b[K\n'}
[1.791688] (cpp01_topic) StderrLine: {'line': b'\x1b[01m\x1b[K/usr/include/c++/11/bits/shared_ptr.h:383:7:\x1b[m\x1b[K \x1b[01;36m\x1b[Knote: \x1b[m\x1b[Kcandidate: \xe2\x80\x98\x1b[01m\x1b[Kstd::shared_ptr<_Tp>& std::shared_ptr<_Tp>::operator=(std::shared_ptr<_Tp>&&) [with _Tp = rclcpp::Publisher<std_msgs::msg::String_<std::allocator<void> > >]\x1b[m\x1b[K\xe2\x80\x99\n'}
[1.791903] (cpp01_topic) StderrLine: {'line': b'  383 |       \x1b[01;36m\x1b[Koperator\x1b[m\x1b[K=(shared_ptr&& __r) noexcept\n'}
[1.791994] (cpp01_topic) StderrLine: {'line': b'      |       \x1b[01;36m\x1b[K^~~~~~~~\x1b[m\x1b[K\n'}
[1.792086] (cpp01_topic) StderrLine: {'line': b'\x1b[01m\x1b[K/usr/include/c++/11/bits/shared_ptr.h:383:30:\x1b[m\x1b[K \x1b[01;36m\x1b[Knote: \x1b[m\x1b[K  no known conversion for argument 1 from \xe2\x80\x98\x1b[01m\x1b[Kstd::shared_ptr<rclcpp::Publisher<std_msgs::msg::String_<std::allocator<void> >(), std::allocator<void> > >\x1b[m\x1b[K\xe2\x80\x99 to \xe2\x80\x98\x1b[01m\x1b[Kstd::shared_ptr<rclcpp::Publisher<std_msgs::msg::String_<std::allocator<void> > > >&&\x1b[m\x1b[K\xe2\x80\x99\n'}
[1.792199] (cpp01_topic) StderrLine: {'line': b'  383 |       operator=(\x1b[01;36m\x1b[Kshared_ptr&& __r\x1b[m\x1b[K) noexcept\n'}
[1.792290] (cpp01_topic) StderrLine: {'line': b'      |                 \x1b[01;36m\x1b[K~~~~~~~~~~~~~^~~\x1b[m\x1b[K\n'}
[1.792377] (cpp01_topic) StderrLine: {'line': b'\x1b[01m\x1b[K/media/kl/\xe6\x95\xb0\xe6\x8d\xae/github/Github_respository/ROS-_for_Study/ws01_plumbing/src/cpp01_topic/src/demo01_talker_str.cpp:\x1b[m\x1b[K In member function \xe2\x80\x98\x1b[01m\x1b[Kvoid Talker::on_timer()\x1b[m\x1b[K\xe2\x80\x99:\n'}
[1.792468] (cpp01_topic) StderrLine: {'line': b'\x1b[01m\x1b[K/media/kl/\xe6\x95\xb0\xe6\x8d\xae/github/Github_respository/ROS-_for_Study/ws01_plumbing/src/cpp01_topic/src/demo01_talker_str.cpp:23:27:\x1b[m\x1b[K \x1b[01;31m\x1b[Kerror: \x1b[m\x1b[Kno matching function for call to \xe2\x80\x98\x1b[01m\x1b[Krclcpp::Publisher<std_msgs::msg::String_<std::allocator<void> > >::publish()\x1b[m\x1b[K\xe2\x80\x99\n'}
[1.792576] (cpp01_topic) StderrLine: {'line': b'   23 |       \x1b[01;31m\x1b[Kpublisher_ ->publish()\x1b[m\x1b[K;\n'}
[1.792693] (cpp01_topic) StderrLine: {'line': b'      |       \x1b[01;31m\x1b[K~~~~~~~~~~~~~~~~~~~~^~\x1b[m\x1b[K\n'}
[1.792784] (cpp01_topic) StderrLine: {'line': b'In file included from \x1b[01m\x1b[K/opt/ros/humble/include/rclcpp/rclcpp/topic_statistics/subscription_topic_statistics.hpp:31\x1b[m\x1b[K,\n'}
[1.792875] (cpp01_topic) StderrLine: {'line': b'                 from \x1b[01m\x1b[K/opt/ros/humble/include/rclcpp/rclcpp/subscription.hpp:50\x1b[m\x1b[K,\n'}
[1.792965] (cpp01_topic) StderrLine: {'line': b'                 from \x1b[01m\x1b[K/opt/ros/humble/include/rclcpp/rclcpp/any_executable.hpp:25\x1b[m\x1b[K,\n'}
[1.793052] (cpp01_topic) StderrLine: {'line': b'                 from \x1b[01m\x1b[K/opt/ros/humble/include/rclcpp/rclcpp/memory_strategy.hpp:25\x1b[m\x1b[K,\n'}
[1.793143] (cpp01_topic) StderrLine: {'line': b'                 from \x1b[01m\x1b[K/opt/ros/humble/include/rclcpp/rclcpp/memory_strategies.hpp:18\x1b[m\x1b[K,\n'}
[1.793231] (cpp01_topic) StderrLine: {'line': b'                 from \x1b[01m\x1b[K/opt/ros/humble/include/rclcpp/rclcpp/executor_options.hpp:20\x1b[m\x1b[K,\n'}
[1.793322] (cpp01_topic) StderrLine: {'line': b'                 from \x1b[01m\x1b[K/opt/ros/humble/include/rclcpp/rclcpp/executor.hpp:37\x1b[m\x1b[K,\n'}
[1.793412] (cpp01_topic) StderrLine: {'line': b'                 from \x1b[01m\x1b[K/opt/ros/humble/include/rclcpp/rclcpp/executors/multi_threaded_executor.hpp:25\x1b[m\x1b[K,\n'}
[1.793501] (cpp01_topic) StderrLine: {'line': b'                 from \x1b[01m\x1b[K/opt/ros/humble/include/rclcpp/rclcpp/executors.hpp:21\x1b[m\x1b[K,\n'}
[1.793591] (cpp01_topic) StderrLine: {'line': b'                 from \x1b[01m\x1b[K/opt/ros/humble/include/rclcpp/rclcpp/rclcpp.hpp:155\x1b[m\x1b[K,\n'}
[1.793681] (cpp01_topic) StderrLine: {'line': b'                 from \x1b[01m\x1b[K/media/kl/\xe6\x95\xb0\xe6\x8d\xae/github/Github_respository/ROS-_for_Study/ws01_plumbing/src/cpp01_topic/src/demo01_talker_str.cpp:1\x1b[m\x1b[K:\n'}
[1.793770] (cpp01_topic) StderrLine: {'line': b'\x1b[01m\x1b[K/opt/ros/humble/include/rclcpp/rclcpp/publisher.hpp:251:3:\x1b[m\x1b[K \x1b[01;36m\x1b[Knote: \x1b[m\x1b[Kcandidate: \xe2\x80\x98\x1b[01m\x1b[Ktemplate<class T> std::enable_if_t<(rosidl_generator_traits::is_message<T>::value && std::is_same<T, typename rclcpp::TypeAdapter<MessageT>::ros_message_type>::value)> rclcpp::Publisher<MessageT, AllocatorT>::publish(std::unique_ptr<T, typename std::conditional<std::is_same<typename std::allocator_traits<typename std::allocator_traits<_Allocator>::rebind_traits<typename rclcpp::TypeAdapter<MessageT, void, void>::ros_message_type>::allocator_type>::rebind_alloc<typename rclcpp::TypeAdapter<MessageT, void, void>::ros_message_type>, std::allocator<typename rclcpp::TypeAdapter<MessageT>::ros_message_type> >::value, std::default_delete<typename rclcpp::TypeAdapter<MessageT>::ros_message_type>, rclcpp::allocator::AllocatorDeleter<typename std::allocator_traits<_Allocator>::rebind_traits<typename rclcpp::TypeAdapter<MessageT, void, void>::ros_message_type>::allocator_type> >::type>) [with T = T; MessageT = std_msgs::msg::String_<std::allocator<void> >; AllocatorT = std::allocator<void>]\x1b[m\x1b[K\xe2\x80\x99\n'}
[1.793904] (cpp01_topic) StderrLine: {'line': b'  251 |   \x1b[01;36m\x1b[Kpublish\x1b[m\x1b[K(std::unique_ptr<T, ROSMessageTypeDeleter> msg)\n'}
[1.793993] (cpp01_topic) StderrLine: {'line': b'      |   \x1b[01;36m\x1b[K^~~~~~~\x1b[m\x1b[K\n'}
[1.794081] (cpp01_topic) StderrLine: {'line': b'\x1b[01m\x1b[K/opt/ros/humble/include/rclcpp/rclcpp/publisher.hpp:251:3:\x1b[m\x1b[K \x1b[01;36m\x1b[Knote: \x1b[m\x1b[K  template argument deduction/substitution failed:\n'}
[1.794170] (cpp01_topic) StderrLine: {'line': b'\x1b[01m\x1b[K/media/kl/\xe6\x95\xb0\xe6\x8d\xae/github/Github_respository/ROS-_for_Study/ws01_plumbing/src/cpp01_topic/src/demo01_talker_str.cpp:23:27:\x1b[m\x1b[K \x1b[01;36m\x1b[Knote: \x1b[m\x1b[K  candidate expects 1 argument, 0 provided\n'}
[1.794258] (cpp01_topic) StderrLine: {'line': b'   23 |       \x1b[01;36m\x1b[Kpublisher_ ->publish()\x1b[m\x1b[K;\n'}
[1.794349] (cpp01_topic) StderrLine: {'line': b'      |       \x1b[01;36m\x1b[K~~~~~~~~~~~~~~~~~~~~^~\x1b[m\x1b[K\n'}
[1.794437] (cpp01_topic) StderrLine: {'line': b'In file included from \x1b[01m\x1b[K/opt/ros/humble/include/rclcpp/rclcpp/topic_statistics/subscription_topic_statistics.hpp:31\x1b[m\x1b[K,\n'}
[1.794526] (cpp01_topic) StderrLine: {'line': b'                 from \x1b[01m\x1b[K/opt/ros/humble/include/rclcpp/rclcpp/subscription.hpp:50\x1b[m\x1b[K,\n'}
[1.794618] (cpp01_topic) StderrLine: {'line': b'                 from \x1b[01m\x1b[K/opt/ros/humble/include/rclcpp/rclcpp/any_executable.hpp:25\x1b[m\x1b[K,\n'}
[1.794708] (cpp01_topic) StderrLine: {'line': b'                 from \x1b[01m\x1b[K/opt/ros/humble/include/rclcpp/rclcpp/memory_strategy.hpp:25\x1b[m\x1b[K,\n'}
[1.794797] (cpp01_topic) StderrLine: {'line': b'                 from \x1b[01m\x1b[K/opt/ros/humble/include/rclcpp/rclcpp/memory_strategies.hpp:18\x1b[m\x1b[K,\n'}
[1.794889] (cpp01_topic) StderrLine: {'line': b'                 from \x1b[01m\x1b[K/opt/ros/humble/include/rclcpp/rclcpp/executor_options.hpp:20\x1b[m\x1b[K,\n'}
[1.794978] (cpp01_topic) StderrLine: {'line': b'                 from \x1b[01m\x1b[K/opt/ros/humble/include/rclcpp/rclcpp/executor.hpp:37\x1b[m\x1b[K,\n'}
[1.795081] (cpp01_topic) StderrLine: {'line': b'                 from \x1b[01m\x1b[K/opt/ros/humble/include/rclcpp/rclcpp/executors/multi_threaded_executor.hpp:25\x1b[m\x1b[K,\n'}
[1.795170] (cpp01_topic) StderrLine: {'line': b'                 from \x1b[01m\x1b[K/opt/ros/humble/include/rclcpp/rclcpp/executors.hpp:21\x1b[m\x1b[K,\n'}
[1.795259] (cpp01_topic) StderrLine: {'line': b'                 from \x1b[01m\x1b[K/opt/ros/humble/include/rclcpp/rclcpp/rclcpp.hpp:155\x1b[m\x1b[K,\n'}
[1.795352] (cpp01_topic) StderrLine: {'line': b'                 from \x1b[01m\x1b[K/media/kl/\xe6\x95\xb0\xe6\x8d\xae/github/Github_respository/ROS-_for_Study/ws01_plumbing/src/cpp01_topic/src/demo01_talker_str.cpp:1\x1b[m\x1b[K:\n'}
[1.795445] (cpp01_topic) StderrLine: {'line': b'\x1b[01m\x1b[K/opt/ros/humble/include/rclcpp/rclcpp/publisher.hpp:292:3:\x1b[m\x1b[K \x1b[01;36m\x1b[Knote: \x1b[m\x1b[Kcandidate: \xe2\x80\x98\x1b[01m\x1b[Ktemplate<class T> std::enable_if_t<(rosidl_generator_traits::is_message<T>::value && std::is_same<T, typename rclcpp::TypeAdapter<MessageT>::ros_message_type>::value)> rclcpp::Publisher<MessageT, AllocatorT>::publish(const T&) [with T = T; MessageT = std_msgs::msg::String_<std::allocator<void> >; AllocatorT = std::allocator<void>]\x1b[m\x1b[K\xe2\x80\x99\n'}
[1.795544] (cpp01_topic) StderrLine: {'line': b'  292 |   \x1b[01;36m\x1b[Kpublish\x1b[m\x1b[K(const T & msg)\n'}
[1.795632] (cpp01_topic) StderrLine: {'line': b'      |   \x1b[01;36m\x1b[K^~~~~~~\x1b[m\x1b[K\n'}
[1.795716] (cpp01_topic) StderrLine: {'line': b'\x1b[01m\x1b[K/opt/ros/humble/include/rclcpp/rclcpp/publisher.hpp:292:3:\x1b[m\x1b[K \x1b[01;36m\x1b[Knote: \x1b[m\x1b[K  template argument deduction/substitution failed:\n'}
[1.795819] (cpp01_topic) StderrLine: {'line': b'\x1b[01m\x1b[K/media/kl/\xe6\x95\xb0\xe6\x8d\xae/github/Github_respository/ROS-_for_Study/ws01_plumbing/src/cpp01_topic/src/demo01_talker_str.cpp:23:27:\x1b[m\x1b[K \x1b[01;36m\x1b[Knote: \x1b[m\x1b[K  candidate expects 1 argument, 0 provided\n'}
[1.795908] (cpp01_topic) StderrLine: {'line': b'   23 |       \x1b[01;36m\x1b[Kpublisher_ ->publish()\x1b[m\x1b[K;\n'}
[1.795996] (cpp01_topic) StderrLine: {'line': b'      |       \x1b[01;36m\x1b[K~~~~~~~~~~~~~~~~~~~~^~\x1b[m\x1b[K\n'}
[1.796085] (cpp01_topic) StderrLine: {'line': b'In file included from \x1b[01m\x1b[K/opt/ros/humble/include/rclcpp/rclcpp/topic_statistics/subscription_topic_statistics.hpp:31\x1b[m\x1b[K,\n'}
[1.796174] (cpp01_topic) StderrLine: {'line': b'                 from \x1b[01m\x1b[K/opt/ros/humble/include/rclcpp/rclcpp/subscription.hpp:50\x1b[m\x1b[K,\n'}
[1.796265] (cpp01_topic) StderrLine: {'line': b'                 from \x1b[01m\x1b[K/opt/ros/humble/include/rclcpp/rclcpp/any_executable.hpp:25\x1b[m\x1b[K,\n'}
[1.796352] (cpp01_topic) StderrLine: {'line': b'                 from \x1b[01m\x1b[K/opt/ros/humble/include/rclcpp/rclcpp/memory_strategy.hpp:25\x1b[m\x1b[K,\n'}
[1.796442] (cpp01_topic) StderrLine: {'line': b'                 from \x1b[01m\x1b[K/opt/ros/humble/include/rclcpp/rclcpp/memory_strategies.hpp:18\x1b[m\x1b[K,\n'}
[1.796540] (cpp01_topic) StderrLine: {'line': b'                 from \x1b[01m\x1b[K/opt/ros/humble/include/rclcpp/rclcpp/executor_options.hpp:20\x1b[m\x1b[K,\n'}
[1.796640] (cpp01_topic) StderrLine: {'line': b'                 from \x1b[01m\x1b[K/opt/ros/humble/include/rclcpp/rclcpp/executor.hpp:37\x1b[m\x1b[K,\n'}
[1.796742] (cpp01_topic) StderrLine: {'line': b'                 from \x1b[01m\x1b[K/opt/ros/humble/include/rclcpp/rclcpp/executors/multi_threaded_executor.hpp:25\x1b[m\x1b[K,\n'}
[1.796833] (cpp01_topic) StderrLine: {'line': b'                 from \x1b[01m\x1b[K/opt/ros/humble/include/rclcpp/rclcpp/executors.hpp:21\x1b[m\x1b[K,\n'}
[1.796924] (cpp01_topic) StderrLine: {'line': b'                 from \x1b[01m\x1b[K/opt/ros/humble/include/rclcpp/rclcpp/rclcpp.hpp:155\x1b[m\x1b[K,\n'}
[1.797014] (cpp01_topic) StderrLine: {'line': b'                 from \x1b[01m\x1b[K/media/kl/\xe6\x95\xb0\xe6\x8d\xae/github/Github_respository/ROS-_for_Study/ws01_plumbing/src/cpp01_topic/src/demo01_talker_str.cpp:1\x1b[m\x1b[K:\n'}
[1.797101] (cpp01_topic) StderrLine: {'line': b'\x1b[01m\x1b[K/opt/ros/humble/include/rclcpp/rclcpp/publisher.hpp:322:3:\x1b[m\x1b[K \x1b[01;36m\x1b[Knote: \x1b[m\x1b[Kcandidate: \xe2\x80\x98\x1b[01m\x1b[Ktemplate<class T> std::enable_if_t<(typename rclcpp::TypeAdapter<MessageT>::is_specialized::value && std::is_same<T, typename rclcpp::TypeAdapter<MessageT>::custom_type>::value)> rclcpp::Publisher<MessageT, AllocatorT>::publish(std::unique_ptr<T, typename std::conditional<std::is_same<typename std::allocator_traits<typename std::allocator_traits<_Allocator>::rebind_traits<typename rclcpp::TypeAdapter<MessageT, void, void>::custom_type>::allocator_type>::rebind_alloc<typename rclcpp::TypeAdapter<MessageT, void, void>::custom_type>, std::allocator<typename rclcpp::TypeAdapter<MessageT>::custom_type> >::value, std::default_delete<typename rclcpp::TypeAdapter<MessageT>::custom_type>, rclcpp::allocator::AllocatorDeleter<typename std::allocator_traits<_Allocator>::rebind_traits<typename rclcpp::TypeAdapter<MessageT, void, void>::custom_type>::allocator_type> >::type>) [with T = T; MessageT = std_msgs::msg::String_<std::allocator<void> >; AllocatorT = std::allocator<void>]\x1b[m\x1b[K\xe2\x80\x99\n'}
[1.797197] (cpp01_topic) StderrLine: {'line': b'  322 |   \x1b[01;36m\x1b[Kpublish\x1b[m\x1b[K(std::unique_ptr<T, PublishedTypeDeleter> msg)\n'}
[1.797286] (cpp01_topic) StderrLine: {'line': b'      |   \x1b[01;36m\x1b[K^~~~~~~\x1b[m\x1b[K\n'}
[1.797392] (cpp01_topic) StderrLine: {'line': b'\x1b[01m\x1b[K/opt/ros/humble/include/rclcpp/rclcpp/publisher.hpp:322:3:\x1b[m\x1b[K \x1b[01;36m\x1b[Knote: \x1b[m\x1b[K  template argument deduction/substitution failed:\n'}
[1.797492] (cpp01_topic) StderrLine: {'line': b'\x1b[01m\x1b[K/media/kl/\xe6\x95\xb0\xe6\x8d\xae/github/Github_respository/ROS-_for_Study/ws01_plumbing/src/cpp01_topic/src/demo01_talker_str.cpp:23:27:\x1b[m\x1b[K \x1b[01;36m\x1b[Knote: \x1b[m\x1b[K  candidate expects 1 argument, 0 provided\n'}
[1.797581] (cpp01_topic) StderrLine: {'line': b'   23 |       \x1b[01;36m\x1b[Kpublisher_ ->publish()\x1b[m\x1b[K;\n'}
[1.797708] (cpp01_topic) StderrLine: {'line': b'      |       \x1b[01;36m\x1b[K~~~~~~~~~~~~~~~~~~~~^~\x1b[m\x1b[K\n'}
[1.797843] (cpp01_topic) StderrLine: {'line': b'In file included from \x1b[01m\x1b[K/opt/ros/humble/include/rclcpp/rclcpp/topic_statistics/subscription_topic_statistics.hpp:31\x1b[m\x1b[K,\n'}
[1.797978] (cpp01_topic) StderrLine: {'line': b'                 from \x1b[01m\x1b[K/opt/ros/humble/include/rclcpp/rclcpp/subscription.hpp:50\x1b[m\x1b[K,\n'}
[1.798109] (cpp01_topic) StderrLine: {'line': b'                 from \x1b[01m\x1b[K/opt/ros/humble/include/rclcpp/rclcpp/any_executable.hpp:25\x1b[m\x1b[K,\n'}
[1.798239] (cpp01_topic) StderrLine: {'line': b'                 from \x1b[01m\x1b[K/opt/ros/humble/include/rclcpp/rclcpp/memory_strategy.hpp:25\x1b[m\x1b[K,\n'}
[1.798363] (cpp01_topic) StderrLine: {'line': b'                 from \x1b[01m\x1b[K/opt/ros/humble/include/rclcpp/rclcpp/memory_strategies.hpp:18\x1b[m\x1b[K,\n'}
[1.798487] (cpp01_topic) StderrLine: {'line': b'                 from \x1b[01m\x1b[K/opt/ros/humble/include/rclcpp/rclcpp/executor_options.hpp:20\x1b[m\x1b[K,\n'}
[1.798613] (cpp01_topic) StderrLine: {'line': b'                 from \x1b[01m\x1b[K/opt/ros/humble/include/rclcpp/rclcpp/executor.hpp:37\x1b[m\x1b[K,\n'}
[1.798737] (cpp01_topic) StderrLine: {'line': b'                 from \x1b[01m\x1b[K/opt/ros/humble/include/rclcpp/rclcpp/executors/multi_threaded_executor.hpp:25\x1b[m\x1b[K,\n'}
[1.798867] (cpp01_topic) StderrLine: {'line': b'                 from \x1b[01m\x1b[K/opt/ros/humble/include/rclcpp/rclcpp/executors.hpp:21\x1b[m\x1b[K,\n'}
[1.798991] (cpp01_topic) StderrLine: {'line': b'                 from \x1b[01m\x1b[K/opt/ros/humble/include/rclcpp/rclcpp/rclcpp.hpp:155\x1b[m\x1b[K,\n'}
[1.799125] (cpp01_topic) StderrLine: {'line': b'                 from \x1b[01m\x1b[K/media/kl/\xe6\x95\xb0\xe6\x8d\xae/github/Github_respository/ROS-_for_Study/ws01_plumbing/src/cpp01_topic/src/demo01_talker_str.cpp:1\x1b[m\x1b[K:\n'}
[1.799256] (cpp01_topic) StderrLine: {'line': b'\x1b[01m\x1b[K/opt/ros/humble/include/rclcpp/rclcpp/publisher.hpp:364:3:\x1b[m\x1b[K \x1b[01;36m\x1b[Knote: \x1b[m\x1b[Kcandidate: \xe2\x80\x98\x1b[01m\x1b[Ktemplate<class T> std::enable_if_t<(typename rclcpp::TypeAdapter<MessageT>::is_specialized::value && std::is_same<T, typename rclcpp::TypeAdapter<MessageT>::custom_type>::value)> rclcpp::Publisher<MessageT, AllocatorT>::publish(const T&) [with T = T; MessageT = std_msgs::msg::String_<std::allocator<void> >; AllocatorT = std::allocator<void>]\x1b[m\x1b[K\xe2\x80\x99\n'}
[1.799376] (cpp01_topic) StderrLine: {'line': b'  364 |   \x1b[01;36m\x1b[Kpublish\x1b[m\x1b[K(const T & msg)\n'}
[1.799471] (cpp01_topic) StderrLine: {'line': b'      |   \x1b[01;36m\x1b[K^~~~~~~\x1b[m\x1b[K\n'}
[1.799566] (cpp01_topic) StderrLine: {'line': b'\x1b[01m\x1b[K/opt/ros/humble/include/rclcpp/rclcpp/publisher.hpp:364:3:\x1b[m\x1b[K \x1b[01;36m\x1b[Knote: \x1b[m\x1b[K  template argument deduction/substitution failed:\n'}
[1.799675] (cpp01_topic) StderrLine: {'line': b'\x1b[01m\x1b[K/media/kl/\xe6\x95\xb0\xe6\x8d\xae/github/Github_respository/ROS-_for_Study/ws01_plumbing/src/cpp01_topic/src/demo01_talker_str.cpp:23:27:\x1b[m\x1b[K \x1b[01;36m\x1b[Knote: \x1b[m\x1b[K  candidate expects 1 argument, 0 provided\n'}
[1.799782] (cpp01_topic) StderrLine: {'line': b'   23 |       \x1b[01;36m\x1b[Kpublisher_ ->publish()\x1b[m\x1b[K;\n'}
[1.799873] (cpp01_topic) StderrLine: {'line': b'      |       \x1b[01;36m\x1b[K~~~~~~~~~~~~~~~~~~~~^~\x1b[m\x1b[K\n'}
[1.799975] (cpp01_topic) StderrLine: {'line': b'In file included from \x1b[01m\x1b[K/opt/ros/humble/include/rclcpp/rclcpp/topic_statistics/subscription_topic_statistics.hpp:31\x1b[m\x1b[K,\n'}
[1.800069] (cpp01_topic) StderrLine: {'line': b'                 from \x1b[01m\x1b[K/opt/ros/humble/include/rclcpp/rclcpp/subscription.hpp:50\x1b[m\x1b[K,\n'}
[1.800163] (cpp01_topic) StderrLine: {'line': b'                 from \x1b[01m\x1b[K/opt/ros/humble/include/rclcpp/rclcpp/any_executable.hpp:25\x1b[m\x1b[K,\n'}
[1.800256] (cpp01_topic) StderrLine: {'line': b'                 from \x1b[01m\x1b[K/opt/ros/humble/include/rclcpp/rclcpp/memory_strategy.hpp:25\x1b[m\x1b[K,\n'}
[1.800348] (cpp01_topic) StderrLine: {'line': b'                 from \x1b[01m\x1b[K/opt/ros/humble/include/rclcpp/rclcpp/memory_strategies.hpp:18\x1b[m\x1b[K,\n'}
[1.800452] (cpp01_topic) StderrLine: {'line': b'                 from \x1b[01m\x1b[K/opt/ros/humble/include/rclcpp/rclcpp/executor_options.hpp:20\x1b[m\x1b[K,\n'}
[1.800561] (cpp01_topic) StderrLine: {'line': b'                 from \x1b[01m\x1b[K/opt/ros/humble/include/rclcpp/rclcpp/executor.hpp:37\x1b[m\x1b[K,\n'}
[1.800768] (cpp01_topic) StderrLine: {'line': b'                 from \x1b[01m\x1b[K/opt/ros/humble/include/rclcpp/rclcpp/executors/multi_threaded_executor.hpp:25\x1b[m\x1b[K,\n'}
[1.800973] (cpp01_topic) StderrLine: {'line': b'                 from \x1b[01m\x1b[K/opt/ros/humble/include/rclcpp/rclcpp/executors.hpp:21\x1b[m\x1b[K,\n'}
[1.801134] (cpp01_topic) StderrLine: {'line': b'                 from \x1b[01m\x1b[K/opt/ros/humble/include/rclcpp/rclcpp/rclcpp.hpp:155\x1b[m\x1b[K,\n'}
[1.801289] (cpp01_topic) StderrLine: {'line': b'                 from \x1b[01m\x1b[K/media/kl/\xe6\x95\xb0\xe6\x8d\xae/github/Github_respository/ROS-_for_Study/ws01_plumbing/src/cpp01_topic/src/demo01_talker_str.cpp:1\x1b[m\x1b[K:\n'}
[1.801470] (cpp01_topic) StderrLine: {'line': b'\x1b[01m\x1b[K/opt/ros/humble/include/rclcpp/rclcpp/publisher.hpp:383:3:\x1b[m\x1b[K \x1b[01;36m\x1b[Knote: \x1b[m\x1b[Kcandidate: \xe2\x80\x98\x1b[01m\x1b[Kvoid rclcpp::Publisher<MessageT, AllocatorT>::publish(const rcl_serialized_message_t&) [with MessageT = std_msgs::msg::String_<std::allocator<void> >; AllocatorT = std::allocator<void>; rcl_serialized_message_t = rcutils_uint8_array_s]\x1b[m\x1b[K\xe2\x80\x99\n'}
[1.801630] (cpp01_topic) StderrLine: {'line': b'  383 |   \x1b[01;36m\x1b[Kpublish\x1b[m\x1b[K(const rcl_serialized_message_t & serialized_msg)\n'}
[1.801794] (cpp01_topic) StderrLine: {'line': b'      |   \x1b[01;36m\x1b[K^~~~~~~\x1b[m\x1b[K\n'}
[1.801931] (cpp01_topic) StderrLine: {'line': b'\x1b[01m\x1b[K/opt/ros/humble/include/rclcpp/rclcpp/publisher.hpp:383:3:\x1b[m\x1b[K \x1b[01;36m\x1b[Knote: \x1b[m\x1b[K  candidate expects 1 argument, 0 provided\n'}
[1.802092] (cpp01_topic) StderrLine: {'line': b'\x1b[01m\x1b[K/opt/ros/humble/include/rclcpp/rclcpp/publisher.hpp:389:3:\x1b[m\x1b[K \x1b[01;36m\x1b[Knote: \x1b[m\x1b[Kcandidate: \xe2\x80\x98\x1b[01m\x1b[Kvoid rclcpp::Publisher<MessageT, AllocatorT>::publish(const rclcpp::SerializedMessage&) [with MessageT = std_msgs::msg::String_<std::allocator<void> >; AllocatorT = std::allocator<void>]\x1b[m\x1b[K\xe2\x80\x99\n'}
[1.802233] (cpp01_topic) StderrLine: {'line': b'  389 |   \x1b[01;36m\x1b[Kpublish\x1b[m\x1b[K(const SerializedMessage & serialized_msg)\n'}
[1.802364] (cpp01_topic) StderrLine: {'line': b'      |   \x1b[01;36m\x1b[K^~~~~~~\x1b[m\x1b[K\n'}
[1.802524] (cpp01_topic) StderrLine: {'line': b'\x1b[01m\x1b[K/opt/ros/humble/include/rclcpp/rclcpp/publisher.hpp:389:3:\x1b[m\x1b[K \x1b[01;36m\x1b[Knote: \x1b[m\x1b[K  candidate expects 1 argument, 0 provided\n'}
[1.802676] (cpp01_topic) StderrLine: {'line': b'\x1b[01m\x1b[K/opt/ros/humble/include/rclcpp/rclcpp/publisher.hpp:403:3:\x1b[m\x1b[K \x1b[01;36m\x1b[Knote: \x1b[m\x1b[Kcandidate: \xe2\x80\x98\x1b[01m\x1b[Kvoid rclcpp::Publisher<MessageT, AllocatorT>::publish(rclcpp::LoanedMessage<typename rclcpp::TypeAdapter<MessageT>::ros_message_type, AllocatorT>&&) [with MessageT = std_msgs::msg::String_<std::allocator<void> >; AllocatorT = std::allocator<void>; typename rclcpp::TypeAdapter<MessageT>::ros_message_type = std_msgs::msg::String_<std::allocator<void> >]\x1b[m\x1b[K\xe2\x80\x99\n'}
[1.802834] (cpp01_topic) StderrLine: {'line': b'  403 |   \x1b[01;36m\x1b[Kpublish\x1b[m\x1b[K(rclcpp::LoanedMessage<ROSMessageType, AllocatorT> && loaned_msg)\n'}
[1.802957] (cpp01_topic) StderrLine: {'line': b'      |   \x1b[01;36m\x1b[K^~~~~~~\x1b[m\x1b[K\n'}
[1.803080] (cpp01_topic) StderrLine: {'line': b'\x1b[01m\x1b[K/opt/ros/humble/include/rclcpp/rclcpp/publisher.hpp:403:3:\x1b[m\x1b[K \x1b[01;36m\x1b[Knote: \x1b[m\x1b[K  candidate expects 1 argument, 0 provided\n'}
[1.807955] (-) TimerEvent: {}
[1.908316] (-) TimerEvent: {}
[2.008738] (-) TimerEvent: {}
[2.109127] (-) TimerEvent: {}
[2.209851] (-) TimerEvent: {}
[2.310578] (-) TimerEvent: {}
[2.311990] (cpp01_topic) StderrLine: {'line': b'gmake[2]: *** [CMakeFiles/demo01_talker_str.dir/build.make:76\xef\xbc\x9aCMakeFiles/demo01_talker_str.dir/src/demo01_talker_str.cpp.o] \xe9\x94\x99\xe8\xaf\xaf 1\n'}
[2.312327] (cpp01_topic) StderrLine: {'line': b'gmake[1]: *** [CMakeFiles/Makefile2:137\xef\xbc\x9aCMakeFiles/demo01_talker_str.dir/all] \xe9\x94\x99\xe8\xaf\xaf 2\n'}
[2.312580] (cpp01_topic) StderrLine: {'line': b'gmake: *** [Makefile:146\xef\xbc\x9aall] \xe9\x94\x99\xe8\xaf\xaf 2\n'}
[2.314138] (cpp01_topic) CommandEnded: {'returncode': 2}
[2.351586] (cpp01_topic) JobEnded: {'identifier': 'cpp01_topic', 'rc': 2}
[2.362463] (-) EventReactorShutdown: {}
