[0.190s] DEBUG:colcon:Command line arguments: ['/usr/bin/colcon', 'build', '--packages-select', 'cpp05_time']
[0.190s] DEBUG:colcon:Parsed command line arguments: Namespace(log_base=None, log_level=None, verb_name='build', build_base='build', install_base='install', merge_install=False, symlink_install=False, test_result_base=None, continue_on_error=False, executor='parallel', parallel_workers=8, event_handlers=None, ignore_user_meta=False, metas=['./colcon.meta'], base_paths=['.'], packages_ignore=None, packages_ignore_regex=None, paths=None, packages_up_to=None, packages_up_to_regex=None, packages_above=None, packages_above_and_dependencies=None, packages_above_depth=None, packages_select_by_dep=None, packages_skip_by_dep=None, packages_skip_up_to=None, packages_select_build_failed=False, packages_skip_build_finished=False, packages_select_test_failures=False, packages_skip_test_passed=False, packages_select=['cpp05_time'], packages_skip=None, packages_select_regex=None, packages_skip_regex=None, packages_start=None, packages_end=None, allow_overriding=[], cmake_args=None, cmake_target=None, cmake_target_skip_unavailable=False, cmake_clean_cache=False, cmake_clean_first=False, cmake_force_configure=False, ament_cmake_args=None, catkin_cmake_args=None, catkin_skip_building_tests=False, verb_parser=<colcon_defaults.argument_parser.defaults.DefaultArgumentsDecorator object at 0x7f21d43bd8d0>, verb_extension=<colcon_core.verb.build.BuildVerb object at 0x7f21d4beb580>, main=<bound method BuildVerb.main of <colcon_core.verb.build.BuildVerb object at 0x7f21d4beb580>>)
[0.211s] Level 1:colcon.colcon_core.package_discovery:discover_packages(colcon_meta) check parameters
[0.211s] Level 1:colcon.colcon_core.package_discovery:discover_packages(recursive) check parameters
[0.211s] Level 1:colcon.colcon_core.package_discovery:discover_packages(ignore) check parameters
[0.211s] Level 1:colcon.colcon_core.package_discovery:discover_packages(path) check parameters
[0.211s] Level 1:colcon.colcon_core.package_discovery:discover_packages(colcon_meta) discover
[0.211s] Level 1:colcon.colcon_core.package_discovery:discover_packages(recursive) discover
[0.211s] INFO:colcon.colcon_core.package_discovery:Crawling recursively for packages in '/home/kl/VS_CODE/Github_respository/ROS-_for_Study/ws01_plumbing'
[0.211s] Level 1:colcon.colcon_core.package_identification:_identify(.) by extensions ['ignore', 'ignore_ament_install']
[0.211s] Level 1:colcon.colcon_core.package_identification:_identify(.) by extension 'ignore'
[0.211s] Level 1:colcon.colcon_core.package_identification:_identify(.) by extension 'ignore_ament_install'
[0.211s] Level 1:colcon.colcon_core.package_identification:_identify(.) by extensions ['colcon_pkg']
[0.212s] Level 1:colcon.colcon_core.package_identification:_identify(.) by extension 'colcon_pkg'
[0.212s] Level 1:colcon.colcon_core.package_identification:_identify(.) by extensions ['colcon_meta']
[0.212s] Level 1:colcon.colcon_core.package_identification:_identify(.) by extension 'colcon_meta'
[0.212s] Level 1:colcon.colcon_core.package_identification:_identify(.) by extensions ['ros']
[0.212s] Level 1:colcon.colcon_core.package_identification:_identify(.) by extension 'ros'
[0.219s] Level 1:colcon.colcon_core.package_identification:_identify(.) by extensions ['cmake', 'python']
[0.219s] Level 1:colcon.colcon_core.package_identification:_identify(.) by extension 'cmake'
[0.219s] Level 1:colcon.colcon_core.package_identification:_identify(.) by extension 'python'
[0.219s] Level 1:colcon.colcon_core.package_identification:_identify(.) by extensions ['python_setup_py']
[0.219s] Level 1:colcon.colcon_core.package_identification:_identify(.) by extension 'python_setup_py'
[0.219s] Level 1:colcon.colcon_core.package_identification:_identify(build) by extensions ['ignore', 'ignore_ament_install']
[0.219s] Level 1:colcon.colcon_core.package_identification:_identify(build) by extension 'ignore'
[0.219s] Level 1:colcon.colcon_core.package_identification:_identify(build) ignored
[0.219s] Level 1:colcon.colcon_core.package_identification:_identify(install) by extensions ['ignore', 'ignore_ament_install']
[0.219s] Level 1:colcon.colcon_core.package_identification:_identify(install) by extension 'ignore'
[0.219s] Level 1:colcon.colcon_core.package_identification:_identify(install) ignored
[0.219s] Level 1:colcon.colcon_core.package_identification:_identify(log) by extensions ['ignore', 'ignore_ament_install']
[0.219s] Level 1:colcon.colcon_core.package_identification:_identify(log) by extension 'ignore'
[0.219s] Level 1:colcon.colcon_core.package_identification:_identify(log) ignored
[0.219s] Level 1:colcon.colcon_core.package_identification:_identify(src) by extensions ['ignore', 'ignore_ament_install']
[0.219s] Level 1:colcon.colcon_core.package_identification:_identify(src) by extension 'ignore'
[0.219s] Level 1:colcon.colcon_core.package_identification:_identify(src) by extension 'ignore_ament_install'
[0.220s] Level 1:colcon.colcon_core.package_identification:_identify(src) by extensions ['colcon_pkg']
[0.220s] Level 1:colcon.colcon_core.package_identification:_identify(src) by extension 'colcon_pkg'
[0.220s] Level 1:colcon.colcon_core.package_identification:_identify(src) by extensions ['colcon_meta']
[0.220s] Level 1:colcon.colcon_core.package_identification:_identify(src) by extension 'colcon_meta'
[0.220s] Level 1:colcon.colcon_core.package_identification:_identify(src) by extensions ['ros']
[0.220s] Level 1:colcon.colcon_core.package_identification:_identify(src) by extension 'ros'
[0.220s] Level 1:colcon.colcon_core.package_identification:_identify(src) by extensions ['cmake', 'python']
[0.220s] Level 1:colcon.colcon_core.package_identification:_identify(src) by extension 'cmake'
[0.220s] Level 1:colcon.colcon_core.package_identification:_identify(src) by extension 'python'
[0.220s] Level 1:colcon.colcon_core.package_identification:_identify(src) by extensions ['python_setup_py']
[0.220s] Level 1:colcon.colcon_core.package_identification:_identify(src) by extension 'python_setup_py'
[0.220s] Level 1:colcon.colcon_core.package_identification:_identify(src/base_interfaces) by extensions ['ignore', 'ignore_ament_install']
[0.220s] Level 1:colcon.colcon_core.package_identification:_identify(src/base_interfaces) by extension 'ignore'
[0.220s] Level 1:colcon.colcon_core.package_identification:_identify(src/base_interfaces) by extension 'ignore_ament_install'
[0.220s] Level 1:colcon.colcon_core.package_identification:_identify(src/base_interfaces) by extensions ['colcon_pkg']
[0.220s] Level 1:colcon.colcon_core.package_identification:_identify(src/base_interfaces) by extension 'colcon_pkg'
[0.220s] Level 1:colcon.colcon_core.package_identification:_identify(src/base_interfaces) by extensions ['colcon_meta']
[0.220s] Level 1:colcon.colcon_core.package_identification:_identify(src/base_interfaces) by extension 'colcon_meta'
[0.220s] Level 1:colcon.colcon_core.package_identification:_identify(src/base_interfaces) by extensions ['ros']
[0.220s] Level 1:colcon.colcon_core.package_identification:_identify(src/base_interfaces) by extension 'ros'
[0.222s] DEBUG:colcon.colcon_core.package_identification:Package 'src/base_interfaces' with type 'ros.ament_cmake' and name 'base_interfaces'
[0.222s] Level 1:colcon.colcon_core.package_identification:_identify(src/build) by extensions ['ignore', 'ignore_ament_install']
[0.222s] Level 1:colcon.colcon_core.package_identification:_identify(src/build) by extension 'ignore'
[0.222s] Level 1:colcon.colcon_core.package_identification:_identify(src/build) ignored
[0.222s] Level 1:colcon.colcon_core.package_identification:_identify(src/cpp01_topic_re) by extensions ['ignore', 'ignore_ament_install']
[0.222s] Level 1:colcon.colcon_core.package_identification:_identify(src/cpp01_topic_re) by extension 'ignore'
[0.222s] Level 1:colcon.colcon_core.package_identification:_identify(src/cpp01_topic_re) by extension 'ignore_ament_install'
[0.222s] Level 1:colcon.colcon_core.package_identification:_identify(src/cpp01_topic_re) by extensions ['colcon_pkg']
[0.222s] Level 1:colcon.colcon_core.package_identification:_identify(src/cpp01_topic_re) by extension 'colcon_pkg'
[0.222s] Level 1:colcon.colcon_core.package_identification:_identify(src/cpp01_topic_re) by extensions ['colcon_meta']
[0.222s] Level 1:colcon.colcon_core.package_identification:_identify(src/cpp01_topic_re) by extension 'colcon_meta'
[0.222s] Level 1:colcon.colcon_core.package_identification:_identify(src/cpp01_topic_re) by extensions ['ros']
[0.222s] Level 1:colcon.colcon_core.package_identification:_identify(src/cpp01_topic_re) by extension 'ros'
[0.222s] DEBUG:colcon.colcon_core.package_identification:Package 'src/cpp01_topic_re' with type 'ros.ament_cmake' and name 'cpp01_topic_re'
[0.222s] Level 1:colcon.colcon_core.package_identification:_identify(src/cpp02_service) by extensions ['ignore', 'ignore_ament_install']
[0.222s] Level 1:colcon.colcon_core.package_identification:_identify(src/cpp02_service) by extension 'ignore'
[0.222s] Level 1:colcon.colcon_core.package_identification:_identify(src/cpp02_service) by extension 'ignore_ament_install'
[0.223s] Level 1:colcon.colcon_core.package_identification:_identify(src/cpp02_service) by extensions ['colcon_pkg']
[0.223s] Level 1:colcon.colcon_core.package_identification:_identify(src/cpp02_service) by extension 'colcon_pkg'
[0.223s] Level 1:colcon.colcon_core.package_identification:_identify(src/cpp02_service) by extensions ['colcon_meta']
[0.223s] Level 1:colcon.colcon_core.package_identification:_identify(src/cpp02_service) by extension 'colcon_meta'
[0.223s] Level 1:colcon.colcon_core.package_identification:_identify(src/cpp02_service) by extensions ['ros']
[0.223s] Level 1:colcon.colcon_core.package_identification:_identify(src/cpp02_service) by extension 'ros'
[0.223s] DEBUG:colcon.colcon_core.package_identification:Package 'src/cpp02_service' with type 'ros.ament_cmake' and name 'cpp02_service'
[0.223s] Level 1:colcon.colcon_core.package_identification:_identify(src/cpp03_action) by extensions ['ignore', 'ignore_ament_install']
[0.223s] Level 1:colcon.colcon_core.package_identification:_identify(src/cpp03_action) by extension 'ignore'
[0.223s] Level 1:colcon.colcon_core.package_identification:_identify(src/cpp03_action) by extension 'ignore_ament_install'
[0.223s] Level 1:colcon.colcon_core.package_identification:_identify(src/cpp03_action) by extensions ['colcon_pkg']
[0.223s] Level 1:colcon.colcon_core.package_identification:_identify(src/cpp03_action) by extension 'colcon_pkg'
[0.223s] Level 1:colcon.colcon_core.package_identification:_identify(src/cpp03_action) by extensions ['colcon_meta']
[0.223s] Level 1:colcon.colcon_core.package_identification:_identify(src/cpp03_action) by extension 'colcon_meta'
[0.223s] Level 1:colcon.colcon_core.package_identification:_identify(src/cpp03_action) by extensions ['ros']
[0.223s] Level 1:colcon.colcon_core.package_identification:_identify(src/cpp03_action) by extension 'ros'
[0.224s] DEBUG:colcon.colcon_core.package_identification:Package 'src/cpp03_action' with type 'ros.ament_cmake' and name 'cpp03_action'
[0.224s] Level 1:colcon.colcon_core.package_identification:_identify(src/cpp04_prarm) by extensions ['ignore', 'ignore_ament_install']
[0.224s] Level 1:colcon.colcon_core.package_identification:_identify(src/cpp04_prarm) by extension 'ignore'
[0.224s] Level 1:colcon.colcon_core.package_identification:_identify(src/cpp04_prarm) by extension 'ignore_ament_install'
[0.224s] Level 1:colcon.colcon_core.package_identification:_identify(src/cpp04_prarm) by extensions ['colcon_pkg']
[0.224s] Level 1:colcon.colcon_core.package_identification:_identify(src/cpp04_prarm) by extension 'colcon_pkg'
[0.224s] Level 1:colcon.colcon_core.package_identification:_identify(src/cpp04_prarm) by extensions ['colcon_meta']
[0.224s] Level 1:colcon.colcon_core.package_identification:_identify(src/cpp04_prarm) by extension 'colcon_meta'
[0.224s] Level 1:colcon.colcon_core.package_identification:_identify(src/cpp04_prarm) by extensions ['ros']
[0.224s] Level 1:colcon.colcon_core.package_identification:_identify(src/cpp04_prarm) by extension 'ros'
[0.224s] DEBUG:colcon.colcon_core.package_identification:Package 'src/cpp04_prarm' with type 'ros.ament_cmake' and name 'cpp04_prarm'
[0.224s] Level 1:colcon.colcon_core.package_identification:_identify(src/cpp05_time) by extensions ['ignore', 'ignore_ament_install']
[0.224s] Level 1:colcon.colcon_core.package_identification:_identify(src/cpp05_time) by extension 'ignore'
[0.224s] Level 1:colcon.colcon_core.package_identification:_identify(src/cpp05_time) by extension 'ignore_ament_install'
[0.224s] Level 1:colcon.colcon_core.package_identification:_identify(src/cpp05_time) by extensions ['colcon_pkg']
[0.224s] Level 1:colcon.colcon_core.package_identification:_identify(src/cpp05_time) by extension 'colcon_pkg'
[0.224s] Level 1:colcon.colcon_core.package_identification:_identify(src/cpp05_time) by extensions ['colcon_meta']
[0.224s] Level 1:colcon.colcon_core.package_identification:_identify(src/cpp05_time) by extension 'colcon_meta'
[0.224s] Level 1:colcon.colcon_core.package_identification:_identify(src/cpp05_time) by extensions ['ros']
[0.224s] Level 1:colcon.colcon_core.package_identification:_identify(src/cpp05_time) by extension 'ros'
[0.225s] DEBUG:colcon.colcon_core.package_identification:Package 'src/cpp05_time' with type 'ros.ament_cmake' and name 'cpp05_time'
[0.225s] Level 1:colcon.colcon_core.package_identification:_identify(src/install) by extensions ['ignore', 'ignore_ament_install']
[0.225s] Level 1:colcon.colcon_core.package_identification:_identify(src/install) by extension 'ignore'
[0.225s] Level 1:colcon.colcon_core.package_identification:_identify(src/install) ignored
[0.225s] Level 1:colcon.colcon_core.package_identification:_identify(src/py01_topic_re) by extensions ['ignore', 'ignore_ament_install']
[0.225s] Level 1:colcon.colcon_core.package_identification:_identify(src/py01_topic_re) by extension 'ignore'
[0.225s] Level 1:colcon.colcon_core.package_identification:_identify(src/py01_topic_re) by extension 'ignore_ament_install'
[0.225s] Level 1:colcon.colcon_core.package_identification:_identify(src/py01_topic_re) by extensions ['colcon_pkg']
[0.225s] Level 1:colcon.colcon_core.package_identification:_identify(src/py01_topic_re) by extension 'colcon_pkg'
[0.225s] Level 1:colcon.colcon_core.package_identification:_identify(src/py01_topic_re) by extensions ['colcon_meta']
[0.225s] Level 1:colcon.colcon_core.package_identification:_identify(src/py01_topic_re) by extension 'colcon_meta'
[0.225s] Level 1:colcon.colcon_core.package_identification:_identify(src/py01_topic_re) by extensions ['ros']
[0.225s] Level 1:colcon.colcon_core.package_identification:_identify(src/py01_topic_re) by extension 'ros'
[0.225s] DEBUG:colcon.colcon_core.package_identification:Package 'src/py01_topic_re' with type 'ros.ament_python' and name 'py01_topic_re'
[0.225s] Level 1:colcon.colcon_core.package_identification:_identify(src/py02_service) by extensions ['ignore', 'ignore_ament_install']
[0.226s] Level 1:colcon.colcon_core.package_identification:_identify(src/py02_service) by extension 'ignore'
[0.226s] Level 1:colcon.colcon_core.package_identification:_identify(src/py02_service) by extension 'ignore_ament_install'
[0.226s] Level 1:colcon.colcon_core.package_identification:_identify(src/py02_service) by extensions ['colcon_pkg']
[0.226s] Level 1:colcon.colcon_core.package_identification:_identify(src/py02_service) by extension 'colcon_pkg'
[0.226s] Level 1:colcon.colcon_core.package_identification:_identify(src/py02_service) by extensions ['colcon_meta']
[0.226s] Level 1:colcon.colcon_core.package_identification:_identify(src/py02_service) by extension 'colcon_meta'
[0.226s] Level 1:colcon.colcon_core.package_identification:_identify(src/py02_service) by extensions ['ros']
[0.226s] Level 1:colcon.colcon_core.package_identification:_identify(src/py02_service) by extension 'ros'
[0.226s] DEBUG:colcon.colcon_core.package_identification:Package 'src/py02_service' with type 'ros.ament_python' and name 'py02_service'
[0.226s] Level 1:colcon.colcon_core.package_identification:_identify(src/py03_action) by extensions ['ignore', 'ignore_ament_install']
[0.226s] Level 1:colcon.colcon_core.package_identification:_identify(src/py03_action) by extension 'ignore'
[0.226s] Level 1:colcon.colcon_core.package_identification:_identify(src/py03_action) by extension 'ignore_ament_install'
[0.226s] Level 1:colcon.colcon_core.package_identification:_identify(src/py03_action) by extensions ['colcon_pkg']
[0.226s] Level 1:colcon.colcon_core.package_identification:_identify(src/py03_action) by extension 'colcon_pkg'
[0.226s] Level 1:colcon.colcon_core.package_identification:_identify(src/py03_action) by extensions ['colcon_meta']
[0.226s] Level 1:colcon.colcon_core.package_identification:_identify(src/py03_action) by extension 'colcon_meta'
[0.226s] Level 1:colcon.colcon_core.package_identification:_identify(src/py03_action) by extensions ['ros']
[0.226s] Level 1:colcon.colcon_core.package_identification:_identify(src/py03_action) by extension 'ros'
[0.227s] DEBUG:colcon.colcon_core.package_identification:Package 'src/py03_action' with type 'ros.ament_python' and name 'py03_action'
[0.227s] Level 1:colcon.colcon_core.package_identification:_identify(src/tutorails_plumbing) by extensions ['ignore', 'ignore_ament_install']
[0.227s] Level 1:colcon.colcon_core.package_identification:_identify(src/tutorails_plumbing) by extension 'ignore'
[0.227s] Level 1:colcon.colcon_core.package_identification:_identify(src/tutorails_plumbing) by extension 'ignore_ament_install'
[0.227s] Level 1:colcon.colcon_core.package_identification:_identify(src/tutorails_plumbing) by extensions ['colcon_pkg']
[0.227s] Level 1:colcon.colcon_core.package_identification:_identify(src/tutorails_plumbing) by extension 'colcon_pkg'
[0.227s] Level 1:colcon.colcon_core.package_identification:_identify(src/tutorails_plumbing) by extensions ['colcon_meta']
[0.227s] Level 1:colcon.colcon_core.package_identification:_identify(src/tutorails_plumbing) by extension 'colcon_meta'
[0.227s] Level 1:colcon.colcon_core.package_identification:_identify(src/tutorails_plumbing) by extensions ['ros']
[0.227s] Level 1:colcon.colcon_core.package_identification:_identify(src/tutorails_plumbing) by extension 'ros'
[0.227s] DEBUG:colcon.colcon_core.package_identification:Package 'src/tutorails_plumbing' with type 'ros.ament_cmake' and name 'tutorails_plumbing'
[0.227s] Level 1:colcon.colcon_core.package_discovery:discover_packages(recursive) using defaults
[0.227s] Level 1:colcon.colcon_core.package_discovery:discover_packages(ignore) discover
[0.227s] Level 1:colcon.colcon_core.package_discovery:discover_packages(ignore) using defaults
[0.227s] Level 1:colcon.colcon_core.package_discovery:discover_packages(path) discover
[0.227s] Level 1:colcon.colcon_core.package_discovery:discover_packages(path) using defaults
[0.242s] INFO:colcon.colcon_core.package_selection:Skipping not selected package 'base_interfaces' in 'src/base_interfaces'
[0.242s] INFO:colcon.colcon_core.package_selection:Skipping not selected package 'cpp01_topic_re' in 'src/cpp01_topic_re'
[0.242s] INFO:colcon.colcon_core.package_selection:Skipping not selected package 'cpp04_prarm' in 'src/cpp04_prarm'
[0.242s] INFO:colcon.colcon_core.package_selection:Skipping not selected package 'py01_topic_re' in 'src/py01_topic_re'
[0.242s] INFO:colcon.colcon_core.package_selection:Skipping not selected package 'cpp02_service' in 'src/cpp02_service'
[0.242s] INFO:colcon.colcon_core.package_selection:Skipping not selected package 'cpp03_action' in 'src/cpp03_action'
[0.242s] INFO:colcon.colcon_core.package_selection:Skipping not selected package 'py02_service' in 'src/py02_service'
[0.242s] INFO:colcon.colcon_core.package_selection:Skipping not selected package 'py03_action' in 'src/py03_action'
[0.242s] INFO:colcon.colcon_core.package_selection:Skipping not selected package 'tutorails_plumbing' in 'src/tutorails_plumbing'
[0.243s] Level 1:colcon.colcon_core.package_discovery:discover_packages(prefix_path) check parameters
[0.243s] Level 1:colcon.colcon_core.package_discovery:discover_packages(prefix_path) discover
[0.245s] DEBUG:colcon.colcon_installed_package_information.package_discovery:Found 270 installed packages in /opt/ros/humble
[0.246s] Level 1:colcon.colcon_core.package_discovery:discover_packages(prefix_path) using defaults
[0.283s] Level 5:colcon.colcon_core.verb:set package 'cpp05_time' build argument 'cmake_args' from command line to 'None'
[0.283s] Level 5:colcon.colcon_core.verb:set package 'cpp05_time' build argument 'cmake_target' from command line to 'None'
[0.283s] Level 5:colcon.colcon_core.verb:set package 'cpp05_time' build argument 'cmake_target_skip_unavailable' from command line to 'False'
[0.283s] Level 5:colcon.colcon_core.verb:set package 'cpp05_time' build argument 'cmake_clean_cache' from command line to 'False'
[0.283s] Level 5:colcon.colcon_core.verb:set package 'cpp05_time' build argument 'cmake_clean_first' from command line to 'False'
[0.283s] Level 5:colcon.colcon_core.verb:set package 'cpp05_time' build argument 'cmake_force_configure' from command line to 'False'
[0.283s] Level 5:colcon.colcon_core.verb:set package 'cpp05_time' build argument 'ament_cmake_args' from command line to 'None'
[0.283s] Level 5:colcon.colcon_core.verb:set package 'cpp05_time' build argument 'catkin_cmake_args' from command line to 'None'
[0.283s] Level 5:colcon.colcon_core.verb:set package 'cpp05_time' build argument 'catkin_skip_building_tests' from command line to 'False'
[0.283s] DEBUG:colcon.colcon_core.verb:Building package 'cpp05_time' with the following arguments: {'ament_cmake_args': None, 'build_base': '/home/kl/VS_CODE/Github_respository/ROS-_for_Study/ws01_plumbing/build/cpp05_time', 'catkin_cmake_args': None, 'catkin_skip_building_tests': False, 'cmake_args': None, 'cmake_clean_cache': False, 'cmake_clean_first': False, 'cmake_force_configure': False, 'cmake_target': None, 'cmake_target_skip_unavailable': False, 'install_base': '/home/kl/VS_CODE/Github_respository/ROS-_for_Study/ws01_plumbing/install/cpp05_time', 'merge_install': False, 'path': '/home/kl/VS_CODE/Github_respository/ROS-_for_Study/ws01_plumbing/src/cpp05_time', 'symlink_install': False, 'test_result_base': None}
[0.283s] INFO:colcon.colcon_core.executor:Executing jobs using 'parallel' executor
[0.286s] DEBUG:colcon.colcon_parallel_executor.executor.parallel:run_until_complete
[0.287s] INFO:colcon.colcon_ros.task.ament_cmake.build:Building ROS package in '/home/kl/VS_CODE/Github_respository/ROS-_for_Study/ws01_plumbing/src/cpp05_time' with build type 'ament_cmake'
[0.287s] INFO:colcon.colcon_cmake.task.cmake.build:Building CMake package in '/home/kl/VS_CODE/Github_respository/ROS-_for_Study/ws01_plumbing/src/cpp05_time'
[0.290s] INFO:colcon.colcon_core.plugin_system:Skipping extension 'colcon_core.shell.bat': Not used on non-Windows systems
[0.290s] INFO:colcon.colcon_core.shell:Skip shell extension 'powershell' for command environment: Not usable outside of PowerShell
[0.290s] DEBUG:colcon.colcon_core.shell:Skip shell extension 'dsv' for command environment
[0.296s] DEBUG:colcon.colcon_core.event_handler.log_command:Invoking command in '/home/kl/VS_CODE/Github_respository/ROS-_for_Study/ws01_plumbing/build/cpp05_time': CMAKE_PREFIX_PATH=/opt/ros/humble /usr/bin/cmake /home/kl/VS_CODE/Github_respository/ROS-_for_Study/ws01_plumbing/src/cpp05_time -DCMAKE_INSTALL_PREFIX=/home/kl/VS_CODE/Github_respository/ROS-_for_Study/ws01_plumbing/install/cpp05_time
[2.429s] DEBUG:colcon.colcon_core.event_handler.log_command:Invoked command in '/home/kl/VS_CODE/Github_respository/ROS-_for_Study/ws01_plumbing/build/cpp05_time' returned '0': CMAKE_PREFIX_PATH=/opt/ros/humble /usr/bin/cmake /home/kl/VS_CODE/Github_respository/ROS-_for_Study/ws01_plumbing/src/cpp05_time -DCMAKE_INSTALL_PREFIX=/home/kl/VS_CODE/Github_respository/ROS-_for_Study/ws01_plumbing/install/cpp05_time
[2.431s] DEBUG:colcon.colcon_core.event_handler.log_command:Invoking command in '/home/kl/VS_CODE/Github_respository/ROS-_for_Study/ws01_plumbing/build/cpp05_time': CMAKE_PREFIX_PATH=/opt/ros/humble /usr/bin/cmake --build /home/kl/VS_CODE/Github_respository/ROS-_for_Study/ws01_plumbing/build/cpp05_time -- -j8 -l8
[4.797s] DEBUG:colcon.colcon_core.event_handler.log_command:Invoked command in '/home/kl/VS_CODE/Github_respository/ROS-_for_Study/ws01_plumbing/build/cpp05_time' returned '0': CMAKE_PREFIX_PATH=/opt/ros/humble /usr/bin/cmake --build /home/kl/VS_CODE/Github_respository/ROS-_for_Study/ws01_plumbing/build/cpp05_time -- -j8 -l8
[4.820s] DEBUG:colcon.colcon_core.event_handler.log_command:Invoking command in '/home/kl/VS_CODE/Github_respository/ROS-_for_Study/ws01_plumbing/build/cpp05_time': CMAKE_PREFIX_PATH=/opt/ros/humble /usr/bin/cmake --install /home/kl/VS_CODE/Github_respository/ROS-_for_Study/ws01_plumbing/build/cpp05_time
[4.830s] Level 1:colcon.colcon_core.environment:create_environment_scripts_only(cpp05_time)
[4.831s] DEBUG:colcon.colcon_core.event_handler.log_command:Invoked command in '/home/kl/VS_CODE/Github_respository/ROS-_for_Study/ws01_plumbing/build/cpp05_time' returned '0': CMAKE_PREFIX_PATH=/opt/ros/humble /usr/bin/cmake --install /home/kl/VS_CODE/Github_respository/ROS-_for_Study/ws01_plumbing/build/cpp05_time
[4.842s] Level 1:colcon.colcon_core.environment:checking '/home/kl/VS_CODE/Github_respository/ROS-_for_Study/ws01_plumbing/install/cpp05_time' for CMake module files
[4.842s] Level 1:colcon.colcon_core.environment:checking '/home/kl/VS_CODE/Github_respository/ROS-_for_Study/ws01_plumbing/install/cpp05_time' for CMake config files
[4.842s] Level 1:colcon.colcon_core.shell:create_environment_hook('cpp05_time', 'cmake_prefix_path')
[4.843s] INFO:colcon.colcon_core.shell:Creating environment hook '/home/kl/VS_CODE/Github_respository/ROS-_for_Study/ws01_plumbing/install/cpp05_time/share/cpp05_time/hook/cmake_prefix_path.ps1'
[4.845s] INFO:colcon.colcon_core.shell:Creating environment descriptor '/home/kl/VS_CODE/Github_respository/ROS-_for_Study/ws01_plumbing/install/cpp05_time/share/cpp05_time/hook/cmake_prefix_path.dsv'
[4.846s] INFO:colcon.colcon_core.shell:Creating environment hook '/home/kl/VS_CODE/Github_respository/ROS-_for_Study/ws01_plumbing/install/cpp05_time/share/cpp05_time/hook/cmake_prefix_path.sh'
[4.848s] Level 1:colcon.colcon_core.environment:checking '/home/kl/VS_CODE/Github_respository/ROS-_for_Study/ws01_plumbing/install/cpp05_time/lib'
[4.848s] Level 1:colcon.colcon_core.environment:checking '/home/kl/VS_CODE/Github_respository/ROS-_for_Study/ws01_plumbing/install/cpp05_time/bin'
[4.848s] Level 1:colcon.colcon_core.environment:checking '/home/kl/VS_CODE/Github_respository/ROS-_for_Study/ws01_plumbing/install/cpp05_time/lib/pkgconfig/cpp05_time.pc'
[4.848s] Level 1:colcon.colcon_core.environment:checking '/home/kl/VS_CODE/Github_respository/ROS-_for_Study/ws01_plumbing/install/cpp05_time/lib/python3.10/site-packages'
[4.849s] Level 1:colcon.colcon_core.environment:checking '/home/kl/VS_CODE/Github_respository/ROS-_for_Study/ws01_plumbing/install/cpp05_time/bin'
[4.850s] INFO:colcon.colcon_core.shell:Creating package script '/home/kl/VS_CODE/Github_respository/ROS-_for_Study/ws01_plumbing/install/cpp05_time/share/cpp05_time/package.ps1'
[4.851s] INFO:colcon.colcon_core.shell:Creating package descriptor '/home/kl/VS_CODE/Github_respository/ROS-_for_Study/ws01_plumbing/install/cpp05_time/share/cpp05_time/package.dsv'
[4.852s] INFO:colcon.colcon_core.shell:Creating package script '/home/kl/VS_CODE/Github_respository/ROS-_for_Study/ws01_plumbing/install/cpp05_time/share/cpp05_time/package.sh'
[4.854s] INFO:colcon.colcon_core.shell:Creating package script '/home/kl/VS_CODE/Github_respository/ROS-_for_Study/ws01_plumbing/install/cpp05_time/share/cpp05_time/package.bash'
[4.855s] INFO:colcon.colcon_core.shell:Creating package script '/home/kl/VS_CODE/Github_respository/ROS-_for_Study/ws01_plumbing/install/cpp05_time/share/cpp05_time/package.zsh'
[4.857s] Level 1:colcon.colcon_core.environment:create_file_with_runtime_dependencies(/home/kl/VS_CODE/Github_respository/ROS-_for_Study/ws01_plumbing/install/cpp05_time/share/colcon-core/packages/cpp05_time)
[4.887s] Level 1:colcon.colcon_core.environment:create_environment_scripts_only(cpp05_time)
[4.890s] Level 1:colcon.colcon_core.environment:checking '/home/kl/VS_CODE/Github_respository/ROS-_for_Study/ws01_plumbing/install/cpp05_time' for CMake module files
[4.891s] Level 1:colcon.colcon_core.environment:checking '/home/kl/VS_CODE/Github_respository/ROS-_for_Study/ws01_plumbing/install/cpp05_time' for CMake config files
[4.891s] Level 1:colcon.colcon_core.shell:create_environment_hook('cpp05_time', 'cmake_prefix_path')
[4.893s] INFO:colcon.colcon_core.shell:Creating environment hook '/home/kl/VS_CODE/Github_respository/ROS-_for_Study/ws01_plumbing/install/cpp05_time/share/cpp05_time/hook/cmake_prefix_path.ps1'
[4.894s] INFO:colcon.colcon_core.shell:Creating environment descriptor '/home/kl/VS_CODE/Github_respository/ROS-_for_Study/ws01_plumbing/install/cpp05_time/share/cpp05_time/hook/cmake_prefix_path.dsv'
[4.894s] INFO:colcon.colcon_core.shell:Creating environment hook '/home/kl/VS_CODE/Github_respository/ROS-_for_Study/ws01_plumbing/install/cpp05_time/share/cpp05_time/hook/cmake_prefix_path.sh'
[4.895s] Level 1:colcon.colcon_core.environment:checking '/home/kl/VS_CODE/Github_respository/ROS-_for_Study/ws01_plumbing/install/cpp05_time/lib'
[4.895s] Level 1:colcon.colcon_core.environment:checking '/home/kl/VS_CODE/Github_respository/ROS-_for_Study/ws01_plumbing/install/cpp05_time/bin'
[4.895s] Level 1:colcon.colcon_core.environment:checking '/home/kl/VS_CODE/Github_respository/ROS-_for_Study/ws01_plumbing/install/cpp05_time/lib/pkgconfig/cpp05_time.pc'
[4.895s] Level 1:colcon.colcon_core.environment:checking '/home/kl/VS_CODE/Github_respository/ROS-_for_Study/ws01_plumbing/install/cpp05_time/lib/python3.10/site-packages'
[4.895s] Level 1:colcon.colcon_core.environment:checking '/home/kl/VS_CODE/Github_respository/ROS-_for_Study/ws01_plumbing/install/cpp05_time/bin'
[4.897s] INFO:colcon.colcon_core.shell:Creating package script '/home/kl/VS_CODE/Github_respository/ROS-_for_Study/ws01_plumbing/install/cpp05_time/share/cpp05_time/package.ps1'
[4.897s] INFO:colcon.colcon_core.shell:Creating package descriptor '/home/kl/VS_CODE/Github_respository/ROS-_for_Study/ws01_plumbing/install/cpp05_time/share/cpp05_time/package.dsv'
[4.898s] INFO:colcon.colcon_core.shell:Creating package script '/home/kl/VS_CODE/Github_respository/ROS-_for_Study/ws01_plumbing/install/cpp05_time/share/cpp05_time/package.sh'
[4.898s] INFO:colcon.colcon_core.shell:Creating package script '/home/kl/VS_CODE/Github_respository/ROS-_for_Study/ws01_plumbing/install/cpp05_time/share/cpp05_time/package.bash'
[4.898s] INFO:colcon.colcon_core.shell:Creating package script '/home/kl/VS_CODE/Github_respository/ROS-_for_Study/ws01_plumbing/install/cpp05_time/share/cpp05_time/package.zsh'
[4.899s] Level 1:colcon.colcon_core.environment:create_file_with_runtime_dependencies(/home/kl/VS_CODE/Github_respository/ROS-_for_Study/ws01_plumbing/install/cpp05_time/share/colcon-core/packages/cpp05_time)
[4.899s] DEBUG:colcon.colcon_parallel_executor.executor.parallel:closing loop
[4.899s] DEBUG:colcon.colcon_parallel_executor.executor.parallel:loop closed
[4.899s] DEBUG:colcon.colcon_parallel_executor.executor.parallel:run_until_complete finished with '0'
[4.899s] DEBUG:colcon.colcon_core.event_reactor:joining thread
[4.903s] INFO:colcon.colcon_core.plugin_system:Skipping extension 'colcon_notification.desktop_notification.terminal_notifier': Not used on non-Darwin systems
[4.903s] INFO:colcon.colcon_core.plugin_system:Skipping extension 'colcon_notification.desktop_notification.win32': Not used on non-Windows systems
[4.903s] INFO:colcon.colcon_notification.desktop_notification:Sending desktop notification using 'notify2'
[4.912s] DEBUG:colcon.colcon_core.event_reactor:joined thread
[4.913s] INFO:colcon.colcon_core.shell:Creating prefix script '/home/kl/VS_CODE/Github_respository/ROS-_for_Study/ws01_plumbing/install/local_setup.ps1'
[4.914s] INFO:colcon.colcon_core.shell:Creating prefix util module '/home/kl/VS_CODE/Github_respository/ROS-_for_Study/ws01_plumbing/install/_local_setup_util_ps1.py'
[4.916s] INFO:colcon.colcon_core.shell:Creating prefix chain script '/home/kl/VS_CODE/Github_respository/ROS-_for_Study/ws01_plumbing/install/setup.ps1'
[4.917s] INFO:colcon.colcon_core.shell:Creating prefix script '/home/kl/VS_CODE/Github_respository/ROS-_for_Study/ws01_plumbing/install/local_setup.sh'
[4.917s] INFO:colcon.colcon_core.shell:Creating prefix util module '/home/kl/VS_CODE/Github_respository/ROS-_for_Study/ws01_plumbing/install/_local_setup_util_sh.py'
[4.917s] INFO:colcon.colcon_core.shell:Creating prefix chain script '/home/kl/VS_CODE/Github_respository/ROS-_for_Study/ws01_plumbing/install/setup.sh'
[4.919s] INFO:colcon.colcon_core.shell:Creating prefix script '/home/kl/VS_CODE/Github_respository/ROS-_for_Study/ws01_plumbing/install/local_setup.bash'
[4.919s] INFO:colcon.colcon_core.shell:Creating prefix chain script '/home/kl/VS_CODE/Github_respository/ROS-_for_Study/ws01_plumbing/install/setup.bash'
[4.921s] INFO:colcon.colcon_core.shell:Creating prefix script '/home/kl/VS_CODE/Github_respository/ROS-_for_Study/ws01_plumbing/install/local_setup.zsh'
[4.921s] INFO:colcon.colcon_core.shell:Creating prefix chain script '/home/kl/VS_CODE/Github_respository/ROS-_for_Study/ws01_plumbing/install/setup.zsh'
