[0.000000] (-) TimerEvent: {}
[0.000388] (-) JobUnselected: {'identifier': 'base_interfaces_demo'}
[0.000748] (-) JobUnselected: {'identifier': 'cpp01_topic'}
[0.000939] (py01_topic) JobQueued: {'identifier': 'py01_topic', 'dependencies': OrderedDict([('base_interfaces_demo', '/media/kl/数据/github/Github_respository/ROS-_for_Study/ws01_plumbing/install/base_interfaces_demo')])}
[0.001958] (py01_topic) JobStarted: {'identifier': 'py01_topic'}
[0.098883] (-) TimerEvent: {}
[0.199232] (-) TimerEvent: {}
[0.299540] (-) TimerEvent: {}
[0.399868] (-) TimerEvent: {}
[0.464658] (py01_topic) Command: {'cmd': ['/usr/bin/python3', 'setup.py', 'egg_info', '--egg-base', '../../build/py01_topic', 'build', '--build-base', '/media/kl/数据/github/Github_respository/ROS-_for_Study/ws01_plumbing/build/py01_topic/build', 'install', '--record', '/media/kl/数据/github/Github_respository/ROS-_for_Study/ws01_plumbing/build/py01_topic/install.log', '--single-version-externally-managed'], 'cwd': '/media/kl/数据/github/Github_respository/ROS-_for_Study/ws01_plumbing/src/py01_topic', 'env': {'GJS_DEBUG_TOPICS': 'JS ERROR;JS LOG', 'LANGUAGE': 'zh_CN:zh', 'USER': 'kl', 'XDG_SESSION_TYPE': 'wayland', 'GIT_ASKPASS': '/usr/share/code/resources/app/extensions/git/dist/askpass.sh', 'SHLVL': '1', 'LD_LIBRARY_PATH': '/opt/ros/humble/opt/rviz_ogre_vendor/lib:/opt/ros/humble/lib/x86_64-linux-gnu:/opt/ros/humble/lib', 'HOME': '/home/kl', 'CHROME_DESKTOP': 'code-url-handler.desktop', 'OLDPWD': '/media/kl/数据/github/Github_respository/ROS-_for_Study/ws01_plumbing/src', 'TERM_PROGRAM_VERSION': '1.80.1', 'DESKTOP_SESSION': 'ubuntu', 'GIO_LAUNCHED_DESKTOP_FILE': '/usr/share/applications/code.desktop', 'ROS_PYTHON_VERSION': '3', 'GNOME_SHELL_SESSION_MODE': 'ubuntu', 'GTK_MODULES': 'gail:atk-bridge', 'VSCODE_GIT_ASKPASS_MAIN': '/usr/share/code/resources/app/extensions/git/dist/askpass-main.js', 'VSCODE_GIT_ASKPASS_NODE': '/usr/share/code/code', 'MANAGERPID': '1767', 'SYSTEMD_EXEC_PID': '1949', 'IM_CONFIG_CHECK_ENV': '1', 'DBUS_SESSION_BUS_ADDRESS': 'unix:path=/run/user/1000/bus', 'COLORTERM': 'truecolor', 'GIO_LAUNCHED_DESKTOP_FILE_PID': '3381', 'IM_CONFIG_PHASE': '1', 'WAYLAND_DISPLAY': 'wayland-0', 'COLCON_PREFIX_PATH': '/media/kl/数据/github/Github_respository/ROS-_for_Study/ws01_plumbing/install:/media/kl/数据/github/Github_respository/ROS-_for_Study/ws00_helloworld/install', 'ROS_DISTRO': 'humble', 'LOGNAME': 'kl', 'JOURNAL_STREAM': '8:34827', '_': '/usr/bin/colcon', 'ROS_VERSION': '2', 'XDG_SESSION_CLASS': 'user', 'USERNAME': 'kl', 'TERM': 'xterm-256color', 'GNOME_DESKTOP_SESSION_ID': 'this-is-deprecated', 'ROS_LOCALHOST_ONLY': '0', 'PATH': '/opt/ros/humble/bin:/usr/local/sbin:/usr/local/bin:/usr/sbin:/usr/bin:/sbin:/bin:/usr/games:/usr/local/games:/snap/bin:/snap/bin', 'SESSION_MANAGER': 'local/XX:@/tmp/.ICE-unix/1926,unix/XX:/tmp/.ICE-unix/1926', 'INVOCATION_ID': '0ac94dd8f3c545359d0a73a0b1de5a4a', 'XDG_MENU_PREFIX': 'gnome-', 'GNOME_SETUP_DISPLAY': ':1', 'XDG_RUNTIME_DIR': '/run/user/1000', 'GDK_BACKEND': 'x11', 'DISPLAY': ':0', 'LANG': 'zh_CN.UTF-8', 'XDG_CURRENT_DESKTOP': 'Unity', 'XMODIFIERS': '@im=ibus', 'XDG_SESSION_DESKTOP': 'ubuntu', 'XAUTHORITY': '/run/user/1000/.mutter-Xwaylandauth.SKQ871', 'VSCODE_GIT_IPC_HANDLE': '/run/user/1000/vscode-git-4cf657e907.sock', 'TERM_PROGRAM': 'vscode', 'SSH_AGENT_LAUNCHER': 'gnome-keyring', 'SSH_AUTH_SOCK': '/run/user/1000/keyring/ssh', 'AMENT_PREFIX_PATH': '/media/kl/数据/github/Github_respository/ROS-_for_Study/ws01_plumbing/install/py01_topic:/media/kl/数据/github/Github_respository/ROS-_for_Study/ws01_plumbing/install/cpp01_topic:/media/kl/数据/github/Github_respository/ROS-_for_Study/ws01_plumbing/install/base_interfaces_demo:/media/kl/数据/github/Github_respository/ROS-_for_Study/ws00_helloworld/install/pkg02_helloworld_py:/media/kl/数据/github/Github_respository/ROS-_for_Study/ws00_helloworld/install/pkg01_helloworld_cpp:/opt/ros/humble', 'ORIGINAL_XDG_CURRENT_DESKTOP': 'ubuntu:GNOME', 'SHELL': '/bin/bash', 'QT_ACCESSIBILITY': '1', 'GDMSESSION': 'ubuntu', 'GJS_DEBUG_OUTPUT': 'stderr', 'VSCODE_GIT_ASKPASS_EXTRA_ARGS': '--ms-enable-electron-run-as-node', 'QT_IM_MODULE': 'ibus', 'PWD': '/media/kl/数据/github/Github_respository/ROS-_for_Study/ws01_plumbing/build/py01_topic', 'XDG_CONFIG_DIRS': '/etc/xdg/xdg-ubuntu:/etc/xdg', 'XDG_DATA_DIRS': '/usr/share/ubuntu:/usr/local/share/:/usr/share/:/var/lib/snapd/desktop', 'PYTHONPATH': '/media/kl/数据/github/Github_respository/ROS-_for_Study/ws01_plumbing/build/py01_topic/prefix_override:/media/kl/数据/github/Github_respository/ROS-_for_Study/ws01_plumbing/install/py01_topic/lib/python3.10/site-packages:/media/kl/数据/github/Github_respository/ROS-_for_Study/ws01_plumbing/install/py01_topic/lib/python3.10/site-packages:/media/kl/数据/github/Github_respository/ROS-_for_Study/ws00_helloworld/install/pkg02_helloworld_py/lib/python3.10/site-packages:/opt/ros/humble/lib/python3.10/site-packages:/opt/ros/humble/local/lib/python3.10/dist-packages', 'COLCON': '1', 'CMAKE_PREFIX_PATH': '/media/kl/数据/github/Github_respository/ROS-_for_Study/ws01_plumbing/install/base_interfaces_demo:/media/kl/数据/github/Github_respository/ROS-_for_Study/ws01_plumbing/install/cpp01_topic:/media/kl/数据/github/Github_respository/ROS-_for_Study/ws00_helloworld/install/pkg01_helloworld_cpp'}, 'shell': False}
[0.499963] (-) TimerEvent: {}
[0.600300] (-) TimerEvent: {}
[0.646645] (py01_topic) StdoutLine: {'line': b'running egg_info\n'}
[0.647209] (py01_topic) StdoutLine: {'line': b'writing ../../build/py01_topic/py01_topic.egg-info/PKG-INFO\n'}
[0.647622] (py01_topic) StdoutLine: {'line': b'writing dependency_links to ../../build/py01_topic/py01_topic.egg-info/dependency_links.txt\n'}
[0.647898] (py01_topic) StdoutLine: {'line': b'writing entry points to ../../build/py01_topic/py01_topic.egg-info/entry_points.txt\n'}
[0.648155] (py01_topic) StdoutLine: {'line': b'writing requirements to ../../build/py01_topic/py01_topic.egg-info/requires.txt\n'}
[0.648322] (py01_topic) StdoutLine: {'line': b'writing top-level names to ../../build/py01_topic/py01_topic.egg-info/top_level.txt\n'}
[0.650345] (py01_topic) StdoutLine: {'line': b"reading manifest file '../../build/py01_topic/py01_topic.egg-info/SOURCES.txt'\n"}
[0.652338] (py01_topic) StdoutLine: {'line': b"writing manifest file '../../build/py01_topic/py01_topic.egg-info/SOURCES.txt'\n"}
[0.652503] (py01_topic) StdoutLine: {'line': b'running build\n'}
[0.652635] (py01_topic) StdoutLine: {'line': b'running build_py\n'}
[0.653562] (py01_topic) StdoutLine: {'line': b'running install\n'}
[0.653833] (py01_topic) StderrLine: {'line': b'/usr/lib/python3/dist-packages/setuptools/command/install.py:34: SetuptoolsDeprecationWarning: setup.py install is deprecated. Use build and pip and other standards-based tools.\n'}
[0.653993] (py01_topic) StderrLine: {'line': b'  warnings.warn(\n'}
[0.654257] (py01_topic) StdoutLine: {'line': b'running install_lib\n'}
[0.656728] (py01_topic) StdoutLine: {'line': b'byte-compiling /media/kl/\xe6\x95\xb0\xe6\x8d\xae/github/Github_respository/ROS-_for_Study/ws01_plumbing/install/py01_topic/lib/python3.10/site-packages/py01_topic/demo02_listener_str.py to demo02_listener_str.cpython-310.pyc\n'}
[0.657157] (py01_topic) StderrLine: {'line': b'Sorry: IndentationError: unindent does not match any outer indentation level (demo02_listener_str.py, line 8)\n'}
[0.657488] (py01_topic) StdoutLine: {'line': b'running install_data\n'}
[0.658294] (py01_topic) StdoutLine: {'line': b'running install_egg_info\n'}
[0.659711] (py01_topic) StdoutLine: {'line': b"removing '/media/kl/\xe6\x95\xb0\xe6\x8d\xae/github/Github_respository/ROS-_for_Study/ws01_plumbing/install/py01_topic/lib/python3.10/site-packages/py01_topic-0.0.0-py3.10.egg-info' (and everything under it)\n"}
[0.661079] (py01_topic) StdoutLine: {'line': b'Copying ../../build/py01_topic/py01_topic.egg-info to /media/kl/\xe6\x95\xb0\xe6\x8d\xae/github/Github_respository/ROS-_for_Study/ws01_plumbing/install/py01_topic/lib/python3.10/site-packages/py01_topic-0.0.0-py3.10.egg-info\n'}
[0.666213] (py01_topic) StdoutLine: {'line': b'running install_scripts\n'}
[0.682373] (py01_topic) StdoutLine: {'line': b'Installing demo01_talker_str = py01_topic.demo01_talker_str:maindemo02_listener_str script to /media/kl/\xe6\x95\xb0\xe6\x8d\xae/github/Github_respository/ROS-_for_Study/ws01_plumbing/install/py01_topic/lib/py01_topic\n'}
[0.682816] (py01_topic) StderrLine: {'line': b"error: [Errno 22] Invalid argument: '/media/kl/\xe6\x95\xb0\xe6\x8d\xae/github/Github_respository/ROS-_for_Study/ws01_plumbing/install/py01_topic/lib/py01_topic/demo01_talker_str = py01_topic.demo01_talker_str:maindemo02_listener_str'\n"}
[0.700338] (py01_topic) CommandEnded: {'returncode': 1}
[0.700994] (-) TimerEvent: {}
[0.701115] (py01_topic) JobEnded: {'identifier': 'py01_topic', 'rc': 1}
[0.710931] (-) EventReactorShutdown: {}
