[0.486s] Invoking command in '/media/kl/数据/github/Github_respository/ROS-_for_Study/ws00_helloworld/src/pkg02_helloworld_py': PYTHONPATH=/media/kl/数据/github/Github_respository/ROS-_for_Study/ws00_helloworld/build/pkg02_helloworld_py/prefix_override:/media/kl/数据/github/Github_respository/ROS-_for_Study/ws00_helloworld/install/pkg02_helloworld_py/lib/python3.10/site-packages:${PYTHONPATH} /usr/bin/python3 setup.py egg_info --egg-base ../../build/pkg02_helloworld_py build --build-base /media/kl/数据/github/Github_respository/ROS-_for_Study/ws00_helloworld/build/pkg02_helloworld_py/build install --record /media/kl/数据/github/Github_respository/ROS-_for_Study/ws00_helloworld/build/pkg02_helloworld_py/install.log --single-version-externally-managed
[0.672s] running egg_info
[0.672s] writing ../../build/pkg02_helloworld_py/pkg02_helloworld_py.egg-info/PKG-INFO
[0.673s] writing dependency_links to ../../build/pkg02_helloworld_py/pkg02_helloworld_py.egg-info/dependency_links.txt
[0.674s] writing entry points to ../../build/pkg02_helloworld_py/pkg02_helloworld_py.egg-info/entry_points.txt
[0.674s] writing requirements to ../../build/pkg02_helloworld_py/pkg02_helloworld_py.egg-info/requires.txt
[0.674s] writing top-level names to ../../build/pkg02_helloworld_py/pkg02_helloworld_py.egg-info/top_level.txt
[0.677s] reading manifest file '../../build/pkg02_helloworld_py/pkg02_helloworld_py.egg-info/SOURCES.txt'
[0.680s] writing manifest file '../../build/pkg02_helloworld_py/pkg02_helloworld_py.egg-info/SOURCES.txt'
[0.681s] running build
[0.681s] running build_py
[0.682s] running install
[0.683s] /usr/lib/python3/dist-packages/setuptools/command/install.py:34: SetuptoolsDeprecationWarning: setup.py install is deprecated. Use build and pip and other standards-based tools.
[0.683s]   warnings.warn(
[0.683s] running install_lib
[0.686s] running install_data
[0.687s] running install_egg_info
[0.689s] removing '/media/kl/数据/github/Github_respository/ROS-_for_Study/ws00_helloworld/install/pkg02_helloworld_py/lib/python3.10/site-packages/pkg02_helloworld_py-0.0.0-py3.10.egg-info' (and everything under it)
[0.692s] Copying ../../build/pkg02_helloworld_py/pkg02_helloworld_py.egg-info to /media/kl/数据/github/Github_respository/ROS-_for_Study/ws00_helloworld/install/pkg02_helloworld_py/lib/python3.10/site-packages/pkg02_helloworld_py-0.0.0-py3.10.egg-info
[0.703s] running install_scripts
[0.724s] Installing helloworld script to /media/kl/数据/github/Github_respository/ROS-_for_Study/ws00_helloworld/install/pkg02_helloworld_py/lib/pkg02_helloworld_py
[0.725s] writing list of installed files to '/media/kl/数据/github/Github_respository/ROS-_for_Study/ws00_helloworld/build/pkg02_helloworld_py/install.log'
[0.743s] Invoked command in '/media/kl/数据/github/Github_respository/ROS-_for_Study/ws00_helloworld/src/pkg02_helloworld_py' returned '0': PYTHONPATH=/media/kl/数据/github/Github_respository/ROS-_for_Study/ws00_helloworld/build/pkg02_helloworld_py/prefix_override:/media/kl/数据/github/Github_respository/ROS-_for_Study/ws00_helloworld/install/pkg02_helloworld_py/lib/python3.10/site-packages:${PYTHONPATH} /usr/bin/python3 setup.py egg_info --egg-base ../../build/pkg02_helloworld_py build --build-base /media/kl/数据/github/Github_respository/ROS-_for_Study/ws00_helloworld/build/pkg02_helloworld_py/build install --record /media/kl/数据/github/Github_respository/ROS-_for_Study/ws00_helloworld/build/pkg02_helloworld_py/install.log --single-version-externally-managed
