[0.021s] Invoking command in '/media/kl/æ•°æ®/github/Github_respository/ROS-_for_Study/ws01_plumbing/build/cpp01_topic': CMAKE_PREFIX_PATH=/media/kl/æ•°æ®/github/Github_respository/ROS-_for_Study/ws01_plumbing/install/base_interfaces_demo:/media/kl/æ•°æ®/github/Github_respository/ROS-_for_Study/ws01_plumbing/install/cpp01_topic:/media/kl/æ•°æ®/github/Github_respository/ROS-_for_Study/ws00_helloworld/install/pkg01_helloworld_cpp:/media/kl/æ•°æ®/github/Github_respository/ROS-_for_Study/ws01_plumbing/install/py01_topic:/media/kl/æ•°æ®/github/Github_respository/ROS-_for_Study/ws00_helloworld/install/pkg02_helloworld_py:/opt/ros/humble /usr/bin/cmake --build /media/kl/æ•°æ®/github/Github_respository/ROS-_for_Study/ws01_plumbing/build/cpp01_topic -- -j8 -l8
[0.053s] [35m[1mConsolidate compiler generated dependencies of target demo02_listener_str[0m
[0.065s] [ 50%] Built target demo01_talker_str
[0.096s] [ 75%] [32mBuilding CXX object CMakeFiles/demo02_listener_str.dir/src/demo02_listener_str.cpp.o[0m
[5.854s] [100%] [32m[1mLinking CXX executable demo02_listener_str[0m
[6.226s] [100%] Built target demo02_listener_str
[6.235s] Invoked command in '/media/kl/æ•°æ®/github/Github_respository/ROS-_for_Study/ws01_plumbing/build/cpp01_topic' returned '0': CMAKE_PREFIX_PATH=/media/kl/æ•°æ®/github/Github_respository/ROS-_for_Study/ws01_plumbing/install/base_interfaces_demo:/media/kl/æ•°æ®/github/Github_respository/ROS-_for_Study/ws01_plumbing/install/cpp01_topic:/media/kl/æ•°æ®/github/Github_respository/ROS-_for_Study/ws00_helloworld/install/pkg01_helloworld_cpp:/media/kl/æ•°æ®/github/Github_respository/ROS-_for_Study/ws01_plumbing/install/py01_topic:/media/kl/æ•°æ®/github/Github_respository/ROS-_for_Study/ws00_helloworld/install/pkg02_helloworld_py:/opt/ros/humble /usr/bin/cmake --build /media/kl/æ•°æ®/github/Github_respository/ROS-_for_Study/ws01_plumbing/build/cpp01_topic -- -j8 -l8
[6.263s] Invoking command in '/media/kl/æ•°æ®/github/Github_respository/ROS-_for_Study/ws01_plumbing/build/cpp01_topic': CMAKE_PREFIX_PATH=/media/kl/æ•°æ®/github/Github_respository/ROS-_for_Study/ws01_plumbing/install/base_interfaces_demo:/media/kl/æ•°æ®/github/Github_respository/ROS-_for_Study/ws01_plumbing/install/cpp01_topic:/media/kl/æ•°æ®/github/Github_respository/ROS-_for_Study/ws00_helloworld/install/pkg01_helloworld_cpp:/media/kl/æ•°æ®/github/Github_respository/ROS-_for_Study/ws01_plumbing/install/py01_topic:/media/kl/æ•°æ®/github/Github_respository/ROS-_for_Study/ws00_helloworld/install/pkg02_helloworld_py:/opt/ros/humble /usr/bin/cmake --install /media/kl/æ•°æ®/github/Github_respository/ROS-_for_Study/ws01_plumbing/build/cpp01_topic
[6.269s] -- Install configuration: ""
[6.270s] -- Up-to-date: /media/kl/æ•°æ®/github/Github_respository/ROS-_for_Study/ws01_plumbing/install/cpp01_topic/lib/cpp01_topic/demo01_talker_str
[6.272s] -- Installing: /media/kl/æ•°æ®/github/Github_respository/ROS-_for_Study/ws01_plumbing/install/cpp01_topic/lib/cpp01_topic/demo02_listener_str
[6.295s] -- Set runtime path of "/media/kl/æ•°æ®/github/Github_respository/ROS-_for_Study/ws01_plumbing/install/cpp01_topic/lib/cpp01_topic/demo02_listener_str" to ""
[6.296s] -- Up-to-date: /media/kl/æ•°æ®/github/Github_respository/ROS-_for_Study/ws01_plumbing/install/cpp01_topic/share/ament_index/resource_index/package_run_dependencies/cpp01_topic
[6.297s] -- Up-to-date: /media/kl/æ•°æ®/github/Github_respository/ROS-_for_Study/ws01_plumbing/install/cpp01_topic/share/ament_index/resource_index/parent_prefix_path/cpp01_topic
[6.297s] -- Up-to-date: /media/kl/æ•°æ®/github/Github_respository/ROS-_for_Study/ws01_plumbing/install/cpp01_topic/share/cpp01_topic/environment/ament_prefix_path.sh
[6.298s] -- Up-to-date: /media/kl/æ•°æ®/github/Github_respository/ROS-_for_Study/ws01_plumbing/install/cpp01_topic/share/cpp01_topic/environment/ament_prefix_path.dsv
[6.298s] -- Up-to-date: /media/kl/æ•°æ®/github/Github_respository/ROS-_for_Study/ws01_plumbing/install/cpp01_topic/share/cpp01_topic/environment/path.sh
[6.299s] -- Up-to-date: /media/kl/æ•°æ®/github/Github_respository/ROS-_for_Study/ws01_plumbing/install/cpp01_topic/share/cpp01_topic/environment/path.dsv
[6.300s] -- Up-to-date: /media/kl/æ•°æ®/github/Github_respository/ROS-_for_Study/ws01_plumbing/install/cpp01_topic/share/cpp01_topic/local_setup.bash
[6.301s] -- Up-to-date: /media/kl/æ•°æ®/github/Github_respository/ROS-_for_Study/ws01_plumbing/install/cpp01_topic/share/cpp01_topic/local_setup.sh
[6.301s] -- Up-to-date: /media/kl/æ•°æ®/github/Github_respository/ROS-_for_Study/ws01_plumbing/install/cpp01_topic/share/cpp01_topic/local_setup.zsh
[6.302s] -- Up-to-date: /media/kl/æ•°æ®/github/Github_respository/ROS-_for_Study/ws01_plumbing/install/cpp01_topic/share/cpp01_topic/local_setup.dsv
[6.303s] -- Installing: /media/kl/æ•°æ®/github/Github_respository/ROS-_for_Study/ws01_plumbing/install/cpp01_topic/share/cpp01_topic/package.dsv
[6.305s] -- Up-to-date: /media/kl/æ•°æ®/github/Github_respository/ROS-_for_Study/ws01_plumbing/install/cpp01_topic/share/ament_index/resource_index/packages/cpp01_topic
[6.306s] -- Up-to-date: /media/kl/æ•°æ®/github/Github_respository/ROS-_for_Study/ws01_plumbing/install/cpp01_topic/share/cpp01_topic/cmake/cpp01_topicConfig.cmake
[6.306s] -- Up-to-date: /media/kl/æ•°æ®/github/Github_respository/ROS-_for_Study/ws01_plumbing/install/cpp01_topic/share/cpp01_topic/cmake/cpp01_topicConfig-version.cmake
[6.307s] -- Up-to-date: /media/kl/æ•°æ®/github/Github_respository/ROS-_for_Study/ws01_plumbing/install/cpp01_topic/share/cpp01_topic/package.xml
[6.309s] Invoked command in '/media/kl/æ•°æ®/github/Github_respository/ROS-_for_Study/ws01_plumbing/build/cpp01_topic' returned '0': CMAKE_PREFIX_PATH=/media/kl/æ•°æ®/github/Github_respository/ROS-_for_Study/ws01_plumbing/install/base_interfaces_demo:/media/kl/æ•°æ®/github/Github_respository/ROS-_for_Study/ws01_plumbing/install/cpp01_topic:/media/kl/æ•°æ®/github/Github_respository/ROS-_for_Study/ws00_helloworld/install/pkg01_helloworld_cpp:/media/kl/æ•°æ®/github/Github_respository/ROS-_for_Study/ws01_plumbing/install/py01_topic:/media/kl/æ•°æ®/github/Github_respository/ROS-_for_Study/ws00_helloworld/install/pkg02_helloworld_py:/opt/ros/humble /usr/bin/cmake --install /media/kl/æ•°æ®/github/Github_respository/ROS-_for_Study/ws01_plumbing/build/cpp01_topic
