[0.000000] (-) TimerEvent: {}
[0.000313] (-) JobUnselected: {'identifier': 'pkg02_helloworld_py'}
[0.000676] (pkg01_helloworld_cpp) JobQueued: {'identifier': 'pkg01_helloworld_cpp', 'dependencies': OrderedDict()}
[0.000795] (pkg01_helloworld_cpp) JobStarted: {'identifier': 'pkg01_helloworld_cpp'}
[0.018655] (pkg01_helloworld_cpp) JobProgress: {'identifier': 'pkg01_helloworld_cpp', 'progress': 'cmake'}
[0.020595] (pkg01_helloworld_cpp) JobProgress: {'identifier': 'pkg01_helloworld_cpp', 'progress': 'build'}
[0.021394] (pkg01_helloworld_cpp) Command: {'cmd': ['/usr/bin/cmake', '--build', '/media/kl/数据/github/Github_respository/ROS-_for_Study/ws00_helloworld/build/pkg01_helloworld_cpp', '--', '-j8', '-l8'], 'cwd': '/media/kl/数据/github/Github_respository/ROS-_for_Study/ws00_helloworld/build/pkg01_helloworld_cpp', 'env': OrderedDict([('GJS_DEBUG_TOPICS', 'JS ERROR;JS LOG'), ('LANGUAGE', 'zh_CN:zh'), ('USER', 'kl'), ('XDG_SESSION_TYPE', 'wayland'), ('GIT_ASKPASS', '/usr/share/code/resources/app/extensions/git/dist/askpass.sh'), ('SHLVL', '1'), ('LD_LIBRARY_PATH', '/opt/ros/humble/opt/rviz_ogre_vendor/lib:/opt/ros/humble/lib/x86_64-linux-gnu:/opt/ros/humble/lib'), ('HOME', '/home/kl'), ('CHROME_DESKTOP', 'code-url-handler.desktop'), ('OLDPWD', '/media/kl/数据/github/Github_respository/ROS-_for_Study'), ('TERM_PROGRAM_VERSION', '1.59.1'), ('DESKTOP_SESSION', 'ubuntu'), ('GIO_LAUNCHED_DESKTOP_FILE', '/usr/share/applications/code.desktop'), ('ROS_PYTHON_VERSION', '3'), ('GNOME_SHELL_SESSION_MODE', 'ubuntu'), ('GTK_MODULES', 'gail:atk-bridge'), ('VSCODE_GIT_ASKPASS_MAIN', '/usr/share/code/resources/app/extensions/git/dist/askpass-main.js'), ('VSCODE_GIT_ASKPASS_NODE', '/usr/share/code/code'), ('MANAGERPID', '1772'), ('SYSTEMD_EXEC_PID', '1995'), ('IM_CONFIG_CHECK_ENV', '1'), ('DBUS_SESSION_BUS_ADDRESS', 'unix:path=/run/user/1000/bus'), ('COLORTERM', 'truecolor'), ('GIO_LAUNCHED_DESKTOP_FILE_PID', '4387'), ('IM_CONFIG_PHASE', '1'), ('WAYLAND_DISPLAY', 'wayland-0'), ('COLCON_PREFIX_PATH', '/media/kl/数据/github/Github_respository/ROS-_for_Study/ws00_helloworld/install'), ('ROS_DISTRO', 'humble'), ('LOGNAME', 'kl'), ('JOURNAL_STREAM', '8:28455'), ('_', '/usr/bin/colcon'), ('ROS_VERSION', '2'), ('XDG_SESSION_CLASS', 'user'), ('USERNAME', 'kl'), ('TERM', 'xterm-256color'), ('GNOME_DESKTOP_SESSION_ID', 'this-is-deprecated'), ('ROS_LOCALHOST_ONLY', '0'), ('PATH', '/opt/ros/humble/bin:/usr/local/sbin:/usr/local/bin:/usr/sbin:/usr/bin:/sbin:/bin:/usr/games:/usr/local/games:/snap/bin:/snap/bin'), ('SESSION_MANAGER', 'local/XX:@/tmp/.ICE-unix/1973,unix/XX:/tmp/.ICE-unix/1973'), ('INVOCATION_ID', '0612ea4ecf4246b5a4ed42586971948d'), ('XDG_MENU_PREFIX', 'gnome-'), ('GNOME_SETUP_DISPLAY', ':1'), ('XDG_RUNTIME_DIR', '/run/user/1000'), ('GDK_BACKEND', 'x11'), ('DISPLAY', ':0'), ('LANG', 'zh_CN.UTF-8'), ('XDG_CURRENT_DESKTOP', 'Unity'), ('XMODIFIERS', '@im=ibus'), ('XDG_SESSION_DESKTOP', 'ubuntu'), ('XAUTHORITY', '/run/user/1000/.mutter-Xwaylandauth.YK7771'), ('VSCODE_GIT_IPC_HANDLE', '/run/user/1000/vscode-git-830ee7c68d.sock'), ('TERM_PROGRAM', 'vscode'), ('SSH_AGENT_LAUNCHER', 'gnome-keyring'), ('SSH_AUTH_SOCK', '/run/user/1000/keyring/ssh'), ('AMENT_PREFIX_PATH', '/media/kl/数据/github/Github_respository/ROS-_for_Study/ws00_helloworld/install/pkg02_helloworld_py:/media/kl/数据/github/Github_respository/ROS-_for_Study/ws00_helloworld/install/pkg01_helloworld_cpp:/opt/ros/humble'), ('ORIGINAL_XDG_CURRENT_DESKTOP', 'ubuntu:GNOME'), ('SHELL', '/bin/bash'), ('QT_ACCESSIBILITY', '1'), ('GDMSESSION', 'ubuntu'), ('GJS_DEBUG_OUTPUT', 'stderr'), ('QT_IM_MODULE', 'ibus'), ('PWD', '/media/kl/数据/github/Github_respository/ROS-_for_Study/ws00_helloworld/build/pkg01_helloworld_cpp'), ('XDG_CONFIG_DIRS', '/etc/xdg/xdg-ubuntu:/etc/xdg'), ('XDG_DATA_DIRS', '/usr/share/ubuntu:/usr/local/share/:/usr/share/:/var/lib/snapd/desktop'), ('PYTHONPATH', '/media/kl/数据/github/Github_respository/ROS-_for_Study/ws00_helloworld/install/pkg02_helloworld_py/lib/python3.10/site-packages:/opt/ros/humble/lib/python3.10/site-packages:/opt/ros/humble/local/lib/python3.10/dist-packages'), ('BREAKPAD_DUMP_LOCATION', '/home/kl/.config/Code/exthost Crash Reports'), ('COLCON', '1'), ('CMAKE_PREFIX_PATH', '/media/kl/数据/github/Github_respository/ROS-_for_Study/ws00_helloworld/install/pkg01_helloworld_cpp:/media/kl/数据/github/Github_respository/ROS-_for_Study/ws00_helloworld/install/pkg02_helloworld_py:/opt/ros/humble')]), 'shell': False}
[0.099767] (-) TimerEvent: {}
[0.124391] (pkg01_helloworld_cpp) StdoutLine: {'line': b'\x1b[35m\x1b[1mConsolidate compiler generated dependencies of target helloworld2\x1b[0m\n'}
[0.124700] (pkg01_helloworld_cpp) StdoutLine: {'line': b'\x1b[35m\x1b[1mConsolidate compiler generated dependencies of target helloworld\x1b[0m\n'}
[0.184491] (pkg01_helloworld_cpp) StdoutLine: {'line': b'[ 50%] \x1b[32mBuilding CXX object CMakeFiles/helloworld2.dir/src/helloworld2.cpp.o\x1b[0m\n'}
[0.184914] (pkg01_helloworld_cpp) StdoutLine: {'line': b'[ 75%] Built target helloworld\n'}
[0.199871] (-) TimerEvent: {}
[0.300267] (-) TimerEvent: {}
[0.400592] (-) TimerEvent: {}
[0.500945] (-) TimerEvent: {}
[0.601398] (-) TimerEvent: {}
[0.702064] (-) TimerEvent: {}
[0.802727] (-) TimerEvent: {}
[0.903106] (-) TimerEvent: {}
[1.003537] (-) TimerEvent: {}
[1.104103] (-) TimerEvent: {}
[1.204496] (-) TimerEvent: {}
[1.304983] (-) TimerEvent: {}
[1.405401] (-) TimerEvent: {}
[1.505890] (-) TimerEvent: {}
[1.606541] (-) TimerEvent: {}
[1.707150] (-) TimerEvent: {}
[1.807775] (-) TimerEvent: {}
[1.821789] (pkg01_helloworld_cpp) StderrLine: {'line': b'\x1b[01m\x1b[K/media/kl/\xe6\x95\xb0\xe6\x8d\xae/github/Github_respository/ROS-_for_Study/ws00_helloworld/src/pkg01_helloworld_cpp/src/helloworld2.cpp:34:2:\x1b[m\x1b[K \x1b[01;31m\x1b[Kerror: \x1b[m\x1b[Kexpected \xe2\x80\x98\x1b[01m\x1b[K;\x1b[m\x1b[K\xe2\x80\x99 after class definition\n'}
[1.822156] (pkg01_helloworld_cpp) StderrLine: {'line': b'   34 | }\n'}
[1.822350] (pkg01_helloworld_cpp) StderrLine: {'line': b'      |  \x1b[01;31m\x1b[K^\x1b[m\x1b[K\n'}
[1.822555] (pkg01_helloworld_cpp) StderrLine: {'line': b'      |  \x1b[32m\x1b[K;\x1b[m\x1b[K\n'}
[1.907899] (-) TimerEvent: {}
[2.008642] (-) TimerEvent: {}
[2.109405] (-) TimerEvent: {}
[2.111065] (pkg01_helloworld_cpp) StderrLine: {'line': b'gmake[2]: *** [CMakeFiles/helloworld2.dir/build.make:76\xef\xbc\x9aCMakeFiles/helloworld2.dir/src/helloworld2.cpp.o] \xe9\x94\x99\xe8\xaf\xaf 1\n'}
[2.111479] (pkg01_helloworld_cpp) StderrLine: {'line': b'gmake[1]: *** [CMakeFiles/Makefile2:165\xef\xbc\x9aCMakeFiles/helloworld2.dir/all] \xe9\x94\x99\xe8\xaf\xaf 2\n'}
[2.111772] (pkg01_helloworld_cpp) StderrLine: {'line': b'gmake: *** [Makefile:146\xef\xbc\x9aall] \xe9\x94\x99\xe8\xaf\xaf 2\n'}
[2.113488] (pkg01_helloworld_cpp) CommandEnded: {'returncode': 2}
[2.164409] (pkg01_helloworld_cpp) JobEnded: {'identifier': 'pkg01_helloworld_cpp', 'rc': 2}
[2.174985] (-) EventReactorShutdown: {}
