running egg_info
creating ../../build/py01_topic/py01_topic.egg-info
writing ../../build/py01_topic/py01_topic.egg-info/PKG-INFO
writing dependency_links to ../../build/py01_topic/py01_topic.egg-info/dependency_links.txt
writing entry points to ../../build/py01_topic/py01_topic.egg-info/entry_points.txt
writing requirements to ../../build/py01_topic/py01_topic.egg-info/requires.txt
writing top-level names to ../../build/py01_topic/py01_topic.egg-info/top_level.txt
writing manifest file '../../build/py01_topic/py01_topic.egg-info/SOURCES.txt'
reading manifest file '../../build/py01_topic/py01_topic.egg-info/SOURCES.txt'
writing manifest file '../../build/py01_topic/py01_topic.egg-info/SOURCES.txt'
running build
running build_py
creating /media/kl/数据/github/Github_respository/ROS-_for_Study/ws01_plumbing/build/py01_topic/build
creating /media/kl/数据/github/Github_respository/ROS-_for_Study/ws01_plumbing/build/py01_topic/build/lib
creating /media/kl/数据/github/Github_respository/ROS-_for_Study/ws01_plumbing/build/py01_topic/build/lib/py01_topic
copying py01_topic/demo01_talker_str.py -> /media/kl/数据/github/Github_respository/ROS-_for_Study/ws01_plumbing/build/py01_topic/build/lib/py01_topic
copying py01_topic/__init__.py -> /media/kl/数据/github/Github_respository/ROS-_for_Study/ws01_plumbing/build/py01_topic/build/lib/py01_topic
running install
/usr/lib/python3/dist-packages/setuptools/command/install.py:34: SetuptoolsDeprecationWarning: setup.py install is deprecated. Use build and pip and other standards-based tools.
  warnings.warn(
running install_lib
creating /media/kl/数据/github/Github_respository/ROS-_for_Study/ws01_plumbing/install/py01_topic/lib/python3.10/site-packages/py01_topic
copying /media/kl/数据/github/Github_respository/ROS-_for_Study/ws01_plumbing/build/py01_topic/build/lib/py01_topic/demo01_talker_str.py -> /media/kl/数据/github/Github_respository/ROS-_for_Study/ws01_plumbing/install/py01_topic/lib/python3.10/site-packages/py01_topic
copying /media/kl/数据/github/Github_respository/ROS-_for_Study/ws01_plumbing/build/py01_topic/build/lib/py01_topic/__init__.py -> /media/kl/数据/github/Github_respository/ROS-_for_Study/ws01_plumbing/install/py01_topic/lib/python3.10/site-packages/py01_topic
byte-compiling /media/kl/数据/github/Github_respository/ROS-_for_Study/ws01_plumbing/install/py01_topic/lib/python3.10/site-packages/py01_topic/demo01_talker_str.py to demo01_talker_str.cpython-310.pyc
byte-compiling /media/kl/数据/github/Github_respository/ROS-_for_Study/ws01_plumbing/install/py01_topic/lib/python3.10/site-packages/py01_topic/__init__.py to __init__.cpython-310.pyc
running install_data
creating /media/kl/数据/github/Github_respository/ROS-_for_Study/ws01_plumbing/install/py01_topic/share/ament_index
creating /media/kl/数据/github/Github_respository/ROS-_for_Study/ws01_plumbing/install/py01_topic/share/ament_index/resource_index
creating /media/kl/数据/github/Github_respository/ROS-_for_Study/ws01_plumbing/install/py01_topic/share/ament_index/resource_index/packages
copying resource/py01_topic -> /media/kl/数据/github/Github_respository/ROS-_for_Study/ws01_plumbing/install/py01_topic/share/ament_index/resource_index/packages
copying package.xml -> /media/kl/数据/github/Github_respository/ROS-_for_Study/ws01_plumbing/install/py01_topic/share/py01_topic
running install_egg_info
Copying ../../build/py01_topic/py01_topic.egg-info to /media/kl/数据/github/Github_respository/ROS-_for_Study/ws01_plumbing/install/py01_topic/lib/python3.10/site-packages/py01_topic-0.0.0-py3.10.egg-info
running install_scripts
Installing demo01_talker_str script to /media/kl/数据/github/Github_respository/ROS-_for_Study/ws01_plumbing/install/py01_topic/lib/py01_topic
writing list of installed files to '/media/kl/数据/github/Github_respository/ROS-_for_Study/ws01_plumbing/build/py01_topic/install.log'
