[0.570s] Invoking command in '/media/kl/数据/github/Github_respository/ROS-_for_Study/ws01_plumbing/src/py01_topic': AMENT_PREFIX_PATH=/media/kl/数据/github/Github_respository/ROS-_for_Study/ws01_plumbing/install/base_interfaces_demo:${AMENT_PREFIX_PATH} CMAKE_PREFIX_PATH=/media/kl/数据/github/Github_respository/ROS-_for_Study/ws01_plumbing/install/base_interfaces_demo:${CMAKE_PREFIX_PATH} PYTHONPATH=/media/kl/数据/github/Github_respository/ROS-_for_Study/ws01_plumbing/build/py01_topic/prefix_override:/media/kl/数据/github/Github_respository/ROS-_for_Study/ws01_plumbing/install/py01_topic/lib/python3.10/site-packages:${PYTHONPATH} /usr/bin/python3 setup.py egg_info --egg-base ../../build/py01_topic build --build-base /media/kl/数据/github/Github_respository/ROS-_for_Study/ws01_plumbing/build/py01_topic/build install --record /media/kl/数据/github/Github_respository/ROS-_for_Study/ws01_plumbing/build/py01_topic/install.log --single-version-externally-managed
[0.773s] running egg_info
[0.774s] creating ../../build/py01_topic/py01_topic.egg-info
[0.775s] writing ../../build/py01_topic/py01_topic.egg-info/PKG-INFO
[0.775s] writing dependency_links to ../../build/py01_topic/py01_topic.egg-info/dependency_links.txt
[0.776s] writing entry points to ../../build/py01_topic/py01_topic.egg-info/entry_points.txt
[0.776s] writing requirements to ../../build/py01_topic/py01_topic.egg-info/requires.txt
[0.777s] writing top-level names to ../../build/py01_topic/py01_topic.egg-info/top_level.txt
[0.777s] writing manifest file '../../build/py01_topic/py01_topic.egg-info/SOURCES.txt'
[0.780s] reading manifest file '../../build/py01_topic/py01_topic.egg-info/SOURCES.txt'
[0.783s] writing manifest file '../../build/py01_topic/py01_topic.egg-info/SOURCES.txt'
[0.783s] running build
[0.783s] running build_py
[0.784s] creating /media/kl/数据/github/Github_respository/ROS-_for_Study/ws01_plumbing/build/py01_topic/build
[0.784s] creating /media/kl/数据/github/Github_respository/ROS-_for_Study/ws01_plumbing/build/py01_topic/build/lib
[0.784s] creating /media/kl/数据/github/Github_respository/ROS-_for_Study/ws01_plumbing/build/py01_topic/build/lib/py01_topic
[0.785s] copying py01_topic/demo01_talker_str.py -> /media/kl/数据/github/Github_respository/ROS-_for_Study/ws01_plumbing/build/py01_topic/build/lib/py01_topic
[0.786s] copying py01_topic/__init__.py -> /media/kl/数据/github/Github_respository/ROS-_for_Study/ws01_plumbing/build/py01_topic/build/lib/py01_topic
[0.787s] running install
[0.787s] /usr/lib/python3/dist-packages/setuptools/command/install.py:34: SetuptoolsDeprecationWarning: setup.py install is deprecated. Use build and pip and other standards-based tools.
[0.788s]   warnings.warn(
[0.788s] running install_lib
[0.790s] creating /media/kl/数据/github/Github_respository/ROS-_for_Study/ws01_plumbing/install/py01_topic/lib/python3.10/site-packages/py01_topic
[0.791s] copying /media/kl/数据/github/Github_respository/ROS-_for_Study/ws01_plumbing/build/py01_topic/build/lib/py01_topic/demo01_talker_str.py -> /media/kl/数据/github/Github_respository/ROS-_for_Study/ws01_plumbing/install/py01_topic/lib/python3.10/site-packages/py01_topic
[0.793s] copying /media/kl/数据/github/Github_respository/ROS-_for_Study/ws01_plumbing/build/py01_topic/build/lib/py01_topic/__init__.py -> /media/kl/数据/github/Github_respository/ROS-_for_Study/ws01_plumbing/install/py01_topic/lib/python3.10/site-packages/py01_topic
[0.796s] byte-compiling /media/kl/数据/github/Github_respository/ROS-_for_Study/ws01_plumbing/install/py01_topic/lib/python3.10/site-packages/py01_topic/demo01_talker_str.py to demo01_talker_str.cpython-310.pyc
[0.797s] byte-compiling /media/kl/数据/github/Github_respository/ROS-_for_Study/ws01_plumbing/install/py01_topic/lib/python3.10/site-packages/py01_topic/__init__.py to __init__.cpython-310.pyc
[0.799s] running install_data
[0.800s] creating /media/kl/数据/github/Github_respository/ROS-_for_Study/ws01_plumbing/install/py01_topic/share/ament_index
[0.800s] creating /media/kl/数据/github/Github_respository/ROS-_for_Study/ws01_plumbing/install/py01_topic/share/ament_index/resource_index
[0.800s] creating /media/kl/数据/github/Github_respository/ROS-_for_Study/ws01_plumbing/install/py01_topic/share/ament_index/resource_index/packages
[0.800s] copying resource/py01_topic -> /media/kl/数据/github/Github_respository/ROS-_for_Study/ws01_plumbing/install/py01_topic/share/ament_index/resource_index/packages
[0.802s] copying package.xml -> /media/kl/数据/github/Github_respository/ROS-_for_Study/ws01_plumbing/install/py01_topic/share/py01_topic
[0.802s] running install_egg_info
[0.804s] Copying ../../build/py01_topic/py01_topic.egg-info to /media/kl/数据/github/Github_respository/ROS-_for_Study/ws01_plumbing/install/py01_topic/lib/python3.10/site-packages/py01_topic-0.0.0-py3.10.egg-info
[0.815s] running install_scripts
[0.834s] Installing demo01_talker_str script to /media/kl/数据/github/Github_respository/ROS-_for_Study/ws01_plumbing/install/py01_topic/lib/py01_topic
[0.835s] writing list of installed files to '/media/kl/数据/github/Github_respository/ROS-_for_Study/ws01_plumbing/build/py01_topic/install.log'
[0.856s] Invoked command in '/media/kl/数据/github/Github_respository/ROS-_for_Study/ws01_plumbing/src/py01_topic' returned '0': AMENT_PREFIX_PATH=/media/kl/数据/github/Github_respository/ROS-_for_Study/ws01_plumbing/install/base_interfaces_demo:${AMENT_PREFIX_PATH} CMAKE_PREFIX_PATH=/media/kl/数据/github/Github_respository/ROS-_for_Study/ws01_plumbing/install/base_interfaces_demo:${CMAKE_PREFIX_PATH} PYTHONPATH=/media/kl/数据/github/Github_respository/ROS-_for_Study/ws01_plumbing/build/py01_topic/prefix_override:/media/kl/数据/github/Github_respository/ROS-_for_Study/ws01_plumbing/install/py01_topic/lib/python3.10/site-packages:${PYTHONPATH} /usr/bin/python3 setup.py egg_info --egg-base ../../build/py01_topic build --build-base /media/kl/数据/github/Github_respository/ROS-_for_Study/ws01_plumbing/build/py01_topic/build install --record /media/kl/数据/github/Github_respository/ROS-_for_Study/ws01_plumbing/build/py01_topic/install.log --single-version-externally-managed
