[0.024s] Invoking command in '/home/kl/VS_CODE/Github_respository/ROS-_for_Study/ws01_plumbing/build/base_interfaces': CMAKE_PREFIX_PATH=${CMAKE_PREFIX_PATH}:/home/kl/VS_CODE/Github_respository/ROS-_for_Study/ws01_plumbing/install/py01_topic_re:/opt/ros/humble /usr/bin/cmake --build /home/kl/VS_CODE/Github_respository/ROS-_for_Study/ws01_plumbing/build/base_interfaces -- -j8 -l8
[0.068s] [ 12%] Built target base_interfaces__rosidl_generator_c
[0.068s] [ 12%] Built target base_interfaces__cpp
[0.079s] [ 12%] Built target ament_cmake_python_copy_base_interfaces
[0.087s] [ 22%] Built target base_interfaces__rosidl_typesupport_introspection_c
[0.095s] [ 32%] Built target base_interfaces__rosidl_typesupport_c
[0.097s] [ 41%] Built target base_interfaces__rosidl_typesupport_fastrtps_c
[0.098s] [ 51%] Built target base_interfaces__rosidl_typesupport_introspection_cpp
[0.099s] [ 61%] Built target base_interfaces__rosidl_typesupport_cpp
[0.100s] [ 70%] Built target base_interfaces__rosidl_typesupport_fastrtps_cpp
[0.116s] [ 70%] Built target base_interfaces
[0.131s] [ 74%] Built target base_interfaces__py
[0.146s] [ 80%] Built target base_interfaces__rosidl_generator_py
[0.161s] [ 87%] Built target base_interfaces__rosidl_typesupport_fastrtps_c__pyext
[0.166s] [ 93%] Built target base_interfaces__rosidl_typesupport_c__pyext
[0.167s] [100%] Built target base_interfaces__rosidl_typesupport_introspection_c__pyext
[0.269s] running egg_info
[0.269s] writing base_interfaces.egg-info/PKG-INFO
[0.270s] writing dependency_links to base_interfaces.egg-info/dependency_links.txt
[0.270s] writing top-level names to base_interfaces.egg-info/top_level.txt
[0.271s] reading manifest file 'base_interfaces.egg-info/SOURCES.txt'
[0.271s] writing manifest file 'base_interfaces.egg-info/SOURCES.txt'
[0.294s] [100%] Built target ament_cmake_python_build_base_interfaces_egg
