[0.000000] (-) TimerEvent: {}
[0.000131] (-) JobUnselected: {'identifier': 'base_interfaces'}
[0.000169] (-) JobUnselected: {'identifier': 'py01_topic_re'}
[0.000184] (cpp01_topic_re) JobQueued: {'identifier': 'cpp01_topic_re', 'dependencies': OrderedDict()}
[0.000199] (cpp01_topic_re) JobStarted: {'identifier': 'cpp01_topic_re'}
[0.009139] (cpp01_topic_re) JobProgress: {'identifier': 'cpp01_topic_re', 'progress': 'cmake'}
[0.009625] (cpp01_topic_re) JobProgress: {'identifier': 'cpp01_topic_re', 'progress': 'build'}
[0.010210] (cpp01_topic_re) Command: {'cmd': ['/usr/bin/cmake', '--build', '/home/kl/VS_CODE/Github_respository/ROS-_for_Study/ws01_plumbing/build/cpp01_topic_re', '--', '-j8', '-l8'], 'cwd': '/home/kl/VS_CODE/Github_respository/ROS-_for_Study/ws01_plumbing/build/cpp01_topic_re', 'env': OrderedDict([('GJS_DEBUG_TOPICS', 'JS ERROR;JS LOG'), ('LANGUAGE', 'zh_CN:zh'), ('USER', 'kl'), ('XDG_SESSION_TYPE', 'wayland'), ('GIT_ASKPASS', '/usr/share/code/resources/app/extensions/git/dist/askpass.sh'), ('SHLVL', '1'), ('LD_LIBRARY_PATH', '/home/kl/VS_CODE/Github_respository/ROS-_for_Study/ws01_plumbing/install/base_interfaces/lib:/opt/ros/humble/opt/rviz_ogre_vendor/lib:/opt/ros/humble/lib/x86_64-linux-gnu:/opt/ros/humble/lib'), ('HOME', '/home/kl'), ('CHROME_DESKTOP', 'code-url-handler.desktop'), ('TERM_PROGRAM_VERSION', '1.80.1'), ('DESKTOP_SESSION', 'ubuntu'), ('GIO_LAUNCHED_DESKTOP_FILE', '/usr/share/applications/code.desktop'), ('ROS_PYTHON_VERSION', '3'), ('GNOME_SHELL_SESSION_MODE', 'ubuntu'), ('GTK_MODULES', 'gail:atk-bridge'), ('VSCODE_GIT_ASKPASS_MAIN', '/usr/share/code/resources/app/extensions/git/dist/askpass-main.js'), ('VSCODE_GIT_ASKPASS_NODE', '/usr/share/code/code'), ('MANAGERPID', '1775'), ('SYSTEMD_EXEC_PID', '1990'), ('IM_CONFIG_CHECK_ENV', '1'), ('DBUS_SESSION_BUS_ADDRESS', 'unix:path=/run/user/1000/bus'), ('COLORTERM', 'truecolor'), ('GIO_LAUNCHED_DESKTOP_FILE_PID', '17129'), ('IM_CONFIG_PHASE', '1'), ('WAYLAND_DISPLAY', 'wayland-0'), ('COLCON_PREFIX_PATH', '/home/kl/VS_CODE/Github_respository/ROS-_for_Study/ws01_plumbing/install'), ('ROS_DISTRO', 'humble'), ('LOGNAME', 'kl'), ('JOURNAL_STREAM', '8:29442'), ('_', '/usr/bin/colcon'), ('ROS_VERSION', '2'), ('XDG_SESSION_CLASS', 'user'), ('USERNAME', 'kl'), ('TERM', 'xterm-256color'), ('GNOME_DESKTOP_SESSION_ID', 'this-is-deprecated'), ('ROS_LOCALHOST_ONLY', '0'), ('PATH', '/opt/ros/humble/bin:/usr/local/sbin:/usr/local/bin:/usr/sbin:/usr/bin:/sbin:/bin:/usr/games:/usr/local/games:/snap/bin:/snap/bin'), ('SESSION_MANAGER', 'local/XX:@/tmp/.ICE-unix/1962,unix/XX:/tmp/.ICE-unix/1962'), ('INVOCATION_ID', '12854c05d52e4d62ad666a70d9397c68'), ('XDG_MENU_PREFIX', 'gnome-'), ('GNOME_SETUP_DISPLAY', ':1'), ('XDG_RUNTIME_DIR', '/run/user/1000'), ('GDK_BACKEND', 'x11'), ('DISPLAY', ':0'), ('LANG', 'zh_CN.UTF-8'), ('XDG_CURRENT_DESKTOP', 'Unity'), ('XMODIFIERS', '@im=ibus'), ('XDG_SESSION_DESKTOP', 'ubuntu'), ('XAUTHORITY', '/run/user/1000/.mutter-Xwaylandauth.FTY971'), ('VSCODE_GIT_IPC_HANDLE', '/run/user/1000/vscode-git-cef9963d23.sock'), ('TERM_PROGRAM', 'vscode'), ('SSH_AGENT_LAUNCHER', 'gnome-keyring'), ('SSH_AUTH_SOCK', '/run/user/1000/keyring/ssh'), ('AMENT_PREFIX_PATH', '/home/kl/VS_CODE/Github_respository/ROS-_for_Study/ws01_plumbing/install/py01_topic_re:/home/kl/VS_CODE/Github_respository/ROS-_for_Study/ws01_plumbing/install/cpp01_topic_re:/home/kl/VS_CODE/Github_respository/ROS-_for_Study/ws01_plumbing/install/base_interfaces:/opt/ros/humble'), ('ORIGINAL_XDG_CURRENT_DESKTOP', 'ubuntu:GNOME'), ('SHELL', '/bin/bash'), ('QT_ACCESSIBILITY', '1'), ('GDMSESSION', 'ubuntu'), ('GJS_DEBUG_OUTPUT', 'stderr'), ('VSCODE_GIT_ASKPASS_EXTRA_ARGS', '--ms-enable-electron-run-as-node'), ('QT_IM_MODULE', 'ibus'), ('PWD', '/home/kl/VS_CODE/Github_respository/ROS-_for_Study/ws01_plumbing/build/cpp01_topic_re'), ('XDG_CONFIG_DIRS', '/etc/xdg/xdg-ubuntu:/etc/xdg'), ('XDG_DATA_DIRS', '/usr/share/ubuntu:/usr/local/share/:/usr/share/:/var/lib/snapd/desktop'), ('PYTHONPATH', '/home/kl/VS_CODE/Github_respository/ROS-_for_Study/ws01_plumbing/install/py01_topic_re/lib/python3.10/site-packages:/home/kl/VS_CODE/Github_respository/ROS-_for_Study/ws01_plumbing/install/base_interfaces/local/lib/python3.10/dist-packages:/opt/ros/humble/lib/python3.10/site-packages:/opt/ros/humble/local/lib/python3.10/dist-packages'), ('COLCON', '1'), ('CMAKE_PREFIX_PATH', '/home/kl/VS_CODE/Github_respository/ROS-_for_Study/ws01_plumbing/install/cpp01_topic_re:/home/kl/VS_CODE/Github_respository/ROS-_for_Study/ws01_plumbing/install/base_interfaces:/home/kl/VS_CODE/Github_respository/ROS-_for_Study/ws01_plumbing/install/py01_topic_re:/opt/ros/humble')]), 'shell': False}
[0.028567] (cpp01_topic_re) StdoutLine: {'line': b'-- Found ament_cmake: 1.3.5 (/opt/ros/humble/share/ament_cmake/cmake)\n'}
[0.098999] (-) TimerEvent: {}
[0.126531] (cpp01_topic_re) StdoutLine: {'line': b'-- Found rclcpp: 16.0.4 (/opt/ros/humble/share/rclcpp/cmake)\n'}
[0.143689] (cpp01_topic_re) StdoutLine: {'line': b'-- Found rosidl_generator_c: 3.1.4 (/opt/ros/humble/share/rosidl_generator_c/cmake)\n'}
[0.145023] (cpp01_topic_re) StdoutLine: {'line': b'-- Found rosidl_adapter: 3.1.4 (/opt/ros/humble/share/rosidl_adapter/cmake)\n'}
[0.148679] (cpp01_topic_re) StdoutLine: {'line': b'-- Found rosidl_generator_cpp: 3.1.4 (/opt/ros/humble/share/rosidl_generator_cpp/cmake)\n'}
[0.155680] (cpp01_topic_re) StdoutLine: {'line': b'-- Using all available rosidl_typesupport_c: rosidl_typesupport_fastrtps_c;rosidl_typesupport_introspection_c\n'}
[0.166961] (cpp01_topic_re) StdoutLine: {'line': b'-- Using all available rosidl_typesupport_cpp: rosidl_typesupport_fastrtps_cpp;rosidl_typesupport_introspection_cpp\n'}
[0.199209] (-) TimerEvent: {}
[0.203317] (cpp01_topic_re) StdoutLine: {'line': b'-- Found rmw_implementation_cmake: 6.1.1 (/opt/ros/humble/share/rmw_implementation_cmake/cmake)\n'}
[0.204695] (cpp01_topic_re) StdoutLine: {'line': b'-- Found rmw_fastrtps_cpp: 6.2.2 (/opt/ros/humble/share/rmw_fastrtps_cpp/cmake)\n'}
[0.279205] (cpp01_topic_re) StdoutLine: {'line': b"-- Using RMW implementation 'rmw_fastrtps_cpp' as default\n"}
[0.299405] (-) TimerEvent: {}
[0.380029] (cpp01_topic_re) StdoutLine: {'line': b'-- Found base_interfaces: 0.0.0 (/home/kl/VS_CODE/Github_respository/ROS-_for_Study/ws01_plumbing/install/base_interfaces/share/base_interfaces/cmake)\n'}
[0.391937] (cpp01_topic_re) StdoutLine: {'line': b'-- Found ament_lint_auto: 0.12.6 (/opt/ros/humble/share/ament_lint_auto/cmake)\n'}
[0.399563] (-) TimerEvent: {}
[0.443066] (cpp01_topic_re) StdoutLine: {'line': b"-- Added test 'cppcheck' to perform static code analysis on C / C++ code\n"}
[0.443270] (cpp01_topic_re) StdoutLine: {'line': b'-- Configured cppcheck include dirs: $<BUILD_INTERFACE:/home/kl/VS_CODE/Github_respository/ROS-_for_Study/ws01_plumbing/src/cpp01_topic_re/include>\n'}
[0.443347] (cpp01_topic_re) StdoutLine: {'line': b'-- Configured cppcheck exclude dirs and/or files: \n'}
[0.443525] (cpp01_topic_re) StdoutLine: {'line': b"-- Added test 'lint_cmake' to check CMake code style\n"}
[0.444060] (cpp01_topic_re) StdoutLine: {'line': b"-- Added test 'uncrustify' to check C / C++ code style\n"}
[0.444112] (cpp01_topic_re) StdoutLine: {'line': b'-- Configured uncrustify additional arguments: \n'}
[0.444249] (cpp01_topic_re) StdoutLine: {'line': b"-- Added test 'xmllint' to check XML markup files\n"}
[0.444793] (cpp01_topic_re) StdoutLine: {'line': b'-- Configuring done\n'}
[0.458331] (cpp01_topic_re) StdoutLine: {'line': b'-- Generating done\n'}
[0.462123] (cpp01_topic_re) StdoutLine: {'line': b'-- Build files have been written to: /home/kl/VS_CODE/Github_respository/ROS-_for_Study/ws01_plumbing/build/cpp01_topic_re\n'}
[0.480537] (cpp01_topic_re) StdoutLine: {'line': b'\x1b[35m\x1b[1mConsolidate compiler generated dependencies of target demo01_talker_str\x1b[0m\n'}
[0.480735] (cpp01_topic_re) StdoutLine: {'line': b'\x1b[35m\x1b[1mConsolidate compiler generated dependencies of target demo02_listener_str\x1b[0m\n'}
[0.480807] (cpp01_topic_re) StdoutLine: {'line': b'\x1b[35m\x1b[1mConsolidate compiler generated dependencies of target demo04_listener_stu\x1b[0m\n'}
[0.487155] (cpp01_topic_re) StdoutLine: {'line': b'[ 12%] \x1b[32mBuilding CXX object CMakeFiles/demo03_talker_stu.dir/src/demo03_talker_stu.cpp.o\x1b[0m\n'}
[0.496106] (cpp01_topic_re) StdoutLine: {'line': b'[ 37%] \x1b[32mBuilding CXX object CMakeFiles/demo01_talker_str.dir/src/demo01_talker_str.cpp.o\x1b[0m\n'}
[0.496338] (cpp01_topic_re) StdoutLine: {'line': b'[ 37%] \x1b[32mBuilding CXX object CMakeFiles/demo04_listener_stu.dir/src/demo04_listener_stu.cpp.o\x1b[0m\n'}
[0.499693] (-) TimerEvent: {}
[0.499933] (cpp01_topic_re) StdoutLine: {'line': b'[ 50%] \x1b[32mBuilding CXX object CMakeFiles/demo02_listener_str.dir/src/demo02_listener_str.cpp.o\x1b[0m\n'}
[0.599849] (-) TimerEvent: {}
[0.674601] (cpp01_topic_re) StderrLine: {'line': b'\x1b[01m\x1b[K/home/kl/VS_CODE/Github_respository/ROS-_for_Study/ws01_plumbing/src/cpp01_topic_re/src/demo03_talker_stu.cpp:2:10:\x1b[m\x1b[K \x1b[01;31m\x1b[Kfatal error: \x1b[m\x1b[Kbase_interfaces/include/base_interfaces/base_interfaces/msg/student.hpp: \xe6\xb2\xa1\xe6\x9c\x89\xe9\x82\xa3\xe4\xb8\xaa\xe6\x96\x87\xe4\xbb\xb6\xe6\x88\x96\xe7\x9b\xae\xe5\xbd\x95\n'}
[0.674925] (cpp01_topic_re) StderrLine: {'line': b'    2 | #include \x1b[01;31m\x1b[K"base_interfaces/include/base_interfaces/base_interfaces/msg/student.hpp"\x1b[m\x1b[K\n'}
[0.674998] (cpp01_topic_re) StderrLine: {'line': b'      |          \x1b[01;31m\x1b[K^~~~~~~~~~~~~~~~~~~~~~~~~~~~~~~~~~~~~~~~~~~~~~~~~~~~~~~~~~~~~~~~~~~~~~~~~\x1b[m\x1b[K\n'}
[0.675058] (cpp01_topic_re) StderrLine: {'line': b'compilation terminated.\n'}
[0.677942] (cpp01_topic_re) StderrLine: {'line': b'gmake[2]: *** [CMakeFiles/demo03_talker_stu.dir/build.make:76\xef\xbc\x9aCMakeFiles/demo03_talker_stu.dir/src/demo03_talker_stu.cpp.o] \xe9\x94\x99\xe8\xaf\xaf 1\n'}
[0.678192] (cpp01_topic_re) StderrLine: {'line': b'gmake[1]: *** [CMakeFiles/Makefile2:195\xef\xbc\x9aCMakeFiles/demo03_talker_stu.dir/all] \xe9\x94\x99\xe8\xaf\xaf 2\n'}
[0.678263] (cpp01_topic_re) StderrLine: {'line': b'gmake[1]: *** \xe6\xad\xa3\xe5\x9c\xa8\xe7\xad\x89\xe5\xbe\x85\xe6\x9c\xaa\xe5\xae\x8c\xe6\x88\x90\xe7\x9a\x84\xe4\xbb\xbb\xe5\x8a\xa1....\n'}
[0.699945] (-) TimerEvent: {}
[0.800213] (-) TimerEvent: {}
[0.900540] (-) TimerEvent: {}
[1.000884] (-) TimerEvent: {}
[1.101211] (-) TimerEvent: {}
[1.201577] (-) TimerEvent: {}
[1.301921] (-) TimerEvent: {}
[1.402277] (-) TimerEvent: {}
[1.502643] (-) TimerEvent: {}
[1.603014] (-) TimerEvent: {}
[1.703360] (-) TimerEvent: {}
[1.803732] (-) TimerEvent: {}
[1.904085] (-) TimerEvent: {}
[2.004477] (-) TimerEvent: {}
[2.104846] (-) TimerEvent: {}
[2.205198] (-) TimerEvent: {}
[2.305540] (-) TimerEvent: {}
[2.405901] (-) TimerEvent: {}
[2.506262] (-) TimerEvent: {}
[2.606621] (-) TimerEvent: {}
[2.706984] (-) TimerEvent: {}
[2.807348] (-) TimerEvent: {}
[2.907719] (-) TimerEvent: {}
[3.008070] (-) TimerEvent: {}
[3.108440] (-) TimerEvent: {}
[3.208841] (-) TimerEvent: {}
[3.309210] (-) TimerEvent: {}
[3.409533] (-) TimerEvent: {}
[3.509883] (-) TimerEvent: {}
[3.610226] (-) TimerEvent: {}
[3.710573] (-) TimerEvent: {}
[3.810916] (-) TimerEvent: {}
[3.911272] (-) TimerEvent: {}
[4.011680] (-) TimerEvent: {}
[4.112089] (-) TimerEvent: {}
[4.112474] (cpp01_topic_re) StdoutLine: {'line': b'[ 62%] \x1b[32m\x1b[1mLinking CXX executable demo01_talker_str\x1b[0m\n'}
[4.212208] (-) TimerEvent: {}
[4.279033] (cpp01_topic_re) StdoutLine: {'line': b'[ 62%] Built target demo01_talker_str\n'}
[4.312496] (-) TimerEvent: {}
[4.413302] (-) TimerEvent: {}
[4.513847] (-) TimerEvent: {}
[4.614146] (-) TimerEvent: {}
[4.714569] (-) TimerEvent: {}
[4.815060] (-) TimerEvent: {}
[4.915667] (-) TimerEvent: {}
[5.016430] (-) TimerEvent: {}
[5.116774] (-) TimerEvent: {}
[5.217251] (-) TimerEvent: {}
[5.317788] (-) TimerEvent: {}
[5.418074] (-) TimerEvent: {}
[5.518385] (-) TimerEvent: {}
[5.618677] (-) TimerEvent: {}
[5.718967] (-) TimerEvent: {}
[5.819368] (-) TimerEvent: {}
[5.919751] (-) TimerEvent: {}
[6.020015] (-) TimerEvent: {}
[6.120292] (-) TimerEvent: {}
[6.220580] (-) TimerEvent: {}
[6.321047] (-) TimerEvent: {}
[6.421449] (-) TimerEvent: {}
[6.521824] (-) TimerEvent: {}
[6.622127] (-) TimerEvent: {}
[6.722546] (-) TimerEvent: {}
[6.823105] (-) TimerEvent: {}
[6.923698] (-) TimerEvent: {}
[7.024257] (-) TimerEvent: {}
[7.124810] (-) TimerEvent: {}
[7.225282] (-) TimerEvent: {}
[7.325669] (-) TimerEvent: {}
[7.425968] (-) TimerEvent: {}
[7.526294] (-) TimerEvent: {}
[7.626622] (-) TimerEvent: {}
[7.666119] (cpp01_topic_re) StdoutLine: {'line': b'[ 75%] \x1b[32m\x1b[1mLinking CXX executable demo04_listener_stu\x1b[0m\n'}
[7.726854] (-) TimerEvent: {}
[7.773803] (cpp01_topic_re) StdoutLine: {'line': b'[ 87%] \x1b[32m\x1b[1mLinking CXX executable demo02_listener_str\x1b[0m\n'}
[7.827138] (-) TimerEvent: {}
[7.927718] (-) TimerEvent: {}
[7.993678] (cpp01_topic_re) StdoutLine: {'line': b'[ 87%] Built target demo04_listener_stu\n'}
[8.027898] (-) TimerEvent: {}
[8.085342] (cpp01_topic_re) StdoutLine: {'line': b'[ 87%] Built target demo02_listener_str\n'}
[8.086294] (cpp01_topic_re) StderrLine: {'line': b'gmake: *** [Makefile:146\xef\xbc\x9aall] \xe9\x94\x99\xe8\xaf\xaf 2\n'}
[8.087684] (cpp01_topic_re) CommandEnded: {'returncode': 2}
[8.120792] (cpp01_topic_re) JobEnded: {'identifier': 'cpp01_topic_re', 'rc': 2}
[8.128015] (-) TimerEvent: {}
[8.131381] (-) EventReactorShutdown: {}
