[0.000000] (-) TimerEvent: {}
[0.000305] (-) JobUnselected: {'identifier': 'pkg02_helloworld_py'}
[0.000679] (pkg01_helloworld_cpp) JobQueued: {'identifier': 'pkg01_helloworld_cpp', 'dependencies': OrderedDict()}
[0.000768] (pkg01_helloworld_cpp) JobStarted: {'identifier': 'pkg01_helloworld_cpp'}
[0.013951] (pkg01_helloworld_cpp) JobProgress: {'identifier': 'pkg01_helloworld_cpp', 'progress': 'cmake'}
[0.015337] (pkg01_helloworld_cpp) JobProgress: {'identifier': 'pkg01_helloworld_cpp', 'progress': 'build'}
[0.016135] (pkg01_helloworld_cpp) Command: {'cmd': ['/usr/bin/cmake', '--build', '/media/kl/数据/github/Github_respository/ROS-_for_Study/ws00_helloworld/build/pkg01_helloworld_cpp', '--', '-j8', '-l8'], 'cwd': '/media/kl/数据/github/Github_respository/ROS-_for_Study/ws00_helloworld/build/pkg01_helloworld_cpp', 'env': OrderedDict([('GJS_DEBUG_TOPICS', 'JS ERROR;JS LOG'), ('LANGUAGE', 'zh_CN:zh'), ('USER', 'kl'), ('XDG_SESSION_TYPE', 'wayland'), ('GIT_ASKPASS', '/usr/share/code/resources/app/extensions/git/dist/askpass.sh'), ('SHLVL', '1'), ('LD_LIBRARY_PATH', '/opt/ros/humble/opt/rviz_ogre_vendor/lib:/opt/ros/humble/lib/x86_64-linux-gnu:/opt/ros/humble/lib'), ('HOME', '/home/kl'), ('CHROME_DESKTOP', 'code-url-handler.desktop'), ('OLDPWD', '/media/kl/数据/github/Github_respository/ROS-_for_Study'), ('TERM_PROGRAM_VERSION', '1.59.1'), ('DESKTOP_SESSION', 'ubuntu'), ('GIO_LAUNCHED_DESKTOP_FILE', '/usr/share/applications/code.desktop'), ('ROS_PYTHON_VERSION', '3'), ('GNOME_SHELL_SESSION_MODE', 'ubuntu'), ('GTK_MODULES', 'gail:atk-bridge'), ('VSCODE_GIT_ASKPASS_MAIN', '/usr/share/code/resources/app/extensions/git/dist/askpass-main.js'), ('VSCODE_GIT_ASKPASS_NODE', '/usr/share/code/code'), ('MANAGERPID', '1772'), ('SYSTEMD_EXEC_PID', '1995'), ('IM_CONFIG_CHECK_ENV', '1'), ('DBUS_SESSION_BUS_ADDRESS', 'unix:path=/run/user/1000/bus'), ('COLORTERM', 'truecolor'), ('GIO_LAUNCHED_DESKTOP_FILE_PID', '4387'), ('IM_CONFIG_PHASE', '1'), ('WAYLAND_DISPLAY', 'wayland-0'), ('COLCON_PREFIX_PATH', '/media/kl/数据/github/Github_respository/ROS-_for_Study/ws00_helloworld/install'), ('ROS_DISTRO', 'humble'), ('LOGNAME', 'kl'), ('JOURNAL_STREAM', '8:28455'), ('_', '/usr/bin/colcon'), ('ROS_VERSION', '2'), ('XDG_SESSION_CLASS', 'user'), ('USERNAME', 'kl'), ('TERM', 'xterm-256color'), ('GNOME_DESKTOP_SESSION_ID', 'this-is-deprecated'), ('ROS_LOCALHOST_ONLY', '0'), ('PATH', '/opt/ros/humble/bin:/usr/local/sbin:/usr/local/bin:/usr/sbin:/usr/bin:/sbin:/bin:/usr/games:/usr/local/games:/snap/bin:/snap/bin'), ('SESSION_MANAGER', 'local/XX:@/tmp/.ICE-unix/1973,unix/XX:/tmp/.ICE-unix/1973'), ('INVOCATION_ID', '0612ea4ecf4246b5a4ed42586971948d'), ('XDG_MENU_PREFIX', 'gnome-'), ('GNOME_SETUP_DISPLAY', ':1'), ('XDG_RUNTIME_DIR', '/run/user/1000'), ('GDK_BACKEND', 'x11'), ('DISPLAY', ':0'), ('LANG', 'zh_CN.UTF-8'), ('XDG_CURRENT_DESKTOP', 'Unity'), ('XMODIFIERS', '@im=ibus'), ('XDG_SESSION_DESKTOP', 'ubuntu'), ('XAUTHORITY', '/run/user/1000/.mutter-Xwaylandauth.YK7771'), ('VSCODE_GIT_IPC_HANDLE', '/run/user/1000/vscode-git-830ee7c68d.sock'), ('TERM_PROGRAM', 'vscode'), ('SSH_AGENT_LAUNCHER', 'gnome-keyring'), ('SSH_AUTH_SOCK', '/run/user/1000/keyring/ssh'), ('AMENT_PREFIX_PATH', '/media/kl/数据/github/Github_respository/ROS-_for_Study/ws00_helloworld/install/pkg02_helloworld_py:/media/kl/数据/github/Github_respository/ROS-_for_Study/ws00_helloworld/install/pkg01_helloworld_cpp:/opt/ros/humble'), ('ORIGINAL_XDG_CURRENT_DESKTOP', 'ubuntu:GNOME'), ('SHELL', '/bin/bash'), ('QT_ACCESSIBILITY', '1'), ('GDMSESSION', 'ubuntu'), ('GJS_DEBUG_OUTPUT', 'stderr'), ('QT_IM_MODULE', 'ibus'), ('PWD', '/media/kl/数据/github/Github_respository/ROS-_for_Study/ws00_helloworld/build/pkg01_helloworld_cpp'), ('XDG_CONFIG_DIRS', '/etc/xdg/xdg-ubuntu:/etc/xdg'), ('XDG_DATA_DIRS', '/usr/share/ubuntu:/usr/local/share/:/usr/share/:/var/lib/snapd/desktop'), ('PYTHONPATH', '/media/kl/数据/github/Github_respository/ROS-_for_Study/ws00_helloworld/install/pkg02_helloworld_py/lib/python3.10/site-packages:/opt/ros/humble/lib/python3.10/site-packages:/opt/ros/humble/local/lib/python3.10/dist-packages'), ('BREAKPAD_DUMP_LOCATION', '/home/kl/.config/Code/exthost Crash Reports'), ('COLCON', '1'), ('CMAKE_PREFIX_PATH', '/media/kl/数据/github/Github_respository/ROS-_for_Study/ws00_helloworld/install/pkg01_helloworld_cpp:/media/kl/数据/github/Github_respository/ROS-_for_Study/ws00_helloworld/install/pkg02_helloworld_py:/opt/ros/humble')]), 'shell': False}
[0.053244] (pkg01_helloworld_cpp) StdoutLine: {'line': b'\x1b[35m\x1b[1mConsolidate compiler generated dependencies of target helloworld2\x1b[0m\n'}
[0.063851] (pkg01_helloworld_cpp) StdoutLine: {'line': b'[ 50%] Built target helloworld\n'}
[0.099828] (-) TimerEvent: {}
[0.106381] (pkg01_helloworld_cpp) StdoutLine: {'line': b'[ 75%] \x1b[32mBuilding CXX object CMakeFiles/helloworld2.dir/src/helloworld2.cpp.o\x1b[0m\n'}
[0.199921] (-) TimerEvent: {}
[0.300340] (-) TimerEvent: {}
[0.401052] (-) TimerEvent: {}
[0.501812] (-) TimerEvent: {}
[0.602420] (-) TimerEvent: {}
[0.702992] (-) TimerEvent: {}
[0.803451] (-) TimerEvent: {}
[0.904051] (-) TimerEvent: {}
[1.004743] (-) TimerEvent: {}
[1.105483] (-) TimerEvent: {}
[1.206158] (-) TimerEvent: {}
[1.306893] (-) TimerEvent: {}
[1.407571] (-) TimerEvent: {}
[1.508147] (-) TimerEvent: {}
[1.608816] (-) TimerEvent: {}
[1.709515] (-) TimerEvent: {}
[1.810158] (-) TimerEvent: {}
[1.910766] (-) TimerEvent: {}
[1.972304] (pkg01_helloworld_cpp) StdoutLine: {'line': b'[100%] \x1b[32m\x1b[1mLinking CXX executable helloworld2\x1b[0m\n'}
[2.010885] (-) TimerEvent: {}
[2.109307] (pkg01_helloworld_cpp) StdoutLine: {'line': b'[100%] Built target helloworld2\n'}
[2.110953] (-) TimerEvent: {}
[2.119993] (pkg01_helloworld_cpp) CommandEnded: {'returncode': 0}
[2.138585] (pkg01_helloworld_cpp) JobProgress: {'identifier': 'pkg01_helloworld_cpp', 'progress': 'install'}
[2.144240] (pkg01_helloworld_cpp) Command: {'cmd': ['/usr/bin/cmake', '--install', '/media/kl/数据/github/Github_respository/ROS-_for_Study/ws00_helloworld/build/pkg01_helloworld_cpp'], 'cwd': '/media/kl/数据/github/Github_respository/ROS-_for_Study/ws00_helloworld/build/pkg01_helloworld_cpp', 'env': OrderedDict([('GJS_DEBUG_TOPICS', 'JS ERROR;JS LOG'), ('LANGUAGE', 'zh_CN:zh'), ('USER', 'kl'), ('XDG_SESSION_TYPE', 'wayland'), ('GIT_ASKPASS', '/usr/share/code/resources/app/extensions/git/dist/askpass.sh'), ('SHLVL', '1'), ('LD_LIBRARY_PATH', '/opt/ros/humble/opt/rviz_ogre_vendor/lib:/opt/ros/humble/lib/x86_64-linux-gnu:/opt/ros/humble/lib'), ('HOME', '/home/kl'), ('CHROME_DESKTOP', 'code-url-handler.desktop'), ('OLDPWD', '/media/kl/数据/github/Github_respository/ROS-_for_Study'), ('TERM_PROGRAM_VERSION', '1.59.1'), ('DESKTOP_SESSION', 'ubuntu'), ('GIO_LAUNCHED_DESKTOP_FILE', '/usr/share/applications/code.desktop'), ('ROS_PYTHON_VERSION', '3'), ('GNOME_SHELL_SESSION_MODE', 'ubuntu'), ('GTK_MODULES', 'gail:atk-bridge'), ('VSCODE_GIT_ASKPASS_MAIN', '/usr/share/code/resources/app/extensions/git/dist/askpass-main.js'), ('VSCODE_GIT_ASKPASS_NODE', '/usr/share/code/code'), ('MANAGERPID', '1772'), ('SYSTEMD_EXEC_PID', '1995'), ('IM_CONFIG_CHECK_ENV', '1'), ('DBUS_SESSION_BUS_ADDRESS', 'unix:path=/run/user/1000/bus'), ('COLORTERM', 'truecolor'), ('GIO_LAUNCHED_DESKTOP_FILE_PID', '4387'), ('IM_CONFIG_PHASE', '1'), ('WAYLAND_DISPLAY', 'wayland-0'), ('COLCON_PREFIX_PATH', '/media/kl/数据/github/Github_respository/ROS-_for_Study/ws00_helloworld/install'), ('ROS_DISTRO', 'humble'), ('LOGNAME', 'kl'), ('JOURNAL_STREAM', '8:28455'), ('_', '/usr/bin/colcon'), ('ROS_VERSION', '2'), ('XDG_SESSION_CLASS', 'user'), ('USERNAME', 'kl'), ('TERM', 'xterm-256color'), ('GNOME_DESKTOP_SESSION_ID', 'this-is-deprecated'), ('ROS_LOCALHOST_ONLY', '0'), ('PATH', '/opt/ros/humble/bin:/usr/local/sbin:/usr/local/bin:/usr/sbin:/usr/bin:/sbin:/bin:/usr/games:/usr/local/games:/snap/bin:/snap/bin'), ('SESSION_MANAGER', 'local/XX:@/tmp/.ICE-unix/1973,unix/XX:/tmp/.ICE-unix/1973'), ('INVOCATION_ID', '0612ea4ecf4246b5a4ed42586971948d'), ('XDG_MENU_PREFIX', 'gnome-'), ('GNOME_SETUP_DISPLAY', ':1'), ('XDG_RUNTIME_DIR', '/run/user/1000'), ('GDK_BACKEND', 'x11'), ('DISPLAY', ':0'), ('LANG', 'zh_CN.UTF-8'), ('XDG_CURRENT_DESKTOP', 'Unity'), ('XMODIFIERS', '@im=ibus'), ('XDG_SESSION_DESKTOP', 'ubuntu'), ('XAUTHORITY', '/run/user/1000/.mutter-Xwaylandauth.YK7771'), ('VSCODE_GIT_IPC_HANDLE', '/run/user/1000/vscode-git-830ee7c68d.sock'), ('TERM_PROGRAM', 'vscode'), ('SSH_AGENT_LAUNCHER', 'gnome-keyring'), ('SSH_AUTH_SOCK', '/run/user/1000/keyring/ssh'), ('AMENT_PREFIX_PATH', '/media/kl/数据/github/Github_respository/ROS-_for_Study/ws00_helloworld/install/pkg02_helloworld_py:/media/kl/数据/github/Github_respository/ROS-_for_Study/ws00_helloworld/install/pkg01_helloworld_cpp:/opt/ros/humble'), ('ORIGINAL_XDG_CURRENT_DESKTOP', 'ubuntu:GNOME'), ('SHELL', '/bin/bash'), ('QT_ACCESSIBILITY', '1'), ('GDMSESSION', 'ubuntu'), ('GJS_DEBUG_OUTPUT', 'stderr'), ('QT_IM_MODULE', 'ibus'), ('PWD', '/media/kl/数据/github/Github_respository/ROS-_for_Study/ws00_helloworld/build/pkg01_helloworld_cpp'), ('XDG_CONFIG_DIRS', '/etc/xdg/xdg-ubuntu:/etc/xdg'), ('XDG_DATA_DIRS', '/usr/share/ubuntu:/usr/local/share/:/usr/share/:/var/lib/snapd/desktop'), ('PYTHONPATH', '/media/kl/数据/github/Github_respository/ROS-_for_Study/ws00_helloworld/install/pkg02_helloworld_py/lib/python3.10/site-packages:/opt/ros/humble/lib/python3.10/site-packages:/opt/ros/humble/local/lib/python3.10/dist-packages'), ('BREAKPAD_DUMP_LOCATION', '/home/kl/.config/Code/exthost Crash Reports'), ('COLCON', '1'), ('CMAKE_PREFIX_PATH', '/media/kl/数据/github/Github_respository/ROS-_for_Study/ws00_helloworld/install/pkg01_helloworld_cpp:/media/kl/数据/github/Github_respository/ROS-_for_Study/ws00_helloworld/install/pkg02_helloworld_py:/opt/ros/humble')]), 'shell': False}
[2.150548] (pkg01_helloworld_cpp) StdoutLine: {'line': b'-- Install configuration: ""\n'}
[2.152015] (pkg01_helloworld_cpp) StdoutLine: {'line': b'-- Up-to-date: /media/kl/\xe6\x95\xb0\xe6\x8d\xae/github/Github_respository/ROS-_for_Study/ws00_helloworld/install/pkg01_helloworld_cpp/lib/pkg01_helloworld_cpp/helloworld\n'}
[2.155244] (pkg01_helloworld_cpp) StdoutLine: {'line': b'-- Installing: /media/kl/\xe6\x95\xb0\xe6\x8d\xae/github/Github_respository/ROS-_for_Study/ws00_helloworld/install/pkg01_helloworld_cpp/lib/pkg01_helloworld_cpp/helloworld2\n'}
[2.158424] (pkg01_helloworld_cpp) StdoutLine: {'line': b'-- Set runtime path of "/media/kl/\xe6\x95\xb0\xe6\x8d\xae/github/Github_respository/ROS-_for_Study/ws00_helloworld/install/pkg01_helloworld_cpp/lib/pkg01_helloworld_cpp/helloworld2" to ""\n'}
[2.159375] (pkg01_helloworld_cpp) StdoutLine: {'line': b'-- Up-to-date: /media/kl/\xe6\x95\xb0\xe6\x8d\xae/github/Github_respository/ROS-_for_Study/ws00_helloworld/install/pkg01_helloworld_cpp/share/ament_index/resource_index/package_run_dependencies/pkg01_helloworld_cpp\n'}
[2.160457] (pkg01_helloworld_cpp) StdoutLine: {'line': b'-- Up-to-date: /media/kl/\xe6\x95\xb0\xe6\x8d\xae/github/Github_respository/ROS-_for_Study/ws00_helloworld/install/pkg01_helloworld_cpp/share/ament_index/resource_index/parent_prefix_path/pkg01_helloworld_cpp\n'}
[2.161099] (pkg01_helloworld_cpp) StdoutLine: {'line': b'-- Up-to-date: /media/kl/\xe6\x95\xb0\xe6\x8d\xae/github/Github_respository/ROS-_for_Study/ws00_helloworld/install/pkg01_helloworld_cpp/share/pkg01_helloworld_cpp/environment/ament_prefix_path.sh\n'}
[2.162035] (pkg01_helloworld_cpp) StdoutLine: {'line': b'-- Up-to-date: /media/kl/\xe6\x95\xb0\xe6\x8d\xae/github/Github_respository/ROS-_for_Study/ws00_helloworld/install/pkg01_helloworld_cpp/share/pkg01_helloworld_cpp/environment/ament_prefix_path.dsv\n'}
[2.162626] (pkg01_helloworld_cpp) StdoutLine: {'line': b'-- Up-to-date: /media/kl/\xe6\x95\xb0\xe6\x8d\xae/github/Github_respository/ROS-_for_Study/ws00_helloworld/install/pkg01_helloworld_cpp/share/pkg01_helloworld_cpp/environment/path.sh\n'}
[2.163500] (pkg01_helloworld_cpp) StdoutLine: {'line': b'-- Up-to-date: /media/kl/\xe6\x95\xb0\xe6\x8d\xae/github/Github_respository/ROS-_for_Study/ws00_helloworld/install/pkg01_helloworld_cpp/share/pkg01_helloworld_cpp/environment/path.dsv\n'}
[2.164109] (pkg01_helloworld_cpp) StdoutLine: {'line': b'-- Up-to-date: /media/kl/\xe6\x95\xb0\xe6\x8d\xae/github/Github_respository/ROS-_for_Study/ws00_helloworld/install/pkg01_helloworld_cpp/share/pkg01_helloworld_cpp/local_setup.bash\n'}
[2.165471] (pkg01_helloworld_cpp) StdoutLine: {'line': b'-- Up-to-date: /media/kl/\xe6\x95\xb0\xe6\x8d\xae/github/Github_respository/ROS-_for_Study/ws00_helloworld/install/pkg01_helloworld_cpp/share/pkg01_helloworld_cpp/local_setup.sh\n'}
[2.166634] (pkg01_helloworld_cpp) StdoutLine: {'line': b'-- Up-to-date: /media/kl/\xe6\x95\xb0\xe6\x8d\xae/github/Github_respository/ROS-_for_Study/ws00_helloworld/install/pkg01_helloworld_cpp/share/pkg01_helloworld_cpp/local_setup.zsh\n'}
[2.167745] (pkg01_helloworld_cpp) StdoutLine: {'line': b'-- Up-to-date: /media/kl/\xe6\x95\xb0\xe6\x8d\xae/github/Github_respository/ROS-_for_Study/ws00_helloworld/install/pkg01_helloworld_cpp/share/pkg01_helloworld_cpp/local_setup.dsv\n'}
[2.168816] (pkg01_helloworld_cpp) StdoutLine: {'line': b'-- Installing: /media/kl/\xe6\x95\xb0\xe6\x8d\xae/github/Github_respository/ROS-_for_Study/ws00_helloworld/install/pkg01_helloworld_cpp/share/pkg01_helloworld_cpp/package.dsv\n'}
[2.171376] (pkg01_helloworld_cpp) StdoutLine: {'line': b'-- Up-to-date: /media/kl/\xe6\x95\xb0\xe6\x8d\xae/github/Github_respository/ROS-_for_Study/ws00_helloworld/install/pkg01_helloworld_cpp/share/ament_index/resource_index/packages/pkg01_helloworld_cpp\n'}
[2.172467] (pkg01_helloworld_cpp) StdoutLine: {'line': b'-- Up-to-date: /media/kl/\xe6\x95\xb0\xe6\x8d\xae/github/Github_respository/ROS-_for_Study/ws00_helloworld/install/pkg01_helloworld_cpp/share/pkg01_helloworld_cpp/cmake/pkg01_helloworld_cppConfig.cmake\n'}
[2.173446] (pkg01_helloworld_cpp) StdoutLine: {'line': b'-- Up-to-date: /media/kl/\xe6\x95\xb0\xe6\x8d\xae/github/Github_respository/ROS-_for_Study/ws00_helloworld/install/pkg01_helloworld_cpp/share/pkg01_helloworld_cpp/cmake/pkg01_helloworld_cppConfig-version.cmake\n'}
[2.174251] (pkg01_helloworld_cpp) StdoutLine: {'line': b'-- Up-to-date: /media/kl/\xe6\x95\xb0\xe6\x8d\xae/github/Github_respository/ROS-_for_Study/ws00_helloworld/install/pkg01_helloworld_cpp/share/pkg01_helloworld_cpp/package.xml\n'}
[2.176582] (pkg01_helloworld_cpp) CommandEnded: {'returncode': 0}
[2.211075] (-) TimerEvent: {}
[2.236731] (pkg01_helloworld_cpp) JobEnded: {'identifier': 'pkg01_helloworld_cpp', 'rc': 0}
[2.237562] (-) EventReactorShutdown: {}
