[0.000000] (-) TimerEvent: {}
[0.000622] (-) JobUnselected: {'identifier': 'base_interfaces'}
[0.000651] (-) JobUnselected: {'identifier': 'py01_topic_re'}
[0.000667] (cpp01_topic_re) JobQueued: {'identifier': 'cpp01_topic_re', 'dependencies': OrderedDict()}
[0.000682] (cpp01_topic_re) JobStarted: {'identifier': 'cpp01_topic_re'}
[0.009554] (cpp01_topic_re) JobProgress: {'identifier': 'cpp01_topic_re', 'progress': 'cmake'}
[0.010085] (cpp01_topic_re) JobProgress: {'identifier': 'cpp01_topic_re', 'progress': 'build'}
[0.010816] (cpp01_topic_re) Command: {'cmd': ['/usr/bin/cmake', '--build', '/home/kl/VS_CODE/Github_respository/ROS-_for_Study/ws01_plumbing/build/cpp01_topic_re', '--', '-j8', '-l8'], 'cwd': '/home/kl/VS_CODE/Github_respository/ROS-_for_Study/ws01_plumbing/build/cpp01_topic_re', 'env': OrderedDict([('GJS_DEBUG_TOPICS', 'JS ERROR;JS LOG'), ('LANGUAGE', 'zh_CN:zh'), ('USER', 'kl'), ('XDG_SESSION_TYPE', 'wayland'), ('GIT_ASKPASS', '/usr/share/code/resources/app/extensions/git/dist/askpass.sh'), ('SHLVL', '1'), ('LD_LIBRARY_PATH', '/home/kl/VS_CODE/Github_respository/ROS-_for_Study/ws01_plumbing/install/base_interfaces/lib:/opt/ros/humble/opt/rviz_ogre_vendor/lib:/opt/ros/humble/lib/x86_64-linux-gnu:/opt/ros/humble/lib'), ('HOME', '/home/kl'), ('CHROME_DESKTOP', 'code-url-handler.desktop'), ('TERM_PROGRAM_VERSION', '1.80.1'), ('DESKTOP_SESSION', 'ubuntu'), ('GIO_LAUNCHED_DESKTOP_FILE', '/usr/share/applications/code.desktop'), ('ROS_PYTHON_VERSION', '3'), ('GNOME_SHELL_SESSION_MODE', 'ubuntu'), ('GTK_MODULES', 'gail:atk-bridge'), ('VSCODE_GIT_ASKPASS_MAIN', '/usr/share/code/resources/app/extensions/git/dist/askpass-main.js'), ('VSCODE_GIT_ASKPASS_NODE', '/usr/share/code/code'), ('MANAGERPID', '1775'), ('SYSTEMD_EXEC_PID', '1990'), ('IM_CONFIG_CHECK_ENV', '1'), ('DBUS_SESSION_BUS_ADDRESS', 'unix:path=/run/user/1000/bus'), ('COLORTERM', 'truecolor'), ('GIO_LAUNCHED_DESKTOP_FILE_PID', '17129'), ('IM_CONFIG_PHASE', '1'), ('WAYLAND_DISPLAY', 'wayland-0'), ('COLCON_PREFIX_PATH', '/home/kl/VS_CODE/Github_respository/ROS-_for_Study/ws01_plumbing/install'), ('ROS_DISTRO', 'humble'), ('LOGNAME', 'kl'), ('JOURNAL_STREAM', '8:29442'), ('_', '/usr/bin/colcon'), ('ROS_VERSION', '2'), ('XDG_SESSION_CLASS', 'user'), ('USERNAME', 'kl'), ('TERM', 'xterm-256color'), ('GNOME_DESKTOP_SESSION_ID', 'this-is-deprecated'), ('ROS_LOCALHOST_ONLY', '0'), ('PATH', '/opt/ros/humble/bin:/usr/local/sbin:/usr/local/bin:/usr/sbin:/usr/bin:/sbin:/bin:/usr/games:/usr/local/games:/snap/bin:/snap/bin'), ('SESSION_MANAGER', 'local/XX:@/tmp/.ICE-unix/1962,unix/XX:/tmp/.ICE-unix/1962'), ('INVOCATION_ID', '12854c05d52e4d62ad666a70d9397c68'), ('XDG_MENU_PREFIX', 'gnome-'), ('GNOME_SETUP_DISPLAY', ':1'), ('XDG_RUNTIME_DIR', '/run/user/1000'), ('GDK_BACKEND', 'x11'), ('DISPLAY', ':0'), ('LANG', 'zh_CN.UTF-8'), ('XDG_CURRENT_DESKTOP', 'Unity'), ('XMODIFIERS', '@im=ibus'), ('XDG_SESSION_DESKTOP', 'ubuntu'), ('XAUTHORITY', '/run/user/1000/.mutter-Xwaylandauth.FTY971'), ('VSCODE_GIT_IPC_HANDLE', '/run/user/1000/vscode-git-cef9963d23.sock'), ('TERM_PROGRAM', 'vscode'), ('SSH_AGENT_LAUNCHER', 'gnome-keyring'), ('SSH_AUTH_SOCK', '/run/user/1000/keyring/ssh'), ('AMENT_PREFIX_PATH', '/home/kl/VS_CODE/Github_respository/ROS-_for_Study/ws01_plumbing/install/py01_topic_re:/home/kl/VS_CODE/Github_respository/ROS-_for_Study/ws01_plumbing/install/cpp01_topic_re:/home/kl/VS_CODE/Github_respository/ROS-_for_Study/ws01_plumbing/install/base_interfaces:/opt/ros/humble'), ('ORIGINAL_XDG_CURRENT_DESKTOP', 'ubuntu:GNOME'), ('SHELL', '/bin/bash'), ('QT_ACCESSIBILITY', '1'), ('GDMSESSION', 'ubuntu'), ('GJS_DEBUG_OUTPUT', 'stderr'), ('VSCODE_GIT_ASKPASS_EXTRA_ARGS', '--ms-enable-electron-run-as-node'), ('QT_IM_MODULE', 'ibus'), ('PWD', '/home/kl/VS_CODE/Github_respository/ROS-_for_Study/ws01_plumbing/build/cpp01_topic_re'), ('XDG_CONFIG_DIRS', '/etc/xdg/xdg-ubuntu:/etc/xdg'), ('XDG_DATA_DIRS', '/usr/share/ubuntu:/usr/local/share/:/usr/share/:/var/lib/snapd/desktop'), ('PYTHONPATH', '/home/kl/VS_CODE/Github_respository/ROS-_for_Study/ws01_plumbing/install/py01_topic_re/lib/python3.10/site-packages:/home/kl/VS_CODE/Github_respository/ROS-_for_Study/ws01_plumbing/install/base_interfaces/local/lib/python3.10/dist-packages:/opt/ros/humble/lib/python3.10/site-packages:/opt/ros/humble/local/lib/python3.10/dist-packages'), ('COLCON', '1'), ('CMAKE_PREFIX_PATH', '/home/kl/VS_CODE/Github_respository/ROS-_for_Study/ws01_plumbing/install/cpp01_topic_re:/home/kl/VS_CODE/Github_respository/ROS-_for_Study/ws01_plumbing/install/base_interfaces:/home/kl/VS_CODE/Github_respository/ROS-_for_Study/ws01_plumbing/install/py01_topic_re:/opt/ros/humble')]), 'shell': False}
[0.040212] (cpp01_topic_re) StdoutLine: {'line': b'\x1b[35m\x1b[1mConsolidate compiler generated dependencies of target demo02_listener_str\x1b[0m\n'}
[0.040873] (cpp01_topic_re) StdoutLine: {'line': b'\x1b[35m\x1b[1mConsolidate compiler generated dependencies of target demo01_talker_str\x1b[0m\n'}
[0.040960] (cpp01_topic_re) StdoutLine: {'line': b'\x1b[35m\x1b[1mConsolidate compiler generated dependencies of target demo04_listener_stu\x1b[0m\n'}
[0.050211] (cpp01_topic_re) StdoutLine: {'line': b'[ 12%] \x1b[32mBuilding CXX object CMakeFiles/demo03_talker_stu.dir/src/demo03_talker_stu.cpp.o\x1b[0m\n'}
[0.054675] (cpp01_topic_re) StdoutLine: {'line': b'[ 87%] Built target demo01_talker_str\n'}
[0.054950] (cpp01_topic_re) StdoutLine: {'line': b'[ 87%] Built target demo04_listener_stu\n'}
[0.055032] (cpp01_topic_re) StdoutLine: {'line': b'[ 87%] Built target demo02_listener_str\n'}
[0.099275] (-) TimerEvent: {}
[0.199737] (-) TimerEvent: {}
[0.300170] (-) TimerEvent: {}
[0.400717] (-) TimerEvent: {}
[0.501096] (-) TimerEvent: {}
[0.601608] (-) TimerEvent: {}
[0.701918] (-) TimerEvent: {}
[0.802298] (-) TimerEvent: {}
[0.902806] (-) TimerEvent: {}
[1.003183] (-) TimerEvent: {}
[1.103466] (-) TimerEvent: {}
[1.203835] (-) TimerEvent: {}
[1.304165] (-) TimerEvent: {}
[1.404441] (-) TimerEvent: {}
[1.504790] (-) TimerEvent: {}
[1.605170] (-) TimerEvent: {}
[1.705423] (-) TimerEvent: {}
[1.805768] (-) TimerEvent: {}
[1.906099] (-) TimerEvent: {}
[2.006491] (-) TimerEvent: {}
[2.106770] (-) TimerEvent: {}
[2.207054] (-) TimerEvent: {}
[2.307337] (-) TimerEvent: {}
[2.407672] (-) TimerEvent: {}
[2.508003] (-) TimerEvent: {}
[2.608346] (-) TimerEvent: {}
[2.708664] (-) TimerEvent: {}
[2.809101] (-) TimerEvent: {}
[2.909500] (-) TimerEvent: {}
[3.009902] (-) TimerEvent: {}
[3.110430] (-) TimerEvent: {}
[3.156621] (cpp01_topic_re) StdoutLine: {'line': b'[100%] \x1b[32m\x1b[1mLinking CXX executable demo03_talker_stu\x1b[0m\n'}
[3.210551] (-) TimerEvent: {}
[3.309252] (cpp01_topic_re) StdoutLine: {'line': b'[100%] Built target demo03_talker_stu\n'}
[3.310631] (-) TimerEvent: {}
[3.317489] (cpp01_topic_re) CommandEnded: {'returncode': 0}
[3.340590] (cpp01_topic_re) JobProgress: {'identifier': 'cpp01_topic_re', 'progress': 'install'}
[3.348314] (cpp01_topic_re) Command: {'cmd': ['/usr/bin/cmake', '--install', '/home/kl/VS_CODE/Github_respository/ROS-_for_Study/ws01_plumbing/build/cpp01_topic_re'], 'cwd': '/home/kl/VS_CODE/Github_respository/ROS-_for_Study/ws01_plumbing/build/cpp01_topic_re', 'env': OrderedDict([('GJS_DEBUG_TOPICS', 'JS ERROR;JS LOG'), ('LANGUAGE', 'zh_CN:zh'), ('USER', 'kl'), ('XDG_SESSION_TYPE', 'wayland'), ('GIT_ASKPASS', '/usr/share/code/resources/app/extensions/git/dist/askpass.sh'), ('SHLVL', '1'), ('LD_LIBRARY_PATH', '/home/kl/VS_CODE/Github_respository/ROS-_for_Study/ws01_plumbing/install/base_interfaces/lib:/opt/ros/humble/opt/rviz_ogre_vendor/lib:/opt/ros/humble/lib/x86_64-linux-gnu:/opt/ros/humble/lib'), ('HOME', '/home/kl'), ('CHROME_DESKTOP', 'code-url-handler.desktop'), ('TERM_PROGRAM_VERSION', '1.80.1'), ('DESKTOP_SESSION', 'ubuntu'), ('GIO_LAUNCHED_DESKTOP_FILE', '/usr/share/applications/code.desktop'), ('ROS_PYTHON_VERSION', '3'), ('GNOME_SHELL_SESSION_MODE', 'ubuntu'), ('GTK_MODULES', 'gail:atk-bridge'), ('VSCODE_GIT_ASKPASS_MAIN', '/usr/share/code/resources/app/extensions/git/dist/askpass-main.js'), ('VSCODE_GIT_ASKPASS_NODE', '/usr/share/code/code'), ('MANAGERPID', '1775'), ('SYSTEMD_EXEC_PID', '1990'), ('IM_CONFIG_CHECK_ENV', '1'), ('DBUS_SESSION_BUS_ADDRESS', 'unix:path=/run/user/1000/bus'), ('COLORTERM', 'truecolor'), ('GIO_LAUNCHED_DESKTOP_FILE_PID', '17129'), ('IM_CONFIG_PHASE', '1'), ('WAYLAND_DISPLAY', 'wayland-0'), ('COLCON_PREFIX_PATH', '/home/kl/VS_CODE/Github_respository/ROS-_for_Study/ws01_plumbing/install'), ('ROS_DISTRO', 'humble'), ('LOGNAME', 'kl'), ('JOURNAL_STREAM', '8:29442'), ('_', '/usr/bin/colcon'), ('ROS_VERSION', '2'), ('XDG_SESSION_CLASS', 'user'), ('USERNAME', 'kl'), ('TERM', 'xterm-256color'), ('GNOME_DESKTOP_SESSION_ID', 'this-is-deprecated'), ('ROS_LOCALHOST_ONLY', '0'), ('PATH', '/opt/ros/humble/bin:/usr/local/sbin:/usr/local/bin:/usr/sbin:/usr/bin:/sbin:/bin:/usr/games:/usr/local/games:/snap/bin:/snap/bin'), ('SESSION_MANAGER', 'local/XX:@/tmp/.ICE-unix/1962,unix/XX:/tmp/.ICE-unix/1962'), ('INVOCATION_ID', '12854c05d52e4d62ad666a70d9397c68'), ('XDG_MENU_PREFIX', 'gnome-'), ('GNOME_SETUP_DISPLAY', ':1'), ('XDG_RUNTIME_DIR', '/run/user/1000'), ('GDK_BACKEND', 'x11'), ('DISPLAY', ':0'), ('LANG', 'zh_CN.UTF-8'), ('XDG_CURRENT_DESKTOP', 'Unity'), ('XMODIFIERS', '@im=ibus'), ('XDG_SESSION_DESKTOP', 'ubuntu'), ('XAUTHORITY', '/run/user/1000/.mutter-Xwaylandauth.FTY971'), ('VSCODE_GIT_IPC_HANDLE', '/run/user/1000/vscode-git-cef9963d23.sock'), ('TERM_PROGRAM', 'vscode'), ('SSH_AGENT_LAUNCHER', 'gnome-keyring'), ('SSH_AUTH_SOCK', '/run/user/1000/keyring/ssh'), ('AMENT_PREFIX_PATH', '/home/kl/VS_CODE/Github_respository/ROS-_for_Study/ws01_plumbing/install/py01_topic_re:/home/kl/VS_CODE/Github_respository/ROS-_for_Study/ws01_plumbing/install/cpp01_topic_re:/home/kl/VS_CODE/Github_respository/ROS-_for_Study/ws01_plumbing/install/base_interfaces:/opt/ros/humble'), ('ORIGINAL_XDG_CURRENT_DESKTOP', 'ubuntu:GNOME'), ('SHELL', '/bin/bash'), ('QT_ACCESSIBILITY', '1'), ('GDMSESSION', 'ubuntu'), ('GJS_DEBUG_OUTPUT', 'stderr'), ('VSCODE_GIT_ASKPASS_EXTRA_ARGS', '--ms-enable-electron-run-as-node'), ('QT_IM_MODULE', 'ibus'), ('PWD', '/home/kl/VS_CODE/Github_respository/ROS-_for_Study/ws01_plumbing/build/cpp01_topic_re'), ('XDG_CONFIG_DIRS', '/etc/xdg/xdg-ubuntu:/etc/xdg'), ('XDG_DATA_DIRS', '/usr/share/ubuntu:/usr/local/share/:/usr/share/:/var/lib/snapd/desktop'), ('PYTHONPATH', '/home/kl/VS_CODE/Github_respository/ROS-_for_Study/ws01_plumbing/install/py01_topic_re/lib/python3.10/site-packages:/home/kl/VS_CODE/Github_respository/ROS-_for_Study/ws01_plumbing/install/base_interfaces/local/lib/python3.10/dist-packages:/opt/ros/humble/lib/python3.10/site-packages:/opt/ros/humble/local/lib/python3.10/dist-packages'), ('COLCON', '1'), ('CMAKE_PREFIX_PATH', '/home/kl/VS_CODE/Github_respository/ROS-_for_Study/ws01_plumbing/install/cpp01_topic_re:/home/kl/VS_CODE/Github_respository/ROS-_for_Study/ws01_plumbing/install/base_interfaces:/home/kl/VS_CODE/Github_respository/ROS-_for_Study/ws01_plumbing/install/py01_topic_re:/opt/ros/humble')]), 'shell': False}
[3.353433] (cpp01_topic_re) StdoutLine: {'line': b'-- Install configuration: ""\n'}
[3.353734] (cpp01_topic_re) StdoutLine: {'line': b'-- Installing: /home/kl/VS_CODE/Github_respository/ROS-_for_Study/ws01_plumbing/install/cpp01_topic_re/lib/cpp01_topic_re/demo01_talker_str\n'}
[3.354673] (cpp01_topic_re) StdoutLine: {'line': b'-- Set runtime path of "/home/kl/VS_CODE/Github_respository/ROS-_for_Study/ws01_plumbing/install/cpp01_topic_re/lib/cpp01_topic_re/demo01_talker_str" to ""\n'}
[3.354755] (cpp01_topic_re) StdoutLine: {'line': b'-- Installing: /home/kl/VS_CODE/Github_respository/ROS-_for_Study/ws01_plumbing/install/cpp01_topic_re/lib/cpp01_topic_re/demo02_listener_str\n'}
[3.357355] (cpp01_topic_re) StdoutLine: {'line': b'-- Set runtime path of "/home/kl/VS_CODE/Github_respository/ROS-_for_Study/ws01_plumbing/install/cpp01_topic_re/lib/cpp01_topic_re/demo02_listener_str" to ""\n'}
[3.357442] (cpp01_topic_re) StdoutLine: {'line': b'-- Installing: /home/kl/VS_CODE/Github_respository/ROS-_for_Study/ws01_plumbing/install/cpp01_topic_re/lib/cpp01_topic_re/demo03_talker_stu\n'}
[3.358288] (cpp01_topic_re) StdoutLine: {'line': b'-- Set runtime path of "/home/kl/VS_CODE/Github_respository/ROS-_for_Study/ws01_plumbing/install/cpp01_topic_re/lib/cpp01_topic_re/demo03_talker_stu" to ""\n'}
[3.358355] (cpp01_topic_re) StdoutLine: {'line': b'-- Installing: /home/kl/VS_CODE/Github_respository/ROS-_for_Study/ws01_plumbing/install/cpp01_topic_re/lib/cpp01_topic_re/demo04_listener_stu\n'}
[3.360554] (cpp01_topic_re) StdoutLine: {'line': b'-- Set runtime path of "/home/kl/VS_CODE/Github_respository/ROS-_for_Study/ws01_plumbing/install/cpp01_topic_re/lib/cpp01_topic_re/demo04_listener_stu" to ""\n'}
[3.360659] (cpp01_topic_re) StdoutLine: {'line': b'-- Up-to-date: /home/kl/VS_CODE/Github_respository/ROS-_for_Study/ws01_plumbing/install/cpp01_topic_re/share/ament_index/resource_index/package_run_dependencies/cpp01_topic_re\n'}
[3.360759] (cpp01_topic_re) StdoutLine: {'line': b'-- Installing: /home/kl/VS_CODE/Github_respository/ROS-_for_Study/ws01_plumbing/install/cpp01_topic_re/share/ament_index/resource_index/parent_prefix_path/cpp01_topic_re\n'}
[3.360927] (cpp01_topic_re) StdoutLine: {'line': b'-- Up-to-date: /home/kl/VS_CODE/Github_respository/ROS-_for_Study/ws01_plumbing/install/cpp01_topic_re/share/cpp01_topic_re/environment/ament_prefix_path.sh\n'}
[3.361024] (cpp01_topic_re) StdoutLine: {'line': b'-- Installing: /home/kl/VS_CODE/Github_respository/ROS-_for_Study/ws01_plumbing/install/cpp01_topic_re/share/cpp01_topic_re/environment/ament_prefix_path.dsv\n'}
[3.361192] (cpp01_topic_re) StdoutLine: {'line': b'-- Up-to-date: /home/kl/VS_CODE/Github_respository/ROS-_for_Study/ws01_plumbing/install/cpp01_topic_re/share/cpp01_topic_re/environment/path.sh\n'}
[3.361245] (cpp01_topic_re) StdoutLine: {'line': b'-- Installing: /home/kl/VS_CODE/Github_respository/ROS-_for_Study/ws01_plumbing/install/cpp01_topic_re/share/cpp01_topic_re/environment/path.dsv\n'}
[3.361294] (cpp01_topic_re) StdoutLine: {'line': b'-- Up-to-date: /home/kl/VS_CODE/Github_respository/ROS-_for_Study/ws01_plumbing/install/cpp01_topic_re/share/cpp01_topic_re/local_setup.bash\n'}
[3.361337] (cpp01_topic_re) StdoutLine: {'line': b'-- Up-to-date: /home/kl/VS_CODE/Github_respository/ROS-_for_Study/ws01_plumbing/install/cpp01_topic_re/share/cpp01_topic_re/local_setup.sh\n'}
[3.361379] (cpp01_topic_re) StdoutLine: {'line': b'-- Up-to-date: /home/kl/VS_CODE/Github_respository/ROS-_for_Study/ws01_plumbing/install/cpp01_topic_re/share/cpp01_topic_re/local_setup.zsh\n'}
[3.361421] (cpp01_topic_re) StdoutLine: {'line': b'-- Installing: /home/kl/VS_CODE/Github_respository/ROS-_for_Study/ws01_plumbing/install/cpp01_topic_re/share/cpp01_topic_re/local_setup.dsv\n'}
[3.361463] (cpp01_topic_re) StdoutLine: {'line': b'-- Installing: /home/kl/VS_CODE/Github_respository/ROS-_for_Study/ws01_plumbing/install/cpp01_topic_re/share/cpp01_topic_re/package.dsv\n'}
[3.361506] (cpp01_topic_re) StdoutLine: {'line': b'-- Up-to-date: /home/kl/VS_CODE/Github_respository/ROS-_for_Study/ws01_plumbing/install/cpp01_topic_re/share/ament_index/resource_index/packages/cpp01_topic_re\n'}
[3.361548] (cpp01_topic_re) StdoutLine: {'line': b'-- Up-to-date: /home/kl/VS_CODE/Github_respository/ROS-_for_Study/ws01_plumbing/install/cpp01_topic_re/share/cpp01_topic_re/cmake/cpp01_topic_reConfig.cmake\n'}
[3.361591] (cpp01_topic_re) StdoutLine: {'line': b'-- Up-to-date: /home/kl/VS_CODE/Github_respository/ROS-_for_Study/ws01_plumbing/install/cpp01_topic_re/share/cpp01_topic_re/cmake/cpp01_topic_reConfig-version.cmake\n'}
[3.361633] (cpp01_topic_re) StdoutLine: {'line': b'-- Up-to-date: /home/kl/VS_CODE/Github_respository/ROS-_for_Study/ws01_plumbing/install/cpp01_topic_re/share/cpp01_topic_re/package.xml\n'}
[3.363250] (cpp01_topic_re) CommandEnded: {'returncode': 0}
[3.401031] (cpp01_topic_re) JobEnded: {'identifier': 'cpp01_topic_re', 'rc': 0}
[3.401519] (-) EventReactorShutdown: {}
