[0.000000] (-) TimerEvent: {}
[0.000303] (-) JobUnselected: {'identifier': 'base_interfaces_demo'}
[0.000813] (-) JobUnselected: {'identifier': 'py01_topic'}
[0.001205] (cpp01_topic) JobQueued: {'identifier': 'cpp01_topic', 'dependencies': OrderedDict([('base_interfaces_demo', '/media/kl/数据/github/Github_respository/ROS-_for_Study/ws01_plumbing/install/base_interfaces_demo')])}
[0.001575] (cpp01_topic) JobStarted: {'identifier': 'cpp01_topic'}
[0.019323] (cpp01_topic) JobProgress: {'identifier': 'cpp01_topic', 'progress': 'cmake'}
[0.020499] (cpp01_topic) JobProgress: {'identifier': 'cpp01_topic', 'progress': 'build'}
[0.021350] (cpp01_topic) Command: {'cmd': ['/usr/bin/cmake', '--build', '/media/kl/数据/github/Github_respository/ROS-_for_Study/ws01_plumbing/build/cpp01_topic', '--', '-j8', '-l8'], 'cwd': '/media/kl/数据/github/Github_respository/ROS-_for_Study/ws01_plumbing/build/cpp01_topic', 'env': OrderedDict([('HTTPS_PROXY', 'http://127.0.0.1:7890/'), ('no_proxy', 'localhost,127.0.0.0/8,::1'), ('LANGUAGE', 'zh_CN:zh'), ('USER', 'kl'), ('all_proxy', 'socks://127.0.0.1:7891/'), ('XDG_SESSION_TYPE', 'wayland'), ('GIT_ASKPASS', '/usr/share/code/resources/app/extensions/git/dist/askpass.sh'), ('SHLVL', '2'), ('LD_LIBRARY_PATH', '/opt/ros/humble/opt/rviz_ogre_vendor/lib:/opt/ros/humble/lib/x86_64-linux-gnu:/opt/ros/humble/lib'), ('HOME', '/home/kl'), ('CHROME_DESKTOP', 'code-url-handler.desktop'), ('TERM_PROGRAM_VERSION', '1.80.1'), ('DESKTOP_SESSION', 'ubuntu'), ('NO_PROXY', 'localhost,127.0.0.0/8,::1'), ('ROS_PYTHON_VERSION', '3'), ('GNOME_SHELL_SESSION_MODE', 'ubuntu'), ('GTK_MODULES', 'gail:atk-bridge'), ('VSCODE_GIT_ASKPASS_MAIN', '/usr/share/code/resources/app/extensions/git/dist/askpass-main.js'), ('VSCODE_GIT_ASKPASS_NODE', '/usr/share/code/code'), ('DBUS_STARTER_BUS_TYPE', 'session'), ('SYSTEMD_EXEC_PID', '1910'), ('DBUS_SESSION_BUS_ADDRESS', 'unix:path=/run/user/1000/bus,guid=c761aaef553e0430294ba5cc64bdcb24'), ('COLORTERM', 'truecolor'), ('IM_CONFIG_PHASE', '1'), ('WAYLAND_DISPLAY', 'wayland-0'), ('https_proxy', 'http://127.0.0.1:7890/'), ('COLCON_PREFIX_PATH', '/media/kl/数据/github/Github_respository/ROS-_for_Study/ws01_plumbing/install:/media/kl/数据/github/Github_respository/ROS-_for_Study/ws00_helloworld/install'), ('ROS_DISTRO', 'humble'), ('LOGNAME', 'kl'), ('ALL_PROXY', 'socks://127.0.0.1:7891/'), ('http_proxy', 'http://127.0.0.1:7890/'), ('_', '/usr/bin/colcon'), ('ROS_VERSION', '2'), ('XDG_SESSION_CLASS', 'user'), ('USERNAME', 'kl'), ('TERM', 'xterm-256color'), ('GNOME_DESKTOP_SESSION_ID', 'this-is-deprecated'), ('ROS_LOCALHOST_ONLY', '0'), ('PATH', '/opt/ros/humble/bin:/usr/local/sbin:/usr/local/bin:/usr/sbin:/usr/bin:/sbin:/bin:/usr/games:/usr/local/games:/snap/bin:/snap/bin'), ('SESSION_MANAGER', 'local/XX:@/tmp/.ICE-unix/1910,unix/XX:/tmp/.ICE-unix/1910'), ('XDG_MENU_PREFIX', 'gnome-'), ('GNOME_TERMINAL_SCREEN', '/org/gnome/Terminal/screen/f3c6e3ba_1240_4580_aeae_127dd0cc2f0f'), ('GNOME_SETUP_DISPLAY', ':1'), ('XDG_RUNTIME_DIR', '/run/user/1000'), ('GDK_BACKEND', 'x11'), ('DISPLAY', ':0'), ('LANG', 'zh_CN.UTF-8'), ('XDG_CURRENT_DESKTOP', 'Unity'), ('XMODIFIERS', '@im=ibus'), ('XDG_SESSION_DESKTOP', 'ubuntu'), ('XAUTHORITY', '/run/user/1000/.mutter-Xwaylandauth.FRV971'), ('VSCODE_GIT_IPC_HANDLE', '/run/user/1000/vscode-git-4cf657e907.sock'), ('GNOME_TERMINAL_SERVICE', ':1.1230'), ('TERM_PROGRAM', 'vscode'), ('SSH_AGENT_LAUNCHER', 'gnome-keyring'), ('SSH_AUTH_SOCK', '/run/user/1000/keyring/ssh'), ('AMENT_PREFIX_PATH', '/media/kl/数据/github/Github_respository/ROS-_for_Study/ws01_plumbing/install/py01_topic:/media/kl/数据/github/Github_respository/ROS-_for_Study/ws01_plumbing/install/cpp01_topic:/media/kl/数据/github/Github_respository/ROS-_for_Study/ws01_plumbing/install/base_interfaces_demo:/media/kl/数据/github/Github_respository/ROS-_for_Study/ws00_helloworld/install/pkg02_helloworld_py:/media/kl/数据/github/Github_respository/ROS-_for_Study/ws00_helloworld/install/pkg01_helloworld_cpp:/opt/ros/humble'), ('ORIGINAL_XDG_CURRENT_DESKTOP', 'ubuntu:GNOME'), ('SHELL', '/bin/bash'), ('QT_ACCESSIBILITY', '1'), ('GDMSESSION', 'ubuntu'), ('VSCODE_GIT_ASKPASS_EXTRA_ARGS', '--ms-enable-electron-run-as-node'), ('QT_IM_MODULE', 'ibus'), ('PWD', '/media/kl/数据/github/Github_respository/ROS-_for_Study/ws01_plumbing/build/cpp01_topic'), ('XDG_CONFIG_DIRS', '/etc/xdg/xdg-ubuntu:/etc/xdg'), ('DBUS_STARTER_ADDRESS', 'unix:path=/run/user/1000/bus,guid=c761aaef553e0430294ba5cc64bdcb24'), ('XDG_DATA_DIRS', '/usr/share/ubuntu:/usr/local/share/:/usr/share/:/var/lib/snapd/desktop'), ('PYTHONPATH', '/media/kl/数据/github/Github_respository/ROS-_for_Study/ws01_plumbing/install/py01_topic/lib/python3.10/site-packages:/media/kl/数据/github/Github_respository/ROS-_for_Study/ws00_helloworld/install/pkg02_helloworld_py/lib/python3.10/site-packages:/opt/ros/humble/lib/python3.10/site-packages:/opt/ros/humble/local/lib/python3.10/dist-packages'), ('HTTP_PROXY', 'http://127.0.0.1:7890/'), ('COLCON', '1'), ('VTE_VERSION', '6800'), ('CMAKE_PREFIX_PATH', '/media/kl/数据/github/Github_respository/ROS-_for_Study/ws01_plumbing/install/base_interfaces_demo:/media/kl/数据/github/Github_respository/ROS-_for_Study/ws01_plumbing/install/cpp01_topic:/media/kl/数据/github/Github_respository/ROS-_for_Study/ws00_helloworld/install/pkg01_helloworld_cpp:/media/kl/数据/github/Github_respository/ROS-_for_Study/ws01_plumbing/install/py01_topic:/media/kl/数据/github/Github_respository/ROS-_for_Study/ws00_helloworld/install/pkg02_helloworld_py:/opt/ros/humble')]), 'shell': False}
[0.045453] (cpp01_topic) StdoutLine: {'line': b'-- Found ament_cmake: 1.3.5 (/opt/ros/humble/share/ament_cmake/cmake)\n'}
[0.099914] (-) TimerEvent: {}
[0.168227] (cpp01_topic) StdoutLine: {'line': b'-- Found rclcpp: 16.0.4 (/opt/ros/humble/share/rclcpp/cmake)\n'}
[0.189343] (cpp01_topic) StdoutLine: {'line': b'-- Found rosidl_generator_c: 3.1.4 (/opt/ros/humble/share/rosidl_generator_c/cmake)\n'}
[0.191007] (cpp01_topic) StdoutLine: {'line': b'-- Found rosidl_adapter: 3.1.4 (/opt/ros/humble/share/rosidl_adapter/cmake)\n'}
[0.194971] (cpp01_topic) StdoutLine: {'line': b'-- Found rosidl_generator_cpp: 3.1.4 (/opt/ros/humble/share/rosidl_generator_cpp/cmake)\n'}
[0.199935] (-) TimerEvent: {}
[0.204225] (cpp01_topic) StdoutLine: {'line': b'-- Using all available rosidl_typesupport_c: rosidl_typesupport_fastrtps_c;rosidl_typesupport_introspection_c\n'}
[0.216343] (cpp01_topic) StdoutLine: {'line': b'-- Using all available rosidl_typesupport_cpp: rosidl_typesupport_fastrtps_cpp;rosidl_typesupport_introspection_cpp\n'}
[0.256956] (cpp01_topic) StdoutLine: {'line': b'-- Found rmw_implementation_cmake: 6.1.1 (/opt/ros/humble/share/rmw_implementation_cmake/cmake)\n'}
[0.258308] (cpp01_topic) StdoutLine: {'line': b'-- Found rmw_fastrtps_cpp: 6.2.2 (/opt/ros/humble/share/rmw_fastrtps_cpp/cmake)\n'}
[0.300034] (-) TimerEvent: {}
[0.365380] (cpp01_topic) StdoutLine: {'line': b"-- Using RMW implementation 'rmw_fastrtps_cpp' as default\n"}
[0.400283] (-) TimerEvent: {}
[0.466242] (cpp01_topic) StdoutLine: {'line': b'-- Found base_interfaces_demo: 0.0.0 (/media/kl/\xe6\x95\xb0\xe6\x8d\xae/github/Github_respository/ROS-_for_Study/ws01_plumbing/install/base_interfaces_demo/share/base_interfaces_demo/cmake)\n'}
[0.467433] (cpp01_topic) StdoutLine: {'line': b'-- Found ament_lint_auto: 0.12.6 (/opt/ros/humble/share/ament_lint_auto/cmake)\n'}
[0.500367] (-) TimerEvent: {}
[0.551169] (cpp01_topic) StdoutLine: {'line': b"-- Added test 'cppcheck' to perform static code analysis on C / C++ code\n"}
[0.551445] (cpp01_topic) StdoutLine: {'line': b'-- Configured cppcheck include dirs: $<BUILD_INTERFACE:/media/kl/\xe6\x95\xb0\xe6\x8d\xae/github/Github_respository/ROS-_for_Study/ws01_plumbing/src/cpp01_topic/include>\n'}
[0.551594] (cpp01_topic) StdoutLine: {'line': b'-- Configured cppcheck exclude dirs and/or files: \n'}
[0.554260] (cpp01_topic) StdoutLine: {'line': b"-- Added test 'lint_cmake' to check CMake code style\n"}
[0.563714] (cpp01_topic) StdoutLine: {'line': b"-- Added test 'uncrustify' to check C / C++ code style\n"}
[0.564255] (cpp01_topic) StdoutLine: {'line': b'-- Configured uncrustify additional arguments: \n'}
[0.565206] (cpp01_topic) StdoutLine: {'line': b"-- Added test 'xmllint' to check XML markup files\n"}
[0.568428] (cpp01_topic) StdoutLine: {'line': b'-- Configuring done\n'}
[0.600462] (-) TimerEvent: {}
[0.600971] (cpp01_topic) StdoutLine: {'line': b'-- Generating done\n'}
[0.606764] (cpp01_topic) StdoutLine: {'line': b'-- Build files have been written to: /media/kl/\xe6\x95\xb0\xe6\x8d\xae/github/Github_respository/ROS-_for_Study/ws01_plumbing/build/cpp01_topic\n'}
[0.628591] (cpp01_topic) StdoutLine: {'line': b'\x1b[35m\x1b[1mConsolidate compiler generated dependencies of target demo01_talker_str\x1b[0m\n'}
[0.639156] (cpp01_topic) StdoutLine: {'line': b'[ 25%] \x1b[32mBuilding CXX object CMakeFiles/demo02_listener_str.dir/src/demo02_listener_str.cpp.o\x1b[0m\n'}
[0.675005] (cpp01_topic) StdoutLine: {'line': b'[ 50%] \x1b[32mBuilding CXX object CMakeFiles/demo01_talker_str.dir/src/demo01_talker_str.cpp.o\x1b[0m\n'}
[0.700570] (-) TimerEvent: {}
[0.777255] (cpp01_topic) StderrLine: {'line': b'\x1b[01m\x1b[K/media/kl/\xe6\x95\xb0\xe6\x8d\xae/github/Github_respository/ROS-_for_Study/ws01_plumbing/src/cpp01_topic/src/demo02_listener_str.cpp:2:10:\x1b[m\x1b[K \x1b[01;31m\x1b[Kerror: \x1b[m\x1b[Kempty filename in #include\n'}
[0.777601] (cpp01_topic) StderrLine: {'line': b'    2 | #include \x1b[01;31m\x1b[K""\x1b[m\x1b[K\n'}
[0.777779] (cpp01_topic) StderrLine: {'line': b'      |          \x1b[01;31m\x1b[K^~\x1b[m\x1b[K\n'}
[0.800678] (-) TimerEvent: {}
[0.901031] (-) TimerEvent: {}
[1.001470] (-) TimerEvent: {}
[1.101911] (-) TimerEvent: {}
[1.202340] (-) TimerEvent: {}
[1.302977] (-) TimerEvent: {}
[1.403632] (-) TimerEvent: {}
[1.504315] (-) TimerEvent: {}
[1.604844] (-) TimerEvent: {}
[1.705374] (-) TimerEvent: {}
[1.805931] (-) TimerEvent: {}
[1.906606] (-) TimerEvent: {}
[2.007159] (-) TimerEvent: {}
[2.107812] (-) TimerEvent: {}
[2.208247] (-) TimerEvent: {}
[2.308738] (-) TimerEvent: {}
[2.326748] (cpp01_topic) StderrLine: {'line': b'\x1b[01m\x1b[K/media/kl/\xe6\x95\xb0\xe6\x8d\xae/github/Github_respository/ROS-_for_Study/ws01_plumbing/src/cpp01_topic/src/demo02_listener_str.cpp:5:1:\x1b[m\x1b[K \x1b[01;31m\x1b[Kerror: \x1b[m\x1b[K\xe2\x80\x98\x1b[01m\x1b[Kpublic\xef\xbc\x9a\x1b[m\x1b[K\xe2\x80\x99 does not name a type\n'}
[2.327148] (cpp01_topic) StderrLine: {'line': b'    5 | \x1b[01;31m\x1b[Kpublic\xef\xbc\x9a\x1b[m\x1b[K\n'}
[2.327322] (cpp01_topic) StderrLine: {'line': b'      | \x1b[01;31m\x1b[K^~~~~~~~\x1b[m\x1b[K\n'}
[2.331176] (cpp01_topic) StderrLine: {'line': b'\x1b[01m\x1b[K/media/kl/\xe6\x95\xb0\xe6\x8d\xae/github/Github_respository/ROS-_for_Study/ws01_plumbing/src/cpp01_topic/src/demo02_listener_str.cpp:\x1b[m\x1b[K In function \xe2\x80\x98\x1b[01m\x1b[Kint main(int, char**)\x1b[m\x1b[K\xe2\x80\x99:\n'}
[2.331616] (cpp01_topic) StderrLine: {'line': b'\x1b[01m\x1b[K/media/kl/\xe6\x95\xb0\xe6\x8d\xae/github/Github_respository/ROS-_for_Study/ws01_plumbing/src/cpp01_topic/src/demo02_listener_str.cpp:19:5:\x1b[m\x1b[K \x1b[01;31m\x1b[Kerror: \x1b[m\x1b[K\xe2\x80\x98\x1b[01m\x1b[Krcllcpp\x1b[m\x1b[K\xe2\x80\x99 has not been declared\n'}
[2.331811] (cpp01_topic) StderrLine: {'line': b'   19 |     \x1b[01;31m\x1b[Krcllcpp\x1b[m\x1b[K::shutdown();\n'}
[2.331962] (cpp01_topic) StderrLine: {'line': b'      |     \x1b[01;31m\x1b[K^~~~~~~\x1b[m\x1b[K\n'}
[2.408856] (-) TimerEvent: {}
[2.509519] (-) TimerEvent: {}
[2.601816] (cpp01_topic) StderrLine: {'line': b'In file included from \x1b[01m\x1b[K/usr/include/x86_64-linux-gnu/c++/11/bits/c++allocator.h:33\x1b[m\x1b[K,\n'}
[2.602575] (cpp01_topic) StderrLine: {'line': b'                 from \x1b[01m\x1b[K/usr/include/c++/11/bits/allocator.h:46\x1b[m\x1b[K,\n'}
[2.602772] (cpp01_topic) StderrLine: {'line': b'                 from \x1b[01m\x1b[K/usr/include/c++/11/memory:64\x1b[m\x1b[K,\n'}
[2.602943] (cpp01_topic) StderrLine: {'line': b'                 from \x1b[01m\x1b[K/opt/ros/humble/include/rclcpp/rclcpp/rclcpp.hpp:153\x1b[m\x1b[K,\n'}
[2.603115] (cpp01_topic) StderrLine: {'line': b'                 from \x1b[01m\x1b[K/media/kl/\xe6\x95\xb0\xe6\x8d\xae/github/Github_respository/ROS-_for_Study/ws01_plumbing/src/cpp01_topic/src/demo02_listener_str.cpp:1\x1b[m\x1b[K:\n'}
[2.603326] (cpp01_topic) StderrLine: {'line': b'/usr/include/c++/11/ext/new_allocator.h: In instantiation of \xe2\x80\x98\x1b[01m\x1b[Kvoid __gnu_cxx::new_allocator<_Tp>::construct(_Up*, _Args&& ...) [with _Up = Listener; _Args = {}; _Tp = Listener]\x1b[m\x1b[K\xe2\x80\x99:\n'}
[2.603491] (cpp01_topic) StderrLine: {'line': b'\x1b[01m\x1b[K/usr/include/c++/11/bits/alloc_traits.h:516:17:\x1b[m\x1b[K   required from \xe2\x80\x98\x1b[01m\x1b[Kstatic void std::allocator_traits<std::allocator<_Tp1> >::construct(std::allocator_traits<std::allocator<_Tp1> >::allocator_type&, _Up*, _Args&& ...) [with _Up = Listener; _Args = {}; _Tp = Listener; std::allocator_traits<std::allocator<_Tp1> >::allocator_type = std::allocator<Listener>]\x1b[m\x1b[K\xe2\x80\x99\n'}
[2.603707] (cpp01_topic) StderrLine: {'line': b'\x1b[01m\x1b[K/usr/include/c++/11/bits/shared_ptr_base.h:519:39:\x1b[m\x1b[K   required from \xe2\x80\x98\x1b[01m\x1b[Kstd::_Sp_counted_ptr_inplace<_Tp, _Alloc, _Lp>::_Sp_counted_ptr_inplace(_Alloc, _Args&& ...) [with _Args = {}; _Tp = Listener; _Alloc = std::allocator<Listener>; __gnu_cxx::_Lock_policy _Lp = __gnu_cxx::_S_atomic]\x1b[m\x1b[K\xe2\x80\x99\n'}
[2.603881] (cpp01_topic) StderrLine: {'line': b'\x1b[01m\x1b[K/usr/include/c++/11/bits/shared_ptr_base.h:650:16:\x1b[m\x1b[K   required from \xe2\x80\x98\x1b[01m\x1b[Kstd::__shared_count<_Lp>::__shared_count(_Tp*&, std::_Sp_alloc_shared_tag<_Alloc>, _Args&& ...) [with _Tp = Listener; _Alloc = std::allocator<Listener>; _Args = {}; __gnu_cxx::_Lock_policy _Lp = __gnu_cxx::_S_atomic]\x1b[m\x1b[K\xe2\x80\x99\n'}
[2.604051] (cpp01_topic) StderrLine: {'line': b'\x1b[01m\x1b[K/usr/include/c++/11/bits/shared_ptr_base.h:1342:14:\x1b[m\x1b[K   required from \xe2\x80\x98\x1b[01m\x1b[Kstd::__shared_ptr<_Tp, _Lp>::__shared_ptr(std::_Sp_alloc_shared_tag<_Tp>, _Args&& ...) [with _Alloc = std::allocator<Listener>; _Args = {}; _Tp = Listener; __gnu_cxx::_Lock_policy _Lp = __gnu_cxx::_S_atomic]\x1b[m\x1b[K\xe2\x80\x99\n'}
[2.604209] (cpp01_topic) StderrLine: {'line': b'\x1b[01m\x1b[K/usr/include/c++/11/bits/shared_ptr.h:409:59:\x1b[m\x1b[K   required from \xe2\x80\x98\x1b[01m\x1b[Kstd::shared_ptr<_Tp>::shared_ptr(std::_Sp_alloc_shared_tag<_Tp>, _Args&& ...) [with _Alloc = std::allocator<Listener>; _Args = {}; _Tp = Listener]\x1b[m\x1b[K\xe2\x80\x99\n'}
[2.604365] (cpp01_topic) StderrLine: {'line': b'\x1b[01m\x1b[K/usr/include/c++/11/bits/shared_ptr.h:862:14:\x1b[m\x1b[K   required from \xe2\x80\x98\x1b[01m\x1b[Kstd::shared_ptr<_Tp> std::allocate_shared(const _Alloc&, _Args&& ...) [with _Tp = Listener; _Alloc = std::allocator<Listener>; _Args = {}]\x1b[m\x1b[K\xe2\x80\x99\n'}
[2.604524] (cpp01_topic) StderrLine: {'line': b'\x1b[01m\x1b[K/usr/include/c++/11/bits/shared_ptr.h:878:39:\x1b[m\x1b[K   required from \xe2\x80\x98\x1b[01m\x1b[Kstd::shared_ptr<_Tp> std::make_shared(_Args&& ...) [with _Tp = Listener; _Args = {}]\x1b[m\x1b[K\xe2\x80\x99\n'}
[2.604684] (cpp01_topic) StderrLine: {'line': b'\x1b[01m\x1b[K/media/kl/\xe6\x95\xb0\xe6\x8d\xae/github/Github_respository/ROS-_for_Study/ws01_plumbing/src/cpp01_topic/src/demo02_listener_str.cpp:18:44:\x1b[m\x1b[K   required from here\n'}
[2.604849] (cpp01_topic) StderrLine: {'line': b'\x1b[01m\x1b[K/usr/include/c++/11/ext/new_allocator.h:162:11:\x1b[m\x1b[K \x1b[01;31m\x1b[Kerror: \x1b[m\x1b[Kuse of deleted function \xe2\x80\x98\x1b[01m\x1b[KListener::Listener()\x1b[m\x1b[K\xe2\x80\x99\n'}
[2.605012] (cpp01_topic) StderrLine: {'line': b'  162 |         { \x1b[01;31m\x1b[K::new((void *)__p) _Up(std::forward<_Args>(__args)...)\x1b[m\x1b[K; }\n'}
[2.605199] (cpp01_topic) StderrLine: {'line': b'      |           \x1b[01;31m\x1b[K^~~~~~~~~~~~~~~~~~~~~~~~~~~~~~~~~~~~~~~~~~~~~~~~~~~~~~\x1b[m\x1b[K\n'}
[2.605362] (cpp01_topic) StderrLine: {'line': b'\x1b[01m\x1b[K/media/kl/\xe6\x95\xb0\xe6\x8d\xae/github/Github_respository/ROS-_for_Study/ws01_plumbing/src/cpp01_topic/src/demo02_listener_str.cpp:4:7:\x1b[m\x1b[K \x1b[01;36m\x1b[Knote: \x1b[m\x1b[K\xe2\x80\x98\x1b[01m\x1b[KListener::Listener()\x1b[m\x1b[K\xe2\x80\x99 is implicitly deleted because the default definition would be ill-formed:\n'}
[2.605550] (cpp01_topic) StderrLine: {'line': b'    4 | class \x1b[01;36m\x1b[KListener\x1b[m\x1b[K: public rclcpp::Node{\n'}
[2.605703] (cpp01_topic) StderrLine: {'line': b'      |       \x1b[01;36m\x1b[K^~~~~~~~\x1b[m\x1b[K\n'}
[2.605867] (cpp01_topic) StderrLine: {'line': b'\x1b[01m\x1b[K/media/kl/\xe6\x95\xb0\xe6\x8d\xae/github/Github_respository/ROS-_for_Study/ws01_plumbing/src/cpp01_topic/src/demo02_listener_str.cpp:4:7:\x1b[m\x1b[K \x1b[01;31m\x1b[Kerror: \x1b[m\x1b[Kno matching function for call to \xe2\x80\x98\x1b[01m\x1b[Krclcpp::Node::Node()\x1b[m\x1b[K\xe2\x80\x99\n'}
[2.606035] (cpp01_topic) StderrLine: {'line': b'In file included from \x1b[01m\x1b[K/opt/ros/humble/include/rclcpp/rclcpp/executors/single_threaded_executor.hpp:28\x1b[m\x1b[K,\n'}
[2.606216] (cpp01_topic) StderrLine: {'line': b'                 from \x1b[01m\x1b[K/opt/ros/humble/include/rclcpp/rclcpp/executors.hpp:22\x1b[m\x1b[K,\n'}
[2.606373] (cpp01_topic) StderrLine: {'line': b'                 from \x1b[01m\x1b[K/opt/ros/humble/include/rclcpp/rclcpp/rclcpp.hpp:155\x1b[m\x1b[K,\n'}
[2.606542] (cpp01_topic) StderrLine: {'line': b'                 from \x1b[01m\x1b[K/media/kl/\xe6\x95\xb0\xe6\x8d\xae/github/Github_respository/ROS-_for_Study/ws01_plumbing/src/cpp01_topic/src/demo02_listener_str.cpp:1\x1b[m\x1b[K:\n'}
[2.606703] (cpp01_topic) StderrLine: {'line': b'\x1b[01m\x1b[K/opt/ros/humble/include/rclcpp/rclcpp/node.hpp:1294:3:\x1b[m\x1b[K \x1b[01;36m\x1b[Knote: \x1b[m\x1b[Kcandidate: \xe2\x80\x98\x1b[01m\x1b[Krclcpp::Node::Node(const rclcpp::Node&, const string&)\x1b[m\x1b[K\xe2\x80\x99\n'}
[2.606867] (cpp01_topic) StderrLine: {'line': b' 1294 |   \x1b[01;36m\x1b[KNode\x1b[m\x1b[K(\n'}
[2.607025] (cpp01_topic) StderrLine: {'line': b'      |   \x1b[01;36m\x1b[K^~~~\x1b[m\x1b[K\n'}
[2.607172] (cpp01_topic) StderrLine: {'line': b'\x1b[01m\x1b[K/opt/ros/humble/include/rclcpp/rclcpp/node.hpp:1294:3:\x1b[m\x1b[K \x1b[01;36m\x1b[Knote: \x1b[m\x1b[K  candidate expects 2 arguments, 0 provided\n'}
[2.607329] (cpp01_topic) StderrLine: {'line': b'\x1b[01m\x1b[K/opt/ros/humble/include/rclcpp/rclcpp/node.hpp:101:12:\x1b[m\x1b[K \x1b[01;36m\x1b[Knote: \x1b[m\x1b[Kcandidate: \xe2\x80\x98\x1b[01m\x1b[Krclcpp::Node::Node(const string&, const string&, const rclcpp::NodeOptions&)\x1b[m\x1b[K\xe2\x80\x99\n'}
[2.607488] (cpp01_topic) StderrLine: {'line': b'  101 |   explicit \x1b[01;36m\x1b[KNode\x1b[m\x1b[K(\n'}
[2.607639] (cpp01_topic) StderrLine: {'line': b'      |            \x1b[01;36m\x1b[K^~~~\x1b[m\x1b[K\n'}
[2.607810] (cpp01_topic) StderrLine: {'line': b'\x1b[01m\x1b[K/opt/ros/humble/include/rclcpp/rclcpp/node.hpp:101:12:\x1b[m\x1b[K \x1b[01;36m\x1b[Knote: \x1b[m\x1b[K  candidate expects 3 arguments, 0 provided\n'}
[2.607963] (cpp01_topic) StderrLine: {'line': b'\x1b[01m\x1b[K/opt/ros/humble/include/rclcpp/rclcpp/node.hpp:89:12:\x1b[m\x1b[K \x1b[01;36m\x1b[Knote: \x1b[m\x1b[Kcandidate: \xe2\x80\x98\x1b[01m\x1b[Krclcpp::Node::Node(const string&, const rclcpp::NodeOptions&)\x1b[m\x1b[K\xe2\x80\x99\n'}
[2.608144] (cpp01_topic) StderrLine: {'line': b'   89 |   explicit \x1b[01;36m\x1b[KNode\x1b[m\x1b[K(\n'}
[2.608304] (cpp01_topic) StderrLine: {'line': b'      |            \x1b[01;36m\x1b[K^~~~\x1b[m\x1b[K\n'}
[2.608463] (cpp01_topic) StderrLine: {'line': b'\x1b[01m\x1b[K/opt/ros/humble/include/rclcpp/rclcpp/node.hpp:89:12:\x1b[m\x1b[K \x1b[01;36m\x1b[Knote: \x1b[m\x1b[K  candidate expects 2 arguments, 0 provided\n'}
[2.609593] (-) TimerEvent: {}
[2.657465] (cpp01_topic) StderrLine: {'line': b'gmake[2]: *** [CMakeFiles/demo02_listener_str.dir/build.make:76\xef\xbc\x9aCMakeFiles/demo02_listener_str.dir/src/demo02_listener_str.cpp.o] \xe9\x94\x99\xe8\xaf\xaf 1\n'}
[2.658019] (cpp01_topic) StderrLine: {'line': b'gmake[1]: *** [CMakeFiles/Makefile2:165\xef\xbc\x9aCMakeFiles/demo02_listener_str.dir/all] \xe9\x94\x99\xe8\xaf\xaf 2\n'}
[2.658217] (cpp01_topic) StderrLine: {'line': b'gmake[1]: *** \xe6\xad\xa3\xe5\x9c\xa8\xe7\xad\x89\xe5\xbe\x85\xe6\x9c\xaa\xe5\xae\x8c\xe6\x88\x90\xe7\x9a\x84\xe4\xbb\xbb\xe5\x8a\xa1....\n'}
[2.709712] (-) TimerEvent: {}
[2.810278] (-) TimerEvent: {}
[2.910757] (-) TimerEvent: {}
[3.011295] (-) TimerEvent: {}
[3.111782] (-) TimerEvent: {}
[3.212233] (-) TimerEvent: {}
[3.312664] (-) TimerEvent: {}
[3.413151] (-) TimerEvent: {}
[3.513784] (-) TimerEvent: {}
[3.614237] (-) TimerEvent: {}
[3.714825] (-) TimerEvent: {}
[3.799149] (cpp01_topic) StdoutLine: {'line': b'[ 75%] \x1b[32m\x1b[1mLinking CXX executable demo01_talker_str\x1b[0m\n'}
[3.814939] (-) TimerEvent: {}
[3.915277] (-) TimerEvent: {}
[3.974243] (cpp01_topic) StdoutLine: {'line': b'[ 75%] Built target demo01_talker_str\n'}
[3.974995] (cpp01_topic) StderrLine: {'line': b'gmake: *** [Makefile:146\xef\xbc\x9aall] \xe9\x94\x99\xe8\xaf\xaf 2\n'}
[3.976689] (cpp01_topic) CommandEnded: {'returncode': 2}
[4.011398] (cpp01_topic) JobEnded: {'identifier': 'cpp01_topic', 'rc': 2}
[4.015380] (-) TimerEvent: {}
[4.022854] (-) EventReactorShutdown: {}
