[0.210s] DEBUG:colcon:Command line arguments: ['/usr/bin/colcon', 'build', '--packages-select', 'cpp01_topic']
[0.210s] DEBUG:colcon:Parsed command line arguments: Namespace(log_base=None, log_level=None, verb_name='build', build_base='build', install_base='install', merge_install=False, symlink_install=False, test_result_base=None, continue_on_error=False, executor='parallel', parallel_workers=8, event_handlers=None, ignore_user_meta=False, metas=['./colcon.meta'], base_paths=['.'], packages_ignore=None, packages_ignore_regex=None, paths=None, packages_up_to=None, packages_up_to_regex=None, packages_above=None, packages_above_and_dependencies=None, packages_above_depth=None, packages_select_by_dep=None, packages_skip_by_dep=None, packages_skip_up_to=None, packages_select_build_failed=False, packages_skip_build_finished=False, packages_select_test_failures=False, packages_skip_test_passed=False, packages_select=['cpp01_topic'], packages_skip=None, packages_select_regex=None, packages_skip_regex=None, packages_start=None, packages_end=None, allow_overriding=[], cmake_args=None, cmake_target=None, cmake_target_skip_unavailable=False, cmake_clean_cache=False, cmake_clean_first=False, cmake_force_configure=False, ament_cmake_args=None, catkin_cmake_args=None, catkin_skip_building_tests=False, verb_parser=<colcon_defaults.argument_parser.defaults.DefaultArgumentsDecorator object at 0x7fcaea129d50>, verb_extension=<colcon_core.verb.build.BuildVerb object at 0x7fcaea953d60>, main=<bound method BuildVerb.main of <colcon_core.verb.build.BuildVerb object at 0x7fcaea953d60>>)
[0.235s] Level 1:colcon.colcon_core.package_discovery:discover_packages(colcon_meta) check parameters
[0.235s] Level 1:colcon.colcon_core.package_discovery:discover_packages(recursive) check parameters
[0.235s] Level 1:colcon.colcon_core.package_discovery:discover_packages(ignore) check parameters
[0.235s] Level 1:colcon.colcon_core.package_discovery:discover_packages(path) check parameters
[0.235s] Level 1:colcon.colcon_core.package_discovery:discover_packages(colcon_meta) discover
[0.235s] Level 1:colcon.colcon_core.package_discovery:discover_packages(recursive) discover
[0.235s] INFO:colcon.colcon_core.package_discovery:Crawling recursively for packages in '/media/kl/数据/github/Github_respository/ROS-_for_Study/ws01_plumbing'
[0.235s] Level 1:colcon.colcon_core.package_identification:_identify(.) by extensions ['ignore', 'ignore_ament_install']
[0.236s] Level 1:colcon.colcon_core.package_identification:_identify(.) by extension 'ignore'
[0.236s] Level 1:colcon.colcon_core.package_identification:_identify(.) by extension 'ignore_ament_install'
[0.236s] Level 1:colcon.colcon_core.package_identification:_identify(.) by extensions ['colcon_pkg']
[0.236s] Level 1:colcon.colcon_core.package_identification:_identify(.) by extension 'colcon_pkg'
[0.236s] Level 1:colcon.colcon_core.package_identification:_identify(.) by extensions ['colcon_meta']
[0.236s] Level 1:colcon.colcon_core.package_identification:_identify(.) by extension 'colcon_meta'
[0.236s] Level 1:colcon.colcon_core.package_identification:_identify(.) by extensions ['ros']
[0.236s] Level 1:colcon.colcon_core.package_identification:_identify(.) by extension 'ros'
[0.244s] Level 1:colcon.colcon_core.package_identification:_identify(.) by extensions ['cmake', 'python']
[0.244s] Level 1:colcon.colcon_core.package_identification:_identify(.) by extension 'cmake'
[0.244s] Level 1:colcon.colcon_core.package_identification:_identify(.) by extension 'python'
[0.244s] Level 1:colcon.colcon_core.package_identification:_identify(.) by extensions ['python_setup_py']
[0.244s] Level 1:colcon.colcon_core.package_identification:_identify(.) by extension 'python_setup_py'
[0.244s] Level 1:colcon.colcon_core.package_identification:_identify(build) by extensions ['ignore', 'ignore_ament_install']
[0.244s] Level 1:colcon.colcon_core.package_identification:_identify(build) by extension 'ignore'
[0.244s] Level 1:colcon.colcon_core.package_identification:_identify(build) ignored
[0.245s] Level 1:colcon.colcon_core.package_identification:_identify(install) by extensions ['ignore', 'ignore_ament_install']
[0.245s] Level 1:colcon.colcon_core.package_identification:_identify(install) by extension 'ignore'
[0.245s] Level 1:colcon.colcon_core.package_identification:_identify(install) ignored
[0.245s] Level 1:colcon.colcon_core.package_identification:_identify(log) by extensions ['ignore', 'ignore_ament_install']
[0.245s] Level 1:colcon.colcon_core.package_identification:_identify(log) by extension 'ignore'
[0.245s] Level 1:colcon.colcon_core.package_identification:_identify(log) ignored
[0.245s] Level 1:colcon.colcon_core.package_identification:_identify(src) by extensions ['ignore', 'ignore_ament_install']
[0.245s] Level 1:colcon.colcon_core.package_identification:_identify(src) by extension 'ignore'
[0.245s] Level 1:colcon.colcon_core.package_identification:_identify(src) by extension 'ignore_ament_install'
[0.246s] Level 1:colcon.colcon_core.package_identification:_identify(src) by extensions ['colcon_pkg']
[0.246s] Level 1:colcon.colcon_core.package_identification:_identify(src) by extension 'colcon_pkg'
[0.246s] Level 1:colcon.colcon_core.package_identification:_identify(src) by extensions ['colcon_meta']
[0.246s] Level 1:colcon.colcon_core.package_identification:_identify(src) by extension 'colcon_meta'
[0.246s] Level 1:colcon.colcon_core.package_identification:_identify(src) by extensions ['ros']
[0.246s] Level 1:colcon.colcon_core.package_identification:_identify(src) by extension 'ros'
[0.246s] Level 1:colcon.colcon_core.package_identification:_identify(src) by extensions ['cmake', 'python']
[0.246s] Level 1:colcon.colcon_core.package_identification:_identify(src) by extension 'cmake'
[0.246s] Level 1:colcon.colcon_core.package_identification:_identify(src) by extension 'python'
[0.246s] Level 1:colcon.colcon_core.package_identification:_identify(src) by extensions ['python_setup_py']
[0.246s] Level 1:colcon.colcon_core.package_identification:_identify(src) by extension 'python_setup_py'
[0.246s] Level 1:colcon.colcon_core.package_identification:_identify(src/base_interfaces_demo) by extensions ['ignore', 'ignore_ament_install']
[0.247s] Level 1:colcon.colcon_core.package_identification:_identify(src/base_interfaces_demo) by extension 'ignore'
[0.247s] Level 1:colcon.colcon_core.package_identification:_identify(src/base_interfaces_demo) by extension 'ignore_ament_install'
[0.247s] Level 1:colcon.colcon_core.package_identification:_identify(src/base_interfaces_demo) by extensions ['colcon_pkg']
[0.247s] Level 1:colcon.colcon_core.package_identification:_identify(src/base_interfaces_demo) by extension 'colcon_pkg'
[0.247s] Level 1:colcon.colcon_core.package_identification:_identify(src/base_interfaces_demo) by extensions ['colcon_meta']
[0.247s] Level 1:colcon.colcon_core.package_identification:_identify(src/base_interfaces_demo) by extension 'colcon_meta'
[0.247s] Level 1:colcon.colcon_core.package_identification:_identify(src/base_interfaces_demo) by extensions ['ros']
[0.247s] Level 1:colcon.colcon_core.package_identification:_identify(src/base_interfaces_demo) by extension 'ros'
[0.249s] DEBUG:colcon.colcon_core.package_identification:Package 'src/base_interfaces_demo' with type 'ros.ament_cmake' and name 'base_interfaces_demo'
[0.249s] Level 1:colcon.colcon_core.package_identification:_identify(src/cpp01_topic) by extensions ['ignore', 'ignore_ament_install']
[0.249s] Level 1:colcon.colcon_core.package_identification:_identify(src/cpp01_topic) by extension 'ignore'
[0.249s] Level 1:colcon.colcon_core.package_identification:_identify(src/cpp01_topic) by extension 'ignore_ament_install'
[0.249s] Level 1:colcon.colcon_core.package_identification:_identify(src/cpp01_topic) by extensions ['colcon_pkg']
[0.249s] Level 1:colcon.colcon_core.package_identification:_identify(src/cpp01_topic) by extension 'colcon_pkg'
[0.250s] Level 1:colcon.colcon_core.package_identification:_identify(src/cpp01_topic) by extensions ['colcon_meta']
[0.250s] Level 1:colcon.colcon_core.package_identification:_identify(src/cpp01_topic) by extension 'colcon_meta'
[0.250s] Level 1:colcon.colcon_core.package_identification:_identify(src/cpp01_topic) by extensions ['ros']
[0.250s] Level 1:colcon.colcon_core.package_identification:_identify(src/cpp01_topic) by extension 'ros'
[0.250s] DEBUG:colcon.colcon_core.package_identification:Package 'src/cpp01_topic' with type 'ros.ament_cmake' and name 'cpp01_topic'
[0.251s] Level 1:colcon.colcon_core.package_identification:_identify(src/py01_topic) by extensions ['ignore', 'ignore_ament_install']
[0.251s] Level 1:colcon.colcon_core.package_identification:_identify(src/py01_topic) by extension 'ignore'
[0.251s] Level 1:colcon.colcon_core.package_identification:_identify(src/py01_topic) by extension 'ignore_ament_install'
[0.251s] Level 1:colcon.colcon_core.package_identification:_identify(src/py01_topic) by extensions ['colcon_pkg']
[0.251s] Level 1:colcon.colcon_core.package_identification:_identify(src/py01_topic) by extension 'colcon_pkg'
[0.251s] Level 1:colcon.colcon_core.package_identification:_identify(src/py01_topic) by extensions ['colcon_meta']
[0.251s] Level 1:colcon.colcon_core.package_identification:_identify(src/py01_topic) by extension 'colcon_meta'
[0.251s] Level 1:colcon.colcon_core.package_identification:_identify(src/py01_topic) by extensions ['ros']
[0.251s] Level 1:colcon.colcon_core.package_identification:_identify(src/py01_topic) by extension 'ros'
[0.252s] DEBUG:colcon.colcon_core.package_identification:Package 'src/py01_topic' with type 'ros.ament_python' and name 'py01_topic'
[0.252s] Level 1:colcon.colcon_core.package_discovery:discover_packages(recursive) using defaults
[0.252s] Level 1:colcon.colcon_core.package_discovery:discover_packages(ignore) discover
[0.252s] Level 1:colcon.colcon_core.package_discovery:discover_packages(ignore) using defaults
[0.252s] Level 1:colcon.colcon_core.package_discovery:discover_packages(path) discover
[0.253s] Level 1:colcon.colcon_core.package_discovery:discover_packages(path) using defaults
[0.272s] INFO:colcon.colcon_core.package_selection:Skipping not selected package 'base_interfaces_demo' in 'src/base_interfaces_demo'
[0.272s] INFO:colcon.colcon_core.package_selection:Skipping not selected package 'py01_topic' in 'src/py01_topic'
[0.272s] Level 1:colcon.colcon_core.package_discovery:discover_packages(prefix_path) check parameters
[0.272s] Level 1:colcon.colcon_core.package_discovery:discover_packages(prefix_path) discover
[0.277s] DEBUG:colcon.colcon_installed_package_information.package_discovery:Found 3 installed packages in /media/kl/数据/github/Github_respository/ROS-_for_Study/ws01_plumbing/install
[0.279s] DEBUG:colcon.colcon_installed_package_information.package_discovery:Found 2 installed packages in /media/kl/数据/github/Github_respository/ROS-_for_Study/ws00_helloworld/install
[0.280s] DEBUG:colcon.colcon_installed_package_information.package_discovery:Found 270 installed packages in /opt/ros/humble
[0.281s] Level 1:colcon.colcon_core.package_discovery:discover_packages(prefix_path) using defaults
[0.321s] Level 5:colcon.colcon_core.verb:set package 'cpp01_topic' build argument 'cmake_args' from command line to 'None'
[0.321s] Level 5:colcon.colcon_core.verb:set package 'cpp01_topic' build argument 'cmake_target' from command line to 'None'
[0.321s] Level 5:colcon.colcon_core.verb:set package 'cpp01_topic' build argument 'cmake_target_skip_unavailable' from command line to 'False'
[0.321s] Level 5:colcon.colcon_core.verb:set package 'cpp01_topic' build argument 'cmake_clean_cache' from command line to 'False'
[0.321s] Level 5:colcon.colcon_core.verb:set package 'cpp01_topic' build argument 'cmake_clean_first' from command line to 'False'
[0.321s] Level 5:colcon.colcon_core.verb:set package 'cpp01_topic' build argument 'cmake_force_configure' from command line to 'False'
[0.321s] Level 5:colcon.colcon_core.verb:set package 'cpp01_topic' build argument 'ament_cmake_args' from command line to 'None'
[0.321s] Level 5:colcon.colcon_core.verb:set package 'cpp01_topic' build argument 'catkin_cmake_args' from command line to 'None'
[0.321s] Level 5:colcon.colcon_core.verb:set package 'cpp01_topic' build argument 'catkin_skip_building_tests' from command line to 'False'
[0.321s] DEBUG:colcon.colcon_core.verb:Building package 'cpp01_topic' with the following arguments: {'ament_cmake_args': None, 'build_base': '/media/kl/数据/github/Github_respository/ROS-_for_Study/ws01_plumbing/build/cpp01_topic', 'catkin_cmake_args': None, 'catkin_skip_building_tests': False, 'cmake_args': None, 'cmake_clean_cache': False, 'cmake_clean_first': False, 'cmake_force_configure': False, 'cmake_target': None, 'cmake_target_skip_unavailable': False, 'install_base': '/media/kl/数据/github/Github_respository/ROS-_for_Study/ws01_plumbing/install/cpp01_topic', 'merge_install': False, 'path': '/media/kl/数据/github/Github_respository/ROS-_for_Study/ws01_plumbing/src/cpp01_topic', 'symlink_install': False, 'test_result_base': None}
[0.322s] INFO:colcon.colcon_core.executor:Executing jobs using 'parallel' executor
[0.324s] DEBUG:colcon.colcon_parallel_executor.executor.parallel:run_until_complete
[0.324s] INFO:colcon.colcon_ros.task.ament_cmake.build:Building ROS package in '/media/kl/数据/github/Github_respository/ROS-_for_Study/ws01_plumbing/src/cpp01_topic' with build type 'ament_cmake'
[0.324s] INFO:colcon.colcon_cmake.task.cmake.build:Building CMake package in '/media/kl/数据/github/Github_respository/ROS-_for_Study/ws01_plumbing/src/cpp01_topic'
[0.329s] INFO:colcon.colcon_core.plugin_system:Skipping extension 'colcon_core.shell.bat': Not used on non-Windows systems
[0.329s] INFO:colcon.colcon_core.shell:Skip shell extension 'powershell' for command environment: Not usable outside of PowerShell
[0.329s] DEBUG:colcon.colcon_core.shell:Skip shell extension 'dsv' for command environment
[0.347s] DEBUG:colcon.colcon_core.event_handler.log_command:Invoking command in '/media/kl/数据/github/Github_respository/ROS-_for_Study/ws01_plumbing/build/cpp01_topic': CMAKE_PREFIX_PATH=/media/kl/数据/github/Github_respository/ROS-_for_Study/ws01_plumbing/install/base_interfaces_demo:/media/kl/数据/github/Github_respository/ROS-_for_Study/ws01_plumbing/install/cpp01_topic:/media/kl/数据/github/Github_respository/ROS-_for_Study/ws00_helloworld/install/pkg01_helloworld_cpp:/media/kl/数据/github/Github_respository/ROS-_for_Study/ws01_plumbing/install/py01_topic:/media/kl/数据/github/Github_respository/ROS-_for_Study/ws00_helloworld/install/pkg02_helloworld_py:/opt/ros/humble /usr/bin/cmake --build /media/kl/数据/github/Github_respository/ROS-_for_Study/ws01_plumbing/build/cpp01_topic -- -j8 -l8
[4.301s] DEBUG:colcon.colcon_core.event_handler.log_command:Invoked command in '/media/kl/数据/github/Github_respository/ROS-_for_Study/ws01_plumbing/build/cpp01_topic' returned '2': CMAKE_PREFIX_PATH=/media/kl/数据/github/Github_respository/ROS-_for_Study/ws01_plumbing/install/base_interfaces_demo:/media/kl/数据/github/Github_respository/ROS-_for_Study/ws01_plumbing/install/cpp01_topic:/media/kl/数据/github/Github_respository/ROS-_for_Study/ws00_helloworld/install/pkg01_helloworld_cpp:/media/kl/数据/github/Github_respository/ROS-_for_Study/ws01_plumbing/install/py01_topic:/media/kl/数据/github/Github_respository/ROS-_for_Study/ws00_helloworld/install/pkg02_helloworld_py:/opt/ros/humble /usr/bin/cmake --build /media/kl/数据/github/Github_respository/ROS-_for_Study/ws01_plumbing/build/cpp01_topic -- -j8 -l8
[4.319s] Level 1:colcon.colcon_core.environment:create_environment_scripts_only(cpp01_topic)
[4.322s] Level 1:colcon.colcon_core.environment:checking '/media/kl/数据/github/Github_respository/ROS-_for_Study/ws01_plumbing/install/cpp01_topic' for CMake module files
[4.325s] Level 1:colcon.colcon_core.environment:checking '/media/kl/数据/github/Github_respository/ROS-_for_Study/ws01_plumbing/install/cpp01_topic' for CMake config files
[4.326s] Level 1:colcon.colcon_core.shell:create_environment_hook('cpp01_topic', 'cmake_prefix_path')
[4.327s] INFO:colcon.colcon_core.shell:Creating environment hook '/media/kl/数据/github/Github_respository/ROS-_for_Study/ws01_plumbing/install/cpp01_topic/share/cpp01_topic/hook/cmake_prefix_path.ps1'
[4.328s] INFO:colcon.colcon_core.shell:Creating environment descriptor '/media/kl/数据/github/Github_respository/ROS-_for_Study/ws01_plumbing/install/cpp01_topic/share/cpp01_topic/hook/cmake_prefix_path.dsv'
[4.328s] INFO:colcon.colcon_core.shell:Creating environment hook '/media/kl/数据/github/Github_respository/ROS-_for_Study/ws01_plumbing/install/cpp01_topic/share/cpp01_topic/hook/cmake_prefix_path.sh'
[4.329s] Level 1:colcon.colcon_core.environment:checking '/media/kl/数据/github/Github_respository/ROS-_for_Study/ws01_plumbing/install/cpp01_topic/lib'
[4.330s] Level 1:colcon.colcon_core.environment:checking '/media/kl/数据/github/Github_respository/ROS-_for_Study/ws01_plumbing/install/cpp01_topic/bin'
[4.330s] Level 1:colcon.colcon_core.environment:checking '/media/kl/数据/github/Github_respository/ROS-_for_Study/ws01_plumbing/install/cpp01_topic/lib/pkgconfig/cpp01_topic.pc'
[4.330s] Level 1:colcon.colcon_core.environment:checking '/media/kl/数据/github/Github_respository/ROS-_for_Study/ws01_plumbing/install/cpp01_topic/lib/python3.10/site-packages'
[4.330s] Level 1:colcon.colcon_core.environment:checking '/media/kl/数据/github/Github_respository/ROS-_for_Study/ws01_plumbing/install/cpp01_topic/bin'
[4.331s] INFO:colcon.colcon_core.shell:Creating package script '/media/kl/数据/github/Github_respository/ROS-_for_Study/ws01_plumbing/install/cpp01_topic/share/cpp01_topic/package.ps1'
[4.332s] INFO:colcon.colcon_core.shell:Creating package descriptor '/media/kl/数据/github/Github_respository/ROS-_for_Study/ws01_plumbing/install/cpp01_topic/share/cpp01_topic/package.dsv'
[4.333s] INFO:colcon.colcon_core.shell:Creating package script '/media/kl/数据/github/Github_respository/ROS-_for_Study/ws01_plumbing/install/cpp01_topic/share/cpp01_topic/package.sh'
[4.333s] INFO:colcon.colcon_core.shell:Creating package script '/media/kl/数据/github/Github_respository/ROS-_for_Study/ws01_plumbing/install/cpp01_topic/share/cpp01_topic/package.bash'
[4.334s] INFO:colcon.colcon_core.shell:Creating package script '/media/kl/数据/github/Github_respository/ROS-_for_Study/ws01_plumbing/install/cpp01_topic/share/cpp01_topic/package.zsh'
[4.335s] Level 1:colcon.colcon_core.environment:create_file_with_runtime_dependencies(/media/kl/数据/github/Github_respository/ROS-_for_Study/ws01_plumbing/install/cpp01_topic/share/colcon-core/packages/cpp01_topic)
[4.345s] DEBUG:colcon.colcon_parallel_executor.executor.parallel:closing loop
[4.346s] DEBUG:colcon.colcon_parallel_executor.executor.parallel:loop closed
[4.346s] DEBUG:colcon.colcon_parallel_executor.executor.parallel:run_until_complete finished with '2'
[4.346s] DEBUG:colcon.colcon_core.event_reactor:joining thread
[4.361s] INFO:colcon.colcon_core.plugin_system:Skipping extension 'colcon_notification.desktop_notification.terminal_notifier': Not used on non-Darwin systems
[4.361s] INFO:colcon.colcon_core.plugin_system:Skipping extension 'colcon_notification.desktop_notification.win32': Not used on non-Windows systems
[4.361s] INFO:colcon.colcon_notification.desktop_notification:Sending desktop notification using 'notify2'
[4.380s] DEBUG:colcon.colcon_core.event_reactor:joined thread
[4.381s] INFO:colcon.colcon_core.shell:Creating prefix script '/media/kl/数据/github/Github_respository/ROS-_for_Study/ws01_plumbing/install/local_setup.ps1'
[4.382s] INFO:colcon.colcon_core.shell:Creating prefix util module '/media/kl/数据/github/Github_respository/ROS-_for_Study/ws01_plumbing/install/_local_setup_util_ps1.py'
[4.383s] INFO:colcon.colcon_core.shell:Creating prefix chain script '/media/kl/数据/github/Github_respository/ROS-_for_Study/ws01_plumbing/install/setup.ps1'
[4.389s] INFO:colcon.colcon_core.shell:Creating prefix script '/media/kl/数据/github/Github_respository/ROS-_for_Study/ws01_plumbing/install/local_setup.sh'
[4.391s] INFO:colcon.colcon_core.shell:Creating prefix util module '/media/kl/数据/github/Github_respository/ROS-_for_Study/ws01_plumbing/install/_local_setup_util_sh.py'
[4.392s] INFO:colcon.colcon_core.shell:Creating prefix chain script '/media/kl/数据/github/Github_respository/ROS-_for_Study/ws01_plumbing/install/setup.sh'
[4.396s] INFO:colcon.colcon_core.shell:Creating prefix script '/media/kl/数据/github/Github_respository/ROS-_for_Study/ws01_plumbing/install/local_setup.bash'
[4.397s] INFO:colcon.colcon_core.shell:Creating prefix chain script '/media/kl/数据/github/Github_respository/ROS-_for_Study/ws01_plumbing/install/setup.bash'
[4.400s] INFO:colcon.colcon_core.shell:Creating prefix script '/media/kl/数据/github/Github_respository/ROS-_for_Study/ws01_plumbing/install/local_setup.zsh'
[4.401s] INFO:colcon.colcon_core.shell:Creating prefix chain script '/media/kl/数据/github/Github_respository/ROS-_for_Study/ws01_plumbing/install/setup.zsh'
