[01m[K/media/kl/数据/github/Github_respository/ROS-_for_Study/ws01_plumbing/src/cpp01_topic/src/demo01_talker_str.cpp:27:21:[m[K [01;31m[Kerror: [m[K‘[01m[Kstd_msg[m[K’ was not declared in this scope; did you mean ‘[01m[Kstd_msgs[m[K’?
   27 |   rclcpp::Publisher<[01;31m[Kstd_msg[m[K::msg::String>::SharedPtr publisher_;
      |                     [01;31m[K^~~~~~~[m[K
      |                     [32m[Kstd_msgs[m[K
[01m[K/media/kl/数据/github/Github_respository/ROS-_for_Study/ws01_plumbing/src/cpp01_topic/src/demo01_talker_str.cpp:27:41:[m[K [01;31m[Kerror: [m[Ktemplate argument 1 is invalid
   27 |   rclcpp::Publisher<std_msg::msg::String[01;31m[K>[m[K::SharedPtr publisher_;
      |                                         [01;31m[K^[m[K
[01m[K/media/kl/数据/github/Github_respository/ROS-_for_Study/ws01_plumbing/src/cpp01_topic/src/demo01_talker_str.cpp:27:44:[m[K [01;31m[Kerror: [m[Kexpected ‘[01m[K;[m[K’ at end of member declaration
   27 |   rclcpp::Publisher<std_msg::msg::String>::[01;31m[KSharedPtr[m[K publisher_;
      |                                            [01;31m[K^~~~~~~~~[m[K
      |                                                     [32m[K;[m[K
[01m[K/media/kl/数据/github/Github_respository/ROS-_for_Study/ws01_plumbing/src/cpp01_topic/src/demo01_talker_str.cpp:27:54:[m[K [01;31m[Kerror: [m[K‘[01m[Kpublisher_[m[K’ does not name a type; did you mean ‘[01m[Krmw_publisher_t[m[K’?
   27 |   rclcpp::Publisher<std_msg::msg::String>::SharedPtr [01;31m[Kpublisher_[m[K;
      |                                                      [01;31m[K^~~~~~~~~~[m[K
      |                                                      [32m[Krmw_publisher_t[m[K
[01m[K/media/kl/数据/github/Github_respository/ROS-_for_Study/ws01_plumbing/src/cpp01_topic/src/demo01_talker_str.cpp:[m[K In constructor ‘[01m[KTalker::Talker()[m[K’:
[01m[K/media/kl/数据/github/Github_respository/ROS-_for_Study/ws01_plumbing/src/cpp01_topic/src/demo01_talker_str.cpp:11:5:[m[K [01;31m[Kerror: [m[K‘[01m[Kpublisher_[m[K’ was not declared in this scope; did you mean ‘[01m[Krmw_publisher_t[m[K’?
   11 |     [01;31m[Kpublisher_[m[K = this->create_publisher<std_msgs::msg::String()>("chatter",10);
      |     [01;31m[K^~~~~~~~~~[m[K
      |     [32m[Krmw_publisher_t[m[K
[01m[K/media/kl/数据/github/Github_respository/ROS-_for_Study/ws01_plumbing/src/cpp01_topic/src/demo01_talker_str.cpp:[m[K In member function ‘[01m[Kvoid Talker::on_timer()[m[K’:
[01m[K/media/kl/数据/github/Github_respository/ROS-_for_Study/ws01_plumbing/src/cpp01_topic/src/demo01_talker_str.cpp:23:7:[m[K [01;31m[Kerror: [m[K‘[01m[Kpublisher_[m[K’ was not declared in this scope; did you mean ‘[01m[Krmw_publisher_t[m[K’?
   23 |       [01;31m[Kpublisher_[m[K ->publish();
      |       [01;31m[K^~~~~~~~~~[m[K
      |       [32m[Krmw_publisher_t[m[K
In file included from [01m[K/opt/ros/humble/include/rclcpp/rclcpp/topic_statistics/subscription_topic_statistics.hpp:31[m[K,
                 from [01m[K/opt/ros/humble/include/rclcpp/rclcpp/subscription.hpp:50[m[K,
                 from [01m[K/opt/ros/humble/include/rclcpp/rclcpp/any_executable.hpp:25[m[K,
                 from [01m[K/opt/ros/humble/include/rclcpp/rclcpp/memory_strategy.hpp:25[m[K,
                 from [01m[K/opt/ros/humble/include/rclcpp/rclcpp/memory_strategies.hpp:18[m[K,
                 from [01m[K/opt/ros/humble/include/rclcpp/rclcpp/executor_options.hpp:20[m[K,
                 from [01m[K/opt/ros/humble/include/rclcpp/rclcpp/executor.hpp:37[m[K,
                 from [01m[K/opt/ros/humble/include/rclcpp/rclcpp/executors/multi_threaded_executor.hpp:25[m[K,
                 from [01m[K/opt/ros/humble/include/rclcpp/rclcpp/executors.hpp:21[m[K,
                 from [01m[K/opt/ros/humble/include/rclcpp/rclcpp/rclcpp.hpp:155[m[K,
                 from [01m[K/media/kl/数据/github/Github_respository/ROS-_for_Study/ws01_plumbing/src/cpp01_topic/src/demo01_talker_str.cpp:1[m[K:
/opt/ros/humble/include/rclcpp/rclcpp/publisher.hpp: In instantiation of ‘[01m[Kclass rclcpp::Publisher<std_msgs::msg::String_<std::allocator<void> >(), std::allocator<void> >[m[K’:
[01m[K/opt/ros/humble/include/rclcpp/rclcpp/publisher_factory.hpp:80:18:[m[K   required from ‘[01m[Krclcpp::PublisherFactory rclcpp::create_publisher_factory(const rclcpp::PublisherOptionsWithAllocator<AllocatorT>&) [with MessageT = std_msgs::msg::String_<std::allocator<void> >(); AllocatorT = std::allocator<void>; PublisherT = rclcpp::Publisher<std_msgs::msg::String_<std::allocator<void> >(), std::allocator<void> >][m[K’
[01m[K/opt/ros/humble/include/rclcpp/rclcpp/create_publisher.hpp:67:71:[m[K   required from ‘[01m[Kstd::shared_ptr<PublisherT> rclcpp::detail::create_publisher(NodeParametersT&, NodeTopicsT&, const string&, const rclcpp::QoS&, const rclcpp::PublisherOptionsWithAllocator<AllocatorT>&) [with MessageT = std_msgs::msg::String_<std::allocator<void> >(); AllocatorT = std::allocator<void>; PublisherT = rclcpp::Publisher<std_msgs::msg::String_<std::allocator<void> >(), std::allocator<void> >; NodeParametersT = rclcpp::Node; NodeTopicsT = rclcpp::Node; std::string = std::__cxx11::basic_string<char>][m[K’
[01m[K/opt/ros/humble/include/rclcpp/rclcpp/create_publisher.hpp:103:68:[m[K   required from ‘[01m[Kstd::shared_ptr<PublisherT> rclcpp::create_publisher(NodeT&&, const string&, const rclcpp::QoS&, const rclcpp::PublisherOptionsWithAllocator<AllocatorT>&) [with MessageT = std_msgs::msg::String_<std::allocator<void> >(); AllocatorT = std::allocator<void>; PublisherT = rclcpp::Publisher<std_msgs::msg::String_<std::allocator<void> >(), std::allocator<void> >; NodeT = rclcpp::Node&; std::string = std::__cxx11::basic_string<char>][m[K’
[01m[K/opt/ros/humble/include/rclcpp/rclcpp/node_impl.hpp:78:68:[m[K   required from ‘[01m[Kstd::shared_ptr<PublisherT> rclcpp::Node::create_publisher(const string&, const rclcpp::QoS&, const rclcpp::PublisherOptionsWithAllocator<AllocatorT>&) [with MessageT = std_msgs::msg::String_<std::allocator<void> >(); AllocatorT = std::allocator<void>; PublisherT = rclcpp::Publisher<std_msgs::msg::String_<std::allocator<void> >(), std::allocator<void> >; std::string = std::__cxx11::basic_string<char>][m[K’
[01m[K/media/kl/数据/github/Github_respository/ROS-_for_Study/ws01_plumbing/src/cpp01_topic/src/demo01_talker_str.cpp:11:65:[m[K   required from here
[01m[K/opt/ros/humble/include/rclcpp/rclcpp/publisher.hpp:81:47:[m[K [01;31m[Kerror: [m[Kstatic assertion failed: given message type is not compatible with ROS and cannot be used with a Publisher
   81 |     rclcpp::is_ros_compatible_type<MessageT>::[01;31m[Kvalue[m[K,
      |                                               [01;31m[K^~~~~[m[K
[01m[K/opt/ros/humble/include/rclcpp/rclcpp/publisher.hpp:81:47:[m[K [01;36m[Knote: [m[K‘[01m[Krclcpp::is_ros_compatible_type<std_msgs::msg::String_<std::allocator<void> >()>::value[m[K’ evaluates to false
In file included from [01m[K/usr/include/x86_64-linux-gnu/c++/11/bits/c++allocator.h:33[m[K,
                 from [01m[K/usr/include/c++/11/bits/allocator.h:46[m[K,
                 from [01m[K/usr/include/c++/11/memory:64[m[K,
                 from [01m[K/opt/ros/humble/include/rclcpp/rclcpp/rclcpp.hpp:153[m[K,
                 from [01m[K/media/kl/数据/github/Github_respository/ROS-_for_Study/ws01_plumbing/src/cpp01_topic/src/demo01_talker_str.cpp:1[m[K:
/usr/include/c++/11/ext/new_allocator.h: In instantiation of ‘[01m[Kclass __gnu_cxx::new_allocator<std_msgs::msg::String_<std::allocator<void> >()>[m[K’:
[01m[K/usr/include/c++/11/bits/allocator.h:124:11:[m[K   required from ‘[01m[Kclass std::allocator<std_msgs::msg::String_<std::allocator<void> >()>[m[K’
[01m[K/opt/ros/humble/include/rclcpp/rclcpp/publisher.hpp:595:26:[m[K   required from ‘[01m[Kclass rclcpp::Publisher<std_msgs::msg::String_<std::allocator<void> >(), std::allocator<void> >[m[K’
[01m[K/opt/ros/humble/include/rclcpp/rclcpp/publisher_factory.hpp:80:18:[m[K   required from ‘[01m[Krclcpp::PublisherFactory rclcpp::create_publisher_factory(const rclcpp::PublisherOptionsWithAllocator<AllocatorT>&) [with MessageT = std_msgs::msg::String_<std::allocator<void> >(); AllocatorT = std::allocator<void>; PublisherT = rclcpp::Publisher<std_msgs::msg::String_<std::allocator<void> >(), std::allocator<void> >][m[K’
[01m[K/opt/ros/humble/include/rclcpp/rclcpp/create_publisher.hpp:67:71:[m[K   required from ‘[01m[Kstd::shared_ptr<PublisherT> rclcpp::detail::create_publisher(NodeParametersT&, NodeTopicsT&, const string&, const rclcpp::QoS&, const rclcpp::PublisherOptionsWithAllocator<AllocatorT>&) [with MessageT = std_msgs::msg::String_<std::allocator<void> >(); AllocatorT = std::allocator<void>; PublisherT = rclcpp::Publisher<std_msgs::msg::String_<std::allocator<void> >(), std::allocator<void> >; NodeParametersT = rclcpp::Node; NodeTopicsT = rclcpp::Node; std::string = std::__cxx11::basic_string<char>][m[K’
[01m[K/opt/ros/humble/include/rclcpp/rclcpp/create_publisher.hpp:103:68:[m[K   required from ‘[01m[Kstd::shared_ptr<PublisherT> rclcpp::create_publisher(NodeT&&, const string&, const rclcpp::QoS&, const rclcpp::PublisherOptionsWithAllocator<AllocatorT>&) [with MessageT = std_msgs::msg::String_<std::allocator<void> >(); AllocatorT = std::allocator<void>; PublisherT = rclcpp::Publisher<std_msgs::msg::String_<std::allocator<void> >(), std::allocator<void> >; NodeT = rclcpp::Node&; std::string = std::__cxx11::basic_string<char>][m[K’
[01m[K/opt/ros/humble/include/rclcpp/rclcpp/node_impl.hpp:78:68:[m[K   required from ‘[01m[Kstd::shared_ptr<PublisherT> rclcpp::Node::create_publisher(const string&, const rclcpp::QoS&, const rclcpp::PublisherOptionsWithAllocator<AllocatorT>&) [with MessageT = std_msgs::msg::String_<std::allocator<void> >(); AllocatorT = std::allocator<void>; PublisherT = rclcpp::Publisher<std_msgs::msg::String_<std::allocator<void> >(), std::allocator<void> >; std::string = std::__cxx11::basic_string<char>][m[K’
[01m[K/media/kl/数据/github/Github_respository/ROS-_for_Study/ws01_plumbing/src/cpp01_topic/src/demo01_talker_str.cpp:11:65:[m[K   required from here
[01m[K/usr/include/c++/11/ext/new_allocator.h:96:7:[m[K [01;31m[Kerror: [m[K‘[01m[Kconst _Tp* __gnu_cxx::new_allocator<_Tp>::address(__gnu_cxx::new_allocator<_Tp>::const_reference) const [with _Tp = std_msgs::msg::String_<std::allocator<void> >(); __gnu_cxx::new_allocator<_Tp>::const_pointer = std_msgs::msg::String_<std::allocator<void> > (*)(); __gnu_cxx::new_allocator<_Tp>::const_reference = std_msgs::msg::String_<std::allocator<void> > (&)()][m[K’ cannot be overloaded with ‘[01m[K_Tp* __gnu_cxx::new_allocator<_Tp>::address(__gnu_cxx::new_allocator<_Tp>::reference) const [with _Tp = std_msgs::msg::String_<std::allocator<void> >(); __gnu_cxx::new_allocator<_Tp>::pointer = std_msgs::msg::String_<std::allocator<void> > (*)(); __gnu_cxx::new_allocator<_Tp>::reference = std_msgs::msg::String_<std::allocator<void> > (&)()][m[K’
   96 |       [01;31m[Kaddress[m[K(const_reference __x) const _GLIBCXX_NOEXCEPT
      |       [01;31m[K^~~~~~~[m[K
[01m[K/usr/include/c++/11/ext/new_allocator.h:92:7:[m[K [01;36m[Knote: [m[Kprevious declaration ‘[01m[K_Tp* __gnu_cxx::new_allocator<_Tp>::address(__gnu_cxx::new_allocator<_Tp>::reference) const [with _Tp = std_msgs::msg::String_<std::allocator<void> >(); __gnu_cxx::new_allocator<_Tp>::pointer = std_msgs::msg::String_<std::allocator<void> > (*)(); __gnu_cxx::new_allocator<_Tp>::reference = std_msgs::msg::String_<std::allocator<void> > (&)()][m[K’
   92 |       [01;36m[Kaddress[m[K(reference __x) const _GLIBCXX_NOEXCEPT
      |       [01;36m[K^~~~~~~[m[K
In file included from [01m[K/usr/include/c++/11/future:47[m[K,
                 from [01m[K/opt/ros/humble/include/rclcpp/rclcpp/executors.hpp:18[m[K,
                 from [01m[K/opt/ros/humble/include/rclcpp/rclcpp/rclcpp.hpp:155[m[K,
                 from [01m[K/media/kl/数据/github/Github_respository/ROS-_for_Study/ws01_plumbing/src/cpp01_topic/src/demo01_talker_str.cpp:1[m[K:
[01m[K/usr/include/c++/11/bits/std_function.h:[m[K At global scope:
[01m[K/usr/include/c++/11/bits/std_function.h:435:9:[m[K [01;31m[Kerror: [m[K‘[01m[Kstd::function<_Res(_ArgTypes ...)>::function(_Functor&&) [with _Functor = rclcpp::create_publisher_factory<std_msgs::msg::String_<std::allocator<void> >(), std::allocator<void>, rclcpp::Publisher<std_msgs::msg::String_<std::allocator<void> >(), std::allocator<void> > >(const rclcpp::PublisherOptionsWithAllocator<std::allocator<void> >&)::<lambda(rclcpp::node_interfaces::NodeBaseInterface*, const string&, const rclcpp::QoS&)>; _Constraints = void; _Res = std::shared_ptr<rclcpp::PublisherBase>; _ArgTypes = {rclcpp::node_interfaces::NodeBaseInterface*, const std::__cxx11::basic_string<char, std::char_traits<char>, std::allocator<char> >&, const rclcpp::QoS&}][m[K’, declared using local type ‘[01m[Krclcpp::create_publisher_factory<std_msgs::msg::String_<std::allocator<void> >(), std::allocator<void>, rclcpp::Publisher<std_msgs::msg::String_<std::allocator<void> >(), std::allocator<void> > >(const rclcpp::PublisherOptionsWithAllocator<std::allocator<void> >&)::<lambda(rclcpp::node_interfaces::NodeBaseInterface*, const string&, const rclcpp::QoS&)>[m[K’, is used but never defined [[01;31m[K]8;;https://gcc.gnu.org/onlinedocs/gcc/Warning-Options.html#index-fpermissive-fpermissive]8;;[m[K]
  435 |         [01;31m[Kfunction[m[K(_Functor&& __f)
      |         [01;31m[K^~~~~~~~[m[K
gmake[2]: *** [CMakeFiles/demo01_talker_str.dir/build.make:76：CMakeFiles/demo01_talker_str.dir/src/demo01_talker_str.cpp.o] 错误 1
gmake[1]: *** [CMakeFiles/Makefile2:137：CMakeFiles/demo01_talker_str.dir/all] 错误 2
gmake: *** [Makefile:146：all] 错误 2
